running develop
running egg_info
writing mobile_robotics.egg-info/PKG-INFO
writing dependency_links to mobile_robotics.egg-info/dependency_links.txt
writing entry points to mobile_robotics.egg-info/entry_points.txt
writing requirements to mobile_robotics.egg-info/requires.txt
writing top-level names to mobile_robotics.egg-info/top_level.txt
reading manifest file 'mobile_robotics.egg-info/SOURCES.txt'
writing manifest file 'mobile_robotics.egg-info/SOURCES.txt'
running build_ext
Creating /home/ricard/ros2_ws_puzzlebot/install/mobile_robotics/lib/python3.10/site-packages/mobile-robotics.egg-link (link to .)
Installing move_agle_given script to /home/ricard/ros2_ws_puzzlebot/install/mobile_robotics/lib/mobile_robotics
Installing move_forward script to /home/ricard/ros2_ws_puzzlebot/install/mobile_robotics/lib/mobile_robotics
Installing move_forward_distance script to /home/ricard/ros2_ws_puzzlebot/install/mobile_robotics/lib/mobile_robotics
Installing move_square script to /home/ricard/ros2_ws_puzzlebot/install/mobile_robotics/lib/mobile_robotics
Installing pub_sub_with_classes script to /home/ricard/ros2_ws_puzzlebot/install/mobile_robotics/lib/mobile_robotics
Installing test_node script to /home/ricard/ros2_ws_puzzlebot/install/mobile_robotics/lib/mobile_robotics

Installed /home/ricard/ros2_ws_puzzlebot/build/mobile_robotics
running symlink_data
symbolically linking /home/ricard/ros2_ws_puzzlebot/build/mobile_robotics/resource/mobile_robotics -> /home/ricard/ros2_ws_puzzlebot/install/mobile_robotics/share/ament_index/resource_index/packages
symbolically linking /home/ricard/ros2_ws_puzzlebot/build/mobile_robotics/package.xml -> /home/ricard/ros2_ws_puzzlebot/install/mobile_robotics/share/mobile_robotics
symbolically linking /home/ricard/ros2_ws_puzzlebot/build/mobile_robotics/launch/move_forward.launch.py -> /home/ricard/ros2_ws_puzzlebot/install/mobile_robotics/share/mobile_robotics/launch
