[1.411s] Invoking command in '/home/ricard/ros2_ws_puzzlebot/build/mobile_robotics': PYTHONPATH=/home/ricard/ros2_ws_puzzlebot/build/mobile_robotics/prefix_override:/usr/lib/python3/dist-packages/colcon_core/task/python/colcon_distutils_commands:/home/ricard/ros2_ws_puzzlebot/install/mobile_robotics/lib/python3.10/site-packages:${PYTHONPATH} /usr/bin/python3 -W ignore:setup.py install is deprecated -W ignore:easy_install command is deprecated setup.py develop --editable --build-directory /home/ricard/ros2_ws_puzzlebot/build/mobile_robotics/build --no-deps symlink_data --force
[1.739s] running develop
[1.911s] running egg_info
[1.911s] writing mobile_robotics.egg-info/PKG-INFO
[1.912s] writing dependency_links to mobile_robotics.egg-info/dependency_links.txt
[1.912s] writing entry points to mobile_robotics.egg-info/entry_points.txt
[1.912s] writing requirements to mobile_robotics.egg-info/requires.txt
[1.912s] writing top-level names to mobile_robotics.egg-info/top_level.txt
[1.915s] reading manifest file 'mobile_robotics.egg-info/SOURCES.txt'
[1.916s] writing manifest file 'mobile_robotics.egg-info/SOURCES.txt'
[1.919s] running build_ext
[1.919s] Creating /home/ricard/ros2_ws_puzzlebot/install/mobile_robotics/lib/python3.10/site-packages/mobile-robotics.egg-link (link to .)
[1.921s] Installing move_agle_given script to /home/ricard/ros2_ws_puzzlebot/install/mobile_robotics/lib/mobile_robotics
[1.921s] Installing move_forward script to /home/ricard/ros2_ws_puzzlebot/install/mobile_robotics/lib/mobile_robotics
[1.921s] Installing move_forward_distance script to /home/ricard/ros2_ws_puzzlebot/install/mobile_robotics/lib/mobile_robotics
[1.921s] Installing move_square script to /home/ricard/ros2_ws_puzzlebot/install/mobile_robotics/lib/mobile_robotics
[1.921s] Installing pub_sub_with_classes script to /home/ricard/ros2_ws_puzzlebot/install/mobile_robotics/lib/mobile_robotics
[1.921s] Installing test_node script to /home/ricard/ros2_ws_puzzlebot/install/mobile_robotics/lib/mobile_robotics
[1.922s] 
[1.922s] Installed /home/ricard/ros2_ws_puzzlebot/build/mobile_robotics
[1.922s] running symlink_data
[1.922s] symbolically linking /home/ricard/ros2_ws_puzzlebot/build/mobile_robotics/resource/mobile_robotics -> /home/ricard/ros2_ws_puzzlebot/install/mobile_robotics/share/ament_index/resource_index/packages
[1.922s] symbolically linking /home/ricard/ros2_ws_puzzlebot/build/mobile_robotics/package.xml -> /home/ricard/ros2_ws_puzzlebot/install/mobile_robotics/share/mobile_robotics
[1.922s] symbolically linking /home/ricard/ros2_ws_puzzlebot/build/mobile_robotics/launch/move_forward.launch.py -> /home/ricard/ros2_ws_puzzlebot/install/mobile_robotics/share/mobile_robotics/launch
[2.015s] Invoked command in '/home/ricard/ros2_ws_puzzlebot/build/mobile_robotics' returned '0': PYTHONPATH=/home/ricard/ros2_ws_puzzlebot/build/mobile_robotics/prefix_override:/usr/lib/python3/dist-packages/colcon_core/task/python/colcon_distutils_commands:/home/ricard/ros2_ws_puzzlebot/install/mobile_robotics/lib/python3.10/site-packages:${PYTHONPATH} /usr/bin/python3 -W ignore:setup.py install is deprecated -W ignore:easy_install command is deprecated setup.py develop --editable --build-directory /home/ricard/ros2_ws_puzzlebot/build/mobile_robotics/build --no-deps symlink_data --force
