[0.103s] DEBUG:colcon:Command line arguments: ['/usr/bin/colcon', 'build']
[0.103s] DEBUG:colcon:Parsed command line arguments: Namespace(log_base=None, log_level=None, verb_name='build', build_base='build', install_base='install', merge_install=False, symlink_install=False, test_result_base=None, continue_on_error=False, executor='parallel', parallel_workers=12, event_handlers=None, ignore_user_meta=False, metas=['./colcon.meta'], base_paths=['.'], packages_ignore=None, packages_ignore_regex=None, paths=None, packages_up_to=None, packages_up_to_regex=None, packages_above=None, packages_above_and_dependencies=None, packages_above_depth=None, packages_select_by_dep=None, packages_skip_by_dep=None, packages_skip_up_to=None, packages_select_build_failed=False, packages_skip_build_finished=False, packages_select_test_failures=False, packages_skip_test_passed=False, packages_select=None, packages_skip=None, packages_select_regex=None, packages_skip_regex=None, packages_start=None, packages_end=None, allow_overriding=[], cmake_args=None, cmake_target=None, cmake_target_skip_unavailable=False, cmake_clean_cache=False, cmake_clean_first=False, cmake_force_configure=False, ament_cmake_args=None, catkin_cmake_args=None, catkin_skip_building_tests=False, mixin_files=None, mixin=None, verb_parser=<colcon_mixin.mixin.mixin_argument.MixinArgumentDecorator object at 0x77777aa62020>, verb_extension=<colcon_core.verb.build.BuildVerb object at 0x77777aa61a20>, main=<bound method BuildVerb.main of <colcon_core.verb.build.BuildVerb object at 0x77777aa61a20>>, mixin_verb=('build',))
[0.277s] Level 1:colcon.colcon_core.package_discovery:discover_packages(colcon_meta) check parameters
[0.277s] Level 1:colcon.colcon_core.package_discovery:discover_packages(recursive) check parameters
[0.277s] Level 1:colcon.colcon_core.package_discovery:discover_packages(ignore) check parameters
[0.277s] Level 1:colcon.colcon_core.package_discovery:discover_packages(path) check parameters
[0.277s] Level 1:colcon.colcon_core.package_discovery:discover_packages(colcon_meta) discover
[0.277s] Level 1:colcon.colcon_core.package_discovery:discover_packages(recursive) discover
[0.277s] INFO:colcon.colcon_core.package_discovery:Crawling recursively for packages in '/home/ricard/ros2_ws_puzzlebot'
[0.277s] Level 1:colcon.colcon_core.package_identification:_identify(.) by extensions ['ignore', 'ignore_ament_install']
[0.278s] Level 1:colcon.colcon_core.package_identification:_identify(.) by extension 'ignore'
[0.278s] Level 1:colcon.colcon_core.package_identification:_identify(.) by extension 'ignore_ament_install'
[0.278s] Level 1:colcon.colcon_core.package_identification:_identify(.) by extensions ['colcon_pkg']
[0.278s] Level 1:colcon.colcon_core.package_identification:_identify(.) by extension 'colcon_pkg'
[0.278s] Level 1:colcon.colcon_core.package_identification:_identify(.) by extensions ['colcon_meta']
[0.278s] Level 1:colcon.colcon_core.package_identification:_identify(.) by extension 'colcon_meta'
[0.278s] Level 1:colcon.colcon_core.package_identification:_identify(.) by extensions ['ros']
[0.278s] Level 1:colcon.colcon_core.package_identification:_identify(.) by extension 'ros'
[0.288s] Level 1:colcon.colcon_core.package_identification:_identify(.) by extensions ['cmake', 'python']
[0.288s] Level 1:colcon.colcon_core.package_identification:_identify(.) by extension 'cmake'
[0.288s] Level 1:colcon.colcon_core.package_identification:_identify(.) by extension 'python'
[0.288s] Level 1:colcon.colcon_core.package_identification:_identify(.) by extensions ['python_setup_py']
[0.288s] Level 1:colcon.colcon_core.package_identification:_identify(.) by extension 'python_setup_py'
[0.288s] Level 1:colcon.colcon_core.package_identification:_identify(build) by extensions ['ignore', 'ignore_ament_install']
[0.289s] Level 1:colcon.colcon_core.package_identification:_identify(build) by extension 'ignore'
[0.289s] Level 1:colcon.colcon_core.package_identification:_identify(build) ignored
[0.289s] Level 1:colcon.colcon_core.package_identification:_identify(install) by extensions ['ignore', 'ignore_ament_install']
[0.289s] Level 1:colcon.colcon_core.package_identification:_identify(install) by extension 'ignore'
[0.289s] Level 1:colcon.colcon_core.package_identification:_identify(install) ignored
[0.289s] Level 1:colcon.colcon_core.package_identification:_identify(log) by extensions ['ignore', 'ignore_ament_install']
[0.289s] Level 1:colcon.colcon_core.package_identification:_identify(log) by extension 'ignore'
[0.289s] Level 1:colcon.colcon_core.package_identification:_identify(log) ignored
[0.289s] Level 1:colcon.colcon_core.package_identification:_identify(src) by extensions ['ignore', 'ignore_ament_install']
[0.289s] Level 1:colcon.colcon_core.package_identification:_identify(src) by extension 'ignore'
[0.289s] Level 1:colcon.colcon_core.package_identification:_identify(src) by extension 'ignore_ament_install'
[0.289s] Level 1:colcon.colcon_core.package_identification:_identify(src) by extensions ['colcon_pkg']
[0.289s] Level 1:colcon.colcon_core.package_identification:_identify(src) by extension 'colcon_pkg'
[0.289s] Level 1:colcon.colcon_core.package_identification:_identify(src) by extensions ['colcon_meta']
[0.289s] Level 1:colcon.colcon_core.package_identification:_identify(src) by extension 'colcon_meta'
[0.289s] Level 1:colcon.colcon_core.package_identification:_identify(src) by extensions ['ros']
[0.289s] Level 1:colcon.colcon_core.package_identification:_identify(src) by extension 'ros'
[0.290s] Level 1:colcon.colcon_core.package_identification:_identify(src) by extensions ['cmake', 'python']
[0.290s] Level 1:colcon.colcon_core.package_identification:_identify(src) by extension 'cmake'
[0.290s] Level 1:colcon.colcon_core.package_identification:_identify(src) by extension 'python'
[0.290s] Level 1:colcon.colcon_core.package_identification:_identify(src) by extensions ['python_setup_py']
[0.290s] Level 1:colcon.colcon_core.package_identification:_identify(src) by extension 'python_setup_py'
[0.290s] Level 1:colcon.colcon_core.package_identification:_identify(src/puzzlebot_description) by extensions ['ignore', 'ignore_ament_install']
[0.290s] Level 1:colcon.colcon_core.package_identification:_identify(src/puzzlebot_description) by extension 'ignore'
[0.290s] Level 1:colcon.colcon_core.package_identification:_identify(src/puzzlebot_description) by extension 'ignore_ament_install'
[0.290s] Level 1:colcon.colcon_core.package_identification:_identify(src/puzzlebot_description) by extensions ['colcon_pkg']
[0.290s] Level 1:colcon.colcon_core.package_identification:_identify(src/puzzlebot_description) by extension 'colcon_pkg'
[0.290s] Level 1:colcon.colcon_core.package_identification:_identify(src/puzzlebot_description) by extensions ['colcon_meta']
[0.290s] Level 1:colcon.colcon_core.package_identification:_identify(src/puzzlebot_description) by extension 'colcon_meta'
[0.290s] Level 1:colcon.colcon_core.package_identification:_identify(src/puzzlebot_description) by extensions ['ros']
[0.290s] Level 1:colcon.colcon_core.package_identification:_identify(src/puzzlebot_description) by extension 'ros'
[0.304s] DEBUG:colcon.colcon_core.package_identification:Package 'src/puzzlebot_description' with type 'ros.ament_python' and name 'puzzlebot_description'
[0.304s] Level 1:colcon.colcon_core.package_identification:_identify(src/puzzlebot_gazebo) by extensions ['ignore', 'ignore_ament_install']
[0.304s] Level 1:colcon.colcon_core.package_identification:_identify(src/puzzlebot_gazebo) by extension 'ignore'
[0.304s] Level 1:colcon.colcon_core.package_identification:_identify(src/puzzlebot_gazebo) by extension 'ignore_ament_install'
[0.305s] Level 1:colcon.colcon_core.package_identification:_identify(src/puzzlebot_gazebo) by extensions ['colcon_pkg']
[0.305s] Level 1:colcon.colcon_core.package_identification:_identify(src/puzzlebot_gazebo) by extension 'colcon_pkg'
[0.305s] Level 1:colcon.colcon_core.package_identification:_identify(src/puzzlebot_gazebo) by extensions ['colcon_meta']
[0.305s] Level 1:colcon.colcon_core.package_identification:_identify(src/puzzlebot_gazebo) by extension 'colcon_meta'
[0.305s] Level 1:colcon.colcon_core.package_identification:_identify(src/puzzlebot_gazebo) by extensions ['ros']
[0.305s] Level 1:colcon.colcon_core.package_identification:_identify(src/puzzlebot_gazebo) by extension 'ros'
[0.306s] DEBUG:colcon.colcon_core.package_identification:Package 'src/puzzlebot_gazebo' with type 'ros.ament_python' and name 'puzzlebot_gazebo'
[0.306s] Level 1:colcon.colcon_core.package_discovery:discover_packages(recursive) using defaults
[0.306s] Level 1:colcon.colcon_core.package_discovery:discover_packages(ignore) discover
[0.306s] Level 1:colcon.colcon_core.package_discovery:discover_packages(ignore) using defaults
[0.306s] Level 1:colcon.colcon_core.package_discovery:discover_packages(path) discover
[0.306s] Level 1:colcon.colcon_core.package_discovery:discover_packages(path) using defaults
[0.334s] Level 1:colcon.colcon_core.package_discovery:discover_packages(prefix_path) check parameters
[0.334s] Level 1:colcon.colcon_core.package_discovery:discover_packages(prefix_path) discover
[0.336s] DEBUG:colcon.colcon_installed_package_information.package_discovery:Found 3 installed packages in /home/ricard/uros_ws/install
[0.337s] DEBUG:colcon.colcon_installed_package_information.package_discovery:Found 340 installed packages in /opt/ros/humble
[0.339s] Level 1:colcon.colcon_core.package_discovery:discover_packages(prefix_path) using defaults
[0.385s] Level 5:colcon.colcon_core.verb:set package 'puzzlebot_description' build argument 'cmake_args' from command line to 'None'
[0.385s] Level 5:colcon.colcon_core.verb:set package 'puzzlebot_description' build argument 'cmake_target' from command line to 'None'
[0.385s] Level 5:colcon.colcon_core.verb:set package 'puzzlebot_description' build argument 'cmake_target_skip_unavailable' from command line to 'False'
[0.385s] Level 5:colcon.colcon_core.verb:set package 'puzzlebot_description' build argument 'cmake_clean_cache' from command line to 'False'
[0.385s] Level 5:colcon.colcon_core.verb:set package 'puzzlebot_description' build argument 'cmake_clean_first' from command line to 'False'
[0.385s] Level 5:colcon.colcon_core.verb:set package 'puzzlebot_description' build argument 'cmake_force_configure' from command line to 'False'
[0.385s] Level 5:colcon.colcon_core.verb:set package 'puzzlebot_description' build argument 'ament_cmake_args' from command line to 'None'
[0.385s] Level 5:colcon.colcon_core.verb:set package 'puzzlebot_description' build argument 'catkin_cmake_args' from command line to 'None'
[0.385s] Level 5:colcon.colcon_core.verb:set package 'puzzlebot_description' build argument 'catkin_skip_building_tests' from command line to 'False'
[0.385s] DEBUG:colcon.colcon_core.verb:Building package 'puzzlebot_description' with the following arguments: {'ament_cmake_args': None, 'build_base': '/home/ricard/ros2_ws_puzzlebot/build/puzzlebot_description', 'catkin_cmake_args': None, 'catkin_skip_building_tests': False, 'cmake_args': None, 'cmake_clean_cache': False, 'cmake_clean_first': False, 'cmake_force_configure': False, 'cmake_target': None, 'cmake_target_skip_unavailable': False, 'install_base': '/home/ricard/ros2_ws_puzzlebot/install/puzzlebot_description', 'merge_install': False, 'path': '/home/ricard/ros2_ws_puzzlebot/src/puzzlebot_description', 'symlink_install': False, 'test_result_base': None}
[0.386s] Level 5:colcon.colcon_core.verb:set package 'puzzlebot_gazebo' build argument 'cmake_args' from command line to 'None'
[0.386s] Level 5:colcon.colcon_core.verb:set package 'puzzlebot_gazebo' build argument 'cmake_target' from command line to 'None'
[0.386s] Level 5:colcon.colcon_core.verb:set package 'puzzlebot_gazebo' build argument 'cmake_target_skip_unavailable' from command line to 'False'
[0.386s] Level 5:colcon.colcon_core.verb:set package 'puzzlebot_gazebo' build argument 'cmake_clean_cache' from command line to 'False'
[0.386s] Level 5:colcon.colcon_core.verb:set package 'puzzlebot_gazebo' build argument 'cmake_clean_first' from command line to 'False'
[0.386s] Level 5:colcon.colcon_core.verb:set package 'puzzlebot_gazebo' build argument 'cmake_force_configure' from command line to 'False'
[0.386s] Level 5:colcon.colcon_core.verb:set package 'puzzlebot_gazebo' build argument 'ament_cmake_args' from command line to 'None'
[0.386s] Level 5:colcon.colcon_core.verb:set package 'puzzlebot_gazebo' build argument 'catkin_cmake_args' from command line to 'None'
[0.386s] Level 5:colcon.colcon_core.verb:set package 'puzzlebot_gazebo' build argument 'catkin_skip_building_tests' from command line to 'False'
[0.386s] DEBUG:colcon.colcon_core.verb:Building package 'puzzlebot_gazebo' with the following arguments: {'ament_cmake_args': None, 'build_base': '/home/ricard/ros2_ws_puzzlebot/build/puzzlebot_gazebo', 'catkin_cmake_args': None, 'catkin_skip_building_tests': False, 'cmake_args': None, 'cmake_clean_cache': False, 'cmake_clean_first': False, 'cmake_force_configure': False, 'cmake_target': None, 'cmake_target_skip_unavailable': False, 'install_base': '/home/ricard/ros2_ws_puzzlebot/install/puzzlebot_gazebo', 'merge_install': False, 'path': '/home/ricard/ros2_ws_puzzlebot/src/puzzlebot_gazebo', 'symlink_install': False, 'test_result_base': None}
[0.386s] INFO:colcon.colcon_core.executor:Executing jobs using 'parallel' executor
[0.387s] DEBUG:colcon.colcon_parallel_executor.executor.parallel:run_until_complete
[0.387s] INFO:colcon.colcon_ros.task.ament_python.build:Building ROS package in '/home/ricard/ros2_ws_puzzlebot/src/puzzlebot_description' with build type 'ament_python'
[0.387s] Level 1:colcon.colcon_core.shell:create_environment_hook('puzzlebot_description', 'ament_prefix_path')
[0.389s] INFO:colcon.colcon_core.plugin_system:Skipping extension 'colcon_core.shell.bat': Not used on non-Windows systems
[0.390s] INFO:colcon.colcon_core.shell:Creating environment hook '/home/ricard/ros2_ws_puzzlebot/install/puzzlebot_description/share/puzzlebot_description/hook/ament_prefix_path.ps1'
[0.391s] INFO:colcon.colcon_core.shell:Creating environment descriptor '/home/ricard/ros2_ws_puzzlebot/install/puzzlebot_description/share/puzzlebot_description/hook/ament_prefix_path.dsv'
[0.391s] INFO:colcon.colcon_core.shell:Creating environment hook '/home/ricard/ros2_ws_puzzlebot/install/puzzlebot_description/share/puzzlebot_description/hook/ament_prefix_path.sh'
[0.392s] INFO:colcon.colcon_core.shell:Skip shell extension 'powershell' for command environment: Not usable outside of PowerShell
[0.392s] DEBUG:colcon.colcon_core.shell:Skip shell extension 'dsv' for command environment
[0.396s] INFO:colcon.colcon_ros.task.ament_python.build:Building ROS package in '/home/ricard/ros2_ws_puzzlebot/src/puzzlebot_gazebo' with build type 'ament_python'
[0.396s] Level 1:colcon.colcon_core.shell:create_environment_hook('puzzlebot_gazebo', 'ament_prefix_path')
[0.396s] INFO:colcon.colcon_core.shell:Creating environment hook '/home/ricard/ros2_ws_puzzlebot/install/puzzlebot_gazebo/share/puzzlebot_gazebo/hook/ament_prefix_path.ps1'
[0.397s] INFO:colcon.colcon_core.shell:Creating environment descriptor '/home/ricard/ros2_ws_puzzlebot/install/puzzlebot_gazebo/share/puzzlebot_gazebo/hook/ament_prefix_path.dsv'
[0.397s] INFO:colcon.colcon_core.shell:Creating environment hook '/home/ricard/ros2_ws_puzzlebot/install/puzzlebot_gazebo/share/puzzlebot_gazebo/hook/ament_prefix_path.sh'
[0.397s] INFO:colcon.colcon_core.shell:Skip shell extension 'powershell' for command environment: Not usable outside of PowerShell
[0.398s] DEBUG:colcon.colcon_core.shell:Skip shell extension 'dsv' for command environment
[0.665s] INFO:colcon.colcon_core.task.python.build:Building Python package in '/home/ricard/ros2_ws_puzzlebot/src/puzzlebot_description'
[0.665s] INFO:colcon.colcon_core.shell:Skip shell extension 'powershell' for command environment: Not usable outside of PowerShell
[0.665s] DEBUG:colcon.colcon_core.shell:Skip shell extension 'dsv' for command environment
[0.950s] INFO:colcon.colcon_core.task.python.build:Building Python package in '/home/ricard/ros2_ws_puzzlebot/src/puzzlebot_gazebo'
[0.950s] INFO:colcon.colcon_core.shell:Skip shell extension 'powershell' for command environment: Not usable outside of PowerShell
[0.950s] DEBUG:colcon.colcon_core.shell:Skip shell extension 'dsv' for command environment
[1.351s] DEBUG:colcon.colcon_core.event_handler.log_command:Invoking command in '/home/ricard/ros2_ws_puzzlebot/src/puzzlebot_description': PYTHONPATH=/home/ricard/ros2_ws_puzzlebot/build/puzzlebot_description/prefix_override:/usr/lib/python3/dist-packages/colcon_core/task/python/colcon_distutils_commands:/home/ricard/ros2_ws_puzzlebot/install/puzzlebot_description/lib/python3.10/site-packages:${PYTHONPATH} /usr/bin/python3 -W ignore:setup.py install is deprecated -W ignore:easy_install command is deprecated setup.py egg_info --egg-base ../../build/puzzlebot_description build --build-base /home/ricard/ros2_ws_puzzlebot/build/puzzlebot_description/build install --record /home/ricard/ros2_ws_puzzlebot/build/puzzlebot_description/install.log --single-version-externally-managed install_data
[1.359s] DEBUG:colcon.colcon_core.event_handler.log_command:Invoking command in '/home/ricard/ros2_ws_puzzlebot/src/puzzlebot_gazebo': PYTHONPATH=/home/ricard/ros2_ws_puzzlebot/build/puzzlebot_gazebo/prefix_override:/usr/lib/python3/dist-packages/colcon_core/task/python/colcon_distutils_commands:/home/ricard/ros2_ws_puzzlebot/install/puzzlebot_gazebo/lib/python3.10/site-packages:${PYTHONPATH} /usr/bin/python3 -W ignore:setup.py install is deprecated -W ignore:easy_install command is deprecated setup.py egg_info --egg-base ../../build/puzzlebot_gazebo build --build-base /home/ricard/ros2_ws_puzzlebot/build/puzzlebot_gazebo/build install --record /home/ricard/ros2_ws_puzzlebot/build/puzzlebot_gazebo/install.log --single-version-externally-managed install_data
[1.666s] DEBUG:colcon.colcon_core.event_handler.log_command:Invoked command in '/home/ricard/ros2_ws_puzzlebot/src/puzzlebot_description' returned '0': PYTHONPATH=/home/ricard/ros2_ws_puzzlebot/build/puzzlebot_description/prefix_override:/usr/lib/python3/dist-packages/colcon_core/task/python/colcon_distutils_commands:/home/ricard/ros2_ws_puzzlebot/install/puzzlebot_description/lib/python3.10/site-packages:${PYTHONPATH} /usr/bin/python3 -W ignore:setup.py install is deprecated -W ignore:easy_install command is deprecated setup.py egg_info --egg-base ../../build/puzzlebot_description build --build-base /home/ricard/ros2_ws_puzzlebot/build/puzzlebot_description/build install --record /home/ricard/ros2_ws_puzzlebot/build/puzzlebot_description/install.log --single-version-externally-managed install_data
[1.674s] Level 1:colcon.colcon_core.environment:checking '/home/ricard/ros2_ws_puzzlebot/install/puzzlebot_description' for CMake module files
[1.675s] Level 1:colcon.colcon_core.environment:checking '/home/ricard/ros2_ws_puzzlebot/install/puzzlebot_description' for CMake config files
[1.677s] Level 1:colcon.colcon_core.environment:checking '/home/ricard/ros2_ws_puzzlebot/install/puzzlebot_description/lib'
[1.677s] Level 1:colcon.colcon_core.environment:checking '/home/ricard/ros2_ws_puzzlebot/install/puzzlebot_description/bin'
[1.678s] Level 1:colcon.colcon_core.environment:checking '/home/ricard/ros2_ws_puzzlebot/install/puzzlebot_description/lib/pkgconfig/puzzlebot_description.pc'
[1.678s] Level 1:colcon.colcon_core.environment:checking '/home/ricard/ros2_ws_puzzlebot/install/puzzlebot_description/lib/python3.10/site-packages'
[1.678s] Level 1:colcon.colcon_core.shell:create_environment_hook('puzzlebot_description', 'pythonpath')
[1.679s] INFO:colcon.colcon_core.shell:Creating environment hook '/home/ricard/ros2_ws_puzzlebot/install/puzzlebot_description/share/puzzlebot_description/hook/pythonpath.ps1'
[1.680s] INFO:colcon.colcon_core.shell:Creating environment descriptor '/home/ricard/ros2_ws_puzzlebot/install/puzzlebot_description/share/puzzlebot_description/hook/pythonpath.dsv'
[1.681s] INFO:colcon.colcon_core.shell:Creating environment hook '/home/ricard/ros2_ws_puzzlebot/install/puzzlebot_description/share/puzzlebot_description/hook/pythonpath.sh'
[1.682s] Level 1:colcon.colcon_core.environment:checking '/home/ricard/ros2_ws_puzzlebot/install/puzzlebot_description/bin'
[1.682s] Level 1:colcon.colcon_core.environment:create_environment_scripts_only(puzzlebot_description)
[1.683s] INFO:colcon.colcon_core.shell:Creating package script '/home/ricard/ros2_ws_puzzlebot/install/puzzlebot_description/share/puzzlebot_description/package.ps1'
[1.685s] INFO:colcon.colcon_core.shell:Creating package descriptor '/home/ricard/ros2_ws_puzzlebot/install/puzzlebot_description/share/puzzlebot_description/package.dsv'
[1.686s] INFO:colcon.colcon_core.shell:Creating package script '/home/ricard/ros2_ws_puzzlebot/install/puzzlebot_description/share/puzzlebot_description/package.sh'
[1.688s] INFO:colcon.colcon_core.shell:Creating package script '/home/ricard/ros2_ws_puzzlebot/install/puzzlebot_description/share/puzzlebot_description/package.bash'
[1.690s] INFO:colcon.colcon_core.shell:Creating package script '/home/ricard/ros2_ws_puzzlebot/install/puzzlebot_description/share/puzzlebot_description/package.zsh'
[1.691s] Level 1:colcon.colcon_core.environment:create_file_with_runtime_dependencies(/home/ricard/ros2_ws_puzzlebot/install/puzzlebot_description/share/colcon-core/packages/puzzlebot_description)
[1.851s] Level 1:colcon.colcon_core.environment:checking '/home/ricard/ros2_ws_puzzlebot/install/puzzlebot_gazebo' for CMake module files
[1.852s] DEBUG:colcon.colcon_core.event_handler.log_command:Invoked command in '/home/ricard/ros2_ws_puzzlebot/src/puzzlebot_gazebo' returned '0': PYTHONPATH=/home/ricard/ros2_ws_puzzlebot/build/puzzlebot_gazebo/prefix_override:/usr/lib/python3/dist-packages/colcon_core/task/python/colcon_distutils_commands:/home/ricard/ros2_ws_puzzlebot/install/puzzlebot_gazebo/lib/python3.10/site-packages:${PYTHONPATH} /usr/bin/python3 -W ignore:setup.py install is deprecated -W ignore:easy_install command is deprecated setup.py egg_info --egg-base ../../build/puzzlebot_gazebo build --build-base /home/ricard/ros2_ws_puzzlebot/build/puzzlebot_gazebo/build install --record /home/ricard/ros2_ws_puzzlebot/build/puzzlebot_gazebo/install.log --single-version-externally-managed install_data
[1.853s] Level 1:colcon.colcon_core.environment:checking '/home/ricard/ros2_ws_puzzlebot/install/puzzlebot_gazebo' for CMake config files
[1.859s] Level 1:colcon.colcon_core.environment:checking '/home/ricard/ros2_ws_puzzlebot/install/puzzlebot_gazebo/lib'
[1.859s] Level 1:colcon.colcon_core.environment:checking '/home/ricard/ros2_ws_puzzlebot/install/puzzlebot_gazebo/bin'
[1.860s] Level 1:colcon.colcon_core.environment:checking '/home/ricard/ros2_ws_puzzlebot/install/puzzlebot_gazebo/lib/pkgconfig/puzzlebot_gazebo.pc'
[1.860s] Level 1:colcon.colcon_core.environment:checking '/home/ricard/ros2_ws_puzzlebot/install/puzzlebot_gazebo/lib/python3.10/site-packages'
[1.860s] Level 1:colcon.colcon_core.shell:create_environment_hook('puzzlebot_gazebo', 'pythonpath')
[1.861s] INFO:colcon.colcon_core.shell:Creating environment hook '/home/ricard/ros2_ws_puzzlebot/install/puzzlebot_gazebo/share/puzzlebot_gazebo/hook/pythonpath.ps1'
[1.861s] INFO:colcon.colcon_core.shell:Creating environment descriptor '/home/ricard/ros2_ws_puzzlebot/install/puzzlebot_gazebo/share/puzzlebot_gazebo/hook/pythonpath.dsv'
[1.862s] INFO:colcon.colcon_core.shell:Creating environment hook '/home/ricard/ros2_ws_puzzlebot/install/puzzlebot_gazebo/share/puzzlebot_gazebo/hook/pythonpath.sh'
[1.863s] Level 1:colcon.colcon_core.environment:checking '/home/ricard/ros2_ws_puzzlebot/install/puzzlebot_gazebo/bin'
[1.863s] Level 1:colcon.colcon_core.environment:create_environment_scripts_only(puzzlebot_gazebo)
[1.864s] INFO:colcon.colcon_core.shell:Creating package script '/home/ricard/ros2_ws_puzzlebot/install/puzzlebot_gazebo/share/puzzlebot_gazebo/package.ps1'
[1.865s] INFO:colcon.colcon_core.shell:Creating package descriptor '/home/ricard/ros2_ws_puzzlebot/install/puzzlebot_gazebo/share/puzzlebot_gazebo/package.dsv'
[1.866s] INFO:colcon.colcon_core.shell:Creating package script '/home/ricard/ros2_ws_puzzlebot/install/puzzlebot_gazebo/share/puzzlebot_gazebo/package.sh'
[1.867s] INFO:colcon.colcon_core.shell:Creating package script '/home/ricard/ros2_ws_puzzlebot/install/puzzlebot_gazebo/share/puzzlebot_gazebo/package.bash'
[1.867s] INFO:colcon.colcon_core.shell:Creating package script '/home/ricard/ros2_ws_puzzlebot/install/puzzlebot_gazebo/share/puzzlebot_gazebo/package.zsh'
[1.868s] Level 1:colcon.colcon_core.environment:create_file_with_runtime_dependencies(/home/ricard/ros2_ws_puzzlebot/install/puzzlebot_gazebo/share/colcon-core/packages/puzzlebot_gazebo)
[1.869s] DEBUG:colcon.colcon_parallel_executor.executor.parallel:closing loop
[1.869s] DEBUG:colcon.colcon_parallel_executor.executor.parallel:loop closed
[1.869s] DEBUG:colcon.colcon_parallel_executor.executor.parallel:run_until_complete finished with '0'
[1.869s] DEBUG:colcon.colcon_core.event_reactor:joining thread
[1.876s] INFO:colcon.colcon_core.plugin_system:Skipping extension 'colcon_notification.desktop_notification.terminal_notifier': Not used on non-Darwin systems
[1.876s] INFO:colcon.colcon_core.plugin_system:Skipping extension 'colcon_notification.desktop_notification.win32': Not used on non-Windows systems
[1.876s] INFO:colcon.colcon_notification.desktop_notification:Sending desktop notification using 'notify2'
[1.896s] DEBUG:colcon.colcon_core.event_reactor:joined thread
[1.897s] INFO:colcon.colcon_core.shell:Creating prefix script '/home/ricard/ros2_ws_puzzlebot/install/local_setup.ps1'
[1.899s] INFO:colcon.colcon_core.shell:Creating prefix util module '/home/ricard/ros2_ws_puzzlebot/install/_local_setup_util_ps1.py'
[1.902s] INFO:colcon.colcon_core.shell:Creating prefix chain script '/home/ricard/ros2_ws_puzzlebot/install/setup.ps1'
[1.905s] INFO:colcon.colcon_core.shell:Creating prefix script '/home/ricard/ros2_ws_puzzlebot/install/local_setup.sh'
[1.906s] INFO:colcon.colcon_core.shell:Creating prefix util module '/home/ricard/ros2_ws_puzzlebot/install/_local_setup_util_sh.py'
[1.907s] INFO:colcon.colcon_core.shell:Creating prefix chain script '/home/ricard/ros2_ws_puzzlebot/install/setup.sh'
[1.910s] INFO:colcon.colcon_core.shell:Creating prefix script '/home/ricard/ros2_ws_puzzlebot/install/local_setup.bash'
[1.911s] INFO:colcon.colcon_core.shell:Creating prefix chain script '/home/ricard/ros2_ws_puzzlebot/install/setup.bash'
[1.913s] INFO:colcon.colcon_core.shell:Creating prefix script '/home/ricard/ros2_ws_puzzlebot/install/local_setup.zsh'
[1.914s] INFO:colcon.colcon_core.shell:Creating prefix chain script '/home/ricard/ros2_ws_puzzlebot/install/setup.zsh'
