[1.441s] Invoking command in '/home/ricard/ros2_ws_puzzlebot/build/puzzlebot_gazebo': PYTHONPATH=/home/ricard/ros2_ws_puzzlebot/build/puzzlebot_gazebo/prefix_override:/usr/lib/python3/dist-packages/colcon_core/task/python/colcon_distutils_commands:/home/ricard/ros2_ws_puzzlebot/install/puzzlebot_gazebo/lib/python3.10/site-packages:${PYTHONPATH} /usr/bin/python3 -W ignore:setup.py install is deprecated -W ignore:easy_install command is deprecated setup.py develop --uninstall --editable --build-directory /home/ricard/ros2_ws_puzzlebot/build/puzzlebot_gazebo/build
[1.877s] running develop
[2.081s] Removing /home/ricard/ros2_ws_puzzlebot/install/puzzlebot_gazebo/lib/python3.10/site-packages/puzzlebot-gazebo.egg-link (link to .)
[2.224s] Invoked command in '/home/ricard/ros2_ws_puzzlebot/build/puzzlebot_gazebo' returned '0': PYTHONPATH=/home/ricard/ros2_ws_puzzlebot/build/puzzlebot_gazebo/prefix_override:/usr/lib/python3/dist-packages/colcon_core/task/python/colcon_distutils_commands:/home/ricard/ros2_ws_puzzlebot/install/puzzlebot_gazebo/lib/python3.10/site-packages:${PYTHONPATH} /usr/bin/python3 -W ignore:setup.py install is deprecated -W ignore:easy_install command is deprecated setup.py develop --uninstall --editable --build-directory /home/ricard/ros2_ws_puzzlebot/build/puzzlebot_gazebo/build
[2.227s] Invoking command in '/home/ricard/ros2_ws_puzzlebot/src/puzzlebot_gazebo': PYTHONPATH=/home/ricard/ros2_ws_puzzlebot/build/puzzlebot_gazebo/prefix_override:/usr/lib/python3/dist-packages/colcon_core/task/python/colcon_distutils_commands:/home/ricard/ros2_ws_puzzlebot/install/puzzlebot_gazebo/lib/python3.10/site-packages:${PYTHONPATH} /usr/bin/python3 -W ignore:setup.py install is deprecated -W ignore:easy_install command is deprecated setup.py egg_info --egg-base ../../build/puzzlebot_gazebo build --build-base /home/ricard/ros2_ws_puzzlebot/build/puzzlebot_gazebo/build install --record /home/ricard/ros2_ws_puzzlebot/build/puzzlebot_gazebo/install.log --single-version-externally-managed install_data --force
[2.573s] running egg_info
[2.580s] writing ../../build/puzzlebot_gazebo/puzzlebot_gazebo.egg-info/PKG-INFO
[2.581s] writing dependency_links to ../../build/puzzlebot_gazebo/puzzlebot_gazebo.egg-info/dependency_links.txt
[2.581s] writing entry points to ../../build/puzzlebot_gazebo/puzzlebot_gazebo.egg-info/entry_points.txt
[2.581s] writing requirements to ../../build/puzzlebot_gazebo/puzzlebot_gazebo.egg-info/requires.txt
[2.581s] writing top-level names to ../../build/puzzlebot_gazebo/puzzlebot_gazebo.egg-info/top_level.txt
[2.585s] reading manifest file '../../build/puzzlebot_gazebo/puzzlebot_gazebo.egg-info/SOURCES.txt'
[2.587s] adding license file 'LICENSE'
[2.591s] writing manifest file '../../build/puzzlebot_gazebo/puzzlebot_gazebo.egg-info/SOURCES.txt'
[2.592s] running build
[2.592s] running build_py
[2.593s] running install
[2.593s] running install_lib
[2.595s] creating /home/ricard/ros2_ws_puzzlebot/install/puzzlebot_gazebo/lib/python3.10/site-packages/puzzlebot_gazebo
[2.595s] copying /home/ricard/ros2_ws_puzzlebot/build/puzzlebot_gazebo/build/lib/puzzlebot_gazebo/__init__.py -> /home/ricard/ros2_ws_puzzlebot/install/puzzlebot_gazebo/lib/python3.10/site-packages/puzzlebot_gazebo
[2.596s] copying /home/ricard/ros2_ws_puzzlebot/build/puzzlebot_gazebo/build/lib/puzzlebot_gazebo/puzzlebot_gazebo.py -> /home/ricard/ros2_ws_puzzlebot/install/puzzlebot_gazebo/lib/python3.10/site-packages/puzzlebot_gazebo
[2.597s] byte-compiling /home/ricard/ros2_ws_puzzlebot/install/puzzlebot_gazebo/lib/python3.10/site-packages/puzzlebot_gazebo/__init__.py to __init__.cpython-310.pyc
[2.598s] byte-compiling /home/ricard/ros2_ws_puzzlebot/install/puzzlebot_gazebo/lib/python3.10/site-packages/puzzlebot_gazebo/puzzlebot_gazebo.py to puzzlebot_gazebo.cpython-310.pyc
[2.598s] running install_data
[2.598s] copying resource/puzzlebot_gazebo -> /home/ricard/ros2_ws_puzzlebot/install/puzzlebot_gazebo/share/ament_index/resource_index/packages
[2.599s] copying package.xml -> /home/ricard/ros2_ws_puzzlebot/install/puzzlebot_gazebo/share/puzzlebot_gazebo
[2.600s] copying launch/gazebo_example_launch.py -> /home/ricard/ros2_ws_puzzlebot/install/puzzlebot_gazebo/share/puzzlebot_gazebo/launch
[2.601s] copying config/puzzlebot_jetson_ed.yaml -> /home/ricard/ros2_ws_puzzlebot/install/puzzlebot_gazebo/share/puzzlebot_gazebo/config
[2.601s] copying config/puzzlebot_hacker_ed.yaml -> /home/ricard/ros2_ws_puzzlebot/install/puzzlebot_gazebo/share/puzzlebot_gazebo/config
[2.602s] copying config/puzzlebot_jetson_lidar_ed.yaml -> /home/ricard/ros2_ws_puzzlebot/install/puzzlebot_gazebo/share/puzzlebot_gazebo/config
[2.603s] copying models/puzzlebot/model.config -> /home/ricard/ros2_ws_puzzlebot/install/puzzlebot_gazebo/share/puzzlebot_gazebo/models/puzzlebot
[2.604s] copying models/puzzlebot/model.sdf -> /home/ricard/ros2_ws_puzzlebot/install/puzzlebot_gazebo/share/puzzlebot_gazebo/models/puzzlebot
[2.605s] copying models/puzzlebot/meshes/box1-5.blend -> /home/ricard/ros2_ws_puzzlebot/install/puzzlebot_gazebo/share/puzzlebot_gazebo/models/puzzlebot/meshes
[2.610s] copying models/puzzlebot/meshes/chassis.stl -> /home/ricard/ros2_ws_puzzlebot/install/puzzlebot_gazebo/share/puzzlebot_gazebo/models/puzzlebot/meshes
[2.651s] copying models/puzzlebot/meshes/box13_16.blend -> /home/ricard/ros2_ws_puzzlebot/install/puzzlebot_gazebo/share/puzzlebot_gazebo/models/puzzlebot/meshes
[2.672s] copying models/puzzlebot/meshes/world_wall1.blend1 -> /home/ricard/ros2_ws_puzzlebot/install/puzzlebot_gazebo/share/puzzlebot_gazebo/models/puzzlebot/meshes
[2.681s] copying models/puzzlebot/meshes/box9_12.blend -> /home/ricard/ros2_ws_puzzlebot/install/puzzlebot_gazebo/share/puzzlebot_gazebo/models/puzzlebot/meshes
[2.690s] copying models/puzzlebot/meshes/chassis1.blend -> /home/ricard/ros2_ws_puzzlebot/install/puzzlebot_gazebo/share/puzzlebot_gazebo/models/puzzlebot/meshes
[2.756s] copying models/puzzlebot/meshes/camera.stl -> /home/ricard/ros2_ws_puzzlebot/install/puzzlebot_gazebo/share/puzzlebot_gazebo/models/puzzlebot/meshes
[2.762s] copying models/puzzlebot/meshes/wheel.blend -> /home/ricard/ros2_ws_puzzlebot/install/puzzlebot_gazebo/share/puzzlebot_gazebo/models/puzzlebot/meshes
[2.770s] copying models/puzzlebot/meshes/box5_8.blend -> /home/ricard/ros2_ws_puzzlebot/install/puzzlebot_gazebo/share/puzzlebot_gazebo/models/puzzlebot/meshes
[2.775s] copying models/puzzlebot/meshes/box5_8.blend1 -> /home/ricard/ros2_ws_puzzlebot/install/puzzlebot_gazebo/share/puzzlebot_gazebo/models/puzzlebot/meshes
[2.780s] copying models/puzzlebot/meshes/wheel.dae -> /home/ricard/ros2_ws_puzzlebot/install/puzzlebot_gazebo/share/puzzlebot_gazebo/models/puzzlebot/meshes
[2.784s] copying models/puzzlebot/meshes/chassis1.dae -> /home/ricard/ros2_ws_puzzlebot/install/puzzlebot_gazebo/share/puzzlebot_gazebo/models/puzzlebot/meshes
[2.838s] copying models/puzzlebot/meshes/world_wall1.blend -> /home/ricard/ros2_ws_puzzlebot/install/puzzlebot_gazebo/share/puzzlebot_gazebo/models/puzzlebot/meshes
[2.843s] copying models/puzzlebot/meshes/box1_4.blend1 -> /home/ricard/ros2_ws_puzzlebot/install/puzzlebot_gazebo/share/puzzlebot_gazebo/models/puzzlebot/meshes
[2.848s] copying models/puzzlebot/meshes/wheel.blend1 -> /home/ricard/ros2_ws_puzzlebot/install/puzzlebot_gazebo/share/puzzlebot_gazebo/models/puzzlebot/meshes
[2.856s] copying models/puzzlebot/meshes/chassis1.blend1 -> /home/ricard/ros2_ws_puzzlebot/install/puzzlebot_gazebo/share/puzzlebot_gazebo/models/puzzlebot/meshes
[2.912s] copying models/puzzlebot/meshes/wheel.stl -> /home/ricard/ros2_ws_puzzlebot/install/puzzlebot_gazebo/share/puzzlebot_gazebo/models/puzzlebot/meshes
[2.916s] copying models/avoidance_world_4/model.config -> /home/ricard/ros2_ws_puzzlebot/install/puzzlebot_gazebo/share/puzzlebot_gazebo/models/avoidance_world_4
[2.918s] copying models/avoidance_world_4/model.sdf -> /home/ricard/ros2_ws_puzzlebot/install/puzzlebot_gazebo/share/puzzlebot_gazebo/models/avoidance_world_4
[2.919s] copying models/red_colored_box/model.config -> /home/ricard/ros2_ws_puzzlebot/install/puzzlebot_gazebo/share/puzzlebot_gazebo/models/red_colored_box
[2.920s] copying models/red_colored_box/model.sdf -> /home/ricard/ros2_ws_puzzlebot/install/puzzlebot_gazebo/share/puzzlebot_gazebo/models/red_colored_box
[2.920s] copying models/puzzlebot_camera/model.config -> /home/ricard/ros2_ws_puzzlebot/install/puzzlebot_gazebo/share/puzzlebot_gazebo/models/puzzlebot_camera
[2.921s] copying models/puzzlebot_camera/model.sdf -> /home/ricard/ros2_ws_puzzlebot/install/puzzlebot_gazebo/share/puzzlebot_gazebo/models/puzzlebot_camera
[2.922s] copying models/puzzlebot_camera/meshes/wheel.dae -> /home/ricard/ros2_ws_puzzlebot/install/puzzlebot_gazebo/share/puzzlebot_gazebo/models/puzzlebot_camera/meshes
[2.925s] copying models/puzzlebot_camera/meshes/chassis1.dae -> /home/ricard/ros2_ws_puzzlebot/install/puzzlebot_gazebo/share/puzzlebot_gazebo/models/puzzlebot_camera/meshes
[2.993s] copying models/aruco_marker_4/model.config -> /home/ricard/ros2_ws_puzzlebot/install/puzzlebot_gazebo/share/puzzlebot_gazebo/models/aruco_marker_4
[3.024s] copying models/aruco_marker_4/model.sdf -> /home/ricard/ros2_ws_puzzlebot/install/puzzlebot_gazebo/share/puzzlebot_gazebo/models/aruco_marker_4
[3.029s] copying models/aruco_marker_4/materials/textures/marker4.png -> /home/ricard/ros2_ws_puzzlebot/install/puzzlebot_gazebo/share/puzzlebot_gazebo/models/aruco_marker_4/materials/textures
[3.038s] copying models/aruco_marker_3/model.config -> /home/ricard/ros2_ws_puzzlebot/install/puzzlebot_gazebo/share/puzzlebot_gazebo/models/aruco_marker_3
[3.041s] copying models/aruco_marker_3/model.sdf -> /home/ricard/ros2_ws_puzzlebot/install/puzzlebot_gazebo/share/puzzlebot_gazebo/models/aruco_marker_3
[3.041s] copying models/aruco_marker_3/materials/textures/marker3.png -> /home/ricard/ros2_ws_puzzlebot/install/puzzlebot_gazebo/share/puzzlebot_gazebo/models/aruco_marker_3/materials/textures
[3.042s] copying models/blue_colored_box/model.config -> /home/ricard/ros2_ws_puzzlebot/install/puzzlebot_gazebo/share/puzzlebot_gazebo/models/blue_colored_box
[3.043s] copying models/blue_colored_box/model.sdf -> /home/ricard/ros2_ws_puzzlebot/install/puzzlebot_gazebo/share/puzzlebot_gazebo/models/blue_colored_box
[3.044s] copying models/arena_a_frame/model.config -> /home/ricard/ros2_ws_puzzlebot/install/puzzlebot_gazebo/share/puzzlebot_gazebo/models/arena_a_frame
[3.045s] copying models/arena_a_frame/model.sdf -> /home/ricard/ros2_ws_puzzlebot/install/puzzlebot_gazebo/share/puzzlebot_gazebo/models/arena_a_frame
[3.046s] copying models/arena_a_frame/meshes/MCR2_arena_side.stl -> /home/ricard/ros2_ws_puzzlebot/install/puzzlebot_gazebo/share/puzzlebot_gazebo/models/arena_a_frame/meshes
[3.048s] copying models/arena_a_frame/materials/textures/mcr2_banner.png -> /home/ricard/ros2_ws_puzzlebot/install/puzzlebot_gazebo/share/puzzlebot_gazebo/models/arena_a_frame/materials/textures
[3.050s] copying models/goal_marker_2/model.config -> /home/ricard/ros2_ws_puzzlebot/install/puzzlebot_gazebo/share/puzzlebot_gazebo/models/goal_marker_2
[3.051s] copying models/goal_marker_2/model.sdf -> /home/ricard/ros2_ws_puzzlebot/install/puzzlebot_gazebo/share/puzzlebot_gazebo/models/goal_marker_2
[3.052s] copying models/goal_marker_2/materials/textures/mcr2_goal_2.png -> /home/ricard/ros2_ws_puzzlebot/install/puzzlebot_gazebo/share/puzzlebot_gazebo/models/goal_marker_2/materials/textures
[3.053s] copying models/yellow_colored_box/model.config -> /home/ricard/ros2_ws_puzzlebot/install/puzzlebot_gazebo/share/puzzlebot_gazebo/models/yellow_colored_box
[3.054s] copying models/yellow_colored_box/model.sdf -> /home/ricard/ros2_ws_puzzlebot/install/puzzlebot_gazebo/share/puzzlebot_gazebo/models/yellow_colored_box
[3.054s] copying models/aruco002_cv/model.config -> /home/ricard/ros2_ws_puzzlebot/install/puzzlebot_gazebo/share/puzzlebot_gazebo/models/aruco002_cv
[3.055s] copying models/aruco002_cv/model.sdf -> /home/ricard/ros2_ws_puzzlebot/install/puzzlebot_gazebo/share/puzzlebot_gazebo/models/aruco002_cv
[3.055s] copying models/aruco002_cv/meshes/aruco002.dae -> /home/ricard/ros2_ws_puzzlebot/install/puzzlebot_gazebo/share/puzzlebot_gazebo/models/aruco002_cv/meshes
[3.057s] copying models/aruco002_cv/materials/textures/4x4_50_002.png -> /home/ricard/ros2_ws_puzzlebot/install/puzzlebot_gazebo/share/puzzlebot_gazebo/models/aruco002_cv/materials/textures
[3.057s] copying models/aruco_marker_1/model.config -> /home/ricard/ros2_ws_puzzlebot/install/puzzlebot_gazebo/share/puzzlebot_gazebo/models/aruco_marker_1
[3.058s] copying models/aruco_marker_1/model.sdf -> /home/ricard/ros2_ws_puzzlebot/install/puzzlebot_gazebo/share/puzzlebot_gazebo/models/aruco_marker_1
[3.059s] copying models/aruco_marker_1/materials/textures/marker1.png -> /home/ricard/ros2_ws_puzzlebot/install/puzzlebot_gazebo/share/puzzlebot_gazebo/models/aruco_marker_1/materials/textures
[3.059s] copying models/avoidance_world_3/model.config -> /home/ricard/ros2_ws_puzzlebot/install/puzzlebot_gazebo/share/puzzlebot_gazebo/models/avoidance_world_3
[3.060s] copying models/avoidance_world_3/model.sdf -> /home/ricard/ros2_ws_puzzlebot/install/puzzlebot_gazebo/share/puzzlebot_gazebo/models/avoidance_world_3
[3.061s] copying models/aruco_box/model.config -> /home/ricard/ros2_ws_puzzlebot/install/puzzlebot_gazebo/share/puzzlebot_gazebo/models/aruco_box
[3.062s] copying models/aruco_box/model.sdf -> /home/ricard/ros2_ws_puzzlebot/install/puzzlebot_gazebo/share/puzzlebot_gazebo/models/aruco_box
[3.062s] copying models/aruco_box/materials/textures/marker4.png -> /home/ricard/ros2_ws_puzzlebot/install/puzzlebot_gazebo/share/puzzlebot_gazebo/models/aruco_box/materials/textures
[3.063s] copying models/aruco_box/materials/textures/marker3.png -> /home/ricard/ros2_ws_puzzlebot/install/puzzlebot_gazebo/share/puzzlebot_gazebo/models/aruco_box/materials/textures
[3.064s] copying models/aruco_box/materials/textures/marker0.png -> /home/ricard/ros2_ws_puzzlebot/install/puzzlebot_gazebo/share/puzzlebot_gazebo/models/aruco_box/materials/textures
[3.064s] copying models/aruco_box/materials/textures/marker1.png -> /home/ricard/ros2_ws_puzzlebot/install/puzzlebot_gazebo/share/puzzlebot_gazebo/models/aruco_box/materials/textures
[3.065s] copying models/aruco_box/materials/textures/marker5.png -> /home/ricard/ros2_ws_puzzlebot/install/puzzlebot_gazebo/share/puzzlebot_gazebo/models/aruco_box/materials/textures
[3.066s] copying models/aruco_box/materials/textures/marker2.png -> /home/ricard/ros2_ws_puzzlebot/install/puzzlebot_gazebo/share/puzzlebot_gazebo/models/aruco_box/materials/textures
[3.066s] copying models/puzzlebot_track/model.config -> /home/ricard/ros2_ws_puzzlebot/install/puzzlebot_gazebo/share/puzzlebot_gazebo/models/puzzlebot_track
[3.067s] copying models/puzzlebot_track/model.sdf -> /home/ricard/ros2_ws_puzzlebot/install/puzzlebot_gazebo/share/puzzlebot_gazebo/models/puzzlebot_track
[3.068s] copying models/puzzlebot_track/materials/textures/puzzlebot_track.png -> /home/ricard/ros2_ws_puzzlebot/install/puzzlebot_gazebo/share/puzzlebot_gazebo/models/puzzlebot_track/materials/textures
[3.069s] copying models/goal_marker_4/model.config -> /home/ricard/ros2_ws_puzzlebot/install/puzzlebot_gazebo/share/puzzlebot_gazebo/models/goal_marker_4
[3.069s] copying models/goal_marker_4/model.sdf -> /home/ricard/ros2_ws_puzzlebot/install/puzzlebot_gazebo/share/puzzlebot_gazebo/models/goal_marker_4
[3.070s] copying models/goal_marker_4/materials/textures/mcr2_goal_4.png -> /home/ricard/ros2_ws_puzzlebot/install/puzzlebot_gazebo/share/puzzlebot_gazebo/models/goal_marker_4/materials/textures
[3.071s] copying models/plugins/libDiffDynamicPlugin.so -> /home/ricard/ros2_ws_puzzlebot/install/puzzlebot_gazebo/share/puzzlebot_gazebo/models/plugins
[3.078s] copying models/goal_marker_3/model.config -> /home/ricard/ros2_ws_puzzlebot/install/puzzlebot_gazebo/share/puzzlebot_gazebo/models/goal_marker_3
[3.079s] copying models/goal_marker_3/model.sdf -> /home/ricard/ros2_ws_puzzlebot/install/puzzlebot_gazebo/share/puzzlebot_gazebo/models/goal_marker_3
[3.080s] copying models/goal_marker_3/materials/textures/mcr2_goal_3.png -> /home/ricard/ros2_ws_puzzlebot/install/puzzlebot_gazebo/share/puzzlebot_gazebo/models/goal_marker_3/materials/textures
[3.081s] copying models/aruco003_cv/model.config -> /home/ricard/ros2_ws_puzzlebot/install/puzzlebot_gazebo/share/puzzlebot_gazebo/models/aruco003_cv
[3.082s] copying models/aruco003_cv/model.sdf -> /home/ricard/ros2_ws_puzzlebot/install/puzzlebot_gazebo/share/puzzlebot_gazebo/models/aruco003_cv
[3.083s] copying models/aruco003_cv/meshes/aruco003.dae -> /home/ricard/ros2_ws_puzzlebot/install/puzzlebot_gazebo/share/puzzlebot_gazebo/models/aruco003_cv/meshes
[3.084s] copying models/aruco003_cv/materials/textures/4x4_50_003.png -> /home/ricard/ros2_ws_puzzlebot/install/puzzlebot_gazebo/share/puzzlebot_gazebo/models/aruco003_cv/materials/textures
[3.085s] copying models/goal_marker_1/model.config -> /home/ricard/ros2_ws_puzzlebot/install/puzzlebot_gazebo/share/puzzlebot_gazebo/models/goal_marker_1
[3.086s] copying models/goal_marker_1/model.sdf -> /home/ricard/ros2_ws_puzzlebot/install/puzzlebot_gazebo/share/puzzlebot_gazebo/models/goal_marker_1
[3.087s] copying models/goal_marker_1/materials/textures/mcr2_goal_1.png -> /home/ricard/ros2_ws_puzzlebot/install/puzzlebot_gazebo/share/puzzlebot_gazebo/models/goal_marker_1/materials/textures
[3.088s] copying models/aruco001_cv/model.config -> /home/ricard/ros2_ws_puzzlebot/install/puzzlebot_gazebo/share/puzzlebot_gazebo/models/aruco001_cv
[3.088s] copying models/aruco001_cv/model.sdf -> /home/ricard/ros2_ws_puzzlebot/install/puzzlebot_gazebo/share/puzzlebot_gazebo/models/aruco001_cv
[3.089s] copying models/aruco001_cv/meshes/aruco001.dae -> /home/ricard/ros2_ws_puzzlebot/install/puzzlebot_gazebo/share/puzzlebot_gazebo/models/aruco001_cv/meshes
[3.090s] copying models/aruco001_cv/materials/textures/4x4_50_001.png -> /home/ricard/ros2_ws_puzzlebot/install/puzzlebot_gazebo/share/puzzlebot_gazebo/models/aruco001_cv/materials/textures
[3.090s] copying models/puzzlebot_lidar/model.config -> /home/ricard/ros2_ws_puzzlebot/install/puzzlebot_gazebo/share/puzzlebot_gazebo/models/puzzlebot_lidar
[3.091s] copying models/puzzlebot_lidar/model.sdf -> /home/ricard/ros2_ws_puzzlebot/install/puzzlebot_gazebo/share/puzzlebot_gazebo/models/puzzlebot_lidar
[3.092s] copying models/puzzlebot_lidar/meshes/wheel.dae -> /home/ricard/ros2_ws_puzzlebot/install/puzzlebot_gazebo/share/puzzlebot_gazebo/models/puzzlebot_lidar/meshes
[3.096s] copying models/puzzlebot_lidar/meshes/chassis1.dae -> /home/ricard/ros2_ws_puzzlebot/install/puzzlebot_gazebo/share/puzzlebot_gazebo/models/puzzlebot_lidar/meshes
[3.178s] copying models/aruco_marker_5/model.config -> /home/ricard/ros2_ws_puzzlebot/install/puzzlebot_gazebo/share/puzzlebot_gazebo/models/aruco_marker_5
[3.179s] copying models/aruco_marker_5/model.sdf -> /home/ricard/ros2_ws_puzzlebot/install/puzzlebot_gazebo/share/puzzlebot_gazebo/models/aruco_marker_5
[3.179s] copying models/aruco_marker_5/materials/textures/marker5.png -> /home/ricard/ros2_ws_puzzlebot/install/puzzlebot_gazebo/share/puzzlebot_gazebo/models/aruco_marker_5/materials/textures
[3.181s] copying models/media/materials/textures/puzzlebot_wood_6.png -> /home/ricard/ros2_ws_puzzlebot/install/puzzlebot_gazebo/share/puzzlebot_gazebo/models/media/materials/textures
[3.185s] copying models/media/materials/textures/mcr2_goal_2.png -> /home/ricard/ros2_ws_puzzlebot/install/puzzlebot_gazebo/share/puzzlebot_gazebo/models/media/materials/textures
[3.186s] copying models/media/materials/textures/nvidia_hz_logo_white.jpg -> /home/ricard/ros2_ws_puzzlebot/install/puzzlebot_gazebo/share/puzzlebot_gazebo/models/media/materials/textures
[3.187s] copying models/media/materials/textures/puzzlebot_wood_7.png -> /home/ricard/ros2_ws_puzzlebot/install/puzzlebot_gazebo/share/puzzlebot_gazebo/models/media/materials/textures
[3.195s] copying models/media/materials/textures/puzzlebot_wood_4.png -> /home/ricard/ros2_ws_puzzlebot/install/puzzlebot_gazebo/share/puzzlebot_gazebo/models/media/materials/textures
[3.204s] copying models/media/materials/textures/nvidia_logo_white.jpg -> /home/ricard/ros2_ws_puzzlebot/install/puzzlebot_gazebo/share/puzzlebot_gazebo/models/media/materials/textures
[3.205s] copying models/media/materials/textures/mcr2_goal_4.png -> /home/ricard/ros2_ws_puzzlebot/install/puzzlebot_gazebo/share/puzzlebot_gazebo/models/media/materials/textures
[3.207s] copying models/media/materials/textures/puzzlebot_wood_5.png -> /home/ricard/ros2_ws_puzzlebot/install/puzzlebot_gazebo/share/puzzlebot_gazebo/models/media/materials/textures
[3.216s] copying models/media/materials/textures/puzzlebot_logo_white.png -> /home/ricard/ros2_ws_puzzlebot/install/puzzlebot_gazebo/share/puzzlebot_gazebo/models/media/materials/textures
[3.217s] copying models/media/materials/textures/nvidia_logo_black.jpg -> /home/ricard/ros2_ws_puzzlebot/install/puzzlebot_gazebo/share/puzzlebot_gazebo/models/media/materials/textures
[3.218s] copying models/media/materials/textures/mcr2_logo_black.png -> /home/ricard/ros2_ws_puzzlebot/install/puzzlebot_gazebo/share/puzzlebot_gazebo/models/media/materials/textures
[3.220s] copying models/media/materials/textures/mcr2_goal_3.png -> /home/ricard/ros2_ws_puzzlebot/install/puzzlebot_gazebo/share/puzzlebot_gazebo/models/media/materials/textures
[3.221s] copying models/media/materials/textures/mcr2_banner.png -> /home/ricard/ros2_ws_puzzlebot/install/puzzlebot_gazebo/share/puzzlebot_gazebo/models/media/materials/textures
[3.223s] copying models/media/materials/textures/nvidia_logo_b_w.jpg -> /home/ricard/ros2_ws_puzzlebot/install/puzzlebot_gazebo/share/puzzlebot_gazebo/models/media/materials/textures
[3.225s] copying models/media/materials/textures/mcr2_goal_1.png -> /home/ricard/ros2_ws_puzzlebot/install/puzzlebot_gazebo/share/puzzlebot_gazebo/models/media/materials/textures
[3.226s] copying models/media/materials/textures/mcr2_logo_white.png -> /home/ricard/ros2_ws_puzzlebot/install/puzzlebot_gazebo/share/puzzlebot_gazebo/models/media/materials/textures
[3.233s] copying models/media/materials/textures/mcr2_goal_5.png -> /home/ricard/ros2_ws_puzzlebot/install/puzzlebot_gazebo/share/puzzlebot_gazebo/models/media/materials/textures
[3.262s] copying models/media/materials/textures/puzzlebot_logo.png -> /home/ricard/ros2_ws_puzzlebot/install/puzzlebot_gazebo/share/puzzlebot_gazebo/models/media/materials/textures
[3.273s] copying models/media/materials/textures/wood_floor.jpg -> /home/ricard/ros2_ws_puzzlebot/install/puzzlebot_gazebo/share/puzzlebot_gazebo/models/media/materials/textures
[3.274s] copying models/media/materials/textures/aruco_markers/marker4.png -> /home/ricard/ros2_ws_puzzlebot/install/puzzlebot_gazebo/share/puzzlebot_gazebo/models/media/materials/textures/aruco_markers
[3.276s] copying models/media/materials/textures/aruco_markers/marker3.png -> /home/ricard/ros2_ws_puzzlebot/install/puzzlebot_gazebo/share/puzzlebot_gazebo/models/media/materials/textures/aruco_markers
[3.277s] copying models/media/materials/textures/aruco_markers/marker0.png -> /home/ricard/ros2_ws_puzzlebot/install/puzzlebot_gazebo/share/puzzlebot_gazebo/models/media/materials/textures/aruco_markers
[3.278s] copying models/media/materials/textures/aruco_markers/marker1.png -> /home/ricard/ros2_ws_puzzlebot/install/puzzlebot_gazebo/share/puzzlebot_gazebo/models/media/materials/textures/aruco_markers
[3.278s] copying models/media/materials/textures/aruco_markers/marker5.png -> /home/ricard/ros2_ws_puzzlebot/install/puzzlebot_gazebo/share/puzzlebot_gazebo/models/media/materials/textures/aruco_markers
[3.279s] copying models/media/materials/textures/aruco_markers/marker2.png -> /home/ricard/ros2_ws_puzzlebot/install/puzzlebot_gazebo/share/puzzlebot_gazebo/models/media/materials/textures/aruco_markers
[3.279s] copying models/media/materials/scripts/mcr2_materials.material -> /home/ricard/ros2_ws_puzzlebot/install/puzzlebot_gazebo/share/puzzlebot_gazebo/models/media/materials/scripts
[3.280s] copying models/empty/model.config -> /home/ricard/ros2_ws_puzzlebot/install/puzzlebot_gazebo/share/puzzlebot_gazebo/models/empty
[3.280s] copying models/empty/model.sdf -> /home/ricard/ros2_ws_puzzlebot/install/puzzlebot_gazebo/share/puzzlebot_gazebo/models/empty
[3.281s] copying models/aruco_marker_0/model.config -> /home/ricard/ros2_ws_puzzlebot/install/puzzlebot_gazebo/share/puzzlebot_gazebo/models/aruco_marker_0
[3.282s] copying models/aruco_marker_0/model.sdf -> /home/ricard/ros2_ws_puzzlebot/install/puzzlebot_gazebo/share/puzzlebot_gazebo/models/aruco_marker_0
[3.282s] copying models/aruco_marker_0/materials/textures/marker0.png -> /home/ricard/ros2_ws_puzzlebot/install/puzzlebot_gazebo/share/puzzlebot_gazebo/models/aruco_marker_0/materials/textures
[3.283s] copying models/office_model/model.config -> /home/ricard/ros2_ws_puzzlebot/install/puzzlebot_gazebo/share/puzzlebot_gazebo/models/office_model
[3.284s] copying models/office_model/model.sdf -> /home/ricard/ros2_ws_puzzlebot/install/puzzlebot_gazebo/share/puzzlebot_gazebo/models/office_model
[3.284s] copying models/aruco001/model.config -> /home/ricard/ros2_ws_puzzlebot/install/puzzlebot_gazebo/share/puzzlebot_gazebo/models/aruco001
[3.285s] copying models/aruco001/model.sdf -> /home/ricard/ros2_ws_puzzlebot/install/puzzlebot_gazebo/share/puzzlebot_gazebo/models/aruco001
[3.285s] copying models/aruco001/meshes/aruco001.dae -> /home/ricard/ros2_ws_puzzlebot/install/puzzlebot_gazebo/share/puzzlebot_gazebo/models/aruco001/meshes
[3.287s] copying models/aruco001/materials/textures/16h3_001.png -> /home/ricard/ros2_ws_puzzlebot/install/puzzlebot_gazebo/share/puzzlebot_gazebo/models/aruco001/materials/textures
[3.288s] copying models/avoidance_world_1/model.config -> /home/ricard/ros2_ws_puzzlebot/install/puzzlebot_gazebo/share/puzzlebot_gazebo/models/avoidance_world_1
[3.289s] copying models/avoidance_world_1/model.sdf -> /home/ricard/ros2_ws_puzzlebot/install/puzzlebot_gazebo/share/puzzlebot_gazebo/models/avoidance_world_1
[3.291s] copying models/goal_marker_5/model.config -> /home/ricard/ros2_ws_puzzlebot/install/puzzlebot_gazebo/share/puzzlebot_gazebo/models/goal_marker_5
[3.292s] copying models/goal_marker_5/model.sdf -> /home/ricard/ros2_ws_puzzlebot/install/puzzlebot_gazebo/share/puzzlebot_gazebo/models/goal_marker_5
[3.294s] copying models/goal_marker_5/materials/textures/mcr2_goal_5.png -> /home/ricard/ros2_ws_puzzlebot/install/puzzlebot_gazebo/share/puzzlebot_gazebo/models/goal_marker_5/materials/textures
[3.296s] copying models/simple_light/model.config -> /home/ricard/ros2_ws_puzzlebot/install/puzzlebot_gazebo/share/puzzlebot_gazebo/models/simple_light
[3.297s] copying models/simple_light/model.sdf -> /home/ricard/ros2_ws_puzzlebot/install/puzzlebot_gazebo/share/puzzlebot_gazebo/models/simple_light
[3.298s] copying models/office_floor/model.config -> /home/ricard/ros2_ws_puzzlebot/install/puzzlebot_gazebo/share/puzzlebot_gazebo/models/office_floor
[3.299s] copying models/office_floor/model.sdf -> /home/ricard/ros2_ws_puzzlebot/install/puzzlebot_gazebo/share/puzzlebot_gazebo/models/office_floor
[3.299s] copying models/office_floor/materials/textures/puzzlebot_wood_7.png -> /home/ricard/ros2_ws_puzzlebot/install/puzzlebot_gazebo/share/puzzlebot_gazebo/models/office_floor/materials/textures
[3.308s] copying models/world_wall/model.config -> /home/ricard/ros2_ws_puzzlebot/install/puzzlebot_gazebo/share/puzzlebot_gazebo/models/world_wall
[3.309s] copying models/world_wall/model.sdf -> /home/ricard/ros2_ws_puzzlebot/install/puzzlebot_gazebo/share/puzzlebot_gazebo/models/world_wall
[3.310s] copying models/world_wall/meshes/world_wall1.dae -> /home/ricard/ros2_ws_puzzlebot/install/puzzlebot_gazebo/share/puzzlebot_gazebo/models/world_wall/meshes
[3.311s] copying models/world_wall/meshes/0032-512x512.jpg -> /home/ricard/ros2_ws_puzzlebot/install/puzzlebot_gazebo/share/puzzlebot_gazebo/models/world_wall/meshes
[3.312s] copying models/world_wall/meshes/wood_floor.jpg -> /home/ricard/ros2_ws_puzzlebot/install/puzzlebot_gazebo/share/puzzlebot_gazebo/models/world_wall/meshes
[3.313s] copying models/world_wall/materials/textures/0032-512x512.jpg -> /home/ricard/ros2_ws_puzzlebot/install/puzzlebot_gazebo/share/puzzlebot_gazebo/models/world_wall/materials/textures
[3.315s] copying models/world_wall/materials/textures/wood_floor.jpg -> /home/ricard/ros2_ws_puzzlebot/install/puzzlebot_gazebo/share/puzzlebot_gazebo/models/world_wall/materials/textures
[3.315s] copying models/world_wall/materials/textures/MapAll.jpg -> /home/ricard/ros2_ws_puzzlebot/install/puzzlebot_gazebo/share/puzzlebot_gazebo/models/world_wall/materials/textures
[3.319s] copying models/aruco002/model.config -> /home/ricard/ros2_ws_puzzlebot/install/puzzlebot_gazebo/share/puzzlebot_gazebo/models/aruco002
[3.320s] copying models/aruco002/model.sdf -> /home/ricard/ros2_ws_puzzlebot/install/puzzlebot_gazebo/share/puzzlebot_gazebo/models/aruco002
[3.320s] copying models/aruco002/meshes/aruco002.dae -> /home/ricard/ros2_ws_puzzlebot/install/puzzlebot_gazebo/share/puzzlebot_gazebo/models/aruco002/meshes
[3.321s] copying models/aruco002/materials/textures/16h3_002.png -> /home/ricard/ros2_ws_puzzlebot/install/puzzlebot_gazebo/share/puzzlebot_gazebo/models/aruco002/materials/textures
[3.322s] copying models/aruco000_cv/model.config -> /home/ricard/ros2_ws_puzzlebot/install/puzzlebot_gazebo/share/puzzlebot_gazebo/models/aruco000_cv
[3.323s] copying models/aruco000_cv/model.sdf -> /home/ricard/ros2_ws_puzzlebot/install/puzzlebot_gazebo/share/puzzlebot_gazebo/models/aruco000_cv
[3.324s] copying models/aruco000_cv/meshes/aruco000.dae -> /home/ricard/ros2_ws_puzzlebot/install/puzzlebot_gazebo/share/puzzlebot_gazebo/models/aruco000_cv/meshes
[3.326s] copying models/aruco000_cv/materials/textures/4x4_50_000.png -> /home/ricard/ros2_ws_puzzlebot/install/puzzlebot_gazebo/share/puzzlebot_gazebo/models/aruco000_cv/materials/textures
[3.326s] copying models/puzzlebot_base/model.config -> /home/ricard/ros2_ws_puzzlebot/install/puzzlebot_gazebo/share/puzzlebot_gazebo/models/puzzlebot_base
[3.327s] copying models/puzzlebot_base/model.sdf -> /home/ricard/ros2_ws_puzzlebot/install/puzzlebot_gazebo/share/puzzlebot_gazebo/models/puzzlebot_base
[3.328s] copying models/puzzlebot_base/materials/textures/puzzlebot_wood_6.png -> /home/ricard/ros2_ws_puzzlebot/install/puzzlebot_gazebo/share/puzzlebot_gazebo/models/puzzlebot_base/materials/textures
[3.332s] copying models/aruco_marker_2/model.config -> /home/ricard/ros2_ws_puzzlebot/install/puzzlebot_gazebo/share/puzzlebot_gazebo/models/aruco_marker_2
[3.333s] copying models/aruco_marker_2/model.sdf -> /home/ricard/ros2_ws_puzzlebot/install/puzzlebot_gazebo/share/puzzlebot_gazebo/models/aruco_marker_2
[3.334s] copying models/aruco_marker_2/materials/textures/marker2.png -> /home/ricard/ros2_ws_puzzlebot/install/puzzlebot_gazebo/share/puzzlebot_gazebo/models/aruco_marker_2/materials/textures
[3.334s] copying models/aruco000/model.config -> /home/ricard/ros2_ws_puzzlebot/install/puzzlebot_gazebo/share/puzzlebot_gazebo/models/aruco000
[3.335s] copying models/aruco000/model.sdf -> /home/ricard/ros2_ws_puzzlebot/install/puzzlebot_gazebo/share/puzzlebot_gazebo/models/aruco000
[3.336s] copying models/aruco000/meshes/aruco000.dae -> /home/ricard/ros2_ws_puzzlebot/install/puzzlebot_gazebo/share/puzzlebot_gazebo/models/aruco000/meshes
[3.337s] copying models/aruco000/materials/textures/16h3_000.png -> /home/ricard/ros2_ws_puzzlebot/install/puzzlebot_gazebo/share/puzzlebot_gazebo/models/aruco000/materials/textures
[3.337s] copying models/box_brick/model.config -> /home/ricard/ros2_ws_puzzlebot/install/puzzlebot_gazebo/share/puzzlebot_gazebo/models/box_brick
[3.338s] copying models/box_brick/model.sdf -> /home/ricard/ros2_ws_puzzlebot/install/puzzlebot_gazebo/share/puzzlebot_gazebo/models/box_brick
[3.339s] copying models/box_brick/meshes/box_brick.dae -> /home/ricard/ros2_ws_puzzlebot/install/puzzlebot_gazebo/share/puzzlebot_gazebo/models/box_brick/meshes
[3.341s] copying models/box_brick/materials/textures/0032-512x512.jpg -> /home/ricard/ros2_ws_puzzlebot/install/puzzlebot_gazebo/share/puzzlebot_gazebo/models/box_brick/materials/textures
[3.343s] copying models/aruco003/model.config -> /home/ricard/ros2_ws_puzzlebot/install/puzzlebot_gazebo/share/puzzlebot_gazebo/models/aruco003
[3.344s] copying models/aruco003/model.sdf -> /home/ricard/ros2_ws_puzzlebot/install/puzzlebot_gazebo/share/puzzlebot_gazebo/models/aruco003
[3.345s] copying models/aruco003/meshes/aruco003.dae -> /home/ricard/ros2_ws_puzzlebot/install/puzzlebot_gazebo/share/puzzlebot_gazebo/models/aruco003/meshes
[3.346s] copying models/aruco003/materials/textures/16h3_003.png -> /home/ricard/ros2_ws_puzzlebot/install/puzzlebot_gazebo/share/puzzlebot_gazebo/models/aruco003/materials/textures
[3.347s] copying models/avoidance_world_2/model.config -> /home/ricard/ros2_ws_puzzlebot/install/puzzlebot_gazebo/share/puzzlebot_gazebo/models/avoidance_world_2
[3.347s] copying models/avoidance_world_2/model.sdf -> /home/ricard/ros2_ws_puzzlebot/install/puzzlebot_gazebo/share/puzzlebot_gazebo/models/avoidance_world_2
[3.348s] copying worlds/puzzlebot_arena_markers.world -> /home/ricard/ros2_ws_puzzlebot/install/puzzlebot_gazebo/share/puzzlebot_gazebo/worlds
[3.348s] copying worlds/empty.world -> /home/ricard/ros2_ws_puzzlebot/install/puzzlebot_gazebo/share/puzzlebot_gazebo/worlds
[3.349s] copying worlds/puzzlebot_arena.world -> /home/ricard/ros2_ws_puzzlebot/install/puzzlebot_gazebo/share/puzzlebot_gazebo/worlds
[3.349s] copying worlds/puzzlebot_track.world -> /home/ricard/ros2_ws_puzzlebot/install/puzzlebot_gazebo/share/puzzlebot_gazebo/worlds
[3.350s] copying worlds/world_box.sdf -> /home/ricard/ros2_ws_puzzlebot/install/puzzlebot_gazebo/share/puzzlebot_gazebo/worlds
[3.350s] copying worlds/office.world -> /home/ricard/ros2_ws_puzzlebot/install/puzzlebot_gazebo/share/puzzlebot_gazebo/worlds
[3.351s] copying worlds/puzzlebot_world.world -> /home/ricard/ros2_ws_puzzlebot/install/puzzlebot_gazebo/share/puzzlebot_gazebo/worlds
[3.351s] copying worlds/world_aruco_mip.sdf -> /home/ricard/ros2_ws_puzzlebot/install/puzzlebot_gazebo/share/puzzlebot_gazebo/worlds
[3.352s] copying worlds/obstacle_avoidance_4.world -> /home/ricard/ros2_ws_puzzlebot/install/puzzlebot_gazebo/share/puzzlebot_gazebo/worlds
[3.352s] copying worlds/obstacle_avoidance_1.world -> /home/ricard/ros2_ws_puzzlebot/install/puzzlebot_gazebo/share/puzzlebot_gazebo/worlds
[3.353s] copying worlds/world_empty.sdf -> /home/ricard/ros2_ws_puzzlebot/install/puzzlebot_gazebo/share/puzzlebot_gazebo/worlds
[3.353s] copying worlds/obstacle_avoidance_3.world -> /home/ricard/ros2_ws_puzzlebot/install/puzzlebot_gazebo/share/puzzlebot_gazebo/worlds
[3.354s] copying worlds/world_aruco_cv.sdf -> /home/ricard/ros2_ws_puzzlebot/install/puzzlebot_gazebo/share/puzzlebot_gazebo/worlds
[3.354s] copying worlds/obstacle_avoidance_2.world -> /home/ricard/ros2_ws_puzzlebot/install/puzzlebot_gazebo/share/puzzlebot_gazebo/worlds
[3.355s] copying worlds/puzzlebot_aruco_markers.world -> /home/ricard/ros2_ws_puzzlebot/install/puzzlebot_gazebo/share/puzzlebot_gazebo/worlds
[3.356s] copying worlds/office_2/model.config -> /home/ricard/ros2_ws_puzzlebot/install/puzzlebot_gazebo/share/puzzlebot_gazebo/worlds/office_2
[3.357s] copying worlds/office_2/model.sdf -> /home/ricard/ros2_ws_puzzlebot/install/puzzlebot_gazebo/share/puzzlebot_gazebo/worlds/office_2
[3.358s] copying plugins/libDiffDynamicPlugin.so -> /home/ricard/ros2_ws_puzzlebot/install/puzzlebot_gazebo/share/puzzlebot_gazebo/plugins
[3.365s] running install_egg_info
[3.367s] Copying ../../build/puzzlebot_gazebo/puzzlebot_gazebo.egg-info to /home/ricard/ros2_ws_puzzlebot/install/puzzlebot_gazebo/lib/python3.10/site-packages/puzzlebot_gazebo-0.0.0-py3.10.egg-info
[3.368s] running install_scripts
[3.395s] Installing puzzlebot_gazebo script to /home/ricard/ros2_ws_puzzlebot/install/puzzlebot_gazebo/lib/puzzlebot_gazebo
[3.396s] writing list of installed files to '/home/ricard/ros2_ws_puzzlebot/build/puzzlebot_gazebo/install.log'
[3.461s] Invoked command in '/home/ricard/ros2_ws_puzzlebot/src/puzzlebot_gazebo' returned '0': PYTHONPATH=/home/ricard/ros2_ws_puzzlebot/build/puzzlebot_gazebo/prefix_override:/usr/lib/python3/dist-packages/colcon_core/task/python/colcon_distutils_commands:/home/ricard/ros2_ws_puzzlebot/install/puzzlebot_gazebo/lib/python3.10/site-packages:${PYTHONPATH} /usr/bin/python3 -W ignore:setup.py install is deprecated -W ignore:easy_install command is deprecated setup.py egg_info --egg-base ../../build/puzzlebot_gazebo build --build-base /home/ricard/ros2_ws_puzzlebot/build/puzzlebot_gazebo/build install --record /home/ricard/ros2_ws_puzzlebot/build/puzzlebot_gazebo/install.log --single-version-externally-managed install_data --force
