[1.373s] Invoking command in '/home/ricard/ros2_ws_puzzlebot/src/mobile_robotics': PYTHONPATH=/home/ricard/ros2_ws_puzzlebot/build/mobile_robotics/prefix_override:/usr/lib/python3/dist-packages/colcon_core/task/python/colcon_distutils_commands:/home/ricard/ros2_ws_puzzlebot/install/mobile_robotics/lib/python3.10/site-packages:${PYTHONPATH} /usr/bin/python3 -W ignore:setup.py install is deprecated -W ignore:easy_install command is deprecated setup.py egg_info --egg-base ../../build/mobile_robotics build --build-base /home/ricard/ros2_ws_puzzlebot/build/mobile_robotics/build install --record /home/ricard/ros2_ws_puzzlebot/build/mobile_robotics/install.log --single-version-externally-managed install_data
[1.663s] running egg_info
[1.664s] writing ../../build/mobile_robotics/mobile_robotics.egg-info/PKG-INFO
[1.665s] writing dependency_links to ../../build/mobile_robotics/mobile_robotics.egg-info/dependency_links.txt
[1.665s] writing entry points to ../../build/mobile_robotics/mobile_robotics.egg-info/entry_points.txt
[1.665s] writing requirements to ../../build/mobile_robotics/mobile_robotics.egg-info/requires.txt
[1.665s] writing top-level names to ../../build/mobile_robotics/mobile_robotics.egg-info/top_level.txt
[1.669s] reading manifest file '../../build/mobile_robotics/mobile_robotics.egg-info/SOURCES.txt'
[1.670s] writing manifest file '../../build/mobile_robotics/mobile_robotics.egg-info/SOURCES.txt'
[1.670s] running build
[1.670s] running build_py
[1.670s] running install
[1.671s] running install_lib
[1.675s] byte-compiling /home/ricard/ros2_ws_puzzlebot/install/mobile_robotics/lib/python3.10/site-packages/mobile_robotics/move_square.py to move_square.cpython-310.pyc
[1.676s]   File "/home/ricard/ros2_ws_puzzlebot/install/mobile_robotics/lib/python3.10/site-packages/mobile_robotics/move_square.py", line 72
[1.676s]     self.state = "move_forward" if self.counter < 4 else self.state = "stop"
[1.676s]     ^^^^^^^^^^
[1.676s] SyntaxError: cannot assign to attribute here. Maybe you meant '==' instead of '='?
[1.676s] 
[1.676s] running install_data
[1.676s] running install_egg_info
[1.680s] removing '/home/ricard/ros2_ws_puzzlebot/install/mobile_robotics/lib/python3.10/site-packages/mobile_robotics-0.0.0-py3.10.egg-info' (and everything under it)
[1.682s] Copying ../../build/mobile_robotics/mobile_robotics.egg-info to /home/ricard/ros2_ws_puzzlebot/install/mobile_robotics/lib/python3.10/site-packages/mobile_robotics-0.0.0-py3.10.egg-info
[1.684s] running install_scripts
[1.710s] Installing move_agle_given script to /home/ricard/ros2_ws_puzzlebot/install/mobile_robotics/lib/mobile_robotics
[1.710s] Installing move_forward script to /home/ricard/ros2_ws_puzzlebot/install/mobile_robotics/lib/mobile_robotics
[1.710s] Installing move_forward_distance script to /home/ricard/ros2_ws_puzzlebot/install/mobile_robotics/lib/mobile_robotics
[1.711s] Installing move_square script to /home/ricard/ros2_ws_puzzlebot/install/mobile_robotics/lib/mobile_robotics
[1.711s] Installing pub_sub_with_classes script to /home/ricard/ros2_ws_puzzlebot/install/mobile_robotics/lib/mobile_robotics
[1.711s] Installing test_node script to /home/ricard/ros2_ws_puzzlebot/install/mobile_robotics/lib/mobile_robotics
[1.711s] writing list of installed files to '/home/ricard/ros2_ws_puzzlebot/build/mobile_robotics/install.log'
[1.785s] Invoked command in '/home/ricard/ros2_ws_puzzlebot/src/mobile_robotics' returned '0': PYTHONPATH=/home/ricard/ros2_ws_puzzlebot/build/mobile_robotics/prefix_override:/usr/lib/python3/dist-packages/colcon_core/task/python/colcon_distutils_commands:/home/ricard/ros2_ws_puzzlebot/install/mobile_robotics/lib/python3.10/site-packages:${PYTHONPATH} /usr/bin/python3 -W ignore:setup.py install is deprecated -W ignore:easy_install command is deprecated setup.py egg_info --egg-base ../../build/mobile_robotics build --build-base /home/ricard/ros2_ws_puzzlebot/build/mobile_robotics/build install --record /home/ricard/ros2_ws_puzzlebot/build/mobile_robotics/install.log --single-version-externally-managed install_data
