[1.681s] Invoking command in '/home/ricard/ros2_ws_puzzlebot/src/puzzlebot_gazebo': PYTHONPATH=/home/ricard/ros2_ws_puzzlebot/build/puzzlebot_gazebo/prefix_override:/usr/lib/python3/dist-packages/colcon_core/task/python/colcon_distutils_commands:/home/ricard/ros2_ws_puzzlebot/install/puzzlebot_gazebo/lib/python3.10/site-packages:${PYTHONPATH} /usr/bin/python3 -W ignore:setup.py install is deprecated -W ignore:easy_install command is deprecated setup.py egg_info --egg-base ../../build/puzzlebot_gazebo build --build-base /home/ricard/ros2_ws_puzzlebot/build/puzzlebot_gazebo/build install --record /home/ricard/ros2_ws_puzzlebot/build/puzzlebot_gazebo/install.log --single-version-externally-managed install_data
[2.004s] running egg_info
[2.006s] writing ../../build/puzzlebot_gazebo/puzzlebot_gazebo.egg-info/PKG-INFO
[2.007s] writing dependency_links to ../../build/puzzlebot_gazebo/puzzlebot_gazebo.egg-info/dependency_links.txt
[2.007s] writing entry points to ../../build/puzzlebot_gazebo/puzzlebot_gazebo.egg-info/entry_points.txt
[2.007s] writing requirements to ../../build/puzzlebot_gazebo/puzzlebot_gazebo.egg-info/requires.txt
[2.007s] writing top-level names to ../../build/puzzlebot_gazebo/puzzlebot_gazebo.egg-info/top_level.txt
[2.012s] reading manifest file '../../build/puzzlebot_gazebo/puzzlebot_gazebo.egg-info/SOURCES.txt'
[2.014s] adding license file 'LICENSE'
[2.017s] writing manifest file '../../build/puzzlebot_gazebo/puzzlebot_gazebo.egg-info/SOURCES.txt'
[2.017s] running build
[2.017s] running build_py
[2.017s] running install
[2.018s] running install_lib
[2.020s] running install_data
[2.029s] running install_egg_info
[2.031s] removing '/home/ricard/ros2_ws_puzzlebot/install/puzzlebot_gazebo/lib/python3.10/site-packages/puzzlebot_gazebo-0.0.0-py3.10.egg-info' (and everything under it)
[2.032s] Copying ../../build/puzzlebot_gazebo/puzzlebot_gazebo.egg-info to /home/ricard/ros2_ws_puzzlebot/install/puzzlebot_gazebo/lib/python3.10/site-packages/puzzlebot_gazebo-0.0.0-py3.10.egg-info
[2.034s] running install_scripts
[2.064s] Installing puzzlebot_gazebo script to /home/ricard/ros2_ws_puzzlebot/install/puzzlebot_gazebo/lib/puzzlebot_gazebo
[2.066s] writing list of installed files to '/home/ricard/ros2_ws_puzzlebot/build/puzzlebot_gazebo/install.log'
[2.115s] Invoked command in '/home/ricard/ros2_ws_puzzlebot/src/puzzlebot_gazebo' returned '0': PYTHONPATH=/home/ricard/ros2_ws_puzzlebot/build/puzzlebot_gazebo/prefix_override:/usr/lib/python3/dist-packages/colcon_core/task/python/colcon_distutils_commands:/home/ricard/ros2_ws_puzzlebot/install/puzzlebot_gazebo/lib/python3.10/site-packages:${PYTHONPATH} /usr/bin/python3 -W ignore:setup.py install is deprecated -W ignore:easy_install command is deprecated setup.py egg_info --egg-base ../../build/puzzlebot_gazebo build --build-base /home/ricard/ros2_ws_puzzlebot/build/puzzlebot_gazebo/build install --record /home/ricard/ros2_ws_puzzlebot/build/puzzlebot_gazebo/install.log --single-version-externally-managed install_data
