[0.119s] DEBUG:colcon:Command line arguments: ['/usr/bin/colcon', 'build']
[0.120s] DEBUG:colcon:Parsed command line arguments: Namespace(log_base=None, log_level=None, verb_name='build', build_base='build', install_base='install', merge_install=False, symlink_install=False, test_result_base=None, continue_on_error=False, executor='parallel', parallel_workers=12, event_handlers=None, ignore_user_meta=False, metas=['./colcon.meta'], base_paths=['.'], packages_ignore=None, packages_ignore_regex=None, paths=None, packages_up_to=None, packages_up_to_regex=None, packages_above=None, packages_above_and_dependencies=None, packages_above_depth=None, packages_select_by_dep=None, packages_skip_by_dep=None, packages_skip_up_to=None, packages_select_build_failed=False, packages_skip_build_finished=False, packages_select_test_failures=False, packages_skip_test_passed=False, packages_select=None, packages_skip=None, packages_select_regex=None, packages_skip_regex=None, packages_start=None, packages_end=None, allow_overriding=[], cmake_args=None, cmake_target=None, cmake_target_skip_unavailable=False, cmake_clean_cache=False, cmake_clean_first=False, cmake_force_configure=False, ament_cmake_args=None, catkin_cmake_args=None, catkin_skip_building_tests=False, mixin_files=None, mixin=None, verb_parser=<colcon_mixin.mixin.mixin_argument.MixinArgumentDecorator object at 0x7beb6f753640>, verb_extension=<colcon_core.verb.build.BuildVerb object at 0x7beb6f7530d0>, main=<bound method BuildVerb.main of <colcon_core.verb.build.BuildVerb object at 0x7beb6f7530d0>>, mixin_verb=('build',))
[0.293s] Level 1:colcon.colcon_core.package_discovery:discover_packages(colcon_meta) check parameters
[0.293s] Level 1:colcon.colcon_core.package_discovery:discover_packages(recursive) check parameters
[0.293s] Level 1:colcon.colcon_core.package_discovery:discover_packages(ignore) check parameters
[0.293s] Level 1:colcon.colcon_core.package_discovery:discover_packages(path) check parameters
[0.293s] Level 1:colcon.colcon_core.package_discovery:discover_packages(colcon_meta) discover
[0.293s] Level 1:colcon.colcon_core.package_discovery:discover_packages(recursive) discover
[0.293s] INFO:colcon.colcon_core.package_discovery:Crawling recursively for packages in '/home/ricard/ros2_ws_puzzlebot'
[0.293s] Level 1:colcon.colcon_core.package_identification:_identify(.) by extensions ['ignore', 'ignore_ament_install']
[0.293s] Level 1:colcon.colcon_core.package_identification:_identify(.) by extension 'ignore'
[0.293s] Level 1:colcon.colcon_core.package_identification:_identify(.) by extension 'ignore_ament_install'
[0.293s] Level 1:colcon.colcon_core.package_identification:_identify(.) by extensions ['colcon_pkg']
[0.293s] Level 1:colcon.colcon_core.package_identification:_identify(.) by extension 'colcon_pkg'
[0.293s] Level 1:colcon.colcon_core.package_identification:_identify(.) by extensions ['colcon_meta']
[0.293s] Level 1:colcon.colcon_core.package_identification:_identify(.) by extension 'colcon_meta'
[0.293s] Level 1:colcon.colcon_core.package_identification:_identify(.) by extensions ['ros']
[0.293s] Level 1:colcon.colcon_core.package_identification:_identify(.) by extension 'ros'
[0.304s] Level 1:colcon.colcon_core.package_identification:_identify(.) by extensions ['cmake', 'python']
[0.304s] Level 1:colcon.colcon_core.package_identification:_identify(.) by extension 'cmake'
[0.304s] Level 1:colcon.colcon_core.package_identification:_identify(.) by extension 'python'
[0.304s] Level 1:colcon.colcon_core.package_identification:_identify(.) by extensions ['python_setup_py']
[0.304s] Level 1:colcon.colcon_core.package_identification:_identify(.) by extension 'python_setup_py'
[0.305s] Level 1:colcon.colcon_core.package_identification:_identify(build) by extensions ['ignore', 'ignore_ament_install']
[0.305s] Level 1:colcon.colcon_core.package_identification:_identify(build) by extension 'ignore'
[0.305s] Level 1:colcon.colcon_core.package_identification:_identify(build) ignored
[0.305s] Level 1:colcon.colcon_core.package_identification:_identify(install) by extensions ['ignore', 'ignore_ament_install']
[0.305s] Level 1:colcon.colcon_core.package_identification:_identify(install) by extension 'ignore'
[0.305s] Level 1:colcon.colcon_core.package_identification:_identify(install) ignored
[0.305s] Level 1:colcon.colcon_core.package_identification:_identify(log) by extensions ['ignore', 'ignore_ament_install']
[0.305s] Level 1:colcon.colcon_core.package_identification:_identify(log) by extension 'ignore'
[0.305s] Level 1:colcon.colcon_core.package_identification:_identify(log) ignored
[0.305s] Level 1:colcon.colcon_core.package_identification:_identify(src) by extensions ['ignore', 'ignore_ament_install']
[0.306s] Level 1:colcon.colcon_core.package_identification:_identify(src) by extension 'ignore'
[0.306s] Level 1:colcon.colcon_core.package_identification:_identify(src) by extension 'ignore_ament_install'
[0.306s] Level 1:colcon.colcon_core.package_identification:_identify(src) by extensions ['colcon_pkg']
[0.306s] Level 1:colcon.colcon_core.package_identification:_identify(src) by extension 'colcon_pkg'
[0.306s] Level 1:colcon.colcon_core.package_identification:_identify(src) by extensions ['colcon_meta']
[0.306s] Level 1:colcon.colcon_core.package_identification:_identify(src) by extension 'colcon_meta'
[0.306s] Level 1:colcon.colcon_core.package_identification:_identify(src) by extensions ['ros']
[0.306s] Level 1:colcon.colcon_core.package_identification:_identify(src) by extension 'ros'
[0.306s] Level 1:colcon.colcon_core.package_identification:_identify(src) by extensions ['cmake', 'python']
[0.306s] Level 1:colcon.colcon_core.package_identification:_identify(src) by extension 'cmake'
[0.306s] Level 1:colcon.colcon_core.package_identification:_identify(src) by extension 'python'
[0.306s] Level 1:colcon.colcon_core.package_identification:_identify(src) by extensions ['python_setup_py']
[0.306s] Level 1:colcon.colcon_core.package_identification:_identify(src) by extension 'python_setup_py'
[0.306s] Level 1:colcon.colcon_core.package_identification:_identify(src/mobile_robotics) by extensions ['ignore', 'ignore_ament_install']
[0.306s] Level 1:colcon.colcon_core.package_identification:_identify(src/mobile_robotics) by extension 'ignore'
[0.306s] Level 1:colcon.colcon_core.package_identification:_identify(src/mobile_robotics) by extension 'ignore_ament_install'
[0.306s] Level 1:colcon.colcon_core.package_identification:_identify(src/mobile_robotics) by extensions ['colcon_pkg']
[0.306s] Level 1:colcon.colcon_core.package_identification:_identify(src/mobile_robotics) by extension 'colcon_pkg'
[0.306s] Level 1:colcon.colcon_core.package_identification:_identify(src/mobile_robotics) by extensions ['colcon_meta']
[0.306s] Level 1:colcon.colcon_core.package_identification:_identify(src/mobile_robotics) by extension 'colcon_meta'
[0.306s] Level 1:colcon.colcon_core.package_identification:_identify(src/mobile_robotics) by extensions ['ros']
[0.306s] Level 1:colcon.colcon_core.package_identification:_identify(src/mobile_robotics) by extension 'ros'
[0.310s] DEBUG:colcon.colcon_core.package_identification:Package 'src/mobile_robotics' with type 'ros.ament_python' and name 'mobile_robotics'
[0.310s] Level 1:colcon.colcon_core.package_identification:_identify(src/puzzlebot_description) by extensions ['ignore', 'ignore_ament_install']
[0.310s] Level 1:colcon.colcon_core.package_identification:_identify(src/puzzlebot_description) by extension 'ignore'
[0.310s] Level 1:colcon.colcon_core.package_identification:_identify(src/puzzlebot_description) by extension 'ignore_ament_install'
[0.310s] Level 1:colcon.colcon_core.package_identification:_identify(src/puzzlebot_description) by extensions ['colcon_pkg']
[0.310s] Level 1:colcon.colcon_core.package_identification:_identify(src/puzzlebot_description) by extension 'colcon_pkg'
[0.310s] Level 1:colcon.colcon_core.package_identification:_identify(src/puzzlebot_description) by extensions ['colcon_meta']
[0.311s] Level 1:colcon.colcon_core.package_identification:_identify(src/puzzlebot_description) by extension 'colcon_meta'
[0.311s] Level 1:colcon.colcon_core.package_identification:_identify(src/puzzlebot_description) by extensions ['ros']
[0.311s] Level 1:colcon.colcon_core.package_identification:_identify(src/puzzlebot_description) by extension 'ros'
[0.312s] DEBUG:colcon.colcon_core.package_identification:Package 'src/puzzlebot_description' with type 'ros.ament_python' and name 'puzzlebot_description'
[0.312s] Level 1:colcon.colcon_core.package_identification:_identify(src/puzzlebot_gazebo) by extensions ['ignore', 'ignore_ament_install']
[0.312s] Level 1:colcon.colcon_core.package_identification:_identify(src/puzzlebot_gazebo) by extension 'ignore'
[0.312s] Level 1:colcon.colcon_core.package_identification:_identify(src/puzzlebot_gazebo) by extension 'ignore_ament_install'
[0.312s] Level 1:colcon.colcon_core.package_identification:_identify(src/puzzlebot_gazebo) by extensions ['colcon_pkg']
[0.312s] Level 1:colcon.colcon_core.package_identification:_identify(src/puzzlebot_gazebo) by extension 'colcon_pkg'
[0.312s] Level 1:colcon.colcon_core.package_identification:_identify(src/puzzlebot_gazebo) by extensions ['colcon_meta']
[0.312s] Level 1:colcon.colcon_core.package_identification:_identify(src/puzzlebot_gazebo) by extension 'colcon_meta'
[0.312s] Level 1:colcon.colcon_core.package_identification:_identify(src/puzzlebot_gazebo) by extensions ['ros']
[0.312s] Level 1:colcon.colcon_core.package_identification:_identify(src/puzzlebot_gazebo) by extension 'ros'
[0.313s] DEBUG:colcon.colcon_core.package_identification:Package 'src/puzzlebot_gazebo' with type 'ros.ament_python' and name 'puzzlebot_gazebo'
[0.313s] Level 1:colcon.colcon_core.package_discovery:discover_packages(recursive) using defaults
[0.313s] Level 1:colcon.colcon_core.package_discovery:discover_packages(ignore) discover
[0.314s] Level 1:colcon.colcon_core.package_discovery:discover_packages(ignore) using defaults
[0.314s] Level 1:colcon.colcon_core.package_discovery:discover_packages(path) discover
[0.314s] Level 1:colcon.colcon_core.package_discovery:discover_packages(path) using defaults
[0.360s] Level 1:colcon.colcon_core.package_discovery:discover_packages(prefix_path) check parameters
[0.360s] Level 1:colcon.colcon_core.package_discovery:discover_packages(prefix_path) discover
[0.362s] DEBUG:colcon.colcon_installed_package_information.package_discovery:Found 3 installed packages in /home/ricard/ros2_ws_puzzlebot/install
[0.362s] DEBUG:colcon.colcon_installed_package_information.package_discovery:Found 3 installed packages in /home/ricard/uros_ws/install
[0.363s] DEBUG:colcon.colcon_installed_package_information.package_discovery:Found 340 installed packages in /opt/ros/humble
[0.365s] Level 1:colcon.colcon_core.package_discovery:discover_packages(prefix_path) using defaults
[0.407s] Level 5:colcon.colcon_core.verb:set package 'mobile_robotics' build argument 'cmake_args' from command line to 'None'
[0.407s] Level 5:colcon.colcon_core.verb:set package 'mobile_robotics' build argument 'cmake_target' from command line to 'None'
[0.407s] Level 5:colcon.colcon_core.verb:set package 'mobile_robotics' build argument 'cmake_target_skip_unavailable' from command line to 'False'
[0.407s] Level 5:colcon.colcon_core.verb:set package 'mobile_robotics' build argument 'cmake_clean_cache' from command line to 'False'
[0.407s] Level 5:colcon.colcon_core.verb:set package 'mobile_robotics' build argument 'cmake_clean_first' from command line to 'False'
[0.407s] Level 5:colcon.colcon_core.verb:set package 'mobile_robotics' build argument 'cmake_force_configure' from command line to 'False'
[0.407s] Level 5:colcon.colcon_core.verb:set package 'mobile_robotics' build argument 'ament_cmake_args' from command line to 'None'
[0.407s] Level 5:colcon.colcon_core.verb:set package 'mobile_robotics' build argument 'catkin_cmake_args' from command line to 'None'
[0.407s] Level 5:colcon.colcon_core.verb:set package 'mobile_robotics' build argument 'catkin_skip_building_tests' from command line to 'False'
[0.407s] DEBUG:colcon.colcon_core.verb:Building package 'mobile_robotics' with the following arguments: {'ament_cmake_args': None, 'build_base': '/home/ricard/ros2_ws_puzzlebot/build/mobile_robotics', 'catkin_cmake_args': None, 'catkin_skip_building_tests': False, 'cmake_args': None, 'cmake_clean_cache': False, 'cmake_clean_first': False, 'cmake_force_configure': False, 'cmake_target': None, 'cmake_target_skip_unavailable': False, 'install_base': '/home/ricard/ros2_ws_puzzlebot/install/mobile_robotics', 'merge_install': False, 'path': '/home/ricard/ros2_ws_puzzlebot/src/mobile_robotics', 'symlink_install': False, 'test_result_base': None}
[0.407s] Level 5:colcon.colcon_core.verb:set package 'puzzlebot_description' build argument 'cmake_args' from command line to 'None'
[0.408s] Level 5:colcon.colcon_core.verb:set package 'puzzlebot_description' build argument 'cmake_target' from command line to 'None'
[0.408s] Level 5:colcon.colcon_core.verb:set package 'puzzlebot_description' build argument 'cmake_target_skip_unavailable' from command line to 'False'
[0.408s] Level 5:colcon.colcon_core.verb:set package 'puzzlebot_description' build argument 'cmake_clean_cache' from command line to 'False'
[0.408s] Level 5:colcon.colcon_core.verb:set package 'puzzlebot_description' build argument 'cmake_clean_first' from command line to 'False'
[0.408s] Level 5:colcon.colcon_core.verb:set package 'puzzlebot_description' build argument 'cmake_force_configure' from command line to 'False'
[0.408s] Level 5:colcon.colcon_core.verb:set package 'puzzlebot_description' build argument 'ament_cmake_args' from command line to 'None'
[0.408s] Level 5:colcon.colcon_core.verb:set package 'puzzlebot_description' build argument 'catkin_cmake_args' from command line to 'None'
[0.408s] Level 5:colcon.colcon_core.verb:set package 'puzzlebot_description' build argument 'catkin_skip_building_tests' from command line to 'False'
[0.408s] DEBUG:colcon.colcon_core.verb:Building package 'puzzlebot_description' with the following arguments: {'ament_cmake_args': None, 'build_base': '/home/ricard/ros2_ws_puzzlebot/build/puzzlebot_description', 'catkin_cmake_args': None, 'catkin_skip_building_tests': False, 'cmake_args': None, 'cmake_clean_cache': False, 'cmake_clean_first': False, 'cmake_force_configure': False, 'cmake_target': None, 'cmake_target_skip_unavailable': False, 'install_base': '/home/ricard/ros2_ws_puzzlebot/install/puzzlebot_description', 'merge_install': False, 'path': '/home/ricard/ros2_ws_puzzlebot/src/puzzlebot_description', 'symlink_install': False, 'test_result_base': None}
[0.408s] Level 5:colcon.colcon_core.verb:set package 'puzzlebot_gazebo' build argument 'cmake_args' from command line to 'None'
[0.408s] Level 5:colcon.colcon_core.verb:set package 'puzzlebot_gazebo' build argument 'cmake_target' from command line to 'None'
[0.408s] Level 5:colcon.colcon_core.verb:set package 'puzzlebot_gazebo' build argument 'cmake_target_skip_unavailable' from command line to 'False'
[0.408s] Level 5:colcon.colcon_core.verb:set package 'puzzlebot_gazebo' build argument 'cmake_clean_cache' from command line to 'False'
[0.408s] Level 5:colcon.colcon_core.verb:set package 'puzzlebot_gazebo' build argument 'cmake_clean_first' from command line to 'False'
[0.408s] Level 5:colcon.colcon_core.verb:set package 'puzzlebot_gazebo' build argument 'cmake_force_configure' from command line to 'False'
[0.408s] Level 5:colcon.colcon_core.verb:set package 'puzzlebot_gazebo' build argument 'ament_cmake_args' from command line to 'None'
[0.408s] Level 5:colcon.colcon_core.verb:set package 'puzzlebot_gazebo' build argument 'catkin_cmake_args' from command line to 'None'
[0.408s] Level 5:colcon.colcon_core.verb:set package 'puzzlebot_gazebo' build argument 'catkin_skip_building_tests' from command line to 'False'
[0.408s] DEBUG:colcon.colcon_core.verb:Building package 'puzzlebot_gazebo' with the following arguments: {'ament_cmake_args': None, 'build_base': '/home/ricard/ros2_ws_puzzlebot/build/puzzlebot_gazebo', 'catkin_cmake_args': None, 'catkin_skip_building_tests': False, 'cmake_args': None, 'cmake_clean_cache': False, 'cmake_clean_first': False, 'cmake_force_configure': False, 'cmake_target': None, 'cmake_target_skip_unavailable': False, 'install_base': '/home/ricard/ros2_ws_puzzlebot/install/puzzlebot_gazebo', 'merge_install': False, 'path': '/home/ricard/ros2_ws_puzzlebot/src/puzzlebot_gazebo', 'symlink_install': False, 'test_result_base': None}
[0.408s] INFO:colcon.colcon_core.executor:Executing jobs using 'parallel' executor
[0.409s] DEBUG:colcon.colcon_parallel_executor.executor.parallel:run_until_complete
[0.410s] INFO:colcon.colcon_ros.task.ament_python.build:Building ROS package in '/home/ricard/ros2_ws_puzzlebot/src/mobile_robotics' with build type 'ament_python'
[0.410s] Level 1:colcon.colcon_core.shell:create_environment_hook('mobile_robotics', 'ament_prefix_path')
[0.411s] INFO:colcon.colcon_core.plugin_system:Skipping extension 'colcon_core.shell.bat': Not used on non-Windows systems
[0.412s] INFO:colcon.colcon_core.shell:Creating environment hook '/home/ricard/ros2_ws_puzzlebot/install/mobile_robotics/share/mobile_robotics/hook/ament_prefix_path.ps1'
[0.412s] INFO:colcon.colcon_core.shell:Creating environment descriptor '/home/ricard/ros2_ws_puzzlebot/install/mobile_robotics/share/mobile_robotics/hook/ament_prefix_path.dsv'
[0.413s] INFO:colcon.colcon_core.shell:Creating environment hook '/home/ricard/ros2_ws_puzzlebot/install/mobile_robotics/share/mobile_robotics/hook/ament_prefix_path.sh'
[0.414s] INFO:colcon.colcon_core.shell:Skip shell extension 'powershell' for command environment: Not usable outside of PowerShell
[0.414s] DEBUG:colcon.colcon_core.shell:Skip shell extension 'dsv' for command environment
[0.418s] INFO:colcon.colcon_ros.task.ament_python.build:Building ROS package in '/home/ricard/ros2_ws_puzzlebot/src/puzzlebot_description' with build type 'ament_python'
[0.418s] Level 1:colcon.colcon_core.shell:create_environment_hook('puzzlebot_description', 'ament_prefix_path')
[0.419s] INFO:colcon.colcon_core.shell:Creating environment hook '/home/ricard/ros2_ws_puzzlebot/install/puzzlebot_description/share/puzzlebot_description/hook/ament_prefix_path.ps1'
[0.420s] INFO:colcon.colcon_core.shell:Creating environment descriptor '/home/ricard/ros2_ws_puzzlebot/install/puzzlebot_description/share/puzzlebot_description/hook/ament_prefix_path.dsv'
[0.420s] INFO:colcon.colcon_core.shell:Creating environment hook '/home/ricard/ros2_ws_puzzlebot/install/puzzlebot_description/share/puzzlebot_description/hook/ament_prefix_path.sh'
[0.421s] INFO:colcon.colcon_core.shell:Skip shell extension 'powershell' for command environment: Not usable outside of PowerShell
[0.421s] DEBUG:colcon.colcon_core.shell:Skip shell extension 'dsv' for command environment
[0.426s] INFO:colcon.colcon_ros.task.ament_python.build:Building ROS package in '/home/ricard/ros2_ws_puzzlebot/src/puzzlebot_gazebo' with build type 'ament_python'
[0.426s] Level 1:colcon.colcon_core.shell:create_environment_hook('puzzlebot_gazebo', 'ament_prefix_path')
[0.426s] INFO:colcon.colcon_core.shell:Creating environment hook '/home/ricard/ros2_ws_puzzlebot/install/puzzlebot_gazebo/share/puzzlebot_gazebo/hook/ament_prefix_path.ps1'
[0.427s] INFO:colcon.colcon_core.shell:Creating environment descriptor '/home/ricard/ros2_ws_puzzlebot/install/puzzlebot_gazebo/share/puzzlebot_gazebo/hook/ament_prefix_path.dsv'
[0.428s] INFO:colcon.colcon_core.shell:Creating environment hook '/home/ricard/ros2_ws_puzzlebot/install/puzzlebot_gazebo/share/puzzlebot_gazebo/hook/ament_prefix_path.sh'
[0.428s] INFO:colcon.colcon_core.shell:Skip shell extension 'powershell' for command environment: Not usable outside of PowerShell
[0.428s] DEBUG:colcon.colcon_core.shell:Skip shell extension 'dsv' for command environment
[0.731s] INFO:colcon.colcon_core.task.python.build:Building Python package in '/home/ricard/ros2_ws_puzzlebot/src/mobile_robotics'
[0.731s] INFO:colcon.colcon_core.shell:Skip shell extension 'powershell' for command environment: Not usable outside of PowerShell
[0.732s] DEBUG:colcon.colcon_core.shell:Skip shell extension 'dsv' for command environment
[1.019s] INFO:colcon.colcon_core.task.python.build:Building Python package in '/home/ricard/ros2_ws_puzzlebot/src/puzzlebot_description'
[1.019s] INFO:colcon.colcon_core.shell:Skip shell extension 'powershell' for command environment: Not usable outside of PowerShell
[1.019s] DEBUG:colcon.colcon_core.shell:Skip shell extension 'dsv' for command environment
[1.334s] INFO:colcon.colcon_core.task.python.build:Building Python package in '/home/ricard/ros2_ws_puzzlebot/src/puzzlebot_gazebo'
[1.334s] INFO:colcon.colcon_core.shell:Skip shell extension 'powershell' for command environment: Not usable outside of PowerShell
[1.335s] DEBUG:colcon.colcon_core.shell:Skip shell extension 'dsv' for command environment
[1.776s] DEBUG:colcon.colcon_core.event_handler.log_command:Invoking command in '/home/ricard/ros2_ws_puzzlebot/src/puzzlebot_description': PYTHONPATH=/home/ricard/ros2_ws_puzzlebot/build/puzzlebot_description/prefix_override:/usr/lib/python3/dist-packages/colcon_core/task/python/colcon_distutils_commands:/home/ricard/ros2_ws_puzzlebot/install/puzzlebot_description/lib/python3.10/site-packages:${PYTHONPATH} /usr/bin/python3 -W ignore:setup.py install is deprecated -W ignore:easy_install command is deprecated setup.py egg_info --egg-base ../../build/puzzlebot_description build --build-base /home/ricard/ros2_ws_puzzlebot/build/puzzlebot_description/build install --record /home/ricard/ros2_ws_puzzlebot/build/puzzlebot_description/install.log --single-version-externally-managed install_data
[1.783s] DEBUG:colcon.colcon_core.event_handler.log_command:Invoking command in '/home/ricard/ros2_ws_puzzlebot/src/mobile_robotics': PYTHONPATH=/home/ricard/ros2_ws_puzzlebot/build/mobile_robotics/prefix_override:/usr/lib/python3/dist-packages/colcon_core/task/python/colcon_distutils_commands:/home/ricard/ros2_ws_puzzlebot/install/mobile_robotics/lib/python3.10/site-packages:${PYTHONPATH} /usr/bin/python3 -W ignore:setup.py install is deprecated -W ignore:easy_install command is deprecated setup.py egg_info --egg-base ../../build/mobile_robotics build --build-base /home/ricard/ros2_ws_puzzlebot/build/mobile_robotics/build install --record /home/ricard/ros2_ws_puzzlebot/build/mobile_robotics/install.log --single-version-externally-managed install_data
[1.811s] DEBUG:colcon.colcon_core.event_handler.log_command:Invoking command in '/home/ricard/ros2_ws_puzzlebot/src/puzzlebot_gazebo': PYTHONPATH=/home/ricard/ros2_ws_puzzlebot/build/puzzlebot_gazebo/prefix_override:/usr/lib/python3/dist-packages/colcon_core/task/python/colcon_distutils_commands:/home/ricard/ros2_ws_puzzlebot/install/puzzlebot_gazebo/lib/python3.10/site-packages:${PYTHONPATH} /usr/bin/python3 -W ignore:setup.py install is deprecated -W ignore:easy_install command is deprecated setup.py egg_info --egg-base ../../build/puzzlebot_gazebo build --build-base /home/ricard/ros2_ws_puzzlebot/build/puzzlebot_gazebo/build install --record /home/ricard/ros2_ws_puzzlebot/build/puzzlebot_gazebo/install.log --single-version-externally-managed install_data
[2.175s] DEBUG:colcon.colcon_core.event_handler.log_command:Invoked command in '/home/ricard/ros2_ws_puzzlebot/src/puzzlebot_description' returned '0': PYTHONPATH=/home/ricard/ros2_ws_puzzlebot/build/puzzlebot_description/prefix_override:/usr/lib/python3/dist-packages/colcon_core/task/python/colcon_distutils_commands:/home/ricard/ros2_ws_puzzlebot/install/puzzlebot_description/lib/python3.10/site-packages:${PYTHONPATH} /usr/bin/python3 -W ignore:setup.py install is deprecated -W ignore:easy_install command is deprecated setup.py egg_info --egg-base ../../build/puzzlebot_description build --build-base /home/ricard/ros2_ws_puzzlebot/build/puzzlebot_description/build install --record /home/ricard/ros2_ws_puzzlebot/build/puzzlebot_description/install.log --single-version-externally-managed install_data
[2.178s] Level 1:colcon.colcon_core.environment:checking '/home/ricard/ros2_ws_puzzlebot/install/puzzlebot_description' for CMake module files
[2.178s] Level 1:colcon.colcon_core.environment:checking '/home/ricard/ros2_ws_puzzlebot/install/puzzlebot_description' for CMake config files
[2.179s] Level 1:colcon.colcon_core.environment:checking '/home/ricard/ros2_ws_puzzlebot/install/puzzlebot_description/lib'
[2.179s] Level 1:colcon.colcon_core.environment:checking '/home/ricard/ros2_ws_puzzlebot/install/puzzlebot_description/bin'
[2.180s] Level 1:colcon.colcon_core.environment:checking '/home/ricard/ros2_ws_puzzlebot/install/puzzlebot_description/lib/pkgconfig/puzzlebot_description.pc'
[2.180s] Level 1:colcon.colcon_core.environment:checking '/home/ricard/ros2_ws_puzzlebot/install/puzzlebot_description/lib/python3.10/site-packages'
[2.180s] Level 1:colcon.colcon_core.shell:create_environment_hook('puzzlebot_description', 'pythonpath')
[2.180s] INFO:colcon.colcon_core.shell:Creating environment hook '/home/ricard/ros2_ws_puzzlebot/install/puzzlebot_description/share/puzzlebot_description/hook/pythonpath.ps1'
[2.181s] INFO:colcon.colcon_core.shell:Creating environment descriptor '/home/ricard/ros2_ws_puzzlebot/install/puzzlebot_description/share/puzzlebot_description/hook/pythonpath.dsv'
[2.181s] INFO:colcon.colcon_core.shell:Creating environment hook '/home/ricard/ros2_ws_puzzlebot/install/puzzlebot_description/share/puzzlebot_description/hook/pythonpath.sh'
[2.182s] Level 1:colcon.colcon_core.environment:checking '/home/ricard/ros2_ws_puzzlebot/install/puzzlebot_description/bin'
[2.182s] Level 1:colcon.colcon_core.environment:create_environment_scripts_only(puzzlebot_description)
[2.182s] INFO:colcon.colcon_core.shell:Creating package script '/home/ricard/ros2_ws_puzzlebot/install/puzzlebot_description/share/puzzlebot_description/package.ps1'
[2.184s] INFO:colcon.colcon_core.shell:Creating package descriptor '/home/ricard/ros2_ws_puzzlebot/install/puzzlebot_description/share/puzzlebot_description/package.dsv'
[2.185s] INFO:colcon.colcon_core.shell:Creating package script '/home/ricard/ros2_ws_puzzlebot/install/puzzlebot_description/share/puzzlebot_description/package.sh'
[2.186s] INFO:colcon.colcon_core.shell:Creating package script '/home/ricard/ros2_ws_puzzlebot/install/puzzlebot_description/share/puzzlebot_description/package.bash'
[2.189s] INFO:colcon.colcon_core.shell:Creating package script '/home/ricard/ros2_ws_puzzlebot/install/puzzlebot_description/share/puzzlebot_description/package.zsh'
[2.191s] Level 1:colcon.colcon_core.environment:create_file_with_runtime_dependencies(/home/ricard/ros2_ws_puzzlebot/install/puzzlebot_description/share/colcon-core/packages/puzzlebot_description)
[2.194s] Level 1:colcon.colcon_core.environment:checking '/home/ricard/ros2_ws_puzzlebot/install/mobile_robotics' for CMake module files
[2.195s] DEBUG:colcon.colcon_core.event_handler.log_command:Invoked command in '/home/ricard/ros2_ws_puzzlebot/src/mobile_robotics' returned '0': PYTHONPATH=/home/ricard/ros2_ws_puzzlebot/build/mobile_robotics/prefix_override:/usr/lib/python3/dist-packages/colcon_core/task/python/colcon_distutils_commands:/home/ricard/ros2_ws_puzzlebot/install/mobile_robotics/lib/python3.10/site-packages:${PYTHONPATH} /usr/bin/python3 -W ignore:setup.py install is deprecated -W ignore:easy_install command is deprecated setup.py egg_info --egg-base ../../build/mobile_robotics build --build-base /home/ricard/ros2_ws_puzzlebot/build/mobile_robotics/build install --record /home/ricard/ros2_ws_puzzlebot/build/mobile_robotics/install.log --single-version-externally-managed install_data
[2.195s] Level 1:colcon.colcon_core.environment:checking '/home/ricard/ros2_ws_puzzlebot/install/mobile_robotics' for CMake config files
[2.196s] Level 1:colcon.colcon_core.environment:checking '/home/ricard/ros2_ws_puzzlebot/install/mobile_robotics/lib'
[2.196s] Level 1:colcon.colcon_core.environment:checking '/home/ricard/ros2_ws_puzzlebot/install/mobile_robotics/bin'
[2.196s] Level 1:colcon.colcon_core.environment:checking '/home/ricard/ros2_ws_puzzlebot/install/mobile_robotics/lib/pkgconfig/mobile_robotics.pc'
[2.196s] Level 1:colcon.colcon_core.environment:checking '/home/ricard/ros2_ws_puzzlebot/install/mobile_robotics/lib/python3.10/site-packages'
[2.196s] Level 1:colcon.colcon_core.shell:create_environment_hook('mobile_robotics', 'pythonpath')
[2.197s] INFO:colcon.colcon_core.shell:Creating environment hook '/home/ricard/ros2_ws_puzzlebot/install/mobile_robotics/share/mobile_robotics/hook/pythonpath.ps1'
[2.198s] INFO:colcon.colcon_core.shell:Creating environment descriptor '/home/ricard/ros2_ws_puzzlebot/install/mobile_robotics/share/mobile_robotics/hook/pythonpath.dsv'
[2.198s] INFO:colcon.colcon_core.shell:Creating environment hook '/home/ricard/ros2_ws_puzzlebot/install/mobile_robotics/share/mobile_robotics/hook/pythonpath.sh'
[2.199s] Level 1:colcon.colcon_core.environment:checking '/home/ricard/ros2_ws_puzzlebot/install/mobile_robotics/bin'
[2.199s] Level 1:colcon.colcon_core.environment:create_environment_scripts_only(mobile_robotics)
[2.199s] INFO:colcon.colcon_core.shell:Creating package script '/home/ricard/ros2_ws_puzzlebot/install/mobile_robotics/share/mobile_robotics/package.ps1'
[2.200s] INFO:colcon.colcon_core.shell:Creating package descriptor '/home/ricard/ros2_ws_puzzlebot/install/mobile_robotics/share/mobile_robotics/package.dsv'
[2.200s] INFO:colcon.colcon_core.shell:Creating package script '/home/ricard/ros2_ws_puzzlebot/install/mobile_robotics/share/mobile_robotics/package.sh'
[2.200s] INFO:colcon.colcon_core.shell:Creating package script '/home/ricard/ros2_ws_puzzlebot/install/mobile_robotics/share/mobile_robotics/package.bash'
[2.201s] INFO:colcon.colcon_core.shell:Creating package script '/home/ricard/ros2_ws_puzzlebot/install/mobile_robotics/share/mobile_robotics/package.zsh'
[2.201s] Level 1:colcon.colcon_core.environment:create_file_with_runtime_dependencies(/home/ricard/ros2_ws_puzzlebot/install/mobile_robotics/share/colcon-core/packages/mobile_robotics)
[2.215s] Level 1:colcon.colcon_core.environment:checking '/home/ricard/ros2_ws_puzzlebot/install/puzzlebot_gazebo' for CMake module files
[2.216s] DEBUG:colcon.colcon_core.event_handler.log_command:Invoked command in '/home/ricard/ros2_ws_puzzlebot/src/puzzlebot_gazebo' returned '0': PYTHONPATH=/home/ricard/ros2_ws_puzzlebot/build/puzzlebot_gazebo/prefix_override:/usr/lib/python3/dist-packages/colcon_core/task/python/colcon_distutils_commands:/home/ricard/ros2_ws_puzzlebot/install/puzzlebot_gazebo/lib/python3.10/site-packages:${PYTHONPATH} /usr/bin/python3 -W ignore:setup.py install is deprecated -W ignore:easy_install command is deprecated setup.py egg_info --egg-base ../../build/puzzlebot_gazebo build --build-base /home/ricard/ros2_ws_puzzlebot/build/puzzlebot_gazebo/build install --record /home/ricard/ros2_ws_puzzlebot/build/puzzlebot_gazebo/install.log --single-version-externally-managed install_data
[2.216s] Level 1:colcon.colcon_core.environment:checking '/home/ricard/ros2_ws_puzzlebot/install/puzzlebot_gazebo' for CMake config files
[2.218s] Level 1:colcon.colcon_core.environment:checking '/home/ricard/ros2_ws_puzzlebot/install/puzzlebot_gazebo/lib'
[2.218s] Level 1:colcon.colcon_core.environment:checking '/home/ricard/ros2_ws_puzzlebot/install/puzzlebot_gazebo/bin'
[2.218s] Level 1:colcon.colcon_core.environment:checking '/home/ricard/ros2_ws_puzzlebot/install/puzzlebot_gazebo/lib/pkgconfig/puzzlebot_gazebo.pc'
[2.219s] Level 1:colcon.colcon_core.environment:checking '/home/ricard/ros2_ws_puzzlebot/install/puzzlebot_gazebo/lib/python3.10/site-packages'
[2.219s] Level 1:colcon.colcon_core.shell:create_environment_hook('puzzlebot_gazebo', 'pythonpath')
[2.219s] INFO:colcon.colcon_core.shell:Creating environment hook '/home/ricard/ros2_ws_puzzlebot/install/puzzlebot_gazebo/share/puzzlebot_gazebo/hook/pythonpath.ps1'
[2.220s] INFO:colcon.colcon_core.shell:Creating environment descriptor '/home/ricard/ros2_ws_puzzlebot/install/puzzlebot_gazebo/share/puzzlebot_gazebo/hook/pythonpath.dsv'
[2.222s] INFO:colcon.colcon_core.shell:Creating environment hook '/home/ricard/ros2_ws_puzzlebot/install/puzzlebot_gazebo/share/puzzlebot_gazebo/hook/pythonpath.sh'
[2.223s] Level 1:colcon.colcon_core.environment:checking '/home/ricard/ros2_ws_puzzlebot/install/puzzlebot_gazebo/bin'
[2.223s] Level 1:colcon.colcon_core.environment:create_environment_scripts_only(puzzlebot_gazebo)
[2.224s] INFO:colcon.colcon_core.shell:Creating package script '/home/ricard/ros2_ws_puzzlebot/install/puzzlebot_gazebo/share/puzzlebot_gazebo/package.ps1'
[2.224s] INFO:colcon.colcon_core.shell:Creating package descriptor '/home/ricard/ros2_ws_puzzlebot/install/puzzlebot_gazebo/share/puzzlebot_gazebo/package.dsv'
[2.224s] INFO:colcon.colcon_core.shell:Creating package script '/home/ricard/ros2_ws_puzzlebot/install/puzzlebot_gazebo/share/puzzlebot_gazebo/package.sh'
[2.225s] INFO:colcon.colcon_core.shell:Creating package script '/home/ricard/ros2_ws_puzzlebot/install/puzzlebot_gazebo/share/puzzlebot_gazebo/package.bash'
[2.225s] INFO:colcon.colcon_core.shell:Creating package script '/home/ricard/ros2_ws_puzzlebot/install/puzzlebot_gazebo/share/puzzlebot_gazebo/package.zsh'
[2.225s] Level 1:colcon.colcon_core.environment:create_file_with_runtime_dependencies(/home/ricard/ros2_ws_puzzlebot/install/puzzlebot_gazebo/share/colcon-core/packages/puzzlebot_gazebo)
[2.226s] DEBUG:colcon.colcon_parallel_executor.executor.parallel:closing loop
[2.226s] DEBUG:colcon.colcon_parallel_executor.executor.parallel:loop closed
[2.226s] DEBUG:colcon.colcon_parallel_executor.executor.parallel:run_until_complete finished with '0'
[2.226s] DEBUG:colcon.colcon_core.event_reactor:joining thread
[2.231s] INFO:colcon.colcon_core.plugin_system:Skipping extension 'colcon_notification.desktop_notification.terminal_notifier': Not used on non-Darwin systems
[2.231s] INFO:colcon.colcon_core.plugin_system:Skipping extension 'colcon_notification.desktop_notification.win32': Not used on non-Windows systems
[2.231s] INFO:colcon.colcon_notification.desktop_notification:Sending desktop notification using 'notify2'
[2.246s] DEBUG:colcon.colcon_core.event_reactor:joined thread
[2.246s] INFO:colcon.colcon_core.shell:Creating prefix script '/home/ricard/ros2_ws_puzzlebot/install/local_setup.ps1'
[2.247s] INFO:colcon.colcon_core.shell:Creating prefix util module '/home/ricard/ros2_ws_puzzlebot/install/_local_setup_util_ps1.py'
[2.248s] INFO:colcon.colcon_core.shell:Creating prefix chain script '/home/ricard/ros2_ws_puzzlebot/install/setup.ps1'
[2.250s] INFO:colcon.colcon_core.shell:Creating prefix script '/home/ricard/ros2_ws_puzzlebot/install/local_setup.sh'
[2.251s] INFO:colcon.colcon_core.shell:Creating prefix util module '/home/ricard/ros2_ws_puzzlebot/install/_local_setup_util_sh.py'
[2.251s] INFO:colcon.colcon_core.shell:Creating prefix chain script '/home/ricard/ros2_ws_puzzlebot/install/setup.sh'
[2.254s] INFO:colcon.colcon_core.shell:Creating prefix script '/home/ricard/ros2_ws_puzzlebot/install/local_setup.bash'
[2.255s] INFO:colcon.colcon_core.shell:Creating prefix chain script '/home/ricard/ros2_ws_puzzlebot/install/setup.bash'
[2.257s] INFO:colcon.colcon_core.shell:Creating prefix script '/home/ricard/ros2_ws_puzzlebot/install/local_setup.zsh'
[2.258s] INFO:colcon.colcon_core.shell:Creating prefix chain script '/home/ricard/ros2_ws_puzzlebot/install/setup.zsh'
