[0.165s] DEBUG:colcon:Command line arguments: ['/usr/bin/colcon', 'build', '--symlink-install']
[0.165s] DEBUG:colcon:Parsed command line arguments: Namespace(log_base=None, log_level=None, verb_name='build', build_base='build', install_base='install', merge_install=False, symlink_install=True, test_result_base=None, continue_on_error=False, executor='parallel', parallel_workers=12, event_handlers=None, ignore_user_meta=False, metas=['./colcon.meta'], base_paths=['.'], packages_ignore=None, packages_ignore_regex=None, paths=None, packages_up_to=None, packages_up_to_regex=None, packages_above=None, packages_above_and_dependencies=None, packages_above_depth=None, packages_select_by_dep=None, packages_skip_by_dep=None, packages_skip_up_to=None, packages_select_build_failed=False, packages_skip_build_finished=False, packages_select_test_failures=False, packages_skip_test_passed=False, packages_select=None, packages_skip=None, packages_select_regex=None, packages_skip_regex=None, packages_start=None, packages_end=None, allow_overriding=[], cmake_args=None, cmake_target=None, cmake_target_skip_unavailable=False, cmake_clean_cache=False, cmake_clean_first=False, cmake_force_configure=False, ament_cmake_args=None, catkin_cmake_args=None, catkin_skip_building_tests=False, mixin_files=None, mixin=None, verb_parser=<colcon_mixin.mixin.mixin_argument.MixinArgumentDecorator object at 0x71b8e7b4af20>, verb_extension=<colcon_core.verb.build.BuildVerb object at 0x71b8e7b4a920>, main=<bound method BuildVerb.main of <colcon_core.verb.build.BuildVerb object at 0x71b8e7b4a920>>, mixin_verb=('build',))
[0.408s] Level 1:colcon.colcon_core.package_discovery:discover_packages(colcon_meta) check parameters
[0.408s] Level 1:colcon.colcon_core.package_discovery:discover_packages(recursive) check parameters
[0.408s] Level 1:colcon.colcon_core.package_discovery:discover_packages(ignore) check parameters
[0.408s] Level 1:colcon.colcon_core.package_discovery:discover_packages(path) check parameters
[0.408s] Level 1:colcon.colcon_core.package_discovery:discover_packages(colcon_meta) discover
[0.408s] Level 1:colcon.colcon_core.package_discovery:discover_packages(recursive) discover
[0.408s] INFO:colcon.colcon_core.package_discovery:Crawling recursively for packages in '/home/ricard/ros2_ws_puzzlebot'
[0.408s] Level 1:colcon.colcon_core.package_identification:_identify(.) by extensions ['ignore', 'ignore_ament_install']
[0.409s] Level 1:colcon.colcon_core.package_identification:_identify(.) by extension 'ignore'
[0.409s] Level 1:colcon.colcon_core.package_identification:_identify(.) by extension 'ignore_ament_install'
[0.409s] Level 1:colcon.colcon_core.package_identification:_identify(.) by extensions ['colcon_pkg']
[0.409s] Level 1:colcon.colcon_core.package_identification:_identify(.) by extension 'colcon_pkg'
[0.409s] Level 1:colcon.colcon_core.package_identification:_identify(.) by extensions ['colcon_meta']
[0.409s] Level 1:colcon.colcon_core.package_identification:_identify(.) by extension 'colcon_meta'
[0.409s] Level 1:colcon.colcon_core.package_identification:_identify(.) by extensions ['ros']
[0.409s] Level 1:colcon.colcon_core.package_identification:_identify(.) by extension 'ros'
[0.424s] Level 1:colcon.colcon_core.package_identification:_identify(.) by extensions ['cmake', 'python']
[0.425s] Level 1:colcon.colcon_core.package_identification:_identify(.) by extension 'cmake'
[0.425s] Level 1:colcon.colcon_core.package_identification:_identify(.) by extension 'python'
[0.425s] Level 1:colcon.colcon_core.package_identification:_identify(.) by extensions ['python_setup_py']
[0.425s] Level 1:colcon.colcon_core.package_identification:_identify(.) by extension 'python_setup_py'
[0.425s] Level 1:colcon.colcon_core.package_identification:_identify(build) by extensions ['ignore', 'ignore_ament_install']
[0.425s] Level 1:colcon.colcon_core.package_identification:_identify(build) by extension 'ignore'
[0.425s] Level 1:colcon.colcon_core.package_identification:_identify(build) ignored
[0.425s] Level 1:colcon.colcon_core.package_identification:_identify(install) by extensions ['ignore', 'ignore_ament_install']
[0.426s] Level 1:colcon.colcon_core.package_identification:_identify(install) by extension 'ignore'
[0.426s] Level 1:colcon.colcon_core.package_identification:_identify(install) ignored
[0.426s] Level 1:colcon.colcon_core.package_identification:_identify(log) by extensions ['ignore', 'ignore_ament_install']
[0.426s] Level 1:colcon.colcon_core.package_identification:_identify(log) by extension 'ignore'
[0.426s] Level 1:colcon.colcon_core.package_identification:_identify(log) ignored
[0.426s] Level 1:colcon.colcon_core.package_identification:_identify(src) by extensions ['ignore', 'ignore_ament_install']
[0.426s] Level 1:colcon.colcon_core.package_identification:_identify(src) by extension 'ignore'
[0.426s] Level 1:colcon.colcon_core.package_identification:_identify(src) by extension 'ignore_ament_install'
[0.426s] Level 1:colcon.colcon_core.package_identification:_identify(src) by extensions ['colcon_pkg']
[0.426s] Level 1:colcon.colcon_core.package_identification:_identify(src) by extension 'colcon_pkg'
[0.426s] Level 1:colcon.colcon_core.package_identification:_identify(src) by extensions ['colcon_meta']
[0.426s] Level 1:colcon.colcon_core.package_identification:_identify(src) by extension 'colcon_meta'
[0.426s] Level 1:colcon.colcon_core.package_identification:_identify(src) by extensions ['ros']
[0.426s] Level 1:colcon.colcon_core.package_identification:_identify(src) by extension 'ros'
[0.427s] Level 1:colcon.colcon_core.package_identification:_identify(src) by extensions ['cmake', 'python']
[0.427s] Level 1:colcon.colcon_core.package_identification:_identify(src) by extension 'cmake'
[0.427s] Level 1:colcon.colcon_core.package_identification:_identify(src) by extension 'python'
[0.427s] Level 1:colcon.colcon_core.package_identification:_identify(src) by extensions ['python_setup_py']
[0.427s] Level 1:colcon.colcon_core.package_identification:_identify(src) by extension 'python_setup_py'
[0.427s] Level 1:colcon.colcon_core.package_identification:_identify(src/mobile_robotics) by extensions ['ignore', 'ignore_ament_install']
[0.427s] Level 1:colcon.colcon_core.package_identification:_identify(src/mobile_robotics) by extension 'ignore'
[0.427s] Level 1:colcon.colcon_core.package_identification:_identify(src/mobile_robotics) by extension 'ignore_ament_install'
[0.427s] Level 1:colcon.colcon_core.package_identification:_identify(src/mobile_robotics) by extensions ['colcon_pkg']
[0.427s] Level 1:colcon.colcon_core.package_identification:_identify(src/mobile_robotics) by extension 'colcon_pkg'
[0.427s] Level 1:colcon.colcon_core.package_identification:_identify(src/mobile_robotics) by extensions ['colcon_meta']
[0.427s] Level 1:colcon.colcon_core.package_identification:_identify(src/mobile_robotics) by extension 'colcon_meta'
[0.428s] Level 1:colcon.colcon_core.package_identification:_identify(src/mobile_robotics) by extensions ['ros']
[0.428s] Level 1:colcon.colcon_core.package_identification:_identify(src/mobile_robotics) by extension 'ros'
[0.432s] DEBUG:colcon.colcon_core.package_identification:Package 'src/mobile_robotics' with type 'ros.ament_python' and name 'mobile_robotics'
[0.432s] Level 1:colcon.colcon_core.package_identification:_identify(src/puzzlebot_description) by extensions ['ignore', 'ignore_ament_install']
[0.432s] Level 1:colcon.colcon_core.package_identification:_identify(src/puzzlebot_description) by extension 'ignore'
[0.432s] Level 1:colcon.colcon_core.package_identification:_identify(src/puzzlebot_description) by extension 'ignore_ament_install'
[0.432s] Level 1:colcon.colcon_core.package_identification:_identify(src/puzzlebot_description) by extensions ['colcon_pkg']
[0.432s] Level 1:colcon.colcon_core.package_identification:_identify(src/puzzlebot_description) by extension 'colcon_pkg'
[0.432s] Level 1:colcon.colcon_core.package_identification:_identify(src/puzzlebot_description) by extensions ['colcon_meta']
[0.432s] Level 1:colcon.colcon_core.package_identification:_identify(src/puzzlebot_description) by extension 'colcon_meta'
[0.432s] Level 1:colcon.colcon_core.package_identification:_identify(src/puzzlebot_description) by extensions ['ros']
[0.432s] Level 1:colcon.colcon_core.package_identification:_identify(src/puzzlebot_description) by extension 'ros'
[0.434s] DEBUG:colcon.colcon_core.package_identification:Package 'src/puzzlebot_description' with type 'ros.ament_python' and name 'puzzlebot_description'
[0.434s] Level 1:colcon.colcon_core.package_identification:_identify(src/puzzlebot_gazebo) by extensions ['ignore', 'ignore_ament_install']
[0.435s] Level 1:colcon.colcon_core.package_identification:_identify(src/puzzlebot_gazebo) by extension 'ignore'
[0.435s] Level 1:colcon.colcon_core.package_identification:_identify(src/puzzlebot_gazebo) by extension 'ignore_ament_install'
[0.435s] Level 1:colcon.colcon_core.package_identification:_identify(src/puzzlebot_gazebo) by extensions ['colcon_pkg']
[0.435s] Level 1:colcon.colcon_core.package_identification:_identify(src/puzzlebot_gazebo) by extension 'colcon_pkg'
[0.435s] Level 1:colcon.colcon_core.package_identification:_identify(src/puzzlebot_gazebo) by extensions ['colcon_meta']
[0.435s] Level 1:colcon.colcon_core.package_identification:_identify(src/puzzlebot_gazebo) by extension 'colcon_meta'
[0.435s] Level 1:colcon.colcon_core.package_identification:_identify(src/puzzlebot_gazebo) by extensions ['ros']
[0.435s] Level 1:colcon.colcon_core.package_identification:_identify(src/puzzlebot_gazebo) by extension 'ros'
[0.437s] DEBUG:colcon.colcon_core.package_identification:Package 'src/puzzlebot_gazebo' with type 'ros.ament_python' and name 'puzzlebot_gazebo'
[0.437s] Level 1:colcon.colcon_core.package_discovery:discover_packages(recursive) using defaults
[0.437s] Level 1:colcon.colcon_core.package_discovery:discover_packages(ignore) discover
[0.437s] Level 1:colcon.colcon_core.package_discovery:discover_packages(ignore) using defaults
[0.437s] Level 1:colcon.colcon_core.package_discovery:discover_packages(path) discover
[0.437s] Level 1:colcon.colcon_core.package_discovery:discover_packages(path) using defaults
[0.485s] Level 1:colcon.colcon_core.package_discovery:discover_packages(prefix_path) check parameters
[0.486s] Level 1:colcon.colcon_core.package_discovery:discover_packages(prefix_path) discover
[0.488s] DEBUG:colcon.colcon_installed_package_information.package_discovery:Found 3 installed packages in /home/ricard/ros2_ws_puzzlebot/install
[0.488s] DEBUG:colcon.colcon_installed_package_information.package_discovery:Found 3 installed packages in /home/ricard/uros_ws/install
[0.491s] DEBUG:colcon.colcon_installed_package_information.package_discovery:Found 340 installed packages in /opt/ros/humble
[0.494s] Level 1:colcon.colcon_core.package_discovery:discover_packages(prefix_path) using defaults
[0.552s] Level 5:colcon.colcon_core.verb:set package 'mobile_robotics' build argument 'cmake_args' from command line to 'None'
[0.553s] Level 5:colcon.colcon_core.verb:set package 'mobile_robotics' build argument 'cmake_target' from command line to 'None'
[0.553s] Level 5:colcon.colcon_core.verb:set package 'mobile_robotics' build argument 'cmake_target_skip_unavailable' from command line to 'False'
[0.553s] Level 5:colcon.colcon_core.verb:set package 'mobile_robotics' build argument 'cmake_clean_cache' from command line to 'False'
[0.553s] Level 5:colcon.colcon_core.verb:set package 'mobile_robotics' build argument 'cmake_clean_first' from command line to 'False'
[0.553s] Level 5:colcon.colcon_core.verb:set package 'mobile_robotics' build argument 'cmake_force_configure' from command line to 'False'
[0.553s] Level 5:colcon.colcon_core.verb:set package 'mobile_robotics' build argument 'ament_cmake_args' from command line to 'None'
[0.553s] Level 5:colcon.colcon_core.verb:set package 'mobile_robotics' build argument 'catkin_cmake_args' from command line to 'None'
[0.553s] Level 5:colcon.colcon_core.verb:set package 'mobile_robotics' build argument 'catkin_skip_building_tests' from command line to 'False'
[0.553s] DEBUG:colcon.colcon_core.verb:Building package 'mobile_robotics' with the following arguments: {'ament_cmake_args': None, 'build_base': '/home/ricard/ros2_ws_puzzlebot/build/mobile_robotics', 'catkin_cmake_args': None, 'catkin_skip_building_tests': False, 'cmake_args': None, 'cmake_clean_cache': False, 'cmake_clean_first': False, 'cmake_force_configure': False, 'cmake_target': None, 'cmake_target_skip_unavailable': False, 'install_base': '/home/ricard/ros2_ws_puzzlebot/install/mobile_robotics', 'merge_install': False, 'path': '/home/ricard/ros2_ws_puzzlebot/src/mobile_robotics', 'symlink_install': True, 'test_result_base': None}
[0.553s] Level 5:colcon.colcon_core.verb:set package 'puzzlebot_description' build argument 'cmake_args' from command line to 'None'
[0.553s] Level 5:colcon.colcon_core.verb:set package 'puzzlebot_description' build argument 'cmake_target' from command line to 'None'
[0.553s] Level 5:colcon.colcon_core.verb:set package 'puzzlebot_description' build argument 'cmake_target_skip_unavailable' from command line to 'False'
[0.553s] Level 5:colcon.colcon_core.verb:set package 'puzzlebot_description' build argument 'cmake_clean_cache' from command line to 'False'
[0.553s] Level 5:colcon.colcon_core.verb:set package 'puzzlebot_description' build argument 'cmake_clean_first' from command line to 'False'
[0.553s] Level 5:colcon.colcon_core.verb:set package 'puzzlebot_description' build argument 'cmake_force_configure' from command line to 'False'
[0.553s] Level 5:colcon.colcon_core.verb:set package 'puzzlebot_description' build argument 'ament_cmake_args' from command line to 'None'
[0.553s] Level 5:colcon.colcon_core.verb:set package 'puzzlebot_description' build argument 'catkin_cmake_args' from command line to 'None'
[0.553s] Level 5:colcon.colcon_core.verb:set package 'puzzlebot_description' build argument 'catkin_skip_building_tests' from command line to 'False'
[0.554s] DEBUG:colcon.colcon_core.verb:Building package 'puzzlebot_description' with the following arguments: {'ament_cmake_args': None, 'build_base': '/home/ricard/ros2_ws_puzzlebot/build/puzzlebot_description', 'catkin_cmake_args': None, 'catkin_skip_building_tests': False, 'cmake_args': None, 'cmake_clean_cache': False, 'cmake_clean_first': False, 'cmake_force_configure': False, 'cmake_target': None, 'cmake_target_skip_unavailable': False, 'install_base': '/home/ricard/ros2_ws_puzzlebot/install/puzzlebot_description', 'merge_install': False, 'path': '/home/ricard/ros2_ws_puzzlebot/src/puzzlebot_description', 'symlink_install': True, 'test_result_base': None}
[0.554s] Level 5:colcon.colcon_core.verb:set package 'puzzlebot_gazebo' build argument 'cmake_args' from command line to 'None'
[0.554s] Level 5:colcon.colcon_core.verb:set package 'puzzlebot_gazebo' build argument 'cmake_target' from command line to 'None'
[0.554s] Level 5:colcon.colcon_core.verb:set package 'puzzlebot_gazebo' build argument 'cmake_target_skip_unavailable' from command line to 'False'
[0.554s] Level 5:colcon.colcon_core.verb:set package 'puzzlebot_gazebo' build argument 'cmake_clean_cache' from command line to 'False'
[0.554s] Level 5:colcon.colcon_core.verb:set package 'puzzlebot_gazebo' build argument 'cmake_clean_first' from command line to 'False'
[0.554s] Level 5:colcon.colcon_core.verb:set package 'puzzlebot_gazebo' build argument 'cmake_force_configure' from command line to 'False'
[0.554s] Level 5:colcon.colcon_core.verb:set package 'puzzlebot_gazebo' build argument 'ament_cmake_args' from command line to 'None'
[0.554s] Level 5:colcon.colcon_core.verb:set package 'puzzlebot_gazebo' build argument 'catkin_cmake_args' from command line to 'None'
[0.554s] Level 5:colcon.colcon_core.verb:set package 'puzzlebot_gazebo' build argument 'catkin_skip_building_tests' from command line to 'False'
[0.554s] DEBUG:colcon.colcon_core.verb:Building package 'puzzlebot_gazebo' with the following arguments: {'ament_cmake_args': None, 'build_base': '/home/ricard/ros2_ws_puzzlebot/build/puzzlebot_gazebo', 'catkin_cmake_args': None, 'catkin_skip_building_tests': False, 'cmake_args': None, 'cmake_clean_cache': False, 'cmake_clean_first': False, 'cmake_force_configure': False, 'cmake_target': None, 'cmake_target_skip_unavailable': False, 'install_base': '/home/ricard/ros2_ws_puzzlebot/install/puzzlebot_gazebo', 'merge_install': False, 'path': '/home/ricard/ros2_ws_puzzlebot/src/puzzlebot_gazebo', 'symlink_install': True, 'test_result_base': None}
[0.554s] INFO:colcon.colcon_core.executor:Executing jobs using 'parallel' executor
[0.556s] DEBUG:colcon.colcon_parallel_executor.executor.parallel:run_until_complete
[0.556s] INFO:colcon.colcon_ros.task.ament_python.build:Building ROS package in '/home/ricard/ros2_ws_puzzlebot/src/mobile_robotics' with build type 'ament_python'
[0.556s] Level 1:colcon.colcon_core.shell:create_environment_hook('mobile_robotics', 'ament_prefix_path')
[0.560s] INFO:colcon.colcon_core.plugin_system:Skipping extension 'colcon_core.shell.bat': Not used on non-Windows systems
[0.560s] INFO:colcon.colcon_core.shell:Creating environment hook '/home/ricard/ros2_ws_puzzlebot/install/mobile_robotics/share/mobile_robotics/hook/ament_prefix_path.ps1'
[0.561s] INFO:colcon.colcon_core.shell:Creating environment descriptor '/home/ricard/ros2_ws_puzzlebot/install/mobile_robotics/share/mobile_robotics/hook/ament_prefix_path.dsv'
[0.562s] INFO:colcon.colcon_core.shell:Creating environment hook '/home/ricard/ros2_ws_puzzlebot/install/mobile_robotics/share/mobile_robotics/hook/ament_prefix_path.sh'
[0.563s] INFO:colcon.colcon_core.shell:Skip shell extension 'powershell' for command environment: Not usable outside of PowerShell
[0.563s] DEBUG:colcon.colcon_core.shell:Skip shell extension 'dsv' for command environment
[0.569s] INFO:colcon.colcon_ros.task.ament_python.build:Building ROS package in '/home/ricard/ros2_ws_puzzlebot/src/puzzlebot_description' with build type 'ament_python'
[0.569s] Level 1:colcon.colcon_core.shell:create_environment_hook('puzzlebot_description', 'ament_prefix_path')
[0.569s] INFO:colcon.colcon_core.shell:Creating environment hook '/home/ricard/ros2_ws_puzzlebot/install/puzzlebot_description/share/puzzlebot_description/hook/ament_prefix_path.ps1'
[0.570s] INFO:colcon.colcon_core.shell:Creating environment descriptor '/home/ricard/ros2_ws_puzzlebot/install/puzzlebot_description/share/puzzlebot_description/hook/ament_prefix_path.dsv'
[0.571s] INFO:colcon.colcon_core.shell:Creating environment hook '/home/ricard/ros2_ws_puzzlebot/install/puzzlebot_description/share/puzzlebot_description/hook/ament_prefix_path.sh'
[0.572s] INFO:colcon.colcon_core.shell:Skip shell extension 'powershell' for command environment: Not usable outside of PowerShell
[0.572s] DEBUG:colcon.colcon_core.shell:Skip shell extension 'dsv' for command environment
[0.578s] INFO:colcon.colcon_ros.task.ament_python.build:Building ROS package in '/home/ricard/ros2_ws_puzzlebot/src/puzzlebot_gazebo' with build type 'ament_python'
[0.578s] Level 1:colcon.colcon_core.shell:create_environment_hook('puzzlebot_gazebo', 'ament_prefix_path')
[0.579s] INFO:colcon.colcon_core.shell:Creating environment hook '/home/ricard/ros2_ws_puzzlebot/install/puzzlebot_gazebo/share/puzzlebot_gazebo/hook/ament_prefix_path.ps1'
[0.580s] INFO:colcon.colcon_core.shell:Creating environment descriptor '/home/ricard/ros2_ws_puzzlebot/install/puzzlebot_gazebo/share/puzzlebot_gazebo/hook/ament_prefix_path.dsv'
[0.580s] INFO:colcon.colcon_core.shell:Creating environment hook '/home/ricard/ros2_ws_puzzlebot/install/puzzlebot_gazebo/share/puzzlebot_gazebo/hook/ament_prefix_path.sh'
[0.581s] INFO:colcon.colcon_core.shell:Skip shell extension 'powershell' for command environment: Not usable outside of PowerShell
[0.581s] DEBUG:colcon.colcon_core.shell:Skip shell extension 'dsv' for command environment
[0.968s] INFO:colcon.colcon_core.task.python.build:Building Python package in '/home/ricard/ros2_ws_puzzlebot/src/mobile_robotics'
[0.968s] INFO:colcon.colcon_core.shell:Skip shell extension 'powershell' for command environment: Not usable outside of PowerShell
[0.968s] DEBUG:colcon.colcon_core.shell:Skip shell extension 'dsv' for command environment
[1.367s] INFO:colcon.colcon_core.task.python.build:Building Python package in '/home/ricard/ros2_ws_puzzlebot/src/puzzlebot_description'
[1.368s] INFO:colcon.colcon_core.shell:Skip shell extension 'powershell' for command environment: Not usable outside of PowerShell
[1.368s] DEBUG:colcon.colcon_core.shell:Skip shell extension 'dsv' for command environment
[1.761s] INFO:colcon.colcon_core.task.python.build:Building Python package in '/home/ricard/ros2_ws_puzzlebot/src/puzzlebot_gazebo'
[1.762s] INFO:colcon.colcon_core.shell:Skip shell extension 'powershell' for command environment: Not usable outside of PowerShell
[1.762s] DEBUG:colcon.colcon_core.shell:Skip shell extension 'dsv' for command environment
[2.313s] DEBUG:colcon.colcon_core.task.python.build:While undoing a previous installation files outside the Python library path are being ignored: /home/ricard/ros2_ws_puzzlebot/install/puzzlebot_description/share/ament_index/resource_index/packages/puzzlebot_description
[2.313s] DEBUG:colcon.colcon_core.task.python.build:While undoing a previous installation files outside the Python library path are being ignored: /home/ricard/ros2_ws_puzzlebot/install/puzzlebot_description/share/puzzlebot_description/package.xml
[2.313s] DEBUG:colcon.colcon_core.task.python.build:While undoing a previous installation files outside the Python library path are being ignored: /home/ricard/ros2_ws_puzzlebot/install/puzzlebot_description/share/puzzlebot_description/launch/robot_state_publisher_launch.py
[2.313s] DEBUG:colcon.colcon_core.task.python.build:While undoing a previous installation files outside the Python library path are being ignored: /home/ricard/ros2_ws_puzzlebot/install/puzzlebot_description/share/puzzlebot_description/config
[2.313s] DEBUG:colcon.colcon_core.task.python.build:While undoing a previous installation files outside the Python library path are being ignored: /home/ricard/ros2_ws_puzzlebot/install/puzzlebot_description/share/puzzlebot_description/rviz/puzzlebot_desc.rviz
[2.313s] DEBUG:colcon.colcon_core.task.python.build:While undoing a previous installation files outside the Python library path are being ignored: /home/ricard/ros2_ws_puzzlebot/install/puzzlebot_description/share/puzzlebot_description/urdf/mcr2_misc/macros.xacro
[2.313s] DEBUG:colcon.colcon_core.task.python.build:While undoing a previous installation files outside the Python library path are being ignored: /home/ricard/ros2_ws_puzzlebot/install/puzzlebot_description/share/puzzlebot_description/urdf/mcr2_misc/materials.xacro
[2.313s] DEBUG:colcon.colcon_core.task.python.build:While undoing a previous installation files outside the Python library path are being ignored: /home/ricard/ros2_ws_puzzlebot/install/puzzlebot_description/share/puzzlebot_description/urdf/mcr2_mechanical/puzzlebot_jetson_base.urdf.xacro
[2.313s] DEBUG:colcon.colcon_core.task.python.build:While undoing a previous installation files outside the Python library path are being ignored: /home/ricard/ros2_ws_puzzlebot/install/puzzlebot_description/share/puzzlebot_description/urdf/mcr2_mechanical/puzzlebot_jetson_lidar_base.urdf.xacro
[2.313s] DEBUG:colcon.colcon_core.task.python.build:While undoing a previous installation files outside the Python library path are being ignored: /home/ricard/ros2_ws_puzzlebot/install/puzzlebot_description/share/puzzlebot_description/urdf/mcr2_mechanical/puzzlebot_hacker_base.urdf.xacro
[2.313s] DEBUG:colcon.colcon_core.task.python.build:While undoing a previous installation files outside the Python library path are being ignored: /home/ricard/ros2_ws_puzzlebot/install/puzzlebot_description/share/puzzlebot_description/urdf/mcr2_sensors/laser_camera_bracket.xacro
[2.313s] DEBUG:colcon.colcon_core.task.python.build:While undoing a previous installation files outside the Python library path are being ignored: /home/ricard/ros2_ws_puzzlebot/install/puzzlebot_description/share/puzzlebot_description/urdf/mcr2_sensors/lidar.xacro
[2.313s] DEBUG:colcon.colcon_core.task.python.build:While undoing a previous installation files outside the Python library path are being ignored: /home/ricard/ros2_ws_puzzlebot/install/puzzlebot_description/share/puzzlebot_description/urdf/mcr2_control/gazebo_control.xacro
[2.313s] DEBUG:colcon.colcon_core.task.python.build:While undoing a previous installation files outside the Python library path are being ignored: /home/ricard/ros2_ws_puzzlebot/install/puzzlebot_description/share/puzzlebot_description/urdf/mcr2_robots/puzzlebot_jetson_ed.xacro
[2.313s] DEBUG:colcon.colcon_core.task.python.build:While undoing a previous installation files outside the Python library path are being ignored: /home/ricard/ros2_ws_puzzlebot/install/puzzlebot_description/share/puzzlebot_description/urdf/mcr2_robots/puzzlebot_hacker_ed.xacro
[2.313s] DEBUG:colcon.colcon_core.task.python.build:While undoing a previous installation files outside the Python library path are being ignored: /home/ricard/ros2_ws_puzzlebot/install/puzzlebot_description/share/puzzlebot_description/urdf/mcr2_robots/puzzlebot_jetson_lidar_ed.xacro
[2.313s] DEBUG:colcon.colcon_core.task.python.build:While undoing a previous installation files outside the Python library path are being ignored: /home/ricard/ros2_ws_puzzlebot/install/puzzlebot_description/share/puzzlebot_description/urdf/mcr2_robots/hacker_ed/parameters_hacker_ed.xacro
[2.313s] DEBUG:colcon.colcon_core.task.python.build:While undoing a previous installation files outside the Python library path are being ignored: /home/ricard/ros2_ws_puzzlebot/install/puzzlebot_description/share/puzzlebot_description/urdf/mcr2_robots/jetson_lidar_ed/parameters_jetson_lidar_ed.xacro
[2.313s] DEBUG:colcon.colcon_core.task.python.build:While undoing a previous installation files outside the Python library path are being ignored: /home/ricard/ros2_ws_puzzlebot/install/puzzlebot_description/share/puzzlebot_description/urdf/mcr2_robots/jetson_ed/parameters_jetson_ed.xacro
[2.313s] DEBUG:colcon.colcon_core.task.python.build:While undoing a previous installation files outside the Python library path are being ignored: /home/ricard/ros2_ws_puzzlebot/install/puzzlebot_description/share/puzzlebot_description/meshes/wheels/Puzzlebot_Wheel.stl
[2.313s] DEBUG:colcon.colcon_core.task.python.build:While undoing a previous installation files outside the Python library path are being ignored: /home/ricard/ros2_ws_puzzlebot/install/puzzlebot_description/share/puzzlebot_description/meshes/wheels/Puzzlebot_Caster_Wheel.stl
[2.313s] DEBUG:colcon.colcon_core.task.python.build:While undoing a previous installation files outside the Python library path are being ignored: /home/ricard/ros2_ws_puzzlebot/install/puzzlebot_description/share/puzzlebot_description/meshes/misc/NVIDIA_Jetson.stl
[2.314s] DEBUG:colcon.colcon_core.task.python.build:While undoing a previous installation files outside the Python library path are being ignored: /home/ricard/ros2_ws_puzzlebot/install/puzzlebot_description/share/puzzlebot_description/meshes/misc/DC_Motor.stl
[2.314s] DEBUG:colcon.colcon_core.task.python.build:While undoing a previous installation files outside the Python library path are being ignored: /home/ricard/ros2_ws_puzzlebot/install/puzzlebot_description/share/puzzlebot_description/meshes/bases/Puzzlebot_Jetson_Lidar_Edition_Base.stl
[2.314s] DEBUG:colcon.colcon_core.task.python.build:While undoing a previous installation files outside the Python library path are being ignored: /home/ricard/ros2_ws_puzzlebot/install/puzzlebot_description/share/puzzlebot_description/meshes/bases/Puzzlebot_Hacker_Editon_Base.stl
[2.314s] DEBUG:colcon.colcon_core.task.python.build:While undoing a previous installation files outside the Python library path are being ignored: /home/ricard/ros2_ws_puzzlebot/install/puzzlebot_description/share/puzzlebot_description/meshes/sensors/Laser_Camera_Bracket.stl
[2.314s] DEBUG:colcon.colcon_core.task.python.build:While undoing a previous installation files outside the Python library path are being ignored: /home/ricard/ros2_ws_puzzlebot/install/puzzlebot_description/share/puzzlebot_description/meshes/sensors/RPLidar.stl
[2.314s] DEBUG:colcon.colcon_core.task.python.build:While undoing a previous installation files outside the Python library path are being ignored: /home/ricard/ros2_ws_puzzlebot/install/puzzlebot_description/lib/puzzlebot_description/joint_state_publisher
[2.321s] DEBUG:colcon.colcon_core.event_handler.log_command:Invoking command in '/home/ricard/ros2_ws_puzzlebot/build/puzzlebot_description': PYTHONPATH=/home/ricard/ros2_ws_puzzlebot/build/puzzlebot_description/prefix_override:/usr/lib/python3/dist-packages/colcon_core/task/python/colcon_distutils_commands:/home/ricard/ros2_ws_puzzlebot/install/puzzlebot_description/lib/python3.10/site-packages:${PYTHONPATH} /usr/bin/python3 -W ignore:setup.py install is deprecated -W ignore:easy_install command is deprecated setup.py develop --editable --build-directory /home/ricard/ros2_ws_puzzlebot/build/puzzlebot_description/build --no-deps symlink_data --force
[2.322s] DEBUG:colcon.colcon_core.task.python.build:While undoing a previous installation files outside the Python library path are being ignored: /home/ricard/ros2_ws_puzzlebot/install/puzzlebot_gazebo/share/ament_index/resource_index/packages/puzzlebot_gazebo
[2.322s] DEBUG:colcon.colcon_core.task.python.build:While undoing a previous installation files outside the Python library path are being ignored: /home/ricard/ros2_ws_puzzlebot/install/puzzlebot_gazebo/share/puzzlebot_gazebo/package.xml
[2.322s] DEBUG:colcon.colcon_core.task.python.build:While undoing a previous installation files outside the Python library path are being ignored: /home/ricard/ros2_ws_puzzlebot/install/puzzlebot_gazebo/share/puzzlebot_gazebo/launch/gazebo_example_launch.py
[2.322s] DEBUG:colcon.colcon_core.task.python.build:While undoing a previous installation files outside the Python library path are being ignored: /home/ricard/ros2_ws_puzzlebot/install/puzzlebot_gazebo/share/puzzlebot_gazebo/config/puzzlebot_jetson_ed.yaml
[2.322s] DEBUG:colcon.colcon_core.task.python.build:While undoing a previous installation files outside the Python library path are being ignored: /home/ricard/ros2_ws_puzzlebot/install/puzzlebot_gazebo/share/puzzlebot_gazebo/config/puzzlebot_hacker_ed.yaml
[2.322s] DEBUG:colcon.colcon_core.task.python.build:While undoing a previous installation files outside the Python library path are being ignored: /home/ricard/ros2_ws_puzzlebot/install/puzzlebot_gazebo/share/puzzlebot_gazebo/config/puzzlebot_jetson_lidar_ed.yaml
[2.322s] DEBUG:colcon.colcon_core.task.python.build:While undoing a previous installation files outside the Python library path are being ignored: /home/ricard/ros2_ws_puzzlebot/install/puzzlebot_gazebo/share/puzzlebot_gazebo/rviz
[2.322s] DEBUG:colcon.colcon_core.task.python.build:While undoing a previous installation files outside the Python library path are being ignored: /home/ricard/ros2_ws_puzzlebot/install/puzzlebot_gazebo/share/puzzlebot_gazebo/models/puzzlebot/model.config
[2.322s] DEBUG:colcon.colcon_core.task.python.build:While undoing a previous installation files outside the Python library path are being ignored: /home/ricard/ros2_ws_puzzlebot/install/puzzlebot_gazebo/share/puzzlebot_gazebo/models/puzzlebot/model.sdf
[2.322s] DEBUG:colcon.colcon_core.task.python.build:While undoing a previous installation files outside the Python library path are being ignored: /home/ricard/ros2_ws_puzzlebot/install/puzzlebot_gazebo/share/puzzlebot_gazebo/models/puzzlebot/meshes/box1-5.blend
[2.322s] DEBUG:colcon.colcon_core.task.python.build:While undoing a previous installation files outside the Python library path are being ignored: /home/ricard/ros2_ws_puzzlebot/install/puzzlebot_gazebo/share/puzzlebot_gazebo/models/puzzlebot/meshes/chassis.stl
[2.322s] DEBUG:colcon.colcon_core.task.python.build:While undoing a previous installation files outside the Python library path are being ignored: /home/ricard/ros2_ws_puzzlebot/install/puzzlebot_gazebo/share/puzzlebot_gazebo/models/puzzlebot/meshes/box13_16.blend
[2.322s] DEBUG:colcon.colcon_core.task.python.build:While undoing a previous installation files outside the Python library path are being ignored: /home/ricard/ros2_ws_puzzlebot/install/puzzlebot_gazebo/share/puzzlebot_gazebo/models/puzzlebot/meshes/world_wall1.blend1
[2.323s] DEBUG:colcon.colcon_core.task.python.build:While undoing a previous installation files outside the Python library path are being ignored: /home/ricard/ros2_ws_puzzlebot/install/puzzlebot_gazebo/share/puzzlebot_gazebo/models/puzzlebot/meshes/box9_12.blend
[2.323s] DEBUG:colcon.colcon_core.task.python.build:While undoing a previous installation files outside the Python library path are being ignored: /home/ricard/ros2_ws_puzzlebot/install/puzzlebot_gazebo/share/puzzlebot_gazebo/models/puzzlebot/meshes/chassis1.blend
[2.323s] DEBUG:colcon.colcon_core.task.python.build:While undoing a previous installation files outside the Python library path are being ignored: /home/ricard/ros2_ws_puzzlebot/install/puzzlebot_gazebo/share/puzzlebot_gazebo/models/puzzlebot/meshes/camera.stl
[2.323s] DEBUG:colcon.colcon_core.task.python.build:While undoing a previous installation files outside the Python library path are being ignored: /home/ricard/ros2_ws_puzzlebot/install/puzzlebot_gazebo/share/puzzlebot_gazebo/models/puzzlebot/meshes/wheel.blend
[2.323s] DEBUG:colcon.colcon_core.task.python.build:While undoing a previous installation files outside the Python library path are being ignored: /home/ricard/ros2_ws_puzzlebot/install/puzzlebot_gazebo/share/puzzlebot_gazebo/models/puzzlebot/meshes/box5_8.blend
[2.323s] DEBUG:colcon.colcon_core.task.python.build:While undoing a previous installation files outside the Python library path are being ignored: /home/ricard/ros2_ws_puzzlebot/install/puzzlebot_gazebo/share/puzzlebot_gazebo/models/puzzlebot/meshes/box5_8.blend1
[2.323s] DEBUG:colcon.colcon_core.task.python.build:While undoing a previous installation files outside the Python library path are being ignored: /home/ricard/ros2_ws_puzzlebot/install/puzzlebot_gazebo/share/puzzlebot_gazebo/models/puzzlebot/meshes/wheel.dae
[2.323s] DEBUG:colcon.colcon_core.task.python.build:While undoing a previous installation files outside the Python library path are being ignored: /home/ricard/ros2_ws_puzzlebot/install/puzzlebot_gazebo/share/puzzlebot_gazebo/models/puzzlebot/meshes/chassis1.dae
[2.323s] DEBUG:colcon.colcon_core.task.python.build:While undoing a previous installation files outside the Python library path are being ignored: /home/ricard/ros2_ws_puzzlebot/install/puzzlebot_gazebo/share/puzzlebot_gazebo/models/puzzlebot/meshes/world_wall1.blend
[2.323s] DEBUG:colcon.colcon_core.task.python.build:While undoing a previous installation files outside the Python library path are being ignored: /home/ricard/ros2_ws_puzzlebot/install/puzzlebot_gazebo/share/puzzlebot_gazebo/models/puzzlebot/meshes/box1_4.blend1
[2.323s] DEBUG:colcon.colcon_core.task.python.build:While undoing a previous installation files outside the Python library path are being ignored: /home/ricard/ros2_ws_puzzlebot/install/puzzlebot_gazebo/share/puzzlebot_gazebo/models/puzzlebot/meshes/wheel.blend1
[2.323s] DEBUG:colcon.colcon_core.task.python.build:While undoing a previous installation files outside the Python library path are being ignored: /home/ricard/ros2_ws_puzzlebot/install/puzzlebot_gazebo/share/puzzlebot_gazebo/models/puzzlebot/meshes/chassis1.blend1
[2.323s] DEBUG:colcon.colcon_core.task.python.build:While undoing a previous installation files outside the Python library path are being ignored: /home/ricard/ros2_ws_puzzlebot/install/puzzlebot_gazebo/share/puzzlebot_gazebo/models/puzzlebot/meshes/wheel.stl
[2.323s] DEBUG:colcon.colcon_core.task.python.build:While undoing a previous installation files outside the Python library path are being ignored: /home/ricard/ros2_ws_puzzlebot/install/puzzlebot_gazebo/share/puzzlebot_gazebo/models/avoidance_world_4/model.config
[2.323s] DEBUG:colcon.colcon_core.task.python.build:While undoing a previous installation files outside the Python library path are being ignored: /home/ricard/ros2_ws_puzzlebot/install/puzzlebot_gazebo/share/puzzlebot_gazebo/models/avoidance_world_4/model.sdf
[2.323s] DEBUG:colcon.colcon_core.task.python.build:While undoing a previous installation files outside the Python library path are being ignored: /home/ricard/ros2_ws_puzzlebot/install/puzzlebot_gazebo/share/puzzlebot_gazebo/models/red_colored_box/model.config
[2.323s] DEBUG:colcon.colcon_core.task.python.build:While undoing a previous installation files outside the Python library path are being ignored: /home/ricard/ros2_ws_puzzlebot/install/puzzlebot_gazebo/share/puzzlebot_gazebo/models/red_colored_box/model.sdf
[2.323s] DEBUG:colcon.colcon_core.task.python.build:While undoing a previous installation files outside the Python library path are being ignored: /home/ricard/ros2_ws_puzzlebot/install/puzzlebot_gazebo/share/puzzlebot_gazebo/models/puzzlebot_camera/model.config
[2.323s] DEBUG:colcon.colcon_core.task.python.build:While undoing a previous installation files outside the Python library path are being ignored: /home/ricard/ros2_ws_puzzlebot/install/puzzlebot_gazebo/share/puzzlebot_gazebo/models/puzzlebot_camera/model.sdf
[2.323s] DEBUG:colcon.colcon_core.task.python.build:While undoing a previous installation files outside the Python library path are being ignored: /home/ricard/ros2_ws_puzzlebot/install/puzzlebot_gazebo/share/puzzlebot_gazebo/models/puzzlebot_camera/meshes/wheel.dae
[2.323s] DEBUG:colcon.colcon_core.task.python.build:While undoing a previous installation files outside the Python library path are being ignored: /home/ricard/ros2_ws_puzzlebot/install/puzzlebot_gazebo/share/puzzlebot_gazebo/models/puzzlebot_camera/meshes/chassis1.dae
[2.323s] DEBUG:colcon.colcon_core.task.python.build:While undoing a previous installation files outside the Python library path are being ignored: /home/ricard/ros2_ws_puzzlebot/install/puzzlebot_gazebo/share/puzzlebot_gazebo/models/aruco_marker_4/model.config
[2.323s] DEBUG:colcon.colcon_core.task.python.build:While undoing a previous installation files outside the Python library path are being ignored: /home/ricard/ros2_ws_puzzlebot/install/puzzlebot_gazebo/share/puzzlebot_gazebo/models/aruco_marker_4/model.sdf
[2.323s] DEBUG:colcon.colcon_core.task.python.build:While undoing a previous installation files outside the Python library path are being ignored: /home/ricard/ros2_ws_puzzlebot/install/puzzlebot_gazebo/share/puzzlebot_gazebo/models/aruco_marker_4/materials/textures/marker4.png
[2.323s] DEBUG:colcon.colcon_core.task.python.build:While undoing a previous installation files outside the Python library path are being ignored: /home/ricard/ros2_ws_puzzlebot/install/puzzlebot_gazebo/share/puzzlebot_gazebo/models/aruco_marker_3/model.config
[2.323s] DEBUG:colcon.colcon_core.task.python.build:While undoing a previous installation files outside the Python library path are being ignored: /home/ricard/ros2_ws_puzzlebot/install/puzzlebot_gazebo/share/puzzlebot_gazebo/models/aruco_marker_3/model.sdf
[2.323s] DEBUG:colcon.colcon_core.task.python.build:While undoing a previous installation files outside the Python library path are being ignored: /home/ricard/ros2_ws_puzzlebot/install/puzzlebot_gazebo/share/puzzlebot_gazebo/models/aruco_marker_3/materials/textures/marker3.png
[2.323s] DEBUG:colcon.colcon_core.task.python.build:While undoing a previous installation files outside the Python library path are being ignored: /home/ricard/ros2_ws_puzzlebot/install/puzzlebot_gazebo/share/puzzlebot_gazebo/models/blue_colored_box/model.config
[2.323s] DEBUG:colcon.colcon_core.task.python.build:While undoing a previous installation files outside the Python library path are being ignored: /home/ricard/ros2_ws_puzzlebot/install/puzzlebot_gazebo/share/puzzlebot_gazebo/models/blue_colored_box/model.sdf
[2.323s] DEBUG:colcon.colcon_core.task.python.build:While undoing a previous installation files outside the Python library path are being ignored: /home/ricard/ros2_ws_puzzlebot/install/puzzlebot_gazebo/share/puzzlebot_gazebo/models/arena_a_frame/model.config
[2.323s] DEBUG:colcon.colcon_core.task.python.build:While undoing a previous installation files outside the Python library path are being ignored: /home/ricard/ros2_ws_puzzlebot/install/puzzlebot_gazebo/share/puzzlebot_gazebo/models/arena_a_frame/model.sdf
[2.323s] DEBUG:colcon.colcon_core.task.python.build:While undoing a previous installation files outside the Python library path are being ignored: /home/ricard/ros2_ws_puzzlebot/install/puzzlebot_gazebo/share/puzzlebot_gazebo/models/arena_a_frame/meshes/MCR2_arena_side.stl
[2.323s] DEBUG:colcon.colcon_core.task.python.build:While undoing a previous installation files outside the Python library path are being ignored: /home/ricard/ros2_ws_puzzlebot/install/puzzlebot_gazebo/share/puzzlebot_gazebo/models/arena_a_frame/materials/textures/mcr2_banner.png
[2.323s] DEBUG:colcon.colcon_core.task.python.build:While undoing a previous installation files outside the Python library path are being ignored: /home/ricard/ros2_ws_puzzlebot/install/puzzlebot_gazebo/share/puzzlebot_gazebo/models/goal_marker_2/model.config
[2.324s] DEBUG:colcon.colcon_core.task.python.build:While undoing a previous installation files outside the Python library path are being ignored: /home/ricard/ros2_ws_puzzlebot/install/puzzlebot_gazebo/share/puzzlebot_gazebo/models/goal_marker_2/model.sdf
[2.324s] DEBUG:colcon.colcon_core.task.python.build:While undoing a previous installation files outside the Python library path are being ignored: /home/ricard/ros2_ws_puzzlebot/install/puzzlebot_gazebo/share/puzzlebot_gazebo/models/goal_marker_2/materials/textures/mcr2_goal_2.png
[2.324s] DEBUG:colcon.colcon_core.task.python.build:While undoing a previous installation files outside the Python library path are being ignored: /home/ricard/ros2_ws_puzzlebot/install/puzzlebot_gazebo/share/puzzlebot_gazebo/models/yellow_colored_box/model.config
[2.324s] DEBUG:colcon.colcon_core.task.python.build:While undoing a previous installation files outside the Python library path are being ignored: /home/ricard/ros2_ws_puzzlebot/install/puzzlebot_gazebo/share/puzzlebot_gazebo/models/yellow_colored_box/model.sdf
[2.324s] DEBUG:colcon.colcon_core.task.python.build:While undoing a previous installation files outside the Python library path are being ignored: /home/ricard/ros2_ws_puzzlebot/install/puzzlebot_gazebo/share/puzzlebot_gazebo/models/aruco002_cv/model.config
[2.324s] DEBUG:colcon.colcon_core.task.python.build:While undoing a previous installation files outside the Python library path are being ignored: /home/ricard/ros2_ws_puzzlebot/install/puzzlebot_gazebo/share/puzzlebot_gazebo/models/aruco002_cv/model.sdf
[2.324s] DEBUG:colcon.colcon_core.task.python.build:While undoing a previous installation files outside the Python library path are being ignored: /home/ricard/ros2_ws_puzzlebot/install/puzzlebot_gazebo/share/puzzlebot_gazebo/models/aruco002_cv/meshes/aruco002.dae
[2.324s] DEBUG:colcon.colcon_core.task.python.build:While undoing a previous installation files outside the Python library path are being ignored: /home/ricard/ros2_ws_puzzlebot/install/puzzlebot_gazebo/share/puzzlebot_gazebo/models/aruco002_cv/materials/textures/4x4_50_002.png
[2.324s] DEBUG:colcon.colcon_core.task.python.build:While undoing a previous installation files outside the Python library path are being ignored: /home/ricard/ros2_ws_puzzlebot/install/puzzlebot_gazebo/share/puzzlebot_gazebo/models/aruco_marker_1/model.config
[2.324s] DEBUG:colcon.colcon_core.task.python.build:While undoing a previous installation files outside the Python library path are being ignored: /home/ricard/ros2_ws_puzzlebot/install/puzzlebot_gazebo/share/puzzlebot_gazebo/models/aruco_marker_1/model.sdf
[2.324s] DEBUG:colcon.colcon_core.task.python.build:While undoing a previous installation files outside the Python library path are being ignored: /home/ricard/ros2_ws_puzzlebot/install/puzzlebot_gazebo/share/puzzlebot_gazebo/models/aruco_marker_1/materials/textures/marker1.png
[2.324s] DEBUG:colcon.colcon_core.task.python.build:While undoing a previous installation files outside the Python library path are being ignored: /home/ricard/ros2_ws_puzzlebot/install/puzzlebot_gazebo/share/puzzlebot_gazebo/models/avoidance_world_3/model.config
[2.324s] DEBUG:colcon.colcon_core.task.python.build:While undoing a previous installation files outside the Python library path are being ignored: /home/ricard/ros2_ws_puzzlebot/install/puzzlebot_gazebo/share/puzzlebot_gazebo/models/avoidance_world_3/model.sdf
[2.324s] DEBUG:colcon.colcon_core.task.python.build:While undoing a previous installation files outside the Python library path are being ignored: /home/ricard/ros2_ws_puzzlebot/install/puzzlebot_gazebo/share/puzzlebot_gazebo/models/aruco_box/model.config
[2.324s] DEBUG:colcon.colcon_core.task.python.build:While undoing a previous installation files outside the Python library path are being ignored: /home/ricard/ros2_ws_puzzlebot/install/puzzlebot_gazebo/share/puzzlebot_gazebo/models/aruco_box/model.sdf
[2.324s] DEBUG:colcon.colcon_core.task.python.build:While undoing a previous installation files outside the Python library path are being ignored: /home/ricard/ros2_ws_puzzlebot/install/puzzlebot_gazebo/share/puzzlebot_gazebo/models/aruco_box/materials/textures/marker4.png
[2.324s] DEBUG:colcon.colcon_core.task.python.build:While undoing a previous installation files outside the Python library path are being ignored: /home/ricard/ros2_ws_puzzlebot/install/puzzlebot_gazebo/share/puzzlebot_gazebo/models/aruco_box/materials/textures/marker3.png
[2.324s] DEBUG:colcon.colcon_core.task.python.build:While undoing a previous installation files outside the Python library path are being ignored: /home/ricard/ros2_ws_puzzlebot/install/puzzlebot_gazebo/share/puzzlebot_gazebo/models/aruco_box/materials/textures/marker0.png
[2.324s] DEBUG:colcon.colcon_core.task.python.build:While undoing a previous installation files outside the Python library path are being ignored: /home/ricard/ros2_ws_puzzlebot/install/puzzlebot_gazebo/share/puzzlebot_gazebo/models/aruco_box/materials/textures/marker1.png
[2.324s] DEBUG:colcon.colcon_core.task.python.build:While undoing a previous installation files outside the Python library path are being ignored: /home/ricard/ros2_ws_puzzlebot/install/puzzlebot_gazebo/share/puzzlebot_gazebo/models/aruco_box/materials/textures/marker5.png
[2.324s] DEBUG:colcon.colcon_core.task.python.build:While undoing a previous installation files outside the Python library path are being ignored: /home/ricard/ros2_ws_puzzlebot/install/puzzlebot_gazebo/share/puzzlebot_gazebo/models/aruco_box/materials/textures/marker2.png
[2.324s] DEBUG:colcon.colcon_core.task.python.build:While undoing a previous installation files outside the Python library path are being ignored: /home/ricard/ros2_ws_puzzlebot/install/puzzlebot_gazebo/share/puzzlebot_gazebo/models/puzzlebot_track/model.config
[2.324s] DEBUG:colcon.colcon_core.task.python.build:While undoing a previous installation files outside the Python library path are being ignored: /home/ricard/ros2_ws_puzzlebot/install/puzzlebot_gazebo/share/puzzlebot_gazebo/models/puzzlebot_track/model.sdf
[2.324s] DEBUG:colcon.colcon_core.task.python.build:While undoing a previous installation files outside the Python library path are being ignored: /home/ricard/ros2_ws_puzzlebot/install/puzzlebot_gazebo/share/puzzlebot_gazebo/models/puzzlebot_track/materials/textures/puzzlebot_track.png
[2.324s] DEBUG:colcon.colcon_core.task.python.build:While undoing a previous installation files outside the Python library path are being ignored: /home/ricard/ros2_ws_puzzlebot/install/puzzlebot_gazebo/share/puzzlebot_gazebo/models/goal_marker_4/model.config
[2.324s] DEBUG:colcon.colcon_core.task.python.build:While undoing a previous installation files outside the Python library path are being ignored: /home/ricard/ros2_ws_puzzlebot/install/puzzlebot_gazebo/share/puzzlebot_gazebo/models/goal_marker_4/model.sdf
[2.324s] DEBUG:colcon.colcon_core.task.python.build:While undoing a previous installation files outside the Python library path are being ignored: /home/ricard/ros2_ws_puzzlebot/install/puzzlebot_gazebo/share/puzzlebot_gazebo/models/goal_marker_4/materials/textures/mcr2_goal_4.png
[2.324s] DEBUG:colcon.colcon_core.task.python.build:While undoing a previous installation files outside the Python library path are being ignored: /home/ricard/ros2_ws_puzzlebot/install/puzzlebot_gazebo/share/puzzlebot_gazebo/models/plugins/libDiffDynamicPlugin.so
[2.324s] DEBUG:colcon.colcon_core.task.python.build:While undoing a previous installation files outside the Python library path are being ignored: /home/ricard/ros2_ws_puzzlebot/install/puzzlebot_gazebo/share/puzzlebot_gazebo/models/goal_marker_3/model.config
[2.324s] DEBUG:colcon.colcon_core.task.python.build:While undoing a previous installation files outside the Python library path are being ignored: /home/ricard/ros2_ws_puzzlebot/install/puzzlebot_gazebo/share/puzzlebot_gazebo/models/goal_marker_3/model.sdf
[2.324s] DEBUG:colcon.colcon_core.task.python.build:While undoing a previous installation files outside the Python library path are being ignored: /home/ricard/ros2_ws_puzzlebot/install/puzzlebot_gazebo/share/puzzlebot_gazebo/models/goal_marker_3/materials/textures/mcr2_goal_3.png
[2.324s] DEBUG:colcon.colcon_core.task.python.build:While undoing a previous installation files outside the Python library path are being ignored: /home/ricard/ros2_ws_puzzlebot/install/puzzlebot_gazebo/share/puzzlebot_gazebo/models/aruco003_cv/model.config
[2.324s] DEBUG:colcon.colcon_core.task.python.build:While undoing a previous installation files outside the Python library path are being ignored: /home/ricard/ros2_ws_puzzlebot/install/puzzlebot_gazebo/share/puzzlebot_gazebo/models/aruco003_cv/model.sdf
[2.324s] DEBUG:colcon.colcon_core.task.python.build:While undoing a previous installation files outside the Python library path are being ignored: /home/ricard/ros2_ws_puzzlebot/install/puzzlebot_gazebo/share/puzzlebot_gazebo/models/aruco003_cv/meshes/aruco003.dae
[2.324s] DEBUG:colcon.colcon_core.task.python.build:While undoing a previous installation files outside the Python library path are being ignored: /home/ricard/ros2_ws_puzzlebot/install/puzzlebot_gazebo/share/puzzlebot_gazebo/models/aruco003_cv/materials/textures/4x4_50_003.png
[2.325s] DEBUG:colcon.colcon_core.task.python.build:While undoing a previous installation files outside the Python library path are being ignored: /home/ricard/ros2_ws_puzzlebot/install/puzzlebot_gazebo/share/puzzlebot_gazebo/models/goal_marker_1/model.config
[2.325s] DEBUG:colcon.colcon_core.task.python.build:While undoing a previous installation files outside the Python library path are being ignored: /home/ricard/ros2_ws_puzzlebot/install/puzzlebot_gazebo/share/puzzlebot_gazebo/models/goal_marker_1/model.sdf
[2.325s] DEBUG:colcon.colcon_core.task.python.build:While undoing a previous installation files outside the Python library path are being ignored: /home/ricard/ros2_ws_puzzlebot/install/puzzlebot_gazebo/share/puzzlebot_gazebo/models/goal_marker_1/materials/textures/mcr2_goal_1.png
[2.325s] DEBUG:colcon.colcon_core.task.python.build:While undoing a previous installation files outside the Python library path are being ignored: /home/ricard/ros2_ws_puzzlebot/install/puzzlebot_gazebo/share/puzzlebot_gazebo/models/aruco001_cv/model.config
[2.325s] DEBUG:colcon.colcon_core.task.python.build:While undoing a previous installation files outside the Python library path are being ignored: /home/ricard/ros2_ws_puzzlebot/install/puzzlebot_gazebo/share/puzzlebot_gazebo/models/aruco001_cv/model.sdf
[2.325s] DEBUG:colcon.colcon_core.task.python.build:While undoing a previous installation files outside the Python library path are being ignored: /home/ricard/ros2_ws_puzzlebot/install/puzzlebot_gazebo/share/puzzlebot_gazebo/models/aruco001_cv/meshes/aruco001.dae
[2.325s] DEBUG:colcon.colcon_core.task.python.build:While undoing a previous installation files outside the Python library path are being ignored: /home/ricard/ros2_ws_puzzlebot/install/puzzlebot_gazebo/share/puzzlebot_gazebo/models/aruco001_cv/materials/textures/4x4_50_001.png
[2.325s] DEBUG:colcon.colcon_core.task.python.build:While undoing a previous installation files outside the Python library path are being ignored: /home/ricard/ros2_ws_puzzlebot/install/puzzlebot_gazebo/share/puzzlebot_gazebo/models/puzzlebot_lidar/model.config
[2.325s] DEBUG:colcon.colcon_core.task.python.build:While undoing a previous installation files outside the Python library path are being ignored: /home/ricard/ros2_ws_puzzlebot/install/puzzlebot_gazebo/share/puzzlebot_gazebo/models/puzzlebot_lidar/model.sdf
[2.325s] DEBUG:colcon.colcon_core.task.python.build:While undoing a previous installation files outside the Python library path are being ignored: /home/ricard/ros2_ws_puzzlebot/install/puzzlebot_gazebo/share/puzzlebot_gazebo/models/puzzlebot_lidar/meshes/wheel.dae
[2.325s] DEBUG:colcon.colcon_core.task.python.build:While undoing a previous installation files outside the Python library path are being ignored: /home/ricard/ros2_ws_puzzlebot/install/puzzlebot_gazebo/share/puzzlebot_gazebo/models/puzzlebot_lidar/meshes/chassis1.dae
[2.325s] DEBUG:colcon.colcon_core.task.python.build:While undoing a previous installation files outside the Python library path are being ignored: /home/ricard/ros2_ws_puzzlebot/install/puzzlebot_gazebo/share/puzzlebot_gazebo/models/aruco_marker_5/model.config
[2.325s] DEBUG:colcon.colcon_core.task.python.build:While undoing a previous installation files outside the Python library path are being ignored: /home/ricard/ros2_ws_puzzlebot/install/puzzlebot_gazebo/share/puzzlebot_gazebo/models/aruco_marker_5/model.sdf
[2.325s] DEBUG:colcon.colcon_core.task.python.build:While undoing a previous installation files outside the Python library path are being ignored: /home/ricard/ros2_ws_puzzlebot/install/puzzlebot_gazebo/share/puzzlebot_gazebo/models/aruco_marker_5/materials/textures/marker5.png
[2.325s] DEBUG:colcon.colcon_core.task.python.build:While undoing a previous installation files outside the Python library path are being ignored: /home/ricard/ros2_ws_puzzlebot/install/puzzlebot_gazebo/share/puzzlebot_gazebo/models/media/materials/textures/puzzlebot_wood_6.png
[2.325s] DEBUG:colcon.colcon_core.task.python.build:While undoing a previous installation files outside the Python library path are being ignored: /home/ricard/ros2_ws_puzzlebot/install/puzzlebot_gazebo/share/puzzlebot_gazebo/models/media/materials/textures/mcr2_goal_2.png
[2.325s] DEBUG:colcon.colcon_core.task.python.build:While undoing a previous installation files outside the Python library path are being ignored: /home/ricard/ros2_ws_puzzlebot/install/puzzlebot_gazebo/share/puzzlebot_gazebo/models/media/materials/textures/nvidia_hz_logo_white.jpg
[2.325s] DEBUG:colcon.colcon_core.task.python.build:While undoing a previous installation files outside the Python library path are being ignored: /home/ricard/ros2_ws_puzzlebot/install/puzzlebot_gazebo/share/puzzlebot_gazebo/models/media/materials/textures/puzzlebot_wood_7.png
[2.325s] DEBUG:colcon.colcon_core.task.python.build:While undoing a previous installation files outside the Python library path are being ignored: /home/ricard/ros2_ws_puzzlebot/install/puzzlebot_gazebo/share/puzzlebot_gazebo/models/media/materials/textures/puzzlebot_wood_4.png
[2.325s] DEBUG:colcon.colcon_core.task.python.build:While undoing a previous installation files outside the Python library path are being ignored: /home/ricard/ros2_ws_puzzlebot/install/puzzlebot_gazebo/share/puzzlebot_gazebo/models/media/materials/textures/nvidia_logo_white.jpg
[2.325s] DEBUG:colcon.colcon_core.task.python.build:While undoing a previous installation files outside the Python library path are being ignored: /home/ricard/ros2_ws_puzzlebot/install/puzzlebot_gazebo/share/puzzlebot_gazebo/models/media/materials/textures/mcr2_goal_4.png
[2.325s] DEBUG:colcon.colcon_core.task.python.build:While undoing a previous installation files outside the Python library path are being ignored: /home/ricard/ros2_ws_puzzlebot/install/puzzlebot_gazebo/share/puzzlebot_gazebo/models/media/materials/textures/puzzlebot_wood_5.png
[2.325s] DEBUG:colcon.colcon_core.task.python.build:While undoing a previous installation files outside the Python library path are being ignored: /home/ricard/ros2_ws_puzzlebot/install/puzzlebot_gazebo/share/puzzlebot_gazebo/models/media/materials/textures/puzzlebot_logo_white.png
[2.325s] DEBUG:colcon.colcon_core.task.python.build:While undoing a previous installation files outside the Python library path are being ignored: /home/ricard/ros2_ws_puzzlebot/install/puzzlebot_gazebo/share/puzzlebot_gazebo/models/media/materials/textures/nvidia_logo_black.jpg
[2.325s] DEBUG:colcon.colcon_core.task.python.build:While undoing a previous installation files outside the Python library path are being ignored: /home/ricard/ros2_ws_puzzlebot/install/puzzlebot_gazebo/share/puzzlebot_gazebo/models/media/materials/textures/mcr2_logo_black.png
[2.325s] DEBUG:colcon.colcon_core.task.python.build:While undoing a previous installation files outside the Python library path are being ignored: /home/ricard/ros2_ws_puzzlebot/install/puzzlebot_gazebo/share/puzzlebot_gazebo/models/media/materials/textures/mcr2_goal_3.png
[2.325s] DEBUG:colcon.colcon_core.task.python.build:While undoing a previous installation files outside the Python library path are being ignored: /home/ricard/ros2_ws_puzzlebot/install/puzzlebot_gazebo/share/puzzlebot_gazebo/models/media/materials/textures/mcr2_banner.png
[2.325s] DEBUG:colcon.colcon_core.task.python.build:While undoing a previous installation files outside the Python library path are being ignored: /home/ricard/ros2_ws_puzzlebot/install/puzzlebot_gazebo/share/puzzlebot_gazebo/models/media/materials/textures/nvidia_logo_b_w.jpg
[2.325s] DEBUG:colcon.colcon_core.task.python.build:While undoing a previous installation files outside the Python library path are being ignored: /home/ricard/ros2_ws_puzzlebot/install/puzzlebot_gazebo/share/puzzlebot_gazebo/models/media/materials/textures/mcr2_goal_1.png
[2.325s] DEBUG:colcon.colcon_core.task.python.build:While undoing a previous installation files outside the Python library path are being ignored: /home/ricard/ros2_ws_puzzlebot/install/puzzlebot_gazebo/share/puzzlebot_gazebo/models/media/materials/textures/mcr2_logo_white.png
[2.325s] DEBUG:colcon.colcon_core.task.python.build:While undoing a previous installation files outside the Python library path are being ignored: /home/ricard/ros2_ws_puzzlebot/install/puzzlebot_gazebo/share/puzzlebot_gazebo/models/media/materials/textures/mcr2_goal_5.png
[2.325s] DEBUG:colcon.colcon_core.task.python.build:While undoing a previous installation files outside the Python library path are being ignored: /home/ricard/ros2_ws_puzzlebot/install/puzzlebot_gazebo/share/puzzlebot_gazebo/models/media/materials/textures/puzzlebot_logo.png
[2.326s] DEBUG:colcon.colcon_core.task.python.build:While undoing a previous installation files outside the Python library path are being ignored: /home/ricard/ros2_ws_puzzlebot/install/puzzlebot_gazebo/share/puzzlebot_gazebo/models/media/materials/textures/wood_floor.jpg
[2.326s] DEBUG:colcon.colcon_core.task.python.build:While undoing a previous installation files outside the Python library path are being ignored: /home/ricard/ros2_ws_puzzlebot/install/puzzlebot_gazebo/share/puzzlebot_gazebo/models/media/materials/textures/aruco_markers/marker4.png
[2.326s] DEBUG:colcon.colcon_core.task.python.build:While undoing a previous installation files outside the Python library path are being ignored: /home/ricard/ros2_ws_puzzlebot/install/puzzlebot_gazebo/share/puzzlebot_gazebo/models/media/materials/textures/aruco_markers/marker3.png
[2.326s] DEBUG:colcon.colcon_core.task.python.build:While undoing a previous installation files outside the Python library path are being ignored: /home/ricard/ros2_ws_puzzlebot/install/puzzlebot_gazebo/share/puzzlebot_gazebo/models/media/materials/textures/aruco_markers/marker0.png
[2.326s] DEBUG:colcon.colcon_core.task.python.build:While undoing a previous installation files outside the Python library path are being ignored: /home/ricard/ros2_ws_puzzlebot/install/puzzlebot_gazebo/share/puzzlebot_gazebo/models/media/materials/textures/aruco_markers/marker1.png
[2.326s] DEBUG:colcon.colcon_core.task.python.build:While undoing a previous installation files outside the Python library path are being ignored: /home/ricard/ros2_ws_puzzlebot/install/puzzlebot_gazebo/share/puzzlebot_gazebo/models/media/materials/textures/aruco_markers/marker5.png
[2.326s] DEBUG:colcon.colcon_core.task.python.build:While undoing a previous installation files outside the Python library path are being ignored: /home/ricard/ros2_ws_puzzlebot/install/puzzlebot_gazebo/share/puzzlebot_gazebo/models/media/materials/textures/aruco_markers/marker2.png
[2.326s] DEBUG:colcon.colcon_core.task.python.build:While undoing a previous installation files outside the Python library path are being ignored: /home/ricard/ros2_ws_puzzlebot/install/puzzlebot_gazebo/share/puzzlebot_gazebo/models/media/materials/scripts/mcr2_materials.material
[2.326s] DEBUG:colcon.colcon_core.task.python.build:While undoing a previous installation files outside the Python library path are being ignored: /home/ricard/ros2_ws_puzzlebot/install/puzzlebot_gazebo/share/puzzlebot_gazebo/models/empty/model.config
[2.326s] DEBUG:colcon.colcon_core.task.python.build:While undoing a previous installation files outside the Python library path are being ignored: /home/ricard/ros2_ws_puzzlebot/install/puzzlebot_gazebo/share/puzzlebot_gazebo/models/empty/model.sdf
[2.326s] DEBUG:colcon.colcon_core.task.python.build:While undoing a previous installation files outside the Python library path are being ignored: /home/ricard/ros2_ws_puzzlebot/install/puzzlebot_gazebo/share/puzzlebot_gazebo/models/aruco_marker_0/model.config
[2.326s] DEBUG:colcon.colcon_core.task.python.build:While undoing a previous installation files outside the Python library path are being ignored: /home/ricard/ros2_ws_puzzlebot/install/puzzlebot_gazebo/share/puzzlebot_gazebo/models/aruco_marker_0/model.sdf
[2.326s] DEBUG:colcon.colcon_core.task.python.build:While undoing a previous installation files outside the Python library path are being ignored: /home/ricard/ros2_ws_puzzlebot/install/puzzlebot_gazebo/share/puzzlebot_gazebo/models/aruco_marker_0/materials/textures/marker0.png
[2.326s] DEBUG:colcon.colcon_core.task.python.build:While undoing a previous installation files outside the Python library path are being ignored: /home/ricard/ros2_ws_puzzlebot/install/puzzlebot_gazebo/share/puzzlebot_gazebo/models/office_model/model.config
[2.326s] DEBUG:colcon.colcon_core.task.python.build:While undoing a previous installation files outside the Python library path are being ignored: /home/ricard/ros2_ws_puzzlebot/install/puzzlebot_gazebo/share/puzzlebot_gazebo/models/office_model/model.sdf
[2.326s] DEBUG:colcon.colcon_core.task.python.build:While undoing a previous installation files outside the Python library path are being ignored: /home/ricard/ros2_ws_puzzlebot/install/puzzlebot_gazebo/share/puzzlebot_gazebo/models/aruco001/model.config
[2.326s] DEBUG:colcon.colcon_core.task.python.build:While undoing a previous installation files outside the Python library path are being ignored: /home/ricard/ros2_ws_puzzlebot/install/puzzlebot_gazebo/share/puzzlebot_gazebo/models/aruco001/model.sdf
[2.326s] DEBUG:colcon.colcon_core.task.python.build:While undoing a previous installation files outside the Python library path are being ignored: /home/ricard/ros2_ws_puzzlebot/install/puzzlebot_gazebo/share/puzzlebot_gazebo/models/aruco001/meshes/aruco001.dae
[2.326s] DEBUG:colcon.colcon_core.task.python.build:While undoing a previous installation files outside the Python library path are being ignored: /home/ricard/ros2_ws_puzzlebot/install/puzzlebot_gazebo/share/puzzlebot_gazebo/models/aruco001/materials/textures/16h3_001.png
[2.326s] DEBUG:colcon.colcon_core.task.python.build:While undoing a previous installation files outside the Python library path are being ignored: /home/ricard/ros2_ws_puzzlebot/install/puzzlebot_gazebo/share/puzzlebot_gazebo/models/avoidance_world_1/model.config
[2.326s] DEBUG:colcon.colcon_core.task.python.build:While undoing a previous installation files outside the Python library path are being ignored: /home/ricard/ros2_ws_puzzlebot/install/puzzlebot_gazebo/share/puzzlebot_gazebo/models/avoidance_world_1/model.sdf
[2.326s] DEBUG:colcon.colcon_core.task.python.build:While undoing a previous installation files outside the Python library path are being ignored: /home/ricard/ros2_ws_puzzlebot/install/puzzlebot_gazebo/share/puzzlebot_gazebo/models/goal_marker_5/model.config
[2.326s] DEBUG:colcon.colcon_core.task.python.build:While undoing a previous installation files outside the Python library path are being ignored: /home/ricard/ros2_ws_puzzlebot/install/puzzlebot_gazebo/share/puzzlebot_gazebo/models/goal_marker_5/model.sdf
[2.326s] DEBUG:colcon.colcon_core.task.python.build:While undoing a previous installation files outside the Python library path are being ignored: /home/ricard/ros2_ws_puzzlebot/install/puzzlebot_gazebo/share/puzzlebot_gazebo/models/goal_marker_5/materials/textures/mcr2_goal_5.png
[2.326s] DEBUG:colcon.colcon_core.task.python.build:While undoing a previous installation files outside the Python library path are being ignored: /home/ricard/ros2_ws_puzzlebot/install/puzzlebot_gazebo/share/puzzlebot_gazebo/models/simple_light/model.config
[2.326s] DEBUG:colcon.colcon_core.task.python.build:While undoing a previous installation files outside the Python library path are being ignored: /home/ricard/ros2_ws_puzzlebot/install/puzzlebot_gazebo/share/puzzlebot_gazebo/models/simple_light/model.sdf
[2.326s] DEBUG:colcon.colcon_core.task.python.build:While undoing a previous installation files outside the Python library path are being ignored: /home/ricard/ros2_ws_puzzlebot/install/puzzlebot_gazebo/share/puzzlebot_gazebo/models/office_floor/model.config
[2.326s] DEBUG:colcon.colcon_core.task.python.build:While undoing a previous installation files outside the Python library path are being ignored: /home/ricard/ros2_ws_puzzlebot/install/puzzlebot_gazebo/share/puzzlebot_gazebo/models/office_floor/model.sdf
[2.326s] DEBUG:colcon.colcon_core.task.python.build:While undoing a previous installation files outside the Python library path are being ignored: /home/ricard/ros2_ws_puzzlebot/install/puzzlebot_gazebo/share/puzzlebot_gazebo/models/office_floor/materials/textures/puzzlebot_wood_7.png
[2.326s] DEBUG:colcon.colcon_core.task.python.build:While undoing a previous installation files outside the Python library path are being ignored: /home/ricard/ros2_ws_puzzlebot/install/puzzlebot_gazebo/share/puzzlebot_gazebo/models/world_wall/model.config
[2.326s] DEBUG:colcon.colcon_core.task.python.build:While undoing a previous installation files outside the Python library path are being ignored: /home/ricard/ros2_ws_puzzlebot/install/puzzlebot_gazebo/share/puzzlebot_gazebo/models/world_wall/model.sdf
[2.327s] DEBUG:colcon.colcon_core.task.python.build:While undoing a previous installation files outside the Python library path are being ignored: /home/ricard/ros2_ws_puzzlebot/install/puzzlebot_gazebo/share/puzzlebot_gazebo/models/world_wall/meshes/world_wall1.dae
[2.327s] DEBUG:colcon.colcon_core.task.python.build:While undoing a previous installation files outside the Python library path are being ignored: /home/ricard/ros2_ws_puzzlebot/install/puzzlebot_gazebo/share/puzzlebot_gazebo/models/world_wall/meshes/0032-512x512.jpg
[2.327s] DEBUG:colcon.colcon_core.task.python.build:While undoing a previous installation files outside the Python library path are being ignored: /home/ricard/ros2_ws_puzzlebot/install/puzzlebot_gazebo/share/puzzlebot_gazebo/models/world_wall/meshes/wood_floor.jpg
[2.327s] DEBUG:colcon.colcon_core.task.python.build:While undoing a previous installation files outside the Python library path are being ignored: /home/ricard/ros2_ws_puzzlebot/install/puzzlebot_gazebo/share/puzzlebot_gazebo/models/world_wall/materials/textures/0032-512x512.jpg
[2.327s] DEBUG:colcon.colcon_core.task.python.build:While undoing a previous installation files outside the Python library path are being ignored: /home/ricard/ros2_ws_puzzlebot/install/puzzlebot_gazebo/share/puzzlebot_gazebo/models/world_wall/materials/textures/wood_floor.jpg
[2.327s] DEBUG:colcon.colcon_core.task.python.build:While undoing a previous installation files outside the Python library path are being ignored: /home/ricard/ros2_ws_puzzlebot/install/puzzlebot_gazebo/share/puzzlebot_gazebo/models/world_wall/materials/textures/MapAll.jpg
[2.327s] DEBUG:colcon.colcon_core.task.python.build:While undoing a previous installation files outside the Python library path are being ignored: /home/ricard/ros2_ws_puzzlebot/install/puzzlebot_gazebo/share/puzzlebot_gazebo/models/aruco002/model.config
[2.327s] DEBUG:colcon.colcon_core.task.python.build:While undoing a previous installation files outside the Python library path are being ignored: /home/ricard/ros2_ws_puzzlebot/install/puzzlebot_gazebo/share/puzzlebot_gazebo/models/aruco002/model.sdf
[2.327s] DEBUG:colcon.colcon_core.task.python.build:While undoing a previous installation files outside the Python library path are being ignored: /home/ricard/ros2_ws_puzzlebot/install/puzzlebot_gazebo/share/puzzlebot_gazebo/models/aruco002/meshes/aruco002.dae
[2.327s] DEBUG:colcon.colcon_core.task.python.build:While undoing a previous installation files outside the Python library path are being ignored: /home/ricard/ros2_ws_puzzlebot/install/puzzlebot_gazebo/share/puzzlebot_gazebo/models/aruco002/materials/textures/16h3_002.png
[2.327s] DEBUG:colcon.colcon_core.task.python.build:While undoing a previous installation files outside the Python library path are being ignored: /home/ricard/ros2_ws_puzzlebot/install/puzzlebot_gazebo/share/puzzlebot_gazebo/models/aruco000_cv/model.config
[2.327s] DEBUG:colcon.colcon_core.task.python.build:While undoing a previous installation files outside the Python library path are being ignored: /home/ricard/ros2_ws_puzzlebot/install/puzzlebot_gazebo/share/puzzlebot_gazebo/models/aruco000_cv/model.sdf
[2.327s] DEBUG:colcon.colcon_core.task.python.build:While undoing a previous installation files outside the Python library path are being ignored: /home/ricard/ros2_ws_puzzlebot/install/puzzlebot_gazebo/share/puzzlebot_gazebo/models/aruco000_cv/meshes/aruco000.dae
[2.327s] DEBUG:colcon.colcon_core.task.python.build:While undoing a previous installation files outside the Python library path are being ignored: /home/ricard/ros2_ws_puzzlebot/install/puzzlebot_gazebo/share/puzzlebot_gazebo/models/aruco000_cv/materials/textures/4x4_50_000.png
[2.327s] DEBUG:colcon.colcon_core.task.python.build:While undoing a previous installation files outside the Python library path are being ignored: /home/ricard/ros2_ws_puzzlebot/install/puzzlebot_gazebo/share/puzzlebot_gazebo/models/puzzlebot_base/model.config
[2.327s] DEBUG:colcon.colcon_core.task.python.build:While undoing a previous installation files outside the Python library path are being ignored: /home/ricard/ros2_ws_puzzlebot/install/puzzlebot_gazebo/share/puzzlebot_gazebo/models/puzzlebot_base/model.sdf
[2.327s] DEBUG:colcon.colcon_core.task.python.build:While undoing a previous installation files outside the Python library path are being ignored: /home/ricard/ros2_ws_puzzlebot/install/puzzlebot_gazebo/share/puzzlebot_gazebo/models/puzzlebot_base/materials/textures/puzzlebot_wood_6.png
[2.327s] DEBUG:colcon.colcon_core.task.python.build:While undoing a previous installation files outside the Python library path are being ignored: /home/ricard/ros2_ws_puzzlebot/install/puzzlebot_gazebo/share/puzzlebot_gazebo/models/aruco_marker_2/model.config
[2.327s] DEBUG:colcon.colcon_core.task.python.build:While undoing a previous installation files outside the Python library path are being ignored: /home/ricard/ros2_ws_puzzlebot/install/puzzlebot_gazebo/share/puzzlebot_gazebo/models/aruco_marker_2/model.sdf
[2.327s] DEBUG:colcon.colcon_core.task.python.build:While undoing a previous installation files outside the Python library path are being ignored: /home/ricard/ros2_ws_puzzlebot/install/puzzlebot_gazebo/share/puzzlebot_gazebo/models/aruco_marker_2/materials/textures/marker2.png
[2.327s] DEBUG:colcon.colcon_core.task.python.build:While undoing a previous installation files outside the Python library path are being ignored: /home/ricard/ros2_ws_puzzlebot/install/puzzlebot_gazebo/share/puzzlebot_gazebo/models/aruco000/model.config
[2.327s] DEBUG:colcon.colcon_core.task.python.build:While undoing a previous installation files outside the Python library path are being ignored: /home/ricard/ros2_ws_puzzlebot/install/puzzlebot_gazebo/share/puzzlebot_gazebo/models/aruco000/model.sdf
[2.327s] DEBUG:colcon.colcon_core.task.python.build:While undoing a previous installation files outside the Python library path are being ignored: /home/ricard/ros2_ws_puzzlebot/install/puzzlebot_gazebo/share/puzzlebot_gazebo/models/aruco000/meshes/aruco000.dae
[2.327s] DEBUG:colcon.colcon_core.task.python.build:While undoing a previous installation files outside the Python library path are being ignored: /home/ricard/ros2_ws_puzzlebot/install/puzzlebot_gazebo/share/puzzlebot_gazebo/models/aruco000/materials/textures/16h3_000.png
[2.327s] DEBUG:colcon.colcon_core.task.python.build:While undoing a previous installation files outside the Python library path are being ignored: /home/ricard/ros2_ws_puzzlebot/install/puzzlebot_gazebo/share/puzzlebot_gazebo/models/box_brick/model.config
[2.327s] DEBUG:colcon.colcon_core.task.python.build:While undoing a previous installation files outside the Python library path are being ignored: /home/ricard/ros2_ws_puzzlebot/install/puzzlebot_gazebo/share/puzzlebot_gazebo/models/box_brick/model.sdf
[2.327s] DEBUG:colcon.colcon_core.task.python.build:While undoing a previous installation files outside the Python library path are being ignored: /home/ricard/ros2_ws_puzzlebot/install/puzzlebot_gazebo/share/puzzlebot_gazebo/models/box_brick/meshes/box_brick.dae
[2.327s] DEBUG:colcon.colcon_core.task.python.build:While undoing a previous installation files outside the Python library path are being ignored: /home/ricard/ros2_ws_puzzlebot/install/puzzlebot_gazebo/share/puzzlebot_gazebo/models/box_brick/materials/textures/0032-512x512.jpg
[2.327s] DEBUG:colcon.colcon_core.task.python.build:While undoing a previous installation files outside the Python library path are being ignored: /home/ricard/ros2_ws_puzzlebot/install/puzzlebot_gazebo/share/puzzlebot_gazebo/models/aruco003/model.config
[2.327s] DEBUG:colcon.colcon_core.task.python.build:While undoing a previous installation files outside the Python library path are being ignored: /home/ricard/ros2_ws_puzzlebot/install/puzzlebot_gazebo/share/puzzlebot_gazebo/models/aruco003/model.sdf
[2.327s] DEBUG:colcon.colcon_core.task.python.build:While undoing a previous installation files outside the Python library path are being ignored: /home/ricard/ros2_ws_puzzlebot/install/puzzlebot_gazebo/share/puzzlebot_gazebo/models/aruco003/meshes/aruco003.dae
[2.327s] DEBUG:colcon.colcon_core.task.python.build:While undoing a previous installation files outside the Python library path are being ignored: /home/ricard/ros2_ws_puzzlebot/install/puzzlebot_gazebo/share/puzzlebot_gazebo/models/aruco003/materials/textures/16h3_003.png
[2.327s] DEBUG:colcon.colcon_core.task.python.build:While undoing a previous installation files outside the Python library path are being ignored: /home/ricard/ros2_ws_puzzlebot/install/puzzlebot_gazebo/share/puzzlebot_gazebo/models/avoidance_world_2/model.config
[2.328s] DEBUG:colcon.colcon_core.task.python.build:While undoing a previous installation files outside the Python library path are being ignored: /home/ricard/ros2_ws_puzzlebot/install/puzzlebot_gazebo/share/puzzlebot_gazebo/models/avoidance_world_2/model.sdf
[2.328s] DEBUG:colcon.colcon_core.task.python.build:While undoing a previous installation files outside the Python library path are being ignored: /home/ricard/ros2_ws_puzzlebot/install/puzzlebot_gazebo/share/puzzlebot_gazebo/worlds/puzzlebot_arena_markers.world
[2.328s] DEBUG:colcon.colcon_core.task.python.build:While undoing a previous installation files outside the Python library path are being ignored: /home/ricard/ros2_ws_puzzlebot/install/puzzlebot_gazebo/share/puzzlebot_gazebo/worlds/empty.world
[2.328s] DEBUG:colcon.colcon_core.task.python.build:While undoing a previous installation files outside the Python library path are being ignored: /home/ricard/ros2_ws_puzzlebot/install/puzzlebot_gazebo/share/puzzlebot_gazebo/worlds/puzzlebot_arena.world
[2.328s] DEBUG:colcon.colcon_core.task.python.build:While undoing a previous installation files outside the Python library path are being ignored: /home/ricard/ros2_ws_puzzlebot/install/puzzlebot_gazebo/share/puzzlebot_gazebo/worlds/puzzlebot_track.world
[2.328s] DEBUG:colcon.colcon_core.task.python.build:While undoing a previous installation files outside the Python library path are being ignored: /home/ricard/ros2_ws_puzzlebot/install/puzzlebot_gazebo/share/puzzlebot_gazebo/worlds/world_box.sdf
[2.328s] DEBUG:colcon.colcon_core.task.python.build:While undoing a previous installation files outside the Python library path are being ignored: /home/ricard/ros2_ws_puzzlebot/install/puzzlebot_gazebo/share/puzzlebot_gazebo/worlds/office.world
[2.328s] DEBUG:colcon.colcon_core.task.python.build:While undoing a previous installation files outside the Python library path are being ignored: /home/ricard/ros2_ws_puzzlebot/install/puzzlebot_gazebo/share/puzzlebot_gazebo/worlds/puzzlebot_world.world
[2.328s] DEBUG:colcon.colcon_core.task.python.build:While undoing a previous installation files outside the Python library path are being ignored: /home/ricard/ros2_ws_puzzlebot/install/puzzlebot_gazebo/share/puzzlebot_gazebo/worlds/world_aruco_mip.sdf
[2.328s] DEBUG:colcon.colcon_core.task.python.build:While undoing a previous installation files outside the Python library path are being ignored: /home/ricard/ros2_ws_puzzlebot/install/puzzlebot_gazebo/share/puzzlebot_gazebo/worlds/obstacle_avoidance_4.world
[2.328s] DEBUG:colcon.colcon_core.task.python.build:While undoing a previous installation files outside the Python library path are being ignored: /home/ricard/ros2_ws_puzzlebot/install/puzzlebot_gazebo/share/puzzlebot_gazebo/worlds/obstacle_avoidance_1.world
[2.328s] DEBUG:colcon.colcon_core.task.python.build:While undoing a previous installation files outside the Python library path are being ignored: /home/ricard/ros2_ws_puzzlebot/install/puzzlebot_gazebo/share/puzzlebot_gazebo/worlds/world_empty.sdf
[2.328s] DEBUG:colcon.colcon_core.task.python.build:While undoing a previous installation files outside the Python library path are being ignored: /home/ricard/ros2_ws_puzzlebot/install/puzzlebot_gazebo/share/puzzlebot_gazebo/worlds/obstacle_avoidance_3.world
[2.328s] DEBUG:colcon.colcon_core.task.python.build:While undoing a previous installation files outside the Python library path are being ignored: /home/ricard/ros2_ws_puzzlebot/install/puzzlebot_gazebo/share/puzzlebot_gazebo/worlds/world_aruco_cv.sdf
[2.328s] DEBUG:colcon.colcon_core.task.python.build:While undoing a previous installation files outside the Python library path are being ignored: /home/ricard/ros2_ws_puzzlebot/install/puzzlebot_gazebo/share/puzzlebot_gazebo/worlds/obstacle_avoidance_2.world
[2.328s] DEBUG:colcon.colcon_core.task.python.build:While undoing a previous installation files outside the Python library path are being ignored: /home/ricard/ros2_ws_puzzlebot/install/puzzlebot_gazebo/share/puzzlebot_gazebo/worlds/puzzlebot_aruco_markers.world
[2.328s] DEBUG:colcon.colcon_core.task.python.build:While undoing a previous installation files outside the Python library path are being ignored: /home/ricard/ros2_ws_puzzlebot/install/puzzlebot_gazebo/share/puzzlebot_gazebo/worlds/office_2/model.config
[2.328s] DEBUG:colcon.colcon_core.task.python.build:While undoing a previous installation files outside the Python library path are being ignored: /home/ricard/ros2_ws_puzzlebot/install/puzzlebot_gazebo/share/puzzlebot_gazebo/worlds/office_2/model.sdf
[2.328s] DEBUG:colcon.colcon_core.task.python.build:While undoing a previous installation files outside the Python library path are being ignored: /home/ricard/ros2_ws_puzzlebot/install/puzzlebot_gazebo/share/puzzlebot_gazebo/plugins/libDiffDynamicPlugin.so
[2.329s] DEBUG:colcon.colcon_core.task.python.build:While undoing a previous installation files outside the Python library path are being ignored: /home/ricard/ros2_ws_puzzlebot/install/puzzlebot_gazebo/lib/puzzlebot_gazebo/puzzlebot_gazebo
[2.355s] DEBUG:colcon.colcon_core.event_handler.log_command:Invoking command in '/home/ricard/ros2_ws_puzzlebot/build/puzzlebot_gazebo': PYTHONPATH=/home/ricard/ros2_ws_puzzlebot/build/puzzlebot_gazebo/prefix_override:/usr/lib/python3/dist-packages/colcon_core/task/python/colcon_distutils_commands:/home/ricard/ros2_ws_puzzlebot/install/puzzlebot_gazebo/lib/python3.10/site-packages:${PYTHONPATH} /usr/bin/python3 -W ignore:setup.py install is deprecated -W ignore:easy_install command is deprecated setup.py develop --editable --build-directory /home/ricard/ros2_ws_puzzlebot/build/puzzlebot_gazebo/build --no-deps symlink_data --force
[2.357s] DEBUG:colcon.colcon_core.task.python.build:While undoing a previous installation files outside the Python library path are being ignored: /home/ricard/ros2_ws_puzzlebot/install/mobile_robotics/share/ament_index/resource_index/packages/mobile_robotics
[2.357s] DEBUG:colcon.colcon_core.task.python.build:While undoing a previous installation files outside the Python library path are being ignored: /home/ricard/ros2_ws_puzzlebot/install/mobile_robotics/share/mobile_robotics/package.xml
[2.357s] DEBUG:colcon.colcon_core.task.python.build:While undoing a previous installation files outside the Python library path are being ignored: /home/ricard/ros2_ws_puzzlebot/install/mobile_robotics/share/mobile_robotics/launch/move_forward.launch.py
[2.357s] DEBUG:colcon.colcon_core.task.python.build:While undoing a previous installation files outside the Python library path are being ignored: /home/ricard/ros2_ws_puzzlebot/install/mobile_robotics/lib/mobile_robotics/move_forward
[2.357s] DEBUG:colcon.colcon_core.task.python.build:While undoing a previous installation files outside the Python library path are being ignored: /home/ricard/ros2_ws_puzzlebot/install/mobile_robotics/lib/mobile_robotics/move_forward_distance
[2.357s] DEBUG:colcon.colcon_core.task.python.build:While undoing a previous installation files outside the Python library path are being ignored: /home/ricard/ros2_ws_puzzlebot/install/mobile_robotics/lib/mobile_robotics/pub_sub_with_classes
[2.358s] DEBUG:colcon.colcon_core.task.python.build:While undoing a previous installation files outside the Python library path are being ignored: /home/ricard/ros2_ws_puzzlebot/install/mobile_robotics/lib/mobile_robotics/test_node
[2.362s] DEBUG:colcon.colcon_core.event_handler.log_command:Invoking command in '/home/ricard/ros2_ws_puzzlebot/build/mobile_robotics': PYTHONPATH=/home/ricard/ros2_ws_puzzlebot/build/mobile_robotics/prefix_override:/usr/lib/python3/dist-packages/colcon_core/task/python/colcon_distutils_commands:/home/ricard/ros2_ws_puzzlebot/install/mobile_robotics/lib/python3.10/site-packages:${PYTHONPATH} /usr/bin/python3 -W ignore:setup.py install is deprecated -W ignore:easy_install command is deprecated setup.py develop --editable --build-directory /home/ricard/ros2_ws_puzzlebot/build/mobile_robotics/build --no-deps symlink_data --force
[3.067s] Level 1:colcon.colcon_core.shell:create_environment_hook('puzzlebot_description', 'pythonpath_develop')
[3.067s] INFO:colcon.colcon_core.shell:Creating environment hook '/home/ricard/ros2_ws_puzzlebot/build/puzzlebot_description/share/puzzlebot_description/hook/pythonpath_develop.ps1'
[3.069s] DEBUG:colcon.colcon_core.event_handler.log_command:Invoked command in '/home/ricard/ros2_ws_puzzlebot/build/puzzlebot_description' returned '0': PYTHONPATH=/home/ricard/ros2_ws_puzzlebot/build/puzzlebot_description/prefix_override:/usr/lib/python3/dist-packages/colcon_core/task/python/colcon_distutils_commands:/home/ricard/ros2_ws_puzzlebot/install/puzzlebot_description/lib/python3.10/site-packages:${PYTHONPATH} /usr/bin/python3 -W ignore:setup.py install is deprecated -W ignore:easy_install command is deprecated setup.py develop --editable --build-directory /home/ricard/ros2_ws_puzzlebot/build/puzzlebot_description/build --no-deps symlink_data --force
[3.070s] INFO:colcon.colcon_core.shell:Creating environment descriptor '/home/ricard/ros2_ws_puzzlebot/build/puzzlebot_description/share/puzzlebot_description/hook/pythonpath_develop.dsv'
[3.072s] INFO:colcon.colcon_core.shell:Creating environment hook '/home/ricard/ros2_ws_puzzlebot/build/puzzlebot_description/share/puzzlebot_description/hook/pythonpath_develop.sh'
[3.082s] Level 1:colcon.colcon_core.environment:checking '/home/ricard/ros2_ws_puzzlebot/install/puzzlebot_description' for CMake module files
[3.083s] Level 1:colcon.colcon_core.environment:checking '/home/ricard/ros2_ws_puzzlebot/install/puzzlebot_description' for CMake config files
[3.085s] Level 1:colcon.colcon_core.environment:checking '/home/ricard/ros2_ws_puzzlebot/install/puzzlebot_description/lib'
[3.085s] Level 1:colcon.colcon_core.environment:checking '/home/ricard/ros2_ws_puzzlebot/install/puzzlebot_description/bin'
[3.085s] Level 1:colcon.colcon_core.environment:checking '/home/ricard/ros2_ws_puzzlebot/install/puzzlebot_description/lib/pkgconfig/puzzlebot_description.pc'
[3.085s] Level 1:colcon.colcon_core.environment:checking '/home/ricard/ros2_ws_puzzlebot/install/puzzlebot_description/lib/python3.10/site-packages'
[3.085s] Level 1:colcon.colcon_core.shell:create_environment_hook('puzzlebot_description', 'pythonpath')
[3.086s] INFO:colcon.colcon_core.shell:Creating environment hook '/home/ricard/ros2_ws_puzzlebot/install/puzzlebot_description/share/puzzlebot_description/hook/pythonpath.ps1'
[3.087s] INFO:colcon.colcon_core.shell:Creating environment descriptor '/home/ricard/ros2_ws_puzzlebot/install/puzzlebot_description/share/puzzlebot_description/hook/pythonpath.dsv'
[3.087s] INFO:colcon.colcon_core.shell:Creating environment hook '/home/ricard/ros2_ws_puzzlebot/install/puzzlebot_description/share/puzzlebot_description/hook/pythonpath.sh'
[3.088s] Level 1:colcon.colcon_core.environment:checking '/home/ricard/ros2_ws_puzzlebot/install/puzzlebot_description/bin'
[3.088s] Level 1:colcon.colcon_core.environment:create_environment_scripts_only(puzzlebot_description)
[3.089s] INFO:colcon.colcon_core.shell:Creating package script '/home/ricard/ros2_ws_puzzlebot/install/puzzlebot_description/share/puzzlebot_description/package.ps1'
[3.091s] INFO:colcon.colcon_core.shell:Creating package descriptor '/home/ricard/ros2_ws_puzzlebot/install/puzzlebot_description/share/puzzlebot_description/package.dsv'
[3.092s] INFO:colcon.colcon_core.shell:Creating package script '/home/ricard/ros2_ws_puzzlebot/install/puzzlebot_description/share/puzzlebot_description/package.sh'
[3.094s] INFO:colcon.colcon_core.shell:Creating package script '/home/ricard/ros2_ws_puzzlebot/install/puzzlebot_description/share/puzzlebot_description/package.bash'
[3.096s] INFO:colcon.colcon_core.shell:Creating package script '/home/ricard/ros2_ws_puzzlebot/install/puzzlebot_description/share/puzzlebot_description/package.zsh'
[3.097s] Level 1:colcon.colcon_core.environment:create_file_with_runtime_dependencies(/home/ricard/ros2_ws_puzzlebot/install/puzzlebot_description/share/colcon-core/packages/puzzlebot_description)
[3.104s] Level 1:colcon.colcon_core.shell:create_environment_hook('mobile_robotics', 'pythonpath_develop')
[3.105s] INFO:colcon.colcon_core.shell:Creating environment hook '/home/ricard/ros2_ws_puzzlebot/build/mobile_robotics/share/mobile_robotics/hook/pythonpath_develop.ps1'
[3.106s] DEBUG:colcon.colcon_core.event_handler.log_command:Invoked command in '/home/ricard/ros2_ws_puzzlebot/build/mobile_robotics' returned '0': PYTHONPATH=/home/ricard/ros2_ws_puzzlebot/build/mobile_robotics/prefix_override:/usr/lib/python3/dist-packages/colcon_core/task/python/colcon_distutils_commands:/home/ricard/ros2_ws_puzzlebot/install/mobile_robotics/lib/python3.10/site-packages:${PYTHONPATH} /usr/bin/python3 -W ignore:setup.py install is deprecated -W ignore:easy_install command is deprecated setup.py develop --editable --build-directory /home/ricard/ros2_ws_puzzlebot/build/mobile_robotics/build --no-deps symlink_data --force
[3.106s] INFO:colcon.colcon_core.shell:Creating environment descriptor '/home/ricard/ros2_ws_puzzlebot/build/mobile_robotics/share/mobile_robotics/hook/pythonpath_develop.dsv'
[3.107s] INFO:colcon.colcon_core.shell:Creating environment hook '/home/ricard/ros2_ws_puzzlebot/build/mobile_robotics/share/mobile_robotics/hook/pythonpath_develop.sh'
[3.108s] Level 1:colcon.colcon_core.environment:checking '/home/ricard/ros2_ws_puzzlebot/install/mobile_robotics' for CMake module files
[3.109s] Level 1:colcon.colcon_core.environment:checking '/home/ricard/ros2_ws_puzzlebot/install/mobile_robotics' for CMake config files
[3.110s] Level 1:colcon.colcon_core.environment:checking '/home/ricard/ros2_ws_puzzlebot/install/mobile_robotics/lib'
[3.111s] Level 1:colcon.colcon_core.environment:checking '/home/ricard/ros2_ws_puzzlebot/install/mobile_robotics/bin'
[3.111s] Level 1:colcon.colcon_core.environment:checking '/home/ricard/ros2_ws_puzzlebot/install/mobile_robotics/lib/pkgconfig/mobile_robotics.pc'
[3.111s] Level 1:colcon.colcon_core.environment:checking '/home/ricard/ros2_ws_puzzlebot/install/mobile_robotics/lib/python3.10/site-packages'
[3.111s] Level 1:colcon.colcon_core.shell:create_environment_hook('mobile_robotics', 'pythonpath')
[3.111s] INFO:colcon.colcon_core.shell:Creating environment hook '/home/ricard/ros2_ws_puzzlebot/install/mobile_robotics/share/mobile_robotics/hook/pythonpath.ps1'
[3.112s] INFO:colcon.colcon_core.shell:Creating environment descriptor '/home/ricard/ros2_ws_puzzlebot/install/mobile_robotics/share/mobile_robotics/hook/pythonpath.dsv'
[3.113s] INFO:colcon.colcon_core.shell:Creating environment hook '/home/ricard/ros2_ws_puzzlebot/install/mobile_robotics/share/mobile_robotics/hook/pythonpath.sh'
[3.114s] Level 1:colcon.colcon_core.environment:checking '/home/ricard/ros2_ws_puzzlebot/install/mobile_robotics/bin'
[3.114s] Level 1:colcon.colcon_core.environment:create_environment_scripts_only(mobile_robotics)
[3.115s] INFO:colcon.colcon_core.shell:Creating package script '/home/ricard/ros2_ws_puzzlebot/install/mobile_robotics/share/mobile_robotics/package.ps1'
[3.116s] INFO:colcon.colcon_core.shell:Creating package descriptor '/home/ricard/ros2_ws_puzzlebot/install/mobile_robotics/share/mobile_robotics/package.dsv'
[3.117s] INFO:colcon.colcon_core.shell:Creating package script '/home/ricard/ros2_ws_puzzlebot/install/mobile_robotics/share/mobile_robotics/package.sh'
[3.118s] INFO:colcon.colcon_core.shell:Creating package script '/home/ricard/ros2_ws_puzzlebot/install/mobile_robotics/share/mobile_robotics/package.bash'
[3.118s] INFO:colcon.colcon_core.shell:Creating package script '/home/ricard/ros2_ws_puzzlebot/install/mobile_robotics/share/mobile_robotics/package.zsh'
[3.119s] Level 1:colcon.colcon_core.environment:create_file_with_runtime_dependencies(/home/ricard/ros2_ws_puzzlebot/install/mobile_robotics/share/colcon-core/packages/mobile_robotics)
[3.150s] Level 1:colcon.colcon_core.shell:create_environment_hook('puzzlebot_gazebo', 'pythonpath_develop')
[3.151s] INFO:colcon.colcon_core.shell:Creating environment hook '/home/ricard/ros2_ws_puzzlebot/build/puzzlebot_gazebo/share/puzzlebot_gazebo/hook/pythonpath_develop.ps1'
[3.151s] DEBUG:colcon.colcon_core.event_handler.log_command:Invoked command in '/home/ricard/ros2_ws_puzzlebot/build/puzzlebot_gazebo' returned '0': PYTHONPATH=/home/ricard/ros2_ws_puzzlebot/build/puzzlebot_gazebo/prefix_override:/usr/lib/python3/dist-packages/colcon_core/task/python/colcon_distutils_commands:/home/ricard/ros2_ws_puzzlebot/install/puzzlebot_gazebo/lib/python3.10/site-packages:${PYTHONPATH} /usr/bin/python3 -W ignore:setup.py install is deprecated -W ignore:easy_install command is deprecated setup.py develop --editable --build-directory /home/ricard/ros2_ws_puzzlebot/build/puzzlebot_gazebo/build --no-deps symlink_data --force
[3.152s] INFO:colcon.colcon_core.shell:Creating environment descriptor '/home/ricard/ros2_ws_puzzlebot/build/puzzlebot_gazebo/share/puzzlebot_gazebo/hook/pythonpath_develop.dsv'
[3.153s] INFO:colcon.colcon_core.shell:Creating environment hook '/home/ricard/ros2_ws_puzzlebot/build/puzzlebot_gazebo/share/puzzlebot_gazebo/hook/pythonpath_develop.sh'
[3.153s] Level 1:colcon.colcon_core.environment:checking '/home/ricard/ros2_ws_puzzlebot/install/puzzlebot_gazebo' for CMake module files
[3.154s] Level 1:colcon.colcon_core.environment:checking '/home/ricard/ros2_ws_puzzlebot/install/puzzlebot_gazebo' for CMake config files
[3.161s] Level 1:colcon.colcon_core.environment:checking '/home/ricard/ros2_ws_puzzlebot/install/puzzlebot_gazebo/lib'
[3.161s] Level 1:colcon.colcon_core.environment:checking '/home/ricard/ros2_ws_puzzlebot/install/puzzlebot_gazebo/bin'
[3.162s] Level 1:colcon.colcon_core.environment:checking '/home/ricard/ros2_ws_puzzlebot/install/puzzlebot_gazebo/lib/pkgconfig/puzzlebot_gazebo.pc'
[3.162s] Level 1:colcon.colcon_core.environment:checking '/home/ricard/ros2_ws_puzzlebot/install/puzzlebot_gazebo/lib/python3.10/site-packages'
[3.162s] Level 1:colcon.colcon_core.shell:create_environment_hook('puzzlebot_gazebo', 'pythonpath')
[3.162s] INFO:colcon.colcon_core.shell:Creating environment hook '/home/ricard/ros2_ws_puzzlebot/install/puzzlebot_gazebo/share/puzzlebot_gazebo/hook/pythonpath.ps1'
[3.163s] INFO:colcon.colcon_core.shell:Creating environment descriptor '/home/ricard/ros2_ws_puzzlebot/install/puzzlebot_gazebo/share/puzzlebot_gazebo/hook/pythonpath.dsv'
[3.164s] INFO:colcon.colcon_core.shell:Creating environment hook '/home/ricard/ros2_ws_puzzlebot/install/puzzlebot_gazebo/share/puzzlebot_gazebo/hook/pythonpath.sh'
[3.164s] Level 1:colcon.colcon_core.environment:checking '/home/ricard/ros2_ws_puzzlebot/install/puzzlebot_gazebo/bin'
[3.165s] Level 1:colcon.colcon_core.environment:create_environment_scripts_only(puzzlebot_gazebo)
[3.165s] INFO:colcon.colcon_core.shell:Creating package script '/home/ricard/ros2_ws_puzzlebot/install/puzzlebot_gazebo/share/puzzlebot_gazebo/package.ps1'
[3.166s] INFO:colcon.colcon_core.shell:Creating package descriptor '/home/ricard/ros2_ws_puzzlebot/install/puzzlebot_gazebo/share/puzzlebot_gazebo/package.dsv'
[3.167s] INFO:colcon.colcon_core.shell:Creating package script '/home/ricard/ros2_ws_puzzlebot/install/puzzlebot_gazebo/share/puzzlebot_gazebo/package.sh'
[3.167s] INFO:colcon.colcon_core.shell:Creating package script '/home/ricard/ros2_ws_puzzlebot/install/puzzlebot_gazebo/share/puzzlebot_gazebo/package.bash'
[3.168s] INFO:colcon.colcon_core.shell:Creating package script '/home/ricard/ros2_ws_puzzlebot/install/puzzlebot_gazebo/share/puzzlebot_gazebo/package.zsh'
[3.168s] Level 1:colcon.colcon_core.environment:create_file_with_runtime_dependencies(/home/ricard/ros2_ws_puzzlebot/install/puzzlebot_gazebo/share/colcon-core/packages/puzzlebot_gazebo)
[3.169s] DEBUG:colcon.colcon_parallel_executor.executor.parallel:closing loop
[3.169s] DEBUG:colcon.colcon_parallel_executor.executor.parallel:loop closed
[3.169s] DEBUG:colcon.colcon_parallel_executor.executor.parallel:run_until_complete finished with '0'
[3.169s] DEBUG:colcon.colcon_core.event_reactor:joining thread
[3.179s] INFO:colcon.colcon_core.plugin_system:Skipping extension 'colcon_notification.desktop_notification.terminal_notifier': Not used on non-Darwin systems
[3.179s] INFO:colcon.colcon_core.plugin_system:Skipping extension 'colcon_notification.desktop_notification.win32': Not used on non-Windows systems
[3.179s] INFO:colcon.colcon_notification.desktop_notification:Sending desktop notification using 'notify2'
[3.194s] DEBUG:colcon.colcon_core.event_reactor:joined thread
[3.195s] INFO:colcon.colcon_core.shell:Creating prefix script '/home/ricard/ros2_ws_puzzlebot/install/local_setup.ps1'
[3.196s] INFO:colcon.colcon_core.shell:Creating prefix util module '/home/ricard/ros2_ws_puzzlebot/install/_local_setup_util_ps1.py'
[3.199s] INFO:colcon.colcon_core.shell:Creating prefix chain script '/home/ricard/ros2_ws_puzzlebot/install/setup.ps1'
[3.201s] INFO:colcon.colcon_core.shell:Creating prefix script '/home/ricard/ros2_ws_puzzlebot/install/local_setup.sh'
[3.202s] INFO:colcon.colcon_core.shell:Creating prefix util module '/home/ricard/ros2_ws_puzzlebot/install/_local_setup_util_sh.py'
[3.203s] INFO:colcon.colcon_core.shell:Creating prefix chain script '/home/ricard/ros2_ws_puzzlebot/install/setup.sh'
[3.205s] INFO:colcon.colcon_core.shell:Creating prefix script '/home/ricard/ros2_ws_puzzlebot/install/local_setup.bash'
[3.206s] INFO:colcon.colcon_core.shell:Creating prefix chain script '/home/ricard/ros2_ws_puzzlebot/install/setup.bash'
[3.208s] INFO:colcon.colcon_core.shell:Creating prefix script '/home/ricard/ros2_ws_puzzlebot/install/local_setup.zsh'
[3.209s] INFO:colcon.colcon_core.shell:Creating prefix chain script '/home/ricard/ros2_ws_puzzlebot/install/setup.zsh'
