[1.776s] Invoking command in '/home/ricard/ros2_ws_puzzlebot/build/puzzlebot_gazebo': PYTHONPATH=/home/ricard/ros2_ws_puzzlebot/build/puzzlebot_gazebo/prefix_override:/usr/lib/python3/dist-packages/colcon_core/task/python/colcon_distutils_commands:/home/ricard/ros2_ws_puzzlebot/install/puzzlebot_gazebo/lib/python3.10/site-packages:${PYTHONPATH} /usr/bin/python3 -W ignore:setup.py install is deprecated -W ignore:easy_install command is deprecated setup.py develop --editable --build-directory /home/ricard/ros2_ws_puzzlebot/build/puzzlebot_gazebo/build --no-deps symlink_data --force
[2.188s] running develop
[2.436s] running egg_info
[2.436s] writing puzzlebot_gazebo.egg-info/PKG-INFO
[2.437s] writing dependency_links to puzzlebot_gazebo.egg-info/dependency_links.txt
[2.437s] writing entry points to puzzlebot_gazebo.egg-info/entry_points.txt
[2.437s] writing requirements to puzzlebot_gazebo.egg-info/requires.txt
[2.437s] writing top-level names to puzzlebot_gazebo.egg-info/top_level.txt
[2.443s] reading manifest file 'puzzlebot_gazebo.egg-info/SOURCES.txt'
[2.452s] writing manifest file 'puzzlebot_gazebo.egg-info/SOURCES.txt'
[2.455s] running build_ext
[2.455s] Creating /home/ricard/ros2_ws_puzzlebot/install/puzzlebot_gazebo/lib/python3.10/site-packages/puzzlebot-gazebo.egg-link (link to .)
[2.456s] Installing puzzlebot_gazebo script to /home/ricard/ros2_ws_puzzlebot/install/puzzlebot_gazebo/lib/puzzlebot_gazebo
[2.456s] 
[2.457s] Installed /home/ricard/ros2_ws_puzzlebot/build/puzzlebot_gazebo
[2.457s] running symlink_data
[2.457s] symbolically linking /home/ricard/ros2_ws_puzzlebot/build/puzzlebot_gazebo/resource/puzzlebot_gazebo -> /home/ricard/ros2_ws_puzzlebot/install/puzzlebot_gazebo/share/ament_index/resource_index/packages
[2.457s] symbolically linking /home/ricard/ros2_ws_puzzlebot/build/puzzlebot_gazebo/package.xml -> /home/ricard/ros2_ws_puzzlebot/install/puzzlebot_gazebo/share/puzzlebot_gazebo
[2.457s] symbolically linking /home/ricard/ros2_ws_puzzlebot/build/puzzlebot_gazebo/launch/gazebo_example_launch.py -> /home/ricard/ros2_ws_puzzlebot/install/puzzlebot_gazebo/share/puzzlebot_gazebo/launch
[2.457s] symbolically linking /home/ricard/ros2_ws_puzzlebot/build/puzzlebot_gazebo/config/puzzlebot_jetson_ed.yaml -> /home/ricard/ros2_ws_puzzlebot/install/puzzlebot_gazebo/share/puzzlebot_gazebo/config
[2.457s] symbolically linking /home/ricard/ros2_ws_puzzlebot/build/puzzlebot_gazebo/config/puzzlebot_hacker_ed.yaml -> /home/ricard/ros2_ws_puzzlebot/install/puzzlebot_gazebo/share/puzzlebot_gazebo/config
[2.458s] symbolically linking /home/ricard/ros2_ws_puzzlebot/build/puzzlebot_gazebo/config/puzzlebot_jetson_lidar_ed.yaml -> /home/ricard/ros2_ws_puzzlebot/install/puzzlebot_gazebo/share/puzzlebot_gazebo/config
[2.458s] symbolically linking /home/ricard/ros2_ws_puzzlebot/build/puzzlebot_gazebo/models/puzzlebot/model.config -> /home/ricard/ros2_ws_puzzlebot/install/puzzlebot_gazebo/share/puzzlebot_gazebo/models/puzzlebot
[2.458s] symbolically linking /home/ricard/ros2_ws_puzzlebot/build/puzzlebot_gazebo/models/puzzlebot/model.sdf -> /home/ricard/ros2_ws_puzzlebot/install/puzzlebot_gazebo/share/puzzlebot_gazebo/models/puzzlebot
[2.459s] symbolically linking /home/ricard/ros2_ws_puzzlebot/build/puzzlebot_gazebo/models/puzzlebot/meshes/box1-5.blend -> /home/ricard/ros2_ws_puzzlebot/install/puzzlebot_gazebo/share/puzzlebot_gazebo/models/puzzlebot/meshes
[2.459s] symbolically linking /home/ricard/ros2_ws_puzzlebot/build/puzzlebot_gazebo/models/puzzlebot/meshes/chassis.stl -> /home/ricard/ros2_ws_puzzlebot/install/puzzlebot_gazebo/share/puzzlebot_gazebo/models/puzzlebot/meshes
[2.459s] symbolically linking /home/ricard/ros2_ws_puzzlebot/build/puzzlebot_gazebo/models/puzzlebot/meshes/box13_16.blend -> /home/ricard/ros2_ws_puzzlebot/install/puzzlebot_gazebo/share/puzzlebot_gazebo/models/puzzlebot/meshes
[2.460s] symbolically linking /home/ricard/ros2_ws_puzzlebot/build/puzzlebot_gazebo/models/puzzlebot/meshes/world_wall1.blend1 -> /home/ricard/ros2_ws_puzzlebot/install/puzzlebot_gazebo/share/puzzlebot_gazebo/models/puzzlebot/meshes
[2.460s] symbolically linking /home/ricard/ros2_ws_puzzlebot/build/puzzlebot_gazebo/models/puzzlebot/meshes/box9_12.blend -> /home/ricard/ros2_ws_puzzlebot/install/puzzlebot_gazebo/share/puzzlebot_gazebo/models/puzzlebot/meshes
[2.460s] symbolically linking /home/ricard/ros2_ws_puzzlebot/build/puzzlebot_gazebo/models/puzzlebot/meshes/chassis1.blend -> /home/ricard/ros2_ws_puzzlebot/install/puzzlebot_gazebo/share/puzzlebot_gazebo/models/puzzlebot/meshes
[2.461s] symbolically linking /home/ricard/ros2_ws_puzzlebot/build/puzzlebot_gazebo/models/puzzlebot/meshes/camera.stl -> /home/ricard/ros2_ws_puzzlebot/install/puzzlebot_gazebo/share/puzzlebot_gazebo/models/puzzlebot/meshes
[2.461s] symbolically linking /home/ricard/ros2_ws_puzzlebot/build/puzzlebot_gazebo/models/puzzlebot/meshes/wheel.blend -> /home/ricard/ros2_ws_puzzlebot/install/puzzlebot_gazebo/share/puzzlebot_gazebo/models/puzzlebot/meshes
[2.461s] symbolically linking /home/ricard/ros2_ws_puzzlebot/build/puzzlebot_gazebo/models/puzzlebot/meshes/box5_8.blend -> /home/ricard/ros2_ws_puzzlebot/install/puzzlebot_gazebo/share/puzzlebot_gazebo/models/puzzlebot/meshes
[2.461s] symbolically linking /home/ricard/ros2_ws_puzzlebot/build/puzzlebot_gazebo/models/puzzlebot/meshes/box5_8.blend1 -> /home/ricard/ros2_ws_puzzlebot/install/puzzlebot_gazebo/share/puzzlebot_gazebo/models/puzzlebot/meshes
[2.462s] symbolically linking /home/ricard/ros2_ws_puzzlebot/build/puzzlebot_gazebo/models/puzzlebot/meshes/wheel.dae -> /home/ricard/ros2_ws_puzzlebot/install/puzzlebot_gazebo/share/puzzlebot_gazebo/models/puzzlebot/meshes
[2.463s] symbolically linking /home/ricard/ros2_ws_puzzlebot/build/puzzlebot_gazebo/models/puzzlebot/meshes/chassis1.dae -> /home/ricard/ros2_ws_puzzlebot/install/puzzlebot_gazebo/share/puzzlebot_gazebo/models/puzzlebot/meshes
[2.463s] symbolically linking /home/ricard/ros2_ws_puzzlebot/build/puzzlebot_gazebo/models/puzzlebot/meshes/world_wall1.blend -> /home/ricard/ros2_ws_puzzlebot/install/puzzlebot_gazebo/share/puzzlebot_gazebo/models/puzzlebot/meshes
[2.463s] symbolically linking /home/ricard/ros2_ws_puzzlebot/build/puzzlebot_gazebo/models/puzzlebot/meshes/box1_4.blend1 -> /home/ricard/ros2_ws_puzzlebot/install/puzzlebot_gazebo/share/puzzlebot_gazebo/models/puzzlebot/meshes
[2.463s] symbolically linking /home/ricard/ros2_ws_puzzlebot/build/puzzlebot_gazebo/models/puzzlebot/meshes/wheel.blend1 -> /home/ricard/ros2_ws_puzzlebot/install/puzzlebot_gazebo/share/puzzlebot_gazebo/models/puzzlebot/meshes
[2.463s] symbolically linking /home/ricard/ros2_ws_puzzlebot/build/puzzlebot_gazebo/models/puzzlebot/meshes/chassis1.blend1 -> /home/ricard/ros2_ws_puzzlebot/install/puzzlebot_gazebo/share/puzzlebot_gazebo/models/puzzlebot/meshes
[2.464s] symbolically linking /home/ricard/ros2_ws_puzzlebot/build/puzzlebot_gazebo/models/puzzlebot/meshes/wheel.stl -> /home/ricard/ros2_ws_puzzlebot/install/puzzlebot_gazebo/share/puzzlebot_gazebo/models/puzzlebot/meshes
[2.464s] symbolically linking /home/ricard/ros2_ws_puzzlebot/build/puzzlebot_gazebo/models/avoidance_world_4/model.config -> /home/ricard/ros2_ws_puzzlebot/install/puzzlebot_gazebo/share/puzzlebot_gazebo/models/avoidance_world_4
[2.465s] symbolically linking /home/ricard/ros2_ws_puzzlebot/build/puzzlebot_gazebo/models/avoidance_world_4/model.sdf -> /home/ricard/ros2_ws_puzzlebot/install/puzzlebot_gazebo/share/puzzlebot_gazebo/models/avoidance_world_4
[2.465s] symbolically linking /home/ricard/ros2_ws_puzzlebot/build/puzzlebot_gazebo/models/red_colored_box/model.config -> /home/ricard/ros2_ws_puzzlebot/install/puzzlebot_gazebo/share/puzzlebot_gazebo/models/red_colored_box
[2.465s] symbolically linking /home/ricard/ros2_ws_puzzlebot/build/puzzlebot_gazebo/models/red_colored_box/model.sdf -> /home/ricard/ros2_ws_puzzlebot/install/puzzlebot_gazebo/share/puzzlebot_gazebo/models/red_colored_box
[2.465s] symbolically linking /home/ricard/ros2_ws_puzzlebot/build/puzzlebot_gazebo/models/puzzlebot_camera/model.config -> /home/ricard/ros2_ws_puzzlebot/install/puzzlebot_gazebo/share/puzzlebot_gazebo/models/puzzlebot_camera
[2.465s] symbolically linking /home/ricard/ros2_ws_puzzlebot/build/puzzlebot_gazebo/models/puzzlebot_camera/model.sdf -> /home/ricard/ros2_ws_puzzlebot/install/puzzlebot_gazebo/share/puzzlebot_gazebo/models/puzzlebot_camera
[2.466s] symbolically linking /home/ricard/ros2_ws_puzzlebot/build/puzzlebot_gazebo/models/puzzlebot_camera/meshes/wheel.dae -> /home/ricard/ros2_ws_puzzlebot/install/puzzlebot_gazebo/share/puzzlebot_gazebo/models/puzzlebot_camera/meshes
[2.467s] symbolically linking /home/ricard/ros2_ws_puzzlebot/build/puzzlebot_gazebo/models/puzzlebot_camera/meshes/chassis1.dae -> /home/ricard/ros2_ws_puzzlebot/install/puzzlebot_gazebo/share/puzzlebot_gazebo/models/puzzlebot_camera/meshes
[2.467s] symbolically linking /home/ricard/ros2_ws_puzzlebot/build/puzzlebot_gazebo/models/aruco_marker_4/model.config -> /home/ricard/ros2_ws_puzzlebot/install/puzzlebot_gazebo/share/puzzlebot_gazebo/models/aruco_marker_4
[2.468s] symbolically linking /home/ricard/ros2_ws_puzzlebot/build/puzzlebot_gazebo/models/aruco_marker_4/model.sdf -> /home/ricard/ros2_ws_puzzlebot/install/puzzlebot_gazebo/share/puzzlebot_gazebo/models/aruco_marker_4
[2.468s] symbolically linking /home/ricard/ros2_ws_puzzlebot/build/puzzlebot_gazebo/models/aruco_marker_4/materials/textures/marker4.png -> /home/ricard/ros2_ws_puzzlebot/install/puzzlebot_gazebo/share/puzzlebot_gazebo/models/aruco_marker_4/materials/textures
[2.468s] symbolically linking /home/ricard/ros2_ws_puzzlebot/build/puzzlebot_gazebo/models/aruco_marker_3/model.config -> /home/ricard/ros2_ws_puzzlebot/install/puzzlebot_gazebo/share/puzzlebot_gazebo/models/aruco_marker_3
[2.468s] symbolically linking /home/ricard/ros2_ws_puzzlebot/build/puzzlebot_gazebo/models/aruco_marker_3/model.sdf -> /home/ricard/ros2_ws_puzzlebot/install/puzzlebot_gazebo/share/puzzlebot_gazebo/models/aruco_marker_3
[2.468s] symbolically linking /home/ricard/ros2_ws_puzzlebot/build/puzzlebot_gazebo/models/aruco_marker_3/materials/textures/marker3.png -> /home/ricard/ros2_ws_puzzlebot/install/puzzlebot_gazebo/share/puzzlebot_gazebo/models/aruco_marker_3/materials/textures
[2.468s] symbolically linking /home/ricard/ros2_ws_puzzlebot/build/puzzlebot_gazebo/models/blue_colored_box/model.config -> /home/ricard/ros2_ws_puzzlebot/install/puzzlebot_gazebo/share/puzzlebot_gazebo/models/blue_colored_box
[2.468s] symbolically linking /home/ricard/ros2_ws_puzzlebot/build/puzzlebot_gazebo/models/blue_colored_box/model.sdf -> /home/ricard/ros2_ws_puzzlebot/install/puzzlebot_gazebo/share/puzzlebot_gazebo/models/blue_colored_box
[2.468s] symbolically linking /home/ricard/ros2_ws_puzzlebot/build/puzzlebot_gazebo/models/arena_a_frame/model.config -> /home/ricard/ros2_ws_puzzlebot/install/puzzlebot_gazebo/share/puzzlebot_gazebo/models/arena_a_frame
[2.469s] symbolically linking /home/ricard/ros2_ws_puzzlebot/build/puzzlebot_gazebo/models/arena_a_frame/model.sdf -> /home/ricard/ros2_ws_puzzlebot/install/puzzlebot_gazebo/share/puzzlebot_gazebo/models/arena_a_frame
[2.469s] symbolically linking /home/ricard/ros2_ws_puzzlebot/build/puzzlebot_gazebo/models/arena_a_frame/meshes/MCR2_arena_side.stl -> /home/ricard/ros2_ws_puzzlebot/install/puzzlebot_gazebo/share/puzzlebot_gazebo/models/arena_a_frame/meshes
[2.470s] symbolically linking /home/ricard/ros2_ws_puzzlebot/build/puzzlebot_gazebo/models/arena_a_frame/materials/textures/mcr2_banner.png -> /home/ricard/ros2_ws_puzzlebot/install/puzzlebot_gazebo/share/puzzlebot_gazebo/models/arena_a_frame/materials/textures
[2.470s] symbolically linking /home/ricard/ros2_ws_puzzlebot/build/puzzlebot_gazebo/models/goal_marker_2/model.config -> /home/ricard/ros2_ws_puzzlebot/install/puzzlebot_gazebo/share/puzzlebot_gazebo/models/goal_marker_2
[2.470s] symbolically linking /home/ricard/ros2_ws_puzzlebot/build/puzzlebot_gazebo/models/goal_marker_2/model.sdf -> /home/ricard/ros2_ws_puzzlebot/install/puzzlebot_gazebo/share/puzzlebot_gazebo/models/goal_marker_2
[2.470s] symbolically linking /home/ricard/ros2_ws_puzzlebot/build/puzzlebot_gazebo/models/goal_marker_2/materials/textures/mcr2_goal_2.png -> /home/ricard/ros2_ws_puzzlebot/install/puzzlebot_gazebo/share/puzzlebot_gazebo/models/goal_marker_2/materials/textures
[2.470s] symbolically linking /home/ricard/ros2_ws_puzzlebot/build/puzzlebot_gazebo/models/yellow_colored_box/model.config -> /home/ricard/ros2_ws_puzzlebot/install/puzzlebot_gazebo/share/puzzlebot_gazebo/models/yellow_colored_box
[2.470s] symbolically linking /home/ricard/ros2_ws_puzzlebot/build/puzzlebot_gazebo/models/yellow_colored_box/model.sdf -> /home/ricard/ros2_ws_puzzlebot/install/puzzlebot_gazebo/share/puzzlebot_gazebo/models/yellow_colored_box
[2.471s] symbolically linking /home/ricard/ros2_ws_puzzlebot/build/puzzlebot_gazebo/models/aruco002_cv/model.config -> /home/ricard/ros2_ws_puzzlebot/install/puzzlebot_gazebo/share/puzzlebot_gazebo/models/aruco002_cv
[2.471s] symbolically linking /home/ricard/ros2_ws_puzzlebot/build/puzzlebot_gazebo/models/aruco002_cv/model.sdf -> /home/ricard/ros2_ws_puzzlebot/install/puzzlebot_gazebo/share/puzzlebot_gazebo/models/aruco002_cv
[2.471s] symbolically linking /home/ricard/ros2_ws_puzzlebot/build/puzzlebot_gazebo/models/aruco002_cv/meshes/aruco002.dae -> /home/ricard/ros2_ws_puzzlebot/install/puzzlebot_gazebo/share/puzzlebot_gazebo/models/aruco002_cv/meshes
[2.471s] symbolically linking /home/ricard/ros2_ws_puzzlebot/build/puzzlebot_gazebo/models/aruco002_cv/materials/textures/4x4_50_002.png -> /home/ricard/ros2_ws_puzzlebot/install/puzzlebot_gazebo/share/puzzlebot_gazebo/models/aruco002_cv/materials/textures
[2.471s] symbolically linking /home/ricard/ros2_ws_puzzlebot/build/puzzlebot_gazebo/models/aruco_marker_1/model.config -> /home/ricard/ros2_ws_puzzlebot/install/puzzlebot_gazebo/share/puzzlebot_gazebo/models/aruco_marker_1
[2.471s] symbolically linking /home/ricard/ros2_ws_puzzlebot/build/puzzlebot_gazebo/models/aruco_marker_1/model.sdf -> /home/ricard/ros2_ws_puzzlebot/install/puzzlebot_gazebo/share/puzzlebot_gazebo/models/aruco_marker_1
[2.471s] symbolically linking /home/ricard/ros2_ws_puzzlebot/build/puzzlebot_gazebo/models/aruco_marker_1/materials/textures/marker1.png -> /home/ricard/ros2_ws_puzzlebot/install/puzzlebot_gazebo/share/puzzlebot_gazebo/models/aruco_marker_1/materials/textures
[2.472s] symbolically linking /home/ricard/ros2_ws_puzzlebot/build/puzzlebot_gazebo/models/avoidance_world_3/model.config -> /home/ricard/ros2_ws_puzzlebot/install/puzzlebot_gazebo/share/puzzlebot_gazebo/models/avoidance_world_3
[2.472s] symbolically linking /home/ricard/ros2_ws_puzzlebot/build/puzzlebot_gazebo/models/avoidance_world_3/model.sdf -> /home/ricard/ros2_ws_puzzlebot/install/puzzlebot_gazebo/share/puzzlebot_gazebo/models/avoidance_world_3
[2.472s] symbolically linking /home/ricard/ros2_ws_puzzlebot/build/puzzlebot_gazebo/models/aruco_box/model.config -> /home/ricard/ros2_ws_puzzlebot/install/puzzlebot_gazebo/share/puzzlebot_gazebo/models/aruco_box
[2.472s] symbolically linking /home/ricard/ros2_ws_puzzlebot/build/puzzlebot_gazebo/models/aruco_box/model.sdf -> /home/ricard/ros2_ws_puzzlebot/install/puzzlebot_gazebo/share/puzzlebot_gazebo/models/aruco_box
[2.472s] symbolically linking /home/ricard/ros2_ws_puzzlebot/build/puzzlebot_gazebo/models/aruco_box/materials/textures/marker4.png -> /home/ricard/ros2_ws_puzzlebot/install/puzzlebot_gazebo/share/puzzlebot_gazebo/models/aruco_box/materials/textures
[2.472s] symbolically linking /home/ricard/ros2_ws_puzzlebot/build/puzzlebot_gazebo/models/aruco_box/materials/textures/marker3.png -> /home/ricard/ros2_ws_puzzlebot/install/puzzlebot_gazebo/share/puzzlebot_gazebo/models/aruco_box/materials/textures
[2.473s] symbolically linking /home/ricard/ros2_ws_puzzlebot/build/puzzlebot_gazebo/models/aruco_box/materials/textures/marker0.png -> /home/ricard/ros2_ws_puzzlebot/install/puzzlebot_gazebo/share/puzzlebot_gazebo/models/aruco_box/materials/textures
[2.473s] symbolically linking /home/ricard/ros2_ws_puzzlebot/build/puzzlebot_gazebo/models/aruco_box/materials/textures/marker1.png -> /home/ricard/ros2_ws_puzzlebot/install/puzzlebot_gazebo/share/puzzlebot_gazebo/models/aruco_box/materials/textures
[2.473s] symbolically linking /home/ricard/ros2_ws_puzzlebot/build/puzzlebot_gazebo/models/aruco_box/materials/textures/marker5.png -> /home/ricard/ros2_ws_puzzlebot/install/puzzlebot_gazebo/share/puzzlebot_gazebo/models/aruco_box/materials/textures
[2.473s] symbolically linking /home/ricard/ros2_ws_puzzlebot/build/puzzlebot_gazebo/models/aruco_box/materials/textures/marker2.png -> /home/ricard/ros2_ws_puzzlebot/install/puzzlebot_gazebo/share/puzzlebot_gazebo/models/aruco_box/materials/textures
[2.473s] symbolically linking /home/ricard/ros2_ws_puzzlebot/build/puzzlebot_gazebo/models/puzzlebot_track/model.config -> /home/ricard/ros2_ws_puzzlebot/install/puzzlebot_gazebo/share/puzzlebot_gazebo/models/puzzlebot_track
[2.473s] symbolically linking /home/ricard/ros2_ws_puzzlebot/build/puzzlebot_gazebo/models/puzzlebot_track/model.sdf -> /home/ricard/ros2_ws_puzzlebot/install/puzzlebot_gazebo/share/puzzlebot_gazebo/models/puzzlebot_track
[2.474s] symbolically linking /home/ricard/ros2_ws_puzzlebot/build/puzzlebot_gazebo/models/puzzlebot_track/materials/textures/puzzlebot_track.png -> /home/ricard/ros2_ws_puzzlebot/install/puzzlebot_gazebo/share/puzzlebot_gazebo/models/puzzlebot_track/materials/textures
[2.474s] symbolically linking /home/ricard/ros2_ws_puzzlebot/build/puzzlebot_gazebo/models/goal_marker_4/model.config -> /home/ricard/ros2_ws_puzzlebot/install/puzzlebot_gazebo/share/puzzlebot_gazebo/models/goal_marker_4
[2.474s] symbolically linking /home/ricard/ros2_ws_puzzlebot/build/puzzlebot_gazebo/models/goal_marker_4/model.sdf -> /home/ricard/ros2_ws_puzzlebot/install/puzzlebot_gazebo/share/puzzlebot_gazebo/models/goal_marker_4
[2.474s] symbolically linking /home/ricard/ros2_ws_puzzlebot/build/puzzlebot_gazebo/models/goal_marker_4/materials/textures/mcr2_goal_4.png -> /home/ricard/ros2_ws_puzzlebot/install/puzzlebot_gazebo/share/puzzlebot_gazebo/models/goal_marker_4/materials/textures
[2.474s] symbolically linking /home/ricard/ros2_ws_puzzlebot/build/puzzlebot_gazebo/models/plugins/libDiffDynamicPlugin.so -> /home/ricard/ros2_ws_puzzlebot/install/puzzlebot_gazebo/share/puzzlebot_gazebo/models/plugins
[2.475s] symbolically linking /home/ricard/ros2_ws_puzzlebot/build/puzzlebot_gazebo/models/goal_marker_3/model.config -> /home/ricard/ros2_ws_puzzlebot/install/puzzlebot_gazebo/share/puzzlebot_gazebo/models/goal_marker_3
[2.475s] symbolically linking /home/ricard/ros2_ws_puzzlebot/build/puzzlebot_gazebo/models/goal_marker_3/model.sdf -> /home/ricard/ros2_ws_puzzlebot/install/puzzlebot_gazebo/share/puzzlebot_gazebo/models/goal_marker_3
[2.475s] symbolically linking /home/ricard/ros2_ws_puzzlebot/build/puzzlebot_gazebo/models/goal_marker_3/materials/textures/mcr2_goal_3.png -> /home/ricard/ros2_ws_puzzlebot/install/puzzlebot_gazebo/share/puzzlebot_gazebo/models/goal_marker_3/materials/textures
[2.475s] symbolically linking /home/ricard/ros2_ws_puzzlebot/build/puzzlebot_gazebo/models/aruco003_cv/model.config -> /home/ricard/ros2_ws_puzzlebot/install/puzzlebot_gazebo/share/puzzlebot_gazebo/models/aruco003_cv
[2.475s] symbolically linking /home/ricard/ros2_ws_puzzlebot/build/puzzlebot_gazebo/models/aruco003_cv/model.sdf -> /home/ricard/ros2_ws_puzzlebot/install/puzzlebot_gazebo/share/puzzlebot_gazebo/models/aruco003_cv
[2.475s] symbolically linking /home/ricard/ros2_ws_puzzlebot/build/puzzlebot_gazebo/models/aruco003_cv/meshes/aruco003.dae -> /home/ricard/ros2_ws_puzzlebot/install/puzzlebot_gazebo/share/puzzlebot_gazebo/models/aruco003_cv/meshes
[2.476s] symbolically linking /home/ricard/ros2_ws_puzzlebot/build/puzzlebot_gazebo/models/aruco003_cv/materials/textures/4x4_50_003.png -> /home/ricard/ros2_ws_puzzlebot/install/puzzlebot_gazebo/share/puzzlebot_gazebo/models/aruco003_cv/materials/textures
[2.476s] symbolically linking /home/ricard/ros2_ws_puzzlebot/build/puzzlebot_gazebo/models/goal_marker_1/model.config -> /home/ricard/ros2_ws_puzzlebot/install/puzzlebot_gazebo/share/puzzlebot_gazebo/models/goal_marker_1
[2.476s] symbolically linking /home/ricard/ros2_ws_puzzlebot/build/puzzlebot_gazebo/models/goal_marker_1/model.sdf -> /home/ricard/ros2_ws_puzzlebot/install/puzzlebot_gazebo/share/puzzlebot_gazebo/models/goal_marker_1
[2.476s] symbolically linking /home/ricard/ros2_ws_puzzlebot/build/puzzlebot_gazebo/models/goal_marker_1/materials/textures/mcr2_goal_1.png -> /home/ricard/ros2_ws_puzzlebot/install/puzzlebot_gazebo/share/puzzlebot_gazebo/models/goal_marker_1/materials/textures
[2.476s] symbolically linking /home/ricard/ros2_ws_puzzlebot/build/puzzlebot_gazebo/models/aruco001_cv/model.config -> /home/ricard/ros2_ws_puzzlebot/install/puzzlebot_gazebo/share/puzzlebot_gazebo/models/aruco001_cv
[2.476s] symbolically linking /home/ricard/ros2_ws_puzzlebot/build/puzzlebot_gazebo/models/aruco001_cv/model.sdf -> /home/ricard/ros2_ws_puzzlebot/install/puzzlebot_gazebo/share/puzzlebot_gazebo/models/aruco001_cv
[2.476s] symbolically linking /home/ricard/ros2_ws_puzzlebot/build/puzzlebot_gazebo/models/aruco001_cv/meshes/aruco001.dae -> /home/ricard/ros2_ws_puzzlebot/install/puzzlebot_gazebo/share/puzzlebot_gazebo/models/aruco001_cv/meshes
[2.477s] symbolically linking /home/ricard/ros2_ws_puzzlebot/build/puzzlebot_gazebo/models/aruco001_cv/materials/textures/4x4_50_001.png -> /home/ricard/ros2_ws_puzzlebot/install/puzzlebot_gazebo/share/puzzlebot_gazebo/models/aruco001_cv/materials/textures
[2.477s] symbolically linking /home/ricard/ros2_ws_puzzlebot/build/puzzlebot_gazebo/models/puzzlebot_lidar/model.config -> /home/ricard/ros2_ws_puzzlebot/install/puzzlebot_gazebo/share/puzzlebot_gazebo/models/puzzlebot_lidar
[2.477s] symbolically linking /home/ricard/ros2_ws_puzzlebot/build/puzzlebot_gazebo/models/puzzlebot_lidar/model.sdf -> /home/ricard/ros2_ws_puzzlebot/install/puzzlebot_gazebo/share/puzzlebot_gazebo/models/puzzlebot_lidar
[2.477s] symbolically linking /home/ricard/ros2_ws_puzzlebot/build/puzzlebot_gazebo/models/puzzlebot_lidar/meshes/wheel.dae -> /home/ricard/ros2_ws_puzzlebot/install/puzzlebot_gazebo/share/puzzlebot_gazebo/models/puzzlebot_lidar/meshes
[2.478s] symbolically linking /home/ricard/ros2_ws_puzzlebot/build/puzzlebot_gazebo/models/puzzlebot_lidar/meshes/chassis1.dae -> /home/ricard/ros2_ws_puzzlebot/install/puzzlebot_gazebo/share/puzzlebot_gazebo/models/puzzlebot_lidar/meshes
[2.478s] symbolically linking /home/ricard/ros2_ws_puzzlebot/build/puzzlebot_gazebo/models/aruco_marker_5/model.config -> /home/ricard/ros2_ws_puzzlebot/install/puzzlebot_gazebo/share/puzzlebot_gazebo/models/aruco_marker_5
[2.478s] symbolically linking /home/ricard/ros2_ws_puzzlebot/build/puzzlebot_gazebo/models/aruco_marker_5/model.sdf -> /home/ricard/ros2_ws_puzzlebot/install/puzzlebot_gazebo/share/puzzlebot_gazebo/models/aruco_marker_5
[2.478s] symbolically linking /home/ricard/ros2_ws_puzzlebot/build/puzzlebot_gazebo/models/aruco_marker_5/materials/textures/marker5.png -> /home/ricard/ros2_ws_puzzlebot/install/puzzlebot_gazebo/share/puzzlebot_gazebo/models/aruco_marker_5/materials/textures
[2.479s] symbolically linking /home/ricard/ros2_ws_puzzlebot/build/puzzlebot_gazebo/models/media/materials/textures/puzzlebot_wood_6.png -> /home/ricard/ros2_ws_puzzlebot/install/puzzlebot_gazebo/share/puzzlebot_gazebo/models/media/materials/textures
[2.479s] symbolically linking /home/ricard/ros2_ws_puzzlebot/build/puzzlebot_gazebo/models/media/materials/textures/mcr2_goal_2.png -> /home/ricard/ros2_ws_puzzlebot/install/puzzlebot_gazebo/share/puzzlebot_gazebo/models/media/materials/textures
[2.479s] symbolically linking /home/ricard/ros2_ws_puzzlebot/build/puzzlebot_gazebo/models/media/materials/textures/nvidia_hz_logo_white.jpg -> /home/ricard/ros2_ws_puzzlebot/install/puzzlebot_gazebo/share/puzzlebot_gazebo/models/media/materials/textures
[2.479s] symbolically linking /home/ricard/ros2_ws_puzzlebot/build/puzzlebot_gazebo/models/media/materials/textures/puzzlebot_wood_7.png -> /home/ricard/ros2_ws_puzzlebot/install/puzzlebot_gazebo/share/puzzlebot_gazebo/models/media/materials/textures
[2.479s] symbolically linking /home/ricard/ros2_ws_puzzlebot/build/puzzlebot_gazebo/models/media/materials/textures/puzzlebot_wood_4.png -> /home/ricard/ros2_ws_puzzlebot/install/puzzlebot_gazebo/share/puzzlebot_gazebo/models/media/materials/textures
[2.479s] symbolically linking /home/ricard/ros2_ws_puzzlebot/build/puzzlebot_gazebo/models/media/materials/textures/nvidia_logo_white.jpg -> /home/ricard/ros2_ws_puzzlebot/install/puzzlebot_gazebo/share/puzzlebot_gazebo/models/media/materials/textures
[2.480s] symbolically linking /home/ricard/ros2_ws_puzzlebot/build/puzzlebot_gazebo/models/media/materials/textures/mcr2_goal_4.png -> /home/ricard/ros2_ws_puzzlebot/install/puzzlebot_gazebo/share/puzzlebot_gazebo/models/media/materials/textures
[2.480s] symbolically linking /home/ricard/ros2_ws_puzzlebot/build/puzzlebot_gazebo/models/media/materials/textures/puzzlebot_wood_5.png -> /home/ricard/ros2_ws_puzzlebot/install/puzzlebot_gazebo/share/puzzlebot_gazebo/models/media/materials/textures
[2.480s] symbolically linking /home/ricard/ros2_ws_puzzlebot/build/puzzlebot_gazebo/models/media/materials/textures/puzzlebot_logo_white.png -> /home/ricard/ros2_ws_puzzlebot/install/puzzlebot_gazebo/share/puzzlebot_gazebo/models/media/materials/textures
[2.480s] symbolically linking /home/ricard/ros2_ws_puzzlebot/build/puzzlebot_gazebo/models/media/materials/textures/nvidia_logo_black.jpg -> /home/ricard/ros2_ws_puzzlebot/install/puzzlebot_gazebo/share/puzzlebot_gazebo/models/media/materials/textures
[2.480s] symbolically linking /home/ricard/ros2_ws_puzzlebot/build/puzzlebot_gazebo/models/media/materials/textures/mcr2_logo_black.png -> /home/ricard/ros2_ws_puzzlebot/install/puzzlebot_gazebo/share/puzzlebot_gazebo/models/media/materials/textures
[2.481s] symbolically linking /home/ricard/ros2_ws_puzzlebot/build/puzzlebot_gazebo/models/media/materials/textures/mcr2_goal_3.png -> /home/ricard/ros2_ws_puzzlebot/install/puzzlebot_gazebo/share/puzzlebot_gazebo/models/media/materials/textures
[2.481s] symbolically linking /home/ricard/ros2_ws_puzzlebot/build/puzzlebot_gazebo/models/media/materials/textures/mcr2_banner.png -> /home/ricard/ros2_ws_puzzlebot/install/puzzlebot_gazebo/share/puzzlebot_gazebo/models/media/materials/textures
[2.481s] symbolically linking /home/ricard/ros2_ws_puzzlebot/build/puzzlebot_gazebo/models/media/materials/textures/nvidia_logo_b_w.jpg -> /home/ricard/ros2_ws_puzzlebot/install/puzzlebot_gazebo/share/puzzlebot_gazebo/models/media/materials/textures
[2.481s] symbolically linking /home/ricard/ros2_ws_puzzlebot/build/puzzlebot_gazebo/models/media/materials/textures/mcr2_goal_1.png -> /home/ricard/ros2_ws_puzzlebot/install/puzzlebot_gazebo/share/puzzlebot_gazebo/models/media/materials/textures
[2.482s] symbolically linking /home/ricard/ros2_ws_puzzlebot/build/puzzlebot_gazebo/models/media/materials/textures/mcr2_logo_white.png -> /home/ricard/ros2_ws_puzzlebot/install/puzzlebot_gazebo/share/puzzlebot_gazebo/models/media/materials/textures
[2.482s] symbolically linking /home/ricard/ros2_ws_puzzlebot/build/puzzlebot_gazebo/models/media/materials/textures/mcr2_goal_5.png -> /home/ricard/ros2_ws_puzzlebot/install/puzzlebot_gazebo/share/puzzlebot_gazebo/models/media/materials/textures
[2.482s] symbolically linking /home/ricard/ros2_ws_puzzlebot/build/puzzlebot_gazebo/models/media/materials/textures/puzzlebot_logo.png -> /home/ricard/ros2_ws_puzzlebot/install/puzzlebot_gazebo/share/puzzlebot_gazebo/models/media/materials/textures
[2.482s] symbolically linking /home/ricard/ros2_ws_puzzlebot/build/puzzlebot_gazebo/models/media/materials/textures/wood_floor.jpg -> /home/ricard/ros2_ws_puzzlebot/install/puzzlebot_gazebo/share/puzzlebot_gazebo/models/media/materials/textures
[2.483s] symbolically linking /home/ricard/ros2_ws_puzzlebot/build/puzzlebot_gazebo/models/media/materials/textures/aruco_markers/marker4.png -> /home/ricard/ros2_ws_puzzlebot/install/puzzlebot_gazebo/share/puzzlebot_gazebo/models/media/materials/textures/aruco_markers
[2.483s] symbolically linking /home/ricard/ros2_ws_puzzlebot/build/puzzlebot_gazebo/models/media/materials/textures/aruco_markers/marker3.png -> /home/ricard/ros2_ws_puzzlebot/install/puzzlebot_gazebo/share/puzzlebot_gazebo/models/media/materials/textures/aruco_markers
[2.483s] symbolically linking /home/ricard/ros2_ws_puzzlebot/build/puzzlebot_gazebo/models/media/materials/textures/aruco_markers/marker0.png -> /home/ricard/ros2_ws_puzzlebot/install/puzzlebot_gazebo/share/puzzlebot_gazebo/models/media/materials/textures/aruco_markers
[2.483s] symbolically linking /home/ricard/ros2_ws_puzzlebot/build/puzzlebot_gazebo/models/media/materials/textures/aruco_markers/marker1.png -> /home/ricard/ros2_ws_puzzlebot/install/puzzlebot_gazebo/share/puzzlebot_gazebo/models/media/materials/textures/aruco_markers
[2.483s] symbolically linking /home/ricard/ros2_ws_puzzlebot/build/puzzlebot_gazebo/models/media/materials/textures/aruco_markers/marker5.png -> /home/ricard/ros2_ws_puzzlebot/install/puzzlebot_gazebo/share/puzzlebot_gazebo/models/media/materials/textures/aruco_markers
[2.484s] symbolically linking /home/ricard/ros2_ws_puzzlebot/build/puzzlebot_gazebo/models/media/materials/textures/aruco_markers/marker2.png -> /home/ricard/ros2_ws_puzzlebot/install/puzzlebot_gazebo/share/puzzlebot_gazebo/models/media/materials/textures/aruco_markers
[2.484s] symbolically linking /home/ricard/ros2_ws_puzzlebot/build/puzzlebot_gazebo/models/media/materials/scripts/mcr2_materials.material -> /home/ricard/ros2_ws_puzzlebot/install/puzzlebot_gazebo/share/puzzlebot_gazebo/models/media/materials/scripts
[2.484s] symbolically linking /home/ricard/ros2_ws_puzzlebot/build/puzzlebot_gazebo/models/empty/model.config -> /home/ricard/ros2_ws_puzzlebot/install/puzzlebot_gazebo/share/puzzlebot_gazebo/models/empty
[2.484s] symbolically linking /home/ricard/ros2_ws_puzzlebot/build/puzzlebot_gazebo/models/empty/model.sdf -> /home/ricard/ros2_ws_puzzlebot/install/puzzlebot_gazebo/share/puzzlebot_gazebo/models/empty
[2.484s] symbolically linking /home/ricard/ros2_ws_puzzlebot/build/puzzlebot_gazebo/models/aruco_marker_0/model.config -> /home/ricard/ros2_ws_puzzlebot/install/puzzlebot_gazebo/share/puzzlebot_gazebo/models/aruco_marker_0
[2.484s] symbolically linking /home/ricard/ros2_ws_puzzlebot/build/puzzlebot_gazebo/models/aruco_marker_0/model.sdf -> /home/ricard/ros2_ws_puzzlebot/install/puzzlebot_gazebo/share/puzzlebot_gazebo/models/aruco_marker_0
[2.484s] symbolically linking /home/ricard/ros2_ws_puzzlebot/build/puzzlebot_gazebo/models/aruco_marker_0/materials/textures/marker0.png -> /home/ricard/ros2_ws_puzzlebot/install/puzzlebot_gazebo/share/puzzlebot_gazebo/models/aruco_marker_0/materials/textures
[2.485s] symbolically linking /home/ricard/ros2_ws_puzzlebot/build/puzzlebot_gazebo/models/office_model/model.config -> /home/ricard/ros2_ws_puzzlebot/install/puzzlebot_gazebo/share/puzzlebot_gazebo/models/office_model
[2.485s] symbolically linking /home/ricard/ros2_ws_puzzlebot/build/puzzlebot_gazebo/models/office_model/model.sdf -> /home/ricard/ros2_ws_puzzlebot/install/puzzlebot_gazebo/share/puzzlebot_gazebo/models/office_model
[2.485s] symbolically linking /home/ricard/ros2_ws_puzzlebot/build/puzzlebot_gazebo/models/aruco001/model.config -> /home/ricard/ros2_ws_puzzlebot/install/puzzlebot_gazebo/share/puzzlebot_gazebo/models/aruco001
[2.485s] symbolically linking /home/ricard/ros2_ws_puzzlebot/build/puzzlebot_gazebo/models/aruco001/model.sdf -> /home/ricard/ros2_ws_puzzlebot/install/puzzlebot_gazebo/share/puzzlebot_gazebo/models/aruco001
[2.485s] symbolically linking /home/ricard/ros2_ws_puzzlebot/build/puzzlebot_gazebo/models/aruco001/meshes/aruco001.dae -> /home/ricard/ros2_ws_puzzlebot/install/puzzlebot_gazebo/share/puzzlebot_gazebo/models/aruco001/meshes
[2.485s] symbolically linking /home/ricard/ros2_ws_puzzlebot/build/puzzlebot_gazebo/models/aruco001/materials/textures/16h3_001.png -> /home/ricard/ros2_ws_puzzlebot/install/puzzlebot_gazebo/share/puzzlebot_gazebo/models/aruco001/materials/textures
[2.486s] symbolically linking /home/ricard/ros2_ws_puzzlebot/build/puzzlebot_gazebo/models/avoidance_world_1/model.config -> /home/ricard/ros2_ws_puzzlebot/install/puzzlebot_gazebo/share/puzzlebot_gazebo/models/avoidance_world_1
[2.486s] symbolically linking /home/ricard/ros2_ws_puzzlebot/build/puzzlebot_gazebo/models/avoidance_world_1/model.sdf -> /home/ricard/ros2_ws_puzzlebot/install/puzzlebot_gazebo/share/puzzlebot_gazebo/models/avoidance_world_1
[2.486s] symbolically linking /home/ricard/ros2_ws_puzzlebot/build/puzzlebot_gazebo/models/goal_marker_5/model.config -> /home/ricard/ros2_ws_puzzlebot/install/puzzlebot_gazebo/share/puzzlebot_gazebo/models/goal_marker_5
[2.486s] symbolically linking /home/ricard/ros2_ws_puzzlebot/build/puzzlebot_gazebo/models/goal_marker_5/model.sdf -> /home/ricard/ros2_ws_puzzlebot/install/puzzlebot_gazebo/share/puzzlebot_gazebo/models/goal_marker_5
[2.486s] symbolically linking /home/ricard/ros2_ws_puzzlebot/build/puzzlebot_gazebo/models/goal_marker_5/materials/textures/mcr2_goal_5.png -> /home/ricard/ros2_ws_puzzlebot/install/puzzlebot_gazebo/share/puzzlebot_gazebo/models/goal_marker_5/materials/textures
[2.486s] symbolically linking /home/ricard/ros2_ws_puzzlebot/build/puzzlebot_gazebo/models/simple_light/model.config -> /home/ricard/ros2_ws_puzzlebot/install/puzzlebot_gazebo/share/puzzlebot_gazebo/models/simple_light
[2.487s] symbolically linking /home/ricard/ros2_ws_puzzlebot/build/puzzlebot_gazebo/models/simple_light/model.sdf -> /home/ricard/ros2_ws_puzzlebot/install/puzzlebot_gazebo/share/puzzlebot_gazebo/models/simple_light
[2.487s] symbolically linking /home/ricard/ros2_ws_puzzlebot/build/puzzlebot_gazebo/models/office_floor/model.config -> /home/ricard/ros2_ws_puzzlebot/install/puzzlebot_gazebo/share/puzzlebot_gazebo/models/office_floor
[2.487s] symbolically linking /home/ricard/ros2_ws_puzzlebot/build/puzzlebot_gazebo/models/office_floor/model.sdf -> /home/ricard/ros2_ws_puzzlebot/install/puzzlebot_gazebo/share/puzzlebot_gazebo/models/office_floor
[2.487s] symbolically linking /home/ricard/ros2_ws_puzzlebot/build/puzzlebot_gazebo/models/office_floor/materials/textures/puzzlebot_wood_7.png -> /home/ricard/ros2_ws_puzzlebot/install/puzzlebot_gazebo/share/puzzlebot_gazebo/models/office_floor/materials/textures
[2.488s] symbolically linking /home/ricard/ros2_ws_puzzlebot/build/puzzlebot_gazebo/models/world_wall/model.config -> /home/ricard/ros2_ws_puzzlebot/install/puzzlebot_gazebo/share/puzzlebot_gazebo/models/world_wall
[2.489s] symbolically linking /home/ricard/ros2_ws_puzzlebot/build/puzzlebot_gazebo/models/world_wall/model.sdf -> /home/ricard/ros2_ws_puzzlebot/install/puzzlebot_gazebo/share/puzzlebot_gazebo/models/world_wall
[2.489s] symbolically linking /home/ricard/ros2_ws_puzzlebot/build/puzzlebot_gazebo/models/world_wall/meshes/world_wall1.dae -> /home/ricard/ros2_ws_puzzlebot/install/puzzlebot_gazebo/share/puzzlebot_gazebo/models/world_wall/meshes
[2.490s] symbolically linking /home/ricard/ros2_ws_puzzlebot/build/puzzlebot_gazebo/models/world_wall/meshes/0032-512x512.jpg -> /home/ricard/ros2_ws_puzzlebot/install/puzzlebot_gazebo/share/puzzlebot_gazebo/models/world_wall/meshes
[2.490s] symbolically linking /home/ricard/ros2_ws_puzzlebot/build/puzzlebot_gazebo/models/world_wall/meshes/wood_floor.jpg -> /home/ricard/ros2_ws_puzzlebot/install/puzzlebot_gazebo/share/puzzlebot_gazebo/models/world_wall/meshes
[2.491s] symbolically linking /home/ricard/ros2_ws_puzzlebot/build/puzzlebot_gazebo/models/world_wall/materials/textures/0032-512x512.jpg -> /home/ricard/ros2_ws_puzzlebot/install/puzzlebot_gazebo/share/puzzlebot_gazebo/models/world_wall/materials/textures
[2.491s] symbolically linking /home/ricard/ros2_ws_puzzlebot/build/puzzlebot_gazebo/models/world_wall/materials/textures/wood_floor.jpg -> /home/ricard/ros2_ws_puzzlebot/install/puzzlebot_gazebo/share/puzzlebot_gazebo/models/world_wall/materials/textures
[2.491s] symbolically linking /home/ricard/ros2_ws_puzzlebot/build/puzzlebot_gazebo/models/world_wall/materials/textures/MapAll.jpg -> /home/ricard/ros2_ws_puzzlebot/install/puzzlebot_gazebo/share/puzzlebot_gazebo/models/world_wall/materials/textures
[2.491s] symbolically linking /home/ricard/ros2_ws_puzzlebot/build/puzzlebot_gazebo/models/aruco002/model.config -> /home/ricard/ros2_ws_puzzlebot/install/puzzlebot_gazebo/share/puzzlebot_gazebo/models/aruco002
[2.491s] symbolically linking /home/ricard/ros2_ws_puzzlebot/build/puzzlebot_gazebo/models/aruco002/model.sdf -> /home/ricard/ros2_ws_puzzlebot/install/puzzlebot_gazebo/share/puzzlebot_gazebo/models/aruco002
[2.492s] symbolically linking /home/ricard/ros2_ws_puzzlebot/build/puzzlebot_gazebo/models/aruco002/meshes/aruco002.dae -> /home/ricard/ros2_ws_puzzlebot/install/puzzlebot_gazebo/share/puzzlebot_gazebo/models/aruco002/meshes
[2.492s] symbolically linking /home/ricard/ros2_ws_puzzlebot/build/puzzlebot_gazebo/models/aruco002/materials/textures/16h3_002.png -> /home/ricard/ros2_ws_puzzlebot/install/puzzlebot_gazebo/share/puzzlebot_gazebo/models/aruco002/materials/textures
[2.492s] symbolically linking /home/ricard/ros2_ws_puzzlebot/build/puzzlebot_gazebo/models/aruco000_cv/model.config -> /home/ricard/ros2_ws_puzzlebot/install/puzzlebot_gazebo/share/puzzlebot_gazebo/models/aruco000_cv
[2.492s] symbolically linking /home/ricard/ros2_ws_puzzlebot/build/puzzlebot_gazebo/models/aruco000_cv/model.sdf -> /home/ricard/ros2_ws_puzzlebot/install/puzzlebot_gazebo/share/puzzlebot_gazebo/models/aruco000_cv
[2.493s] symbolically linking /home/ricard/ros2_ws_puzzlebot/build/puzzlebot_gazebo/models/aruco000_cv/meshes/aruco000.dae -> /home/ricard/ros2_ws_puzzlebot/install/puzzlebot_gazebo/share/puzzlebot_gazebo/models/aruco000_cv/meshes
[2.493s] symbolically linking /home/ricard/ros2_ws_puzzlebot/build/puzzlebot_gazebo/models/aruco000_cv/materials/textures/4x4_50_000.png -> /home/ricard/ros2_ws_puzzlebot/install/puzzlebot_gazebo/share/puzzlebot_gazebo/models/aruco000_cv/materials/textures
[2.493s] symbolically linking /home/ricard/ros2_ws_puzzlebot/build/puzzlebot_gazebo/models/puzzlebot_base/model.config -> /home/ricard/ros2_ws_puzzlebot/install/puzzlebot_gazebo/share/puzzlebot_gazebo/models/puzzlebot_base
[2.493s] symbolically linking /home/ricard/ros2_ws_puzzlebot/build/puzzlebot_gazebo/models/puzzlebot_base/model.sdf -> /home/ricard/ros2_ws_puzzlebot/install/puzzlebot_gazebo/share/puzzlebot_gazebo/models/puzzlebot_base
[2.494s] symbolically linking /home/ricard/ros2_ws_puzzlebot/build/puzzlebot_gazebo/models/puzzlebot_base/materials/textures/puzzlebot_wood_6.png -> /home/ricard/ros2_ws_puzzlebot/install/puzzlebot_gazebo/share/puzzlebot_gazebo/models/puzzlebot_base/materials/textures
[2.494s] symbolically linking /home/ricard/ros2_ws_puzzlebot/build/puzzlebot_gazebo/models/aruco_marker_2/model.config -> /home/ricard/ros2_ws_puzzlebot/install/puzzlebot_gazebo/share/puzzlebot_gazebo/models/aruco_marker_2
[2.494s] symbolically linking /home/ricard/ros2_ws_puzzlebot/build/puzzlebot_gazebo/models/aruco_marker_2/model.sdf -> /home/ricard/ros2_ws_puzzlebot/install/puzzlebot_gazebo/share/puzzlebot_gazebo/models/aruco_marker_2
[2.494s] symbolically linking /home/ricard/ros2_ws_puzzlebot/build/puzzlebot_gazebo/models/aruco_marker_2/materials/textures/marker2.png -> /home/ricard/ros2_ws_puzzlebot/install/puzzlebot_gazebo/share/puzzlebot_gazebo/models/aruco_marker_2/materials/textures
[2.494s] symbolically linking /home/ricard/ros2_ws_puzzlebot/build/puzzlebot_gazebo/models/aruco000/model.config -> /home/ricard/ros2_ws_puzzlebot/install/puzzlebot_gazebo/share/puzzlebot_gazebo/models/aruco000
[2.495s] symbolically linking /home/ricard/ros2_ws_puzzlebot/build/puzzlebot_gazebo/models/aruco000/model.sdf -> /home/ricard/ros2_ws_puzzlebot/install/puzzlebot_gazebo/share/puzzlebot_gazebo/models/aruco000
[2.495s] symbolically linking /home/ricard/ros2_ws_puzzlebot/build/puzzlebot_gazebo/models/aruco000/meshes/aruco000.dae -> /home/ricard/ros2_ws_puzzlebot/install/puzzlebot_gazebo/share/puzzlebot_gazebo/models/aruco000/meshes
[2.495s] symbolically linking /home/ricard/ros2_ws_puzzlebot/build/puzzlebot_gazebo/models/aruco000/materials/textures/16h3_000.png -> /home/ricard/ros2_ws_puzzlebot/install/puzzlebot_gazebo/share/puzzlebot_gazebo/models/aruco000/materials/textures
[2.495s] symbolically linking /home/ricard/ros2_ws_puzzlebot/build/puzzlebot_gazebo/models/box_brick/model.config -> /home/ricard/ros2_ws_puzzlebot/install/puzzlebot_gazebo/share/puzzlebot_gazebo/models/box_brick
[2.495s] symbolically linking /home/ricard/ros2_ws_puzzlebot/build/puzzlebot_gazebo/models/box_brick/model.sdf -> /home/ricard/ros2_ws_puzzlebot/install/puzzlebot_gazebo/share/puzzlebot_gazebo/models/box_brick
[2.496s] symbolically linking /home/ricard/ros2_ws_puzzlebot/build/puzzlebot_gazebo/models/box_brick/meshes/box_brick.dae -> /home/ricard/ros2_ws_puzzlebot/install/puzzlebot_gazebo/share/puzzlebot_gazebo/models/box_brick/meshes
[2.497s] symbolically linking /home/ricard/ros2_ws_puzzlebot/build/puzzlebot_gazebo/models/box_brick/materials/textures/0032-512x512.jpg -> /home/ricard/ros2_ws_puzzlebot/install/puzzlebot_gazebo/share/puzzlebot_gazebo/models/box_brick/materials/textures
[2.497s] symbolically linking /home/ricard/ros2_ws_puzzlebot/build/puzzlebot_gazebo/models/aruco003/model.config -> /home/ricard/ros2_ws_puzzlebot/install/puzzlebot_gazebo/share/puzzlebot_gazebo/models/aruco003
[2.497s] symbolically linking /home/ricard/ros2_ws_puzzlebot/build/puzzlebot_gazebo/models/aruco003/model.sdf -> /home/ricard/ros2_ws_puzzlebot/install/puzzlebot_gazebo/share/puzzlebot_gazebo/models/aruco003
[2.497s] symbolically linking /home/ricard/ros2_ws_puzzlebot/build/puzzlebot_gazebo/models/aruco003/meshes/aruco003.dae -> /home/ricard/ros2_ws_puzzlebot/install/puzzlebot_gazebo/share/puzzlebot_gazebo/models/aruco003/meshes
[2.497s] symbolically linking /home/ricard/ros2_ws_puzzlebot/build/puzzlebot_gazebo/models/aruco003/materials/textures/16h3_003.png -> /home/ricard/ros2_ws_puzzlebot/install/puzzlebot_gazebo/share/puzzlebot_gazebo/models/aruco003/materials/textures
[2.498s] symbolically linking /home/ricard/ros2_ws_puzzlebot/build/puzzlebot_gazebo/models/avoidance_world_2/model.config -> /home/ricard/ros2_ws_puzzlebot/install/puzzlebot_gazebo/share/puzzlebot_gazebo/models/avoidance_world_2
[2.498s] symbolically linking /home/ricard/ros2_ws_puzzlebot/build/puzzlebot_gazebo/models/avoidance_world_2/model.sdf -> /home/ricard/ros2_ws_puzzlebot/install/puzzlebot_gazebo/share/puzzlebot_gazebo/models/avoidance_world_2
[2.498s] symbolically linking /home/ricard/ros2_ws_puzzlebot/build/puzzlebot_gazebo/worlds/puzzlebot_arena_markers.world -> /home/ricard/ros2_ws_puzzlebot/install/puzzlebot_gazebo/share/puzzlebot_gazebo/worlds
[2.498s] symbolically linking /home/ricard/ros2_ws_puzzlebot/build/puzzlebot_gazebo/worlds/empty.world -> /home/ricard/ros2_ws_puzzlebot/install/puzzlebot_gazebo/share/puzzlebot_gazebo/worlds
[2.498s] symbolically linking /home/ricard/ros2_ws_puzzlebot/build/puzzlebot_gazebo/worlds/puzzlebot_arena.world -> /home/ricard/ros2_ws_puzzlebot/install/puzzlebot_gazebo/share/puzzlebot_gazebo/worlds
[2.498s] symbolically linking /home/ricard/ros2_ws_puzzlebot/build/puzzlebot_gazebo/worlds/puzzlebot_track.world -> /home/ricard/ros2_ws_puzzlebot/install/puzzlebot_gazebo/share/puzzlebot_gazebo/worlds
[2.498s] symbolically linking /home/ricard/ros2_ws_puzzlebot/build/puzzlebot_gazebo/worlds/world_box.sdf -> /home/ricard/ros2_ws_puzzlebot/install/puzzlebot_gazebo/share/puzzlebot_gazebo/worlds
[2.498s] symbolically linking /home/ricard/ros2_ws_puzzlebot/build/puzzlebot_gazebo/worlds/office.world -> /home/ricard/ros2_ws_puzzlebot/install/puzzlebot_gazebo/share/puzzlebot_gazebo/worlds
[2.499s] symbolically linking /home/ricard/ros2_ws_puzzlebot/build/puzzlebot_gazebo/worlds/puzzlebot_world.world -> /home/ricard/ros2_ws_puzzlebot/install/puzzlebot_gazebo/share/puzzlebot_gazebo/worlds
[2.499s] symbolically linking /home/ricard/ros2_ws_puzzlebot/build/puzzlebot_gazebo/worlds/world_aruco_mip.sdf -> /home/ricard/ros2_ws_puzzlebot/install/puzzlebot_gazebo/share/puzzlebot_gazebo/worlds
[2.499s] symbolically linking /home/ricard/ros2_ws_puzzlebot/build/puzzlebot_gazebo/worlds/obstacle_avoidance_4.world -> /home/ricard/ros2_ws_puzzlebot/install/puzzlebot_gazebo/share/puzzlebot_gazebo/worlds
[2.499s] symbolically linking /home/ricard/ros2_ws_puzzlebot/build/puzzlebot_gazebo/worlds/obstacle_avoidance_1.world -> /home/ricard/ros2_ws_puzzlebot/install/puzzlebot_gazebo/share/puzzlebot_gazebo/worlds
[2.499s] symbolically linking /home/ricard/ros2_ws_puzzlebot/build/puzzlebot_gazebo/worlds/world_empty.sdf -> /home/ricard/ros2_ws_puzzlebot/install/puzzlebot_gazebo/share/puzzlebot_gazebo/worlds
[2.499s] symbolically linking /home/ricard/ros2_ws_puzzlebot/build/puzzlebot_gazebo/worlds/obstacle_avoidance_3.world -> /home/ricard/ros2_ws_puzzlebot/install/puzzlebot_gazebo/share/puzzlebot_gazebo/worlds
[2.499s] symbolically linking /home/ricard/ros2_ws_puzzlebot/build/puzzlebot_gazebo/worlds/world_aruco_cv.sdf -> /home/ricard/ros2_ws_puzzlebot/install/puzzlebot_gazebo/share/puzzlebot_gazebo/worlds
[2.499s] symbolically linking /home/ricard/ros2_ws_puzzlebot/build/puzzlebot_gazebo/worlds/obstacle_avoidance_2.world -> /home/ricard/ros2_ws_puzzlebot/install/puzzlebot_gazebo/share/puzzlebot_gazebo/worlds
[2.499s] symbolically linking /home/ricard/ros2_ws_puzzlebot/build/puzzlebot_gazebo/worlds/puzzlebot_aruco_markers.world -> /home/ricard/ros2_ws_puzzlebot/install/puzzlebot_gazebo/share/puzzlebot_gazebo/worlds
[2.499s] symbolically linking /home/ricard/ros2_ws_puzzlebot/build/puzzlebot_gazebo/worlds/office_2/model.config -> /home/ricard/ros2_ws_puzzlebot/install/puzzlebot_gazebo/share/puzzlebot_gazebo/worlds/office_2
[2.499s] symbolically linking /home/ricard/ros2_ws_puzzlebot/build/puzzlebot_gazebo/worlds/office_2/model.sdf -> /home/ricard/ros2_ws_puzzlebot/install/puzzlebot_gazebo/share/puzzlebot_gazebo/worlds/office_2
[2.500s] symbolically linking /home/ricard/ros2_ws_puzzlebot/build/puzzlebot_gazebo/plugins/libDiffDynamicPlugin.so -> /home/ricard/ros2_ws_puzzlebot/install/puzzlebot_gazebo/share/puzzlebot_gazebo/plugins
[2.572s] Invoked command in '/home/ricard/ros2_ws_puzzlebot/build/puzzlebot_gazebo' returned '0': PYTHONPATH=/home/ricard/ros2_ws_puzzlebot/build/puzzlebot_gazebo/prefix_override:/usr/lib/python3/dist-packages/colcon_core/task/python/colcon_distutils_commands:/home/ricard/ros2_ws_puzzlebot/install/puzzlebot_gazebo/lib/python3.10/site-packages:${PYTHONPATH} /usr/bin/python3 -W ignore:setup.py install is deprecated -W ignore:easy_install command is deprecated setup.py develop --editable --build-directory /home/ricard/ros2_ws_puzzlebot/build/puzzlebot_gazebo/build --no-deps symlink_data --force
