[1.868s] Invoking command in '/home/ricard/ros2_ws_puzzlebot/build/puzzlebot_gazebo': PYTHONPATH=/home/ricard/ros2_ws_puzzlebot/build/puzzlebot_gazebo/prefix_override:/usr/lib/python3/dist-packages/colcon_core/task/python/colcon_distutils_commands:/home/ricard/ros2_ws_puzzlebot/install/puzzlebot_gazebo/lib/python3.10/site-packages:${PYTHONPATH} /usr/bin/python3 -W ignore:setup.py install is deprecated -W ignore:easy_install command is deprecated setup.py develop --uninstall --editable --build-directory /home/ricard/ros2_ws_puzzlebot/build/puzzlebot_gazebo/build
[2.316s] running develop
[2.558s] Removing /home/ricard/ros2_ws_puzzlebot/install/puzzlebot_gazebo/lib/python3.10/site-packages/puzzlebot-gazebo.egg-link (link to .)
[2.643s] Invoked command in '/home/ricard/ros2_ws_puzzlebot/build/puzzlebot_gazebo' returned '0': PYTHONPATH=/home/ricard/ros2_ws_puzzlebot/build/puzzlebot_gazebo/prefix_override:/usr/lib/python3/dist-packages/colcon_core/task/python/colcon_distutils_commands:/home/ricard/ros2_ws_puzzlebot/install/puzzlebot_gazebo/lib/python3.10/site-packages:${PYTHONPATH} /usr/bin/python3 -W ignore:setup.py install is deprecated -W ignore:easy_install command is deprecated setup.py develop --uninstall --editable --build-directory /home/ricard/ros2_ws_puzzlebot/build/puzzlebot_gazebo/build
[2.647s] Invoking command in '/home/ricard/ros2_ws_puzzlebot/src/puzzlebot_gazebo': PYTHONPATH=/home/ricard/ros2_ws_puzzlebot/build/puzzlebot_gazebo/prefix_override:/usr/lib/python3/dist-packages/colcon_core/task/python/colcon_distutils_commands:/home/ricard/ros2_ws_puzzlebot/install/puzzlebot_gazebo/lib/python3.10/site-packages:${PYTHONPATH} /usr/bin/python3 -W ignore:setup.py install is deprecated -W ignore:easy_install command is deprecated setup.py egg_info --egg-base ../../build/puzzlebot_gazebo build --build-base /home/ricard/ros2_ws_puzzlebot/build/puzzlebot_gazebo/build install --record /home/ricard/ros2_ws_puzzlebot/build/puzzlebot_gazebo/install.log --single-version-externally-managed install_data --force
[3.007s] running egg_info
[3.012s] writing ../../build/puzzlebot_gazebo/puzzlebot_gazebo.egg-info/PKG-INFO
[3.012s] writing dependency_links to ../../build/puzzlebot_gazebo/puzzlebot_gazebo.egg-info/dependency_links.txt
[3.013s] writing entry points to ../../build/puzzlebot_gazebo/puzzlebot_gazebo.egg-info/entry_points.txt
[3.013s] writing requirements to ../../build/puzzlebot_gazebo/puzzlebot_gazebo.egg-info/requires.txt
[3.013s] writing top-level names to ../../build/puzzlebot_gazebo/puzzlebot_gazebo.egg-info/top_level.txt
[3.019s] reading manifest file '../../build/puzzlebot_gazebo/puzzlebot_gazebo.egg-info/SOURCES.txt'
[3.021s] adding license file 'LICENSE'
[3.026s] writing manifest file '../../build/puzzlebot_gazebo/puzzlebot_gazebo.egg-info/SOURCES.txt'
[3.027s] running build
[3.027s] running build_py
[3.027s] running install
[3.028s] running install_lib
[3.030s] creating /home/ricard/ros2_ws_puzzlebot/install/puzzlebot_gazebo/lib/python3.10/site-packages/puzzlebot_gazebo
[3.030s] copying /home/ricard/ros2_ws_puzzlebot/build/puzzlebot_gazebo/build/lib/puzzlebot_gazebo/__init__.py -> /home/ricard/ros2_ws_puzzlebot/install/puzzlebot_gazebo/lib/python3.10/site-packages/puzzlebot_gazebo
[3.030s] copying /home/ricard/ros2_ws_puzzlebot/build/puzzlebot_gazebo/build/lib/puzzlebot_gazebo/puzzlebot_gazebo.py -> /home/ricard/ros2_ws_puzzlebot/install/puzzlebot_gazebo/lib/python3.10/site-packages/puzzlebot_gazebo
[3.032s] byte-compiling /home/ricard/ros2_ws_puzzlebot/install/puzzlebot_gazebo/lib/python3.10/site-packages/puzzlebot_gazebo/__init__.py to __init__.cpython-310.pyc
[3.032s] byte-compiling /home/ricard/ros2_ws_puzzlebot/install/puzzlebot_gazebo/lib/python3.10/site-packages/puzzlebot_gazebo/puzzlebot_gazebo.py to puzzlebot_gazebo.cpython-310.pyc
[3.033s] running install_data
[3.033s] copying resource/puzzlebot_gazebo -> /home/ricard/ros2_ws_puzzlebot/install/puzzlebot_gazebo/share/ament_index/resource_index/packages
[3.033s] copying package.xml -> /home/ricard/ros2_ws_puzzlebot/install/puzzlebot_gazebo/share/puzzlebot_gazebo
[3.034s] copying launch/gazebo_example_launch.py -> /home/ricard/ros2_ws_puzzlebot/install/puzzlebot_gazebo/share/puzzlebot_gazebo/launch
[3.034s] copying config/puzzlebot_jetson_ed.yaml -> /home/ricard/ros2_ws_puzzlebot/install/puzzlebot_gazebo/share/puzzlebot_gazebo/config
[3.035s] copying config/puzzlebot_hacker_ed.yaml -> /home/ricard/ros2_ws_puzzlebot/install/puzzlebot_gazebo/share/puzzlebot_gazebo/config
[3.036s] copying config/puzzlebot_jetson_lidar_ed.yaml -> /home/ricard/ros2_ws_puzzlebot/install/puzzlebot_gazebo/share/puzzlebot_gazebo/config
[3.036s] copying models/puzzlebot/model.config -> /home/ricard/ros2_ws_puzzlebot/install/puzzlebot_gazebo/share/puzzlebot_gazebo/models/puzzlebot
[3.037s] copying models/puzzlebot/model.sdf -> /home/ricard/ros2_ws_puzzlebot/install/puzzlebot_gazebo/share/puzzlebot_gazebo/models/puzzlebot
[3.038s] copying models/puzzlebot/meshes/box1-5.blend -> /home/ricard/ros2_ws_puzzlebot/install/puzzlebot_gazebo/share/puzzlebot_gazebo/models/puzzlebot/meshes
[3.043s] copying models/puzzlebot/meshes/chassis.stl -> /home/ricard/ros2_ws_puzzlebot/install/puzzlebot_gazebo/share/puzzlebot_gazebo/models/puzzlebot/meshes
[3.083s] copying models/puzzlebot/meshes/box13_16.blend -> /home/ricard/ros2_ws_puzzlebot/install/puzzlebot_gazebo/share/puzzlebot_gazebo/models/puzzlebot/meshes
[3.088s] copying models/puzzlebot/meshes/world_wall1.blend1 -> /home/ricard/ros2_ws_puzzlebot/install/puzzlebot_gazebo/share/puzzlebot_gazebo/models/puzzlebot/meshes
[3.094s] copying models/puzzlebot/meshes/box9_12.blend -> /home/ricard/ros2_ws_puzzlebot/install/puzzlebot_gazebo/share/puzzlebot_gazebo/models/puzzlebot/meshes
[3.098s] copying models/puzzlebot/meshes/chassis1.blend -> /home/ricard/ros2_ws_puzzlebot/install/puzzlebot_gazebo/share/puzzlebot_gazebo/models/puzzlebot/meshes
[3.155s] copying models/puzzlebot/meshes/camera.stl -> /home/ricard/ros2_ws_puzzlebot/install/puzzlebot_gazebo/share/puzzlebot_gazebo/models/puzzlebot/meshes
[3.161s] copying models/puzzlebot/meshes/wheel.blend -> /home/ricard/ros2_ws_puzzlebot/install/puzzlebot_gazebo/share/puzzlebot_gazebo/models/puzzlebot/meshes
[3.169s] copying models/puzzlebot/meshes/box5_8.blend -> /home/ricard/ros2_ws_puzzlebot/install/puzzlebot_gazebo/share/puzzlebot_gazebo/models/puzzlebot/meshes
[3.172s] copying models/puzzlebot/meshes/box5_8.blend1 -> /home/ricard/ros2_ws_puzzlebot/install/puzzlebot_gazebo/share/puzzlebot_gazebo/models/puzzlebot/meshes
[3.177s] copying models/puzzlebot/meshes/wheel.dae -> /home/ricard/ros2_ws_puzzlebot/install/puzzlebot_gazebo/share/puzzlebot_gazebo/models/puzzlebot/meshes
[3.181s] copying models/puzzlebot/meshes/chassis1.dae -> /home/ricard/ros2_ws_puzzlebot/install/puzzlebot_gazebo/share/puzzlebot_gazebo/models/puzzlebot/meshes
[3.231s] copying models/puzzlebot/meshes/world_wall1.blend -> /home/ricard/ros2_ws_puzzlebot/install/puzzlebot_gazebo/share/puzzlebot_gazebo/models/puzzlebot/meshes
[3.236s] copying models/puzzlebot/meshes/box1_4.blend1 -> /home/ricard/ros2_ws_puzzlebot/install/puzzlebot_gazebo/share/puzzlebot_gazebo/models/puzzlebot/meshes
[3.240s] copying models/puzzlebot/meshes/wheel.blend1 -> /home/ricard/ros2_ws_puzzlebot/install/puzzlebot_gazebo/share/puzzlebot_gazebo/models/puzzlebot/meshes
[3.248s] copying models/puzzlebot/meshes/chassis1.blend1 -> /home/ricard/ros2_ws_puzzlebot/install/puzzlebot_gazebo/share/puzzlebot_gazebo/models/puzzlebot/meshes
[3.303s] copying models/puzzlebot/meshes/wheel.stl -> /home/ricard/ros2_ws_puzzlebot/install/puzzlebot_gazebo/share/puzzlebot_gazebo/models/puzzlebot/meshes
[3.306s] copying models/avoidance_world_4/model.config -> /home/ricard/ros2_ws_puzzlebot/install/puzzlebot_gazebo/share/puzzlebot_gazebo/models/avoidance_world_4
[3.307s] copying models/avoidance_world_4/model.sdf -> /home/ricard/ros2_ws_puzzlebot/install/puzzlebot_gazebo/share/puzzlebot_gazebo/models/avoidance_world_4
[3.308s] copying models/red_colored_box/model.config -> /home/ricard/ros2_ws_puzzlebot/install/puzzlebot_gazebo/share/puzzlebot_gazebo/models/red_colored_box
[3.309s] copying models/red_colored_box/model.sdf -> /home/ricard/ros2_ws_puzzlebot/install/puzzlebot_gazebo/share/puzzlebot_gazebo/models/red_colored_box
[3.310s] copying models/puzzlebot_camera/model.config -> /home/ricard/ros2_ws_puzzlebot/install/puzzlebot_gazebo/share/puzzlebot_gazebo/models/puzzlebot_camera
[3.311s] copying models/puzzlebot_camera/model.sdf -> /home/ricard/ros2_ws_puzzlebot/install/puzzlebot_gazebo/share/puzzlebot_gazebo/models/puzzlebot_camera
[3.311s] copying models/puzzlebot_camera/meshes/wheel.dae -> /home/ricard/ros2_ws_puzzlebot/install/puzzlebot_gazebo/share/puzzlebot_gazebo/models/puzzlebot_camera/meshes
[3.316s] copying models/puzzlebot_camera/meshes/chassis1.dae -> /home/ricard/ros2_ws_puzzlebot/install/puzzlebot_gazebo/share/puzzlebot_gazebo/models/puzzlebot_camera/meshes
[3.366s] copying models/aruco_marker_4/model.config -> /home/ricard/ros2_ws_puzzlebot/install/puzzlebot_gazebo/share/puzzlebot_gazebo/models/aruco_marker_4
[3.372s] copying models/aruco_marker_4/model.sdf -> /home/ricard/ros2_ws_puzzlebot/install/puzzlebot_gazebo/share/puzzlebot_gazebo/models/aruco_marker_4
[3.376s] copying models/aruco_marker_4/materials/textures/marker4.png -> /home/ricard/ros2_ws_puzzlebot/install/puzzlebot_gazebo/share/puzzlebot_gazebo/models/aruco_marker_4/materials/textures
[3.377s] copying models/aruco_marker_3/model.config -> /home/ricard/ros2_ws_puzzlebot/install/puzzlebot_gazebo/share/puzzlebot_gazebo/models/aruco_marker_3
[3.378s] copying models/aruco_marker_3/model.sdf -> /home/ricard/ros2_ws_puzzlebot/install/puzzlebot_gazebo/share/puzzlebot_gazebo/models/aruco_marker_3
[3.380s] copying models/aruco_marker_3/materials/textures/marker3.png -> /home/ricard/ros2_ws_puzzlebot/install/puzzlebot_gazebo/share/puzzlebot_gazebo/models/aruco_marker_3/materials/textures
[3.381s] copying models/blue_colored_box/model.config -> /home/ricard/ros2_ws_puzzlebot/install/puzzlebot_gazebo/share/puzzlebot_gazebo/models/blue_colored_box
[3.383s] copying models/blue_colored_box/model.sdf -> /home/ricard/ros2_ws_puzzlebot/install/puzzlebot_gazebo/share/puzzlebot_gazebo/models/blue_colored_box
[3.383s] copying models/arena_a_frame/model.config -> /home/ricard/ros2_ws_puzzlebot/install/puzzlebot_gazebo/share/puzzlebot_gazebo/models/arena_a_frame
[3.384s] copying models/arena_a_frame/model.sdf -> /home/ricard/ros2_ws_puzzlebot/install/puzzlebot_gazebo/share/puzzlebot_gazebo/models/arena_a_frame
[3.384s] copying models/arena_a_frame/meshes/MCR2_arena_side.stl -> /home/ricard/ros2_ws_puzzlebot/install/puzzlebot_gazebo/share/puzzlebot_gazebo/models/arena_a_frame/meshes
[3.385s] copying models/arena_a_frame/materials/textures/mcr2_banner.png -> /home/ricard/ros2_ws_puzzlebot/install/puzzlebot_gazebo/share/puzzlebot_gazebo/models/arena_a_frame/materials/textures
[3.385s] copying models/goal_marker_2/model.config -> /home/ricard/ros2_ws_puzzlebot/install/puzzlebot_gazebo/share/puzzlebot_gazebo/models/goal_marker_2
[3.386s] copying models/goal_marker_2/model.sdf -> /home/ricard/ros2_ws_puzzlebot/install/puzzlebot_gazebo/share/puzzlebot_gazebo/models/goal_marker_2
[3.387s] copying models/goal_marker_2/materials/textures/mcr2_goal_2.png -> /home/ricard/ros2_ws_puzzlebot/install/puzzlebot_gazebo/share/puzzlebot_gazebo/models/goal_marker_2/materials/textures
[3.388s] copying models/yellow_colored_box/model.config -> /home/ricard/ros2_ws_puzzlebot/install/puzzlebot_gazebo/share/puzzlebot_gazebo/models/yellow_colored_box
[3.388s] copying models/yellow_colored_box/model.sdf -> /home/ricard/ros2_ws_puzzlebot/install/puzzlebot_gazebo/share/puzzlebot_gazebo/models/yellow_colored_box
[3.389s] copying models/aruco002_cv/model.config -> /home/ricard/ros2_ws_puzzlebot/install/puzzlebot_gazebo/share/puzzlebot_gazebo/models/aruco002_cv
[3.390s] copying models/aruco002_cv/model.sdf -> /home/ricard/ros2_ws_puzzlebot/install/puzzlebot_gazebo/share/puzzlebot_gazebo/models/aruco002_cv
[3.390s] copying models/aruco002_cv/meshes/aruco002.dae -> /home/ricard/ros2_ws_puzzlebot/install/puzzlebot_gazebo/share/puzzlebot_gazebo/models/aruco002_cv/meshes
[3.391s] copying models/aruco002_cv/materials/textures/4x4_50_002.png -> /home/ricard/ros2_ws_puzzlebot/install/puzzlebot_gazebo/share/puzzlebot_gazebo/models/aruco002_cv/materials/textures
[3.392s] copying models/aruco_marker_1/model.config -> /home/ricard/ros2_ws_puzzlebot/install/puzzlebot_gazebo/share/puzzlebot_gazebo/models/aruco_marker_1
[3.393s] copying models/aruco_marker_1/model.sdf -> /home/ricard/ros2_ws_puzzlebot/install/puzzlebot_gazebo/share/puzzlebot_gazebo/models/aruco_marker_1
[3.394s] copying models/aruco_marker_1/materials/textures/marker1.png -> /home/ricard/ros2_ws_puzzlebot/install/puzzlebot_gazebo/share/puzzlebot_gazebo/models/aruco_marker_1/materials/textures
[3.394s] copying models/avoidance_world_3/model.config -> /home/ricard/ros2_ws_puzzlebot/install/puzzlebot_gazebo/share/puzzlebot_gazebo/models/avoidance_world_3
[3.395s] copying models/avoidance_world_3/model.sdf -> /home/ricard/ros2_ws_puzzlebot/install/puzzlebot_gazebo/share/puzzlebot_gazebo/models/avoidance_world_3
[3.396s] copying models/aruco_box/model.config -> /home/ricard/ros2_ws_puzzlebot/install/puzzlebot_gazebo/share/puzzlebot_gazebo/models/aruco_box
[3.397s] copying models/aruco_box/model.sdf -> /home/ricard/ros2_ws_puzzlebot/install/puzzlebot_gazebo/share/puzzlebot_gazebo/models/aruco_box
[3.398s] copying models/aruco_box/materials/textures/marker4.png -> /home/ricard/ros2_ws_puzzlebot/install/puzzlebot_gazebo/share/puzzlebot_gazebo/models/aruco_box/materials/textures
[3.398s] copying models/aruco_box/materials/textures/marker3.png -> /home/ricard/ros2_ws_puzzlebot/install/puzzlebot_gazebo/share/puzzlebot_gazebo/models/aruco_box/materials/textures
[3.399s] copying models/aruco_box/materials/textures/marker0.png -> /home/ricard/ros2_ws_puzzlebot/install/puzzlebot_gazebo/share/puzzlebot_gazebo/models/aruco_box/materials/textures
[3.400s] copying models/aruco_box/materials/textures/marker1.png -> /home/ricard/ros2_ws_puzzlebot/install/puzzlebot_gazebo/share/puzzlebot_gazebo/models/aruco_box/materials/textures
[3.400s] copying models/aruco_box/materials/textures/marker5.png -> /home/ricard/ros2_ws_puzzlebot/install/puzzlebot_gazebo/share/puzzlebot_gazebo/models/aruco_box/materials/textures
[3.401s] copying models/aruco_box/materials/textures/marker2.png -> /home/ricard/ros2_ws_puzzlebot/install/puzzlebot_gazebo/share/puzzlebot_gazebo/models/aruco_box/materials/textures
[3.402s] copying models/puzzlebot_track/model.config -> /home/ricard/ros2_ws_puzzlebot/install/puzzlebot_gazebo/share/puzzlebot_gazebo/models/puzzlebot_track
[3.402s] copying models/puzzlebot_track/model.sdf -> /home/ricard/ros2_ws_puzzlebot/install/puzzlebot_gazebo/share/puzzlebot_gazebo/models/puzzlebot_track
[3.403s] copying models/puzzlebot_track/materials/textures/puzzlebot_track.png -> /home/ricard/ros2_ws_puzzlebot/install/puzzlebot_gazebo/share/puzzlebot_gazebo/models/puzzlebot_track/materials/textures
[3.404s] copying models/goal_marker_4/model.config -> /home/ricard/ros2_ws_puzzlebot/install/puzzlebot_gazebo/share/puzzlebot_gazebo/models/goal_marker_4
[3.405s] copying models/goal_marker_4/model.sdf -> /home/ricard/ros2_ws_puzzlebot/install/puzzlebot_gazebo/share/puzzlebot_gazebo/models/goal_marker_4
[3.405s] copying models/goal_marker_4/materials/textures/mcr2_goal_4.png -> /home/ricard/ros2_ws_puzzlebot/install/puzzlebot_gazebo/share/puzzlebot_gazebo/models/goal_marker_4/materials/textures
[3.406s] copying models/plugins/libDiffDynamicPlugin.so -> /home/ricard/ros2_ws_puzzlebot/install/puzzlebot_gazebo/share/puzzlebot_gazebo/models/plugins
[3.415s] copying models/goal_marker_3/model.config -> /home/ricard/ros2_ws_puzzlebot/install/puzzlebot_gazebo/share/puzzlebot_gazebo/models/goal_marker_3
[3.416s] copying models/goal_marker_3/model.sdf -> /home/ricard/ros2_ws_puzzlebot/install/puzzlebot_gazebo/share/puzzlebot_gazebo/models/goal_marker_3
[3.416s] copying models/goal_marker_3/materials/textures/mcr2_goal_3.png -> /home/ricard/ros2_ws_puzzlebot/install/puzzlebot_gazebo/share/puzzlebot_gazebo/models/goal_marker_3/materials/textures
[3.417s] copying models/aruco003_cv/model.config -> /home/ricard/ros2_ws_puzzlebot/install/puzzlebot_gazebo/share/puzzlebot_gazebo/models/aruco003_cv
[3.418s] copying models/aruco003_cv/model.sdf -> /home/ricard/ros2_ws_puzzlebot/install/puzzlebot_gazebo/share/puzzlebot_gazebo/models/aruco003_cv
[3.418s] copying models/aruco003_cv/meshes/aruco003.dae -> /home/ricard/ros2_ws_puzzlebot/install/puzzlebot_gazebo/share/puzzlebot_gazebo/models/aruco003_cv/meshes
[3.419s] copying models/aruco003_cv/materials/textures/4x4_50_003.png -> /home/ricard/ros2_ws_puzzlebot/install/puzzlebot_gazebo/share/puzzlebot_gazebo/models/aruco003_cv/materials/textures
[3.420s] copying models/goal_marker_1/model.config -> /home/ricard/ros2_ws_puzzlebot/install/puzzlebot_gazebo/share/puzzlebot_gazebo/models/goal_marker_1
[3.420s] copying models/goal_marker_1/model.sdf -> /home/ricard/ros2_ws_puzzlebot/install/puzzlebot_gazebo/share/puzzlebot_gazebo/models/goal_marker_1
[3.421s] copying models/goal_marker_1/materials/textures/mcr2_goal_1.png -> /home/ricard/ros2_ws_puzzlebot/install/puzzlebot_gazebo/share/puzzlebot_gazebo/models/goal_marker_1/materials/textures
[3.422s] copying models/aruco001_cv/model.config -> /home/ricard/ros2_ws_puzzlebot/install/puzzlebot_gazebo/share/puzzlebot_gazebo/models/aruco001_cv
[3.422s] copying models/aruco001_cv/model.sdf -> /home/ricard/ros2_ws_puzzlebot/install/puzzlebot_gazebo/share/puzzlebot_gazebo/models/aruco001_cv
[3.423s] copying models/aruco001_cv/meshes/aruco001.dae -> /home/ricard/ros2_ws_puzzlebot/install/puzzlebot_gazebo/share/puzzlebot_gazebo/models/aruco001_cv/meshes
[3.424s] copying models/aruco001_cv/materials/textures/4x4_50_001.png -> /home/ricard/ros2_ws_puzzlebot/install/puzzlebot_gazebo/share/puzzlebot_gazebo/models/aruco001_cv/materials/textures
[3.424s] copying models/puzzlebot_lidar/model.config -> /home/ricard/ros2_ws_puzzlebot/install/puzzlebot_gazebo/share/puzzlebot_gazebo/models/puzzlebot_lidar
[3.425s] copying models/puzzlebot_lidar/model.sdf -> /home/ricard/ros2_ws_puzzlebot/install/puzzlebot_gazebo/share/puzzlebot_gazebo/models/puzzlebot_lidar
[3.426s] copying models/puzzlebot_lidar/meshes/wheel.dae -> /home/ricard/ros2_ws_puzzlebot/install/puzzlebot_gazebo/share/puzzlebot_gazebo/models/puzzlebot_lidar/meshes
[3.431s] copying models/puzzlebot_lidar/meshes/chassis1.dae -> /home/ricard/ros2_ws_puzzlebot/install/puzzlebot_gazebo/share/puzzlebot_gazebo/models/puzzlebot_lidar/meshes
[3.526s] copying models/aruco_marker_5/model.config -> /home/ricard/ros2_ws_puzzlebot/install/puzzlebot_gazebo/share/puzzlebot_gazebo/models/aruco_marker_5
[3.527s] copying models/aruco_marker_5/model.sdf -> /home/ricard/ros2_ws_puzzlebot/install/puzzlebot_gazebo/share/puzzlebot_gazebo/models/aruco_marker_5
[3.528s] copying models/aruco_marker_5/materials/textures/marker5.png -> /home/ricard/ros2_ws_puzzlebot/install/puzzlebot_gazebo/share/puzzlebot_gazebo/models/aruco_marker_5/materials/textures
[3.529s] copying models/media/materials/textures/puzzlebot_wood_6.png -> /home/ricard/ros2_ws_puzzlebot/install/puzzlebot_gazebo/share/puzzlebot_gazebo/models/media/materials/textures
[3.533s] copying models/media/materials/textures/mcr2_goal_2.png -> /home/ricard/ros2_ws_puzzlebot/install/puzzlebot_gazebo/share/puzzlebot_gazebo/models/media/materials/textures
[3.534s] copying models/media/materials/textures/nvidia_hz_logo_white.jpg -> /home/ricard/ros2_ws_puzzlebot/install/puzzlebot_gazebo/share/puzzlebot_gazebo/models/media/materials/textures
[3.535s] copying models/media/materials/textures/puzzlebot_wood_7.png -> /home/ricard/ros2_ws_puzzlebot/install/puzzlebot_gazebo/share/puzzlebot_gazebo/models/media/materials/textures
[3.542s] copying models/media/materials/textures/puzzlebot_wood_4.png -> /home/ricard/ros2_ws_puzzlebot/install/puzzlebot_gazebo/share/puzzlebot_gazebo/models/media/materials/textures
[3.551s] copying models/media/materials/textures/nvidia_logo_white.jpg -> /home/ricard/ros2_ws_puzzlebot/install/puzzlebot_gazebo/share/puzzlebot_gazebo/models/media/materials/textures
[3.553s] copying models/media/materials/textures/mcr2_goal_4.png -> /home/ricard/ros2_ws_puzzlebot/install/puzzlebot_gazebo/share/puzzlebot_gazebo/models/media/materials/textures
[3.554s] copying models/media/materials/textures/puzzlebot_wood_5.png -> /home/ricard/ros2_ws_puzzlebot/install/puzzlebot_gazebo/share/puzzlebot_gazebo/models/media/materials/textures
[3.563s] copying models/media/materials/textures/puzzlebot_logo_white.png -> /home/ricard/ros2_ws_puzzlebot/install/puzzlebot_gazebo/share/puzzlebot_gazebo/models/media/materials/textures
[3.564s] copying models/media/materials/textures/nvidia_logo_black.jpg -> /home/ricard/ros2_ws_puzzlebot/install/puzzlebot_gazebo/share/puzzlebot_gazebo/models/media/materials/textures
[3.565s] copying models/media/materials/textures/mcr2_logo_black.png -> /home/ricard/ros2_ws_puzzlebot/install/puzzlebot_gazebo/share/puzzlebot_gazebo/models/media/materials/textures
[3.566s] copying models/media/materials/textures/mcr2_goal_3.png -> /home/ricard/ros2_ws_puzzlebot/install/puzzlebot_gazebo/share/puzzlebot_gazebo/models/media/materials/textures
[3.567s] copying models/media/materials/textures/mcr2_banner.png -> /home/ricard/ros2_ws_puzzlebot/install/puzzlebot_gazebo/share/puzzlebot_gazebo/models/media/materials/textures
[3.568s] copying models/media/materials/textures/nvidia_logo_b_w.jpg -> /home/ricard/ros2_ws_puzzlebot/install/puzzlebot_gazebo/share/puzzlebot_gazebo/models/media/materials/textures
[3.569s] copying models/media/materials/textures/mcr2_goal_1.png -> /home/ricard/ros2_ws_puzzlebot/install/puzzlebot_gazebo/share/puzzlebot_gazebo/models/media/materials/textures
[3.570s] copying models/media/materials/textures/mcr2_logo_white.png -> /home/ricard/ros2_ws_puzzlebot/install/puzzlebot_gazebo/share/puzzlebot_gazebo/models/media/materials/textures
[3.571s] copying models/media/materials/textures/mcr2_goal_5.png -> /home/ricard/ros2_ws_puzzlebot/install/puzzlebot_gazebo/share/puzzlebot_gazebo/models/media/materials/textures
[3.572s] copying models/media/materials/textures/puzzlebot_logo.png -> /home/ricard/ros2_ws_puzzlebot/install/puzzlebot_gazebo/share/puzzlebot_gazebo/models/media/materials/textures
[3.573s] copying models/media/materials/textures/wood_floor.jpg -> /home/ricard/ros2_ws_puzzlebot/install/puzzlebot_gazebo/share/puzzlebot_gazebo/models/media/materials/textures
[3.574s] copying models/media/materials/textures/aruco_markers/marker4.png -> /home/ricard/ros2_ws_puzzlebot/install/puzzlebot_gazebo/share/puzzlebot_gazebo/models/media/materials/textures/aruco_markers
[3.575s] copying models/media/materials/textures/aruco_markers/marker3.png -> /home/ricard/ros2_ws_puzzlebot/install/puzzlebot_gazebo/share/puzzlebot_gazebo/models/media/materials/textures/aruco_markers
[3.575s] copying models/media/materials/textures/aruco_markers/marker0.png -> /home/ricard/ros2_ws_puzzlebot/install/puzzlebot_gazebo/share/puzzlebot_gazebo/models/media/materials/textures/aruco_markers
[3.576s] copying models/media/materials/textures/aruco_markers/marker1.png -> /home/ricard/ros2_ws_puzzlebot/install/puzzlebot_gazebo/share/puzzlebot_gazebo/models/media/materials/textures/aruco_markers
[3.577s] copying models/media/materials/textures/aruco_markers/marker5.png -> /home/ricard/ros2_ws_puzzlebot/install/puzzlebot_gazebo/share/puzzlebot_gazebo/models/media/materials/textures/aruco_markers
[3.577s] copying models/media/materials/textures/aruco_markers/marker2.png -> /home/ricard/ros2_ws_puzzlebot/install/puzzlebot_gazebo/share/puzzlebot_gazebo/models/media/materials/textures/aruco_markers
[3.578s] copying models/media/materials/scripts/mcr2_materials.material -> /home/ricard/ros2_ws_puzzlebot/install/puzzlebot_gazebo/share/puzzlebot_gazebo/models/media/materials/scripts
[3.579s] copying models/empty/model.config -> /home/ricard/ros2_ws_puzzlebot/install/puzzlebot_gazebo/share/puzzlebot_gazebo/models/empty
[3.580s] copying models/empty/model.sdf -> /home/ricard/ros2_ws_puzzlebot/install/puzzlebot_gazebo/share/puzzlebot_gazebo/models/empty
[3.581s] copying models/aruco_marker_0/model.config -> /home/ricard/ros2_ws_puzzlebot/install/puzzlebot_gazebo/share/puzzlebot_gazebo/models/aruco_marker_0
[3.581s] copying models/aruco_marker_0/model.sdf -> /home/ricard/ros2_ws_puzzlebot/install/puzzlebot_gazebo/share/puzzlebot_gazebo/models/aruco_marker_0
[3.582s] copying models/aruco_marker_0/materials/textures/marker0.png -> /home/ricard/ros2_ws_puzzlebot/install/puzzlebot_gazebo/share/puzzlebot_gazebo/models/aruco_marker_0/materials/textures
[3.584s] copying models/office_model/model.config -> /home/ricard/ros2_ws_puzzlebot/install/puzzlebot_gazebo/share/puzzlebot_gazebo/models/office_model
[3.584s] copying models/office_model/model.sdf -> /home/ricard/ros2_ws_puzzlebot/install/puzzlebot_gazebo/share/puzzlebot_gazebo/models/office_model
[3.585s] copying models/aruco001/model.config -> /home/ricard/ros2_ws_puzzlebot/install/puzzlebot_gazebo/share/puzzlebot_gazebo/models/aruco001
[3.586s] copying models/aruco001/model.sdf -> /home/ricard/ros2_ws_puzzlebot/install/puzzlebot_gazebo/share/puzzlebot_gazebo/models/aruco001
[3.587s] copying models/aruco001/meshes/aruco001.dae -> /home/ricard/ros2_ws_puzzlebot/install/puzzlebot_gazebo/share/puzzlebot_gazebo/models/aruco001/meshes
[3.588s] copying models/aruco001/materials/textures/16h3_001.png -> /home/ricard/ros2_ws_puzzlebot/install/puzzlebot_gazebo/share/puzzlebot_gazebo/models/aruco001/materials/textures
[3.589s] copying models/avoidance_world_1/model.config -> /home/ricard/ros2_ws_puzzlebot/install/puzzlebot_gazebo/share/puzzlebot_gazebo/models/avoidance_world_1
[3.590s] copying models/avoidance_world_1/model.sdf -> /home/ricard/ros2_ws_puzzlebot/install/puzzlebot_gazebo/share/puzzlebot_gazebo/models/avoidance_world_1
[3.591s] copying models/goal_marker_5/model.config -> /home/ricard/ros2_ws_puzzlebot/install/puzzlebot_gazebo/share/puzzlebot_gazebo/models/goal_marker_5
[3.592s] copying models/goal_marker_5/model.sdf -> /home/ricard/ros2_ws_puzzlebot/install/puzzlebot_gazebo/share/puzzlebot_gazebo/models/goal_marker_5
[3.593s] copying models/goal_marker_5/materials/textures/mcr2_goal_5.png -> /home/ricard/ros2_ws_puzzlebot/install/puzzlebot_gazebo/share/puzzlebot_gazebo/models/goal_marker_5/materials/textures
[3.594s] copying models/simple_light/model.config -> /home/ricard/ros2_ws_puzzlebot/install/puzzlebot_gazebo/share/puzzlebot_gazebo/models/simple_light
[3.595s] copying models/simple_light/model.sdf -> /home/ricard/ros2_ws_puzzlebot/install/puzzlebot_gazebo/share/puzzlebot_gazebo/models/simple_light
[3.596s] copying models/office_floor/model.config -> /home/ricard/ros2_ws_puzzlebot/install/puzzlebot_gazebo/share/puzzlebot_gazebo/models/office_floor
[3.597s] copying models/office_floor/model.sdf -> /home/ricard/ros2_ws_puzzlebot/install/puzzlebot_gazebo/share/puzzlebot_gazebo/models/office_floor
[3.598s] copying models/office_floor/materials/textures/puzzlebot_wood_7.png -> /home/ricard/ros2_ws_puzzlebot/install/puzzlebot_gazebo/share/puzzlebot_gazebo/models/office_floor/materials/textures
[3.605s] copying models/world_wall/model.config -> /home/ricard/ros2_ws_puzzlebot/install/puzzlebot_gazebo/share/puzzlebot_gazebo/models/world_wall
[3.606s] copying models/world_wall/model.sdf -> /home/ricard/ros2_ws_puzzlebot/install/puzzlebot_gazebo/share/puzzlebot_gazebo/models/world_wall
[3.607s] copying models/world_wall/meshes/world_wall1.dae -> /home/ricard/ros2_ws_puzzlebot/install/puzzlebot_gazebo/share/puzzlebot_gazebo/models/world_wall/meshes
[3.608s] copying models/world_wall/meshes/0032-512x512.jpg -> /home/ricard/ros2_ws_puzzlebot/install/puzzlebot_gazebo/share/puzzlebot_gazebo/models/world_wall/meshes
[3.610s] copying models/world_wall/meshes/wood_floor.jpg -> /home/ricard/ros2_ws_puzzlebot/install/puzzlebot_gazebo/share/puzzlebot_gazebo/models/world_wall/meshes
[3.611s] copying models/world_wall/materials/textures/0032-512x512.jpg -> /home/ricard/ros2_ws_puzzlebot/install/puzzlebot_gazebo/share/puzzlebot_gazebo/models/world_wall/materials/textures
[3.613s] copying models/world_wall/materials/textures/wood_floor.jpg -> /home/ricard/ros2_ws_puzzlebot/install/puzzlebot_gazebo/share/puzzlebot_gazebo/models/world_wall/materials/textures
[3.614s] copying models/world_wall/materials/textures/MapAll.jpg -> /home/ricard/ros2_ws_puzzlebot/install/puzzlebot_gazebo/share/puzzlebot_gazebo/models/world_wall/materials/textures
[3.618s] copying models/aruco002/model.config -> /home/ricard/ros2_ws_puzzlebot/install/puzzlebot_gazebo/share/puzzlebot_gazebo/models/aruco002
[3.619s] copying models/aruco002/model.sdf -> /home/ricard/ros2_ws_puzzlebot/install/puzzlebot_gazebo/share/puzzlebot_gazebo/models/aruco002
[3.620s] copying models/aruco002/meshes/aruco002.dae -> /home/ricard/ros2_ws_puzzlebot/install/puzzlebot_gazebo/share/puzzlebot_gazebo/models/aruco002/meshes
[3.621s] copying models/aruco002/materials/textures/16h3_002.png -> /home/ricard/ros2_ws_puzzlebot/install/puzzlebot_gazebo/share/puzzlebot_gazebo/models/aruco002/materials/textures
[3.621s] copying models/aruco000_cv/model.config -> /home/ricard/ros2_ws_puzzlebot/install/puzzlebot_gazebo/share/puzzlebot_gazebo/models/aruco000_cv
[3.622s] copying models/aruco000_cv/model.sdf -> /home/ricard/ros2_ws_puzzlebot/install/puzzlebot_gazebo/share/puzzlebot_gazebo/models/aruco000_cv
[3.623s] copying models/aruco000_cv/meshes/aruco000.dae -> /home/ricard/ros2_ws_puzzlebot/install/puzzlebot_gazebo/share/puzzlebot_gazebo/models/aruco000_cv/meshes
[3.624s] copying models/aruco000_cv/materials/textures/4x4_50_000.png -> /home/ricard/ros2_ws_puzzlebot/install/puzzlebot_gazebo/share/puzzlebot_gazebo/models/aruco000_cv/materials/textures
[3.625s] copying models/puzzlebot_base/model.config -> /home/ricard/ros2_ws_puzzlebot/install/puzzlebot_gazebo/share/puzzlebot_gazebo/models/puzzlebot_base
[3.627s] copying models/puzzlebot_base/model.sdf -> /home/ricard/ros2_ws_puzzlebot/install/puzzlebot_gazebo/share/puzzlebot_gazebo/models/puzzlebot_base
[3.628s] copying models/puzzlebot_base/materials/textures/puzzlebot_wood_6.png -> /home/ricard/ros2_ws_puzzlebot/install/puzzlebot_gazebo/share/puzzlebot_gazebo/models/puzzlebot_base/materials/textures
[3.631s] copying models/aruco_marker_2/model.config -> /home/ricard/ros2_ws_puzzlebot/install/puzzlebot_gazebo/share/puzzlebot_gazebo/models/aruco_marker_2
[3.633s] copying models/aruco_marker_2/model.sdf -> /home/ricard/ros2_ws_puzzlebot/install/puzzlebot_gazebo/share/puzzlebot_gazebo/models/aruco_marker_2
[3.633s] copying models/aruco_marker_2/materials/textures/marker2.png -> /home/ricard/ros2_ws_puzzlebot/install/puzzlebot_gazebo/share/puzzlebot_gazebo/models/aruco_marker_2/materials/textures
[3.634s] copying models/aruco000/model.config -> /home/ricard/ros2_ws_puzzlebot/install/puzzlebot_gazebo/share/puzzlebot_gazebo/models/aruco000
[3.635s] copying models/aruco000/model.sdf -> /home/ricard/ros2_ws_puzzlebot/install/puzzlebot_gazebo/share/puzzlebot_gazebo/models/aruco000
[3.636s] copying models/aruco000/meshes/aruco000.dae -> /home/ricard/ros2_ws_puzzlebot/install/puzzlebot_gazebo/share/puzzlebot_gazebo/models/aruco000/meshes
[3.636s] copying models/aruco000/materials/textures/16h3_000.png -> /home/ricard/ros2_ws_puzzlebot/install/puzzlebot_gazebo/share/puzzlebot_gazebo/models/aruco000/materials/textures
[3.637s] copying models/box_brick/model.config -> /home/ricard/ros2_ws_puzzlebot/install/puzzlebot_gazebo/share/puzzlebot_gazebo/models/box_brick
[3.638s] copying models/box_brick/model.sdf -> /home/ricard/ros2_ws_puzzlebot/install/puzzlebot_gazebo/share/puzzlebot_gazebo/models/box_brick
[3.639s] copying models/box_brick/meshes/box_brick.dae -> /home/ricard/ros2_ws_puzzlebot/install/puzzlebot_gazebo/share/puzzlebot_gazebo/models/box_brick/meshes
[3.640s] copying models/box_brick/materials/textures/0032-512x512.jpg -> /home/ricard/ros2_ws_puzzlebot/install/puzzlebot_gazebo/share/puzzlebot_gazebo/models/box_brick/materials/textures
[3.642s] copying models/aruco003/model.config -> /home/ricard/ros2_ws_puzzlebot/install/puzzlebot_gazebo/share/puzzlebot_gazebo/models/aruco003
[3.643s] copying models/aruco003/model.sdf -> /home/ricard/ros2_ws_puzzlebot/install/puzzlebot_gazebo/share/puzzlebot_gazebo/models/aruco003
[3.643s] copying models/aruco003/meshes/aruco003.dae -> /home/ricard/ros2_ws_puzzlebot/install/puzzlebot_gazebo/share/puzzlebot_gazebo/models/aruco003/meshes
[3.644s] copying models/aruco003/materials/textures/16h3_003.png -> /home/ricard/ros2_ws_puzzlebot/install/puzzlebot_gazebo/share/puzzlebot_gazebo/models/aruco003/materials/textures
[3.645s] copying models/avoidance_world_2/model.config -> /home/ricard/ros2_ws_puzzlebot/install/puzzlebot_gazebo/share/puzzlebot_gazebo/models/avoidance_world_2
[3.647s] copying models/avoidance_world_2/model.sdf -> /home/ricard/ros2_ws_puzzlebot/install/puzzlebot_gazebo/share/puzzlebot_gazebo/models/avoidance_world_2
[3.647s] copying worlds/puzzlebot_arena_markers.world -> /home/ricard/ros2_ws_puzzlebot/install/puzzlebot_gazebo/share/puzzlebot_gazebo/worlds
[3.648s] copying worlds/empty.world -> /home/ricard/ros2_ws_puzzlebot/install/puzzlebot_gazebo/share/puzzlebot_gazebo/worlds
[3.649s] copying worlds/puzzlebot_arena.world -> /home/ricard/ros2_ws_puzzlebot/install/puzzlebot_gazebo/share/puzzlebot_gazebo/worlds
[3.649s] copying worlds/puzzlebot_track.world -> /home/ricard/ros2_ws_puzzlebot/install/puzzlebot_gazebo/share/puzzlebot_gazebo/worlds
[3.650s] copying worlds/world_box.sdf -> /home/ricard/ros2_ws_puzzlebot/install/puzzlebot_gazebo/share/puzzlebot_gazebo/worlds
[3.651s] copying worlds/office.world -> /home/ricard/ros2_ws_puzzlebot/install/puzzlebot_gazebo/share/puzzlebot_gazebo/worlds
[3.651s] copying worlds/puzzlebot_world.world -> /home/ricard/ros2_ws_puzzlebot/install/puzzlebot_gazebo/share/puzzlebot_gazebo/worlds
[3.652s] copying worlds/world_aruco_mip.sdf -> /home/ricard/ros2_ws_puzzlebot/install/puzzlebot_gazebo/share/puzzlebot_gazebo/worlds
[3.652s] copying worlds/obstacle_avoidance_4.world -> /home/ricard/ros2_ws_puzzlebot/install/puzzlebot_gazebo/share/puzzlebot_gazebo/worlds
[3.653s] copying worlds/obstacle_avoidance_1.world -> /home/ricard/ros2_ws_puzzlebot/install/puzzlebot_gazebo/share/puzzlebot_gazebo/worlds
[3.653s] copying worlds/world_empty.sdf -> /home/ricard/ros2_ws_puzzlebot/install/puzzlebot_gazebo/share/puzzlebot_gazebo/worlds
[3.654s] copying worlds/obstacle_avoidance_3.world -> /home/ricard/ros2_ws_puzzlebot/install/puzzlebot_gazebo/share/puzzlebot_gazebo/worlds
[3.654s] copying worlds/world_aruco_cv.sdf -> /home/ricard/ros2_ws_puzzlebot/install/puzzlebot_gazebo/share/puzzlebot_gazebo/worlds
[3.655s] copying worlds/obstacle_avoidance_2.world -> /home/ricard/ros2_ws_puzzlebot/install/puzzlebot_gazebo/share/puzzlebot_gazebo/worlds
[3.656s] copying worlds/puzzlebot_aruco_markers.world -> /home/ricard/ros2_ws_puzzlebot/install/puzzlebot_gazebo/share/puzzlebot_gazebo/worlds
[3.656s] copying worlds/office_2/model.config -> /home/ricard/ros2_ws_puzzlebot/install/puzzlebot_gazebo/share/puzzlebot_gazebo/worlds/office_2
[3.657s] copying worlds/office_2/model.sdf -> /home/ricard/ros2_ws_puzzlebot/install/puzzlebot_gazebo/share/puzzlebot_gazebo/worlds/office_2
[3.659s] copying plugins/libDiffDynamicPlugin.so -> /home/ricard/ros2_ws_puzzlebot/install/puzzlebot_gazebo/share/puzzlebot_gazebo/plugins
[3.663s] running install_egg_info
[3.666s] Copying ../../build/puzzlebot_gazebo/puzzlebot_gazebo.egg-info to /home/ricard/ros2_ws_puzzlebot/install/puzzlebot_gazebo/lib/python3.10/site-packages/puzzlebot_gazebo-0.0.0-py3.10.egg-info
[3.668s] running install_scripts
[3.696s] Installing puzzlebot_gazebo script to /home/ricard/ros2_ws_puzzlebot/install/puzzlebot_gazebo/lib/puzzlebot_gazebo
[3.697s] writing list of installed files to '/home/ricard/ros2_ws_puzzlebot/build/puzzlebot_gazebo/install.log'
[3.746s] Invoked command in '/home/ricard/ros2_ws_puzzlebot/src/puzzlebot_gazebo' returned '0': PYTHONPATH=/home/ricard/ros2_ws_puzzlebot/build/puzzlebot_gazebo/prefix_override:/usr/lib/python3/dist-packages/colcon_core/task/python/colcon_distutils_commands:/home/ricard/ros2_ws_puzzlebot/install/puzzlebot_gazebo/lib/python3.10/site-packages:${PYTHONPATH} /usr/bin/python3 -W ignore:setup.py install is deprecated -W ignore:easy_install command is deprecated setup.py egg_info --egg-base ../../build/puzzlebot_gazebo build --build-base /home/ricard/ros2_ws_puzzlebot/build/puzzlebot_gazebo/build install --record /home/ricard/ros2_ws_puzzlebot/build/puzzlebot_gazebo/install.log --single-version-externally-managed install_data --force
