[1.451s] Invoking command in '/home/ricard/ros2_ws_puzzlebot/build/puzzlebot_description': PYTHONPATH=/home/ricard/ros2_ws_puzzlebot/build/puzzlebot_description/prefix_override:/usr/lib/python3/dist-packages/colcon_core/task/python/colcon_distutils_commands:/home/ricard/ros2_ws_puzzlebot/install/puzzlebot_description/lib/python3.10/site-packages:${PYTHONPATH} /usr/bin/python3 -W ignore:setup.py install is deprecated -W ignore:easy_install command is deprecated setup.py develop --uninstall --editable --build-directory /home/ricard/ros2_ws_puzzlebot/build/puzzlebot_description/build
[1.834s] running develop
[2.032s] Removing /home/ricard/ros2_ws_puzzlebot/install/puzzlebot_description/lib/python3.10/site-packages/puzzlebot-description.egg-link (link to .)
[2.165s] Invoked command in '/home/ricard/ros2_ws_puzzlebot/build/puzzlebot_description' returned '0': PYTHONPATH=/home/ricard/ros2_ws_puzzlebot/build/puzzlebot_description/prefix_override:/usr/lib/python3/dist-packages/colcon_core/task/python/colcon_distutils_commands:/home/ricard/ros2_ws_puzzlebot/install/puzzlebot_description/lib/python3.10/site-packages:${PYTHONPATH} /usr/bin/python3 -W ignore:setup.py install is deprecated -W ignore:easy_install command is deprecated setup.py develop --uninstall --editable --build-directory /home/ricard/ros2_ws_puzzlebot/build/puzzlebot_description/build
[2.169s] Invoking command in '/home/ricard/ros2_ws_puzzlebot/src/puzzlebot_description': PYTHONPATH=/home/ricard/ros2_ws_puzzlebot/build/puzzlebot_description/prefix_override:/usr/lib/python3/dist-packages/colcon_core/task/python/colcon_distutils_commands:/home/ricard/ros2_ws_puzzlebot/install/puzzlebot_description/lib/python3.10/site-packages:${PYTHONPATH} /usr/bin/python3 -W ignore:setup.py install is deprecated -W ignore:easy_install command is deprecated setup.py egg_info --egg-base ../../build/puzzlebot_description build --build-base /home/ricard/ros2_ws_puzzlebot/build/puzzlebot_description/build install --record /home/ricard/ros2_ws_puzzlebot/build/puzzlebot_description/install.log --single-version-externally-managed install_data --force
[2.556s] running egg_info
[2.557s] writing ../../build/puzzlebot_description/puzzlebot_description.egg-info/PKG-INFO
[2.557s] writing dependency_links to ../../build/puzzlebot_description/puzzlebot_description.egg-info/dependency_links.txt
[2.557s] writing entry points to ../../build/puzzlebot_description/puzzlebot_description.egg-info/entry_points.txt
[2.557s] writing requirements to ../../build/puzzlebot_description/puzzlebot_description.egg-info/requires.txt
[2.558s] writing top-level names to ../../build/puzzlebot_description/puzzlebot_description.egg-info/top_level.txt
[2.562s] reading manifest file '../../build/puzzlebot_description/puzzlebot_description.egg-info/SOURCES.txt'
[2.563s] adding license file 'LICENSE'
[2.565s] writing manifest file '../../build/puzzlebot_description/puzzlebot_description.egg-info/SOURCES.txt'
[2.565s] running build
[2.565s] running build_py
[2.571s] running install
[2.571s] running install_lib
[2.573s] creating /home/ricard/ros2_ws_puzzlebot/install/puzzlebot_description/lib/python3.10/site-packages/puzzlebot_description
[2.573s] copying /home/ricard/ros2_ws_puzzlebot/build/puzzlebot_description/build/lib/puzzlebot_description/__init__.py -> /home/ricard/ros2_ws_puzzlebot/install/puzzlebot_description/lib/python3.10/site-packages/puzzlebot_description
[2.573s] copying /home/ricard/ros2_ws_puzzlebot/build/puzzlebot_description/build/lib/puzzlebot_description/joint_state_publisher.py -> /home/ricard/ros2_ws_puzzlebot/install/puzzlebot_description/lib/python3.10/site-packages/puzzlebot_description
[2.575s] byte-compiling /home/ricard/ros2_ws_puzzlebot/install/puzzlebot_description/lib/python3.10/site-packages/puzzlebot_description/__init__.py to __init__.cpython-310.pyc
[2.575s] byte-compiling /home/ricard/ros2_ws_puzzlebot/install/puzzlebot_description/lib/python3.10/site-packages/puzzlebot_description/joint_state_publisher.py to joint_state_publisher.cpython-310.pyc
[2.576s] running install_data
[2.576s] copying resource/puzzlebot_description -> /home/ricard/ros2_ws_puzzlebot/install/puzzlebot_description/share/ament_index/resource_index/packages
[2.577s] copying package.xml -> /home/ricard/ros2_ws_puzzlebot/install/puzzlebot_description/share/puzzlebot_description
[2.578s] copying launch/robot_state_publisher_launch.py -> /home/ricard/ros2_ws_puzzlebot/install/puzzlebot_description/share/puzzlebot_description/launch
[2.579s] copying rviz/puzzlebot_desc.rviz -> /home/ricard/ros2_ws_puzzlebot/install/puzzlebot_description/share/puzzlebot_description/rviz
[2.582s] copying urdf/mcr2_misc/macros.xacro -> /home/ricard/ros2_ws_puzzlebot/install/puzzlebot_description/share/puzzlebot_description/urdf/mcr2_misc
[2.583s] copying urdf/mcr2_misc/materials.xacro -> /home/ricard/ros2_ws_puzzlebot/install/puzzlebot_description/share/puzzlebot_description/urdf/mcr2_misc
[2.584s] copying urdf/mcr2_mechanical/puzzlebot_jetson_base.urdf.xacro -> /home/ricard/ros2_ws_puzzlebot/install/puzzlebot_description/share/puzzlebot_description/urdf/mcr2_mechanical
[2.585s] copying urdf/mcr2_mechanical/puzzlebot_jetson_lidar_base.urdf.xacro -> /home/ricard/ros2_ws_puzzlebot/install/puzzlebot_description/share/puzzlebot_description/urdf/mcr2_mechanical
[2.586s] copying urdf/mcr2_mechanical/puzzlebot_hacker_base.urdf.xacro -> /home/ricard/ros2_ws_puzzlebot/install/puzzlebot_description/share/puzzlebot_description/urdf/mcr2_mechanical
[2.587s] copying urdf/mcr2_sensors/laser_camera_bracket.xacro -> /home/ricard/ros2_ws_puzzlebot/install/puzzlebot_description/share/puzzlebot_description/urdf/mcr2_sensors
[2.587s] copying urdf/mcr2_sensors/lidar.xacro -> /home/ricard/ros2_ws_puzzlebot/install/puzzlebot_description/share/puzzlebot_description/urdf/mcr2_sensors
[2.588s] copying urdf/mcr2_control/gazebo_control.xacro -> /home/ricard/ros2_ws_puzzlebot/install/puzzlebot_description/share/puzzlebot_description/urdf/mcr2_control
[2.589s] copying urdf/mcr2_robots/puzzlebot_jetson_ed.xacro -> /home/ricard/ros2_ws_puzzlebot/install/puzzlebot_description/share/puzzlebot_description/urdf/mcr2_robots
[2.589s] copying urdf/mcr2_robots/puzzlebot_hacker_ed.xacro -> /home/ricard/ros2_ws_puzzlebot/install/puzzlebot_description/share/puzzlebot_description/urdf/mcr2_robots
[2.590s] copying urdf/mcr2_robots/puzzlebot_jetson_lidar_ed.xacro -> /home/ricard/ros2_ws_puzzlebot/install/puzzlebot_description/share/puzzlebot_description/urdf/mcr2_robots
[2.590s] copying urdf/mcr2_robots/hacker_ed/parameters_hacker_ed.xacro -> /home/ricard/ros2_ws_puzzlebot/install/puzzlebot_description/share/puzzlebot_description/urdf/mcr2_robots/hacker_ed
[2.591s] copying urdf/mcr2_robots/jetson_lidar_ed/parameters_jetson_lidar_ed.xacro -> /home/ricard/ros2_ws_puzzlebot/install/puzzlebot_description/share/puzzlebot_description/urdf/mcr2_robots/jetson_lidar_ed
[2.592s] copying urdf/mcr2_robots/jetson_ed/parameters_jetson_ed.xacro -> /home/ricard/ros2_ws_puzzlebot/install/puzzlebot_description/share/puzzlebot_description/urdf/mcr2_robots/jetson_ed
[2.593s] copying meshes/wheels/Puzzlebot_Wheel.stl -> /home/ricard/ros2_ws_puzzlebot/install/puzzlebot_description/share/puzzlebot_description/meshes/wheels
[2.595s] copying meshes/wheels/Puzzlebot_Caster_Wheel.stl -> /home/ricard/ros2_ws_puzzlebot/install/puzzlebot_description/share/puzzlebot_description/meshes/wheels
[2.596s] copying meshes/misc/NVIDIA_Jetson.stl -> /home/ricard/ros2_ws_puzzlebot/install/puzzlebot_description/share/puzzlebot_description/meshes/misc
[2.598s] copying meshes/misc/DC_Motor.stl -> /home/ricard/ros2_ws_puzzlebot/install/puzzlebot_description/share/puzzlebot_description/meshes/misc
[2.600s] copying meshes/bases/Puzzlebot_Jetson_Lidar_Edition_Base.stl -> /home/ricard/ros2_ws_puzzlebot/install/puzzlebot_description/share/puzzlebot_description/meshes/bases
[2.603s] copying meshes/bases/Puzzlebot_Hacker_Editon_Base.stl -> /home/ricard/ros2_ws_puzzlebot/install/puzzlebot_description/share/puzzlebot_description/meshes/bases
[2.605s] copying meshes/sensors/Laser_Camera_Bracket.stl -> /home/ricard/ros2_ws_puzzlebot/install/puzzlebot_description/share/puzzlebot_description/meshes/sensors
[2.606s] copying meshes/sensors/RPLidar.stl -> /home/ricard/ros2_ws_puzzlebot/install/puzzlebot_description/share/puzzlebot_description/meshes/sensors
[2.607s] running install_egg_info
[2.610s] Copying ../../build/puzzlebot_description/puzzlebot_description.egg-info to /home/ricard/ros2_ws_puzzlebot/install/puzzlebot_description/lib/python3.10/site-packages/puzzlebot_description-0.0.0-py3.10.egg-info
[2.613s] running install_scripts
[2.642s] Installing joint_state_publisher script to /home/ricard/ros2_ws_puzzlebot/install/puzzlebot_description/lib/puzzlebot_description
[2.643s] writing list of installed files to '/home/ricard/ros2_ws_puzzlebot/build/puzzlebot_description/install.log'
[2.797s] Invoked command in '/home/ricard/ros2_ws_puzzlebot/src/puzzlebot_description' returned '0': PYTHONPATH=/home/ricard/ros2_ws_puzzlebot/build/puzzlebot_description/prefix_override:/usr/lib/python3/dist-packages/colcon_core/task/python/colcon_distutils_commands:/home/ricard/ros2_ws_puzzlebot/install/puzzlebot_description/lib/python3.10/site-packages:${PYTHONPATH} /usr/bin/python3 -W ignore:setup.py install is deprecated -W ignore:easy_install command is deprecated setup.py egg_info --egg-base ../../build/puzzlebot_description build --build-base /home/ricard/ros2_ws_puzzlebot/build/puzzlebot_description/build install --record /home/ricard/ros2_ws_puzzlebot/build/puzzlebot_description/install.log --single-version-externally-managed install_data --force
