[1.553s] Invoking command in '/home/ricard/ros2_ws_puzzlebot/src/mobile_robotics': PYTHONPATH=/home/ricard/ros2_ws_puzzlebot/build/mobile_robotics/prefix_override:/usr/lib/python3/dist-packages/colcon_core/task/python/colcon_distutils_commands:/home/ricard/ros2_ws_puzzlebot/install/mobile_robotics/lib/python3.10/site-packages:${PYTHONPATH} /usr/bin/python3 -W ignore:setup.py install is deprecated -W ignore:easy_install command is deprecated setup.py egg_info --egg-base ../../build/mobile_robotics build --build-base /home/ricard/ros2_ws_puzzlebot/build/mobile_robotics/build install --record /home/ricard/ros2_ws_puzzlebot/build/mobile_robotics/install.log --single-version-externally-managed install_data
[1.857s] running egg_info
[1.858s] writing ../../build/mobile_robotics/mobile_robotics.egg-info/PKG-INFO
[1.859s] writing dependency_links to ../../build/mobile_robotics/mobile_robotics.egg-info/dependency_links.txt
[1.859s] writing entry points to ../../build/mobile_robotics/mobile_robotics.egg-info/entry_points.txt
[1.859s] writing requirements to ../../build/mobile_robotics/mobile_robotics.egg-info/requires.txt
[1.859s] writing top-level names to ../../build/mobile_robotics/mobile_robotics.egg-info/top_level.txt
[1.862s] reading manifest file '../../build/mobile_robotics/mobile_robotics.egg-info/SOURCES.txt'
[1.864s] writing manifest file '../../build/mobile_robotics/mobile_robotics.egg-info/SOURCES.txt'
[1.864s] running build
[1.864s] running build_py
[1.865s] copying mobile_robotics/pub_sub_with_classes.py -> /home/ricard/ros2_ws_puzzlebot/build/mobile_robotics/build/lib/mobile_robotics
[1.866s] running install
[1.866s] running install_lib
[1.868s] copying /home/ricard/ros2_ws_puzzlebot/build/mobile_robotics/build/lib/mobile_robotics/pub_sub_with_classes.py -> /home/ricard/ros2_ws_puzzlebot/install/mobile_robotics/lib/python3.10/site-packages/mobile_robotics
[1.869s] byte-compiling /home/ricard/ros2_ws_puzzlebot/install/mobile_robotics/lib/python3.10/site-packages/mobile_robotics/pub_sub_with_classes.py to pub_sub_with_classes.cpython-310.pyc
[1.869s] running install_data
[1.870s] running install_egg_info
[1.875s] removing '/home/ricard/ros2_ws_puzzlebot/install/mobile_robotics/lib/python3.10/site-packages/mobile_robotics-0.0.0-py3.10.egg-info' (and everything under it)
[1.875s] Copying ../../build/mobile_robotics/mobile_robotics.egg-info to /home/ricard/ros2_ws_puzzlebot/install/mobile_robotics/lib/python3.10/site-packages/mobile_robotics-0.0.0-py3.10.egg-info
[1.877s] running install_scripts
[1.905s] Installing pub_sub_with_classes script to /home/ricard/ros2_ws_puzzlebot/install/mobile_robotics/lib/mobile_robotics
[1.905s] Installing test_node script to /home/ricard/ros2_ws_puzzlebot/install/mobile_robotics/lib/mobile_robotics
[1.906s] writing list of installed files to '/home/ricard/ros2_ws_puzzlebot/build/mobile_robotics/install.log'
[1.979s] Invoked command in '/home/ricard/ros2_ws_puzzlebot/src/mobile_robotics' returned '0': PYTHONPATH=/home/ricard/ros2_ws_puzzlebot/build/mobile_robotics/prefix_override:/usr/lib/python3/dist-packages/colcon_core/task/python/colcon_distutils_commands:/home/ricard/ros2_ws_puzzlebot/install/mobile_robotics/lib/python3.10/site-packages:${PYTHONPATH} /usr/bin/python3 -W ignore:setup.py install is deprecated -W ignore:easy_install command is deprecated setup.py egg_info --egg-base ../../build/mobile_robotics build --build-base /home/ricard/ros2_ws_puzzlebot/build/mobile_robotics/build install --record /home/ricard/ros2_ws_puzzlebot/build/mobile_robotics/install.log --single-version-externally-managed install_data
