[0.156s] DEBUG:colcon:Command line arguments: ['/usr/bin/colcon', 'build']
[0.156s] DEBUG:colcon:Parsed command line arguments: Namespace(log_base=None, log_level=None, verb_name='build', build_base='build', install_base='install', merge_install=False, symlink_install=False, test_result_base=None, continue_on_error=False, executor='parallel', parallel_workers=12, event_handlers=None, ignore_user_meta=False, metas=['./colcon.meta'], base_paths=['.'], packages_ignore=None, packages_ignore_regex=None, paths=None, packages_up_to=None, packages_up_to_regex=None, packages_above=None, packages_above_and_dependencies=None, packages_above_depth=None, packages_select_by_dep=None, packages_skip_by_dep=None, packages_skip_up_to=None, packages_select_build_failed=False, packages_skip_build_finished=False, packages_select_test_failures=False, packages_skip_test_passed=False, packages_select=None, packages_skip=None, packages_select_regex=None, packages_skip_regex=None, packages_start=None, packages_end=None, allow_overriding=[], cmake_args=None, cmake_target=None, cmake_target_skip_unavailable=False, cmake_clean_cache=False, cmake_clean_first=False, cmake_force_configure=False, ament_cmake_args=None, catkin_cmake_args=None, catkin_skip_building_tests=False, mixin_files=None, mixin=None, verb_parser=<colcon_mixin.mixin.mixin_argument.MixinArgumentDecorator object at 0x7dd6e6b4aef0>, verb_extension=<colcon_core.verb.build.BuildVerb object at 0x7dd6e6b4a8f0>, main=<bound method BuildVerb.main of <colcon_core.verb.build.BuildVerb object at 0x7dd6e6b4a8f0>>, mixin_verb=('build',))
[0.372s] Level 1:colcon.colcon_core.package_discovery:discover_packages(colcon_meta) check parameters
[0.373s] Level 1:colcon.colcon_core.package_discovery:discover_packages(recursive) check parameters
[0.373s] Level 1:colcon.colcon_core.package_discovery:discover_packages(ignore) check parameters
[0.373s] Level 1:colcon.colcon_core.package_discovery:discover_packages(path) check parameters
[0.373s] Level 1:colcon.colcon_core.package_discovery:discover_packages(colcon_meta) discover
[0.373s] Level 1:colcon.colcon_core.package_discovery:discover_packages(recursive) discover
[0.373s] INFO:colcon.colcon_core.package_discovery:Crawling recursively for packages in '/home/ricard/ros2_ws_puzzlebot'
[0.373s] Level 1:colcon.colcon_core.package_identification:_identify(.) by extensions ['ignore', 'ignore_ament_install']
[0.373s] Level 1:colcon.colcon_core.package_identification:_identify(.) by extension 'ignore'
[0.373s] Level 1:colcon.colcon_core.package_identification:_identify(.) by extension 'ignore_ament_install'
[0.373s] Level 1:colcon.colcon_core.package_identification:_identify(.) by extensions ['colcon_pkg']
[0.373s] Level 1:colcon.colcon_core.package_identification:_identify(.) by extension 'colcon_pkg'
[0.373s] Level 1:colcon.colcon_core.package_identification:_identify(.) by extensions ['colcon_meta']
[0.373s] Level 1:colcon.colcon_core.package_identification:_identify(.) by extension 'colcon_meta'
[0.373s] Level 1:colcon.colcon_core.package_identification:_identify(.) by extensions ['ros']
[0.373s] Level 1:colcon.colcon_core.package_identification:_identify(.) by extension 'ros'
[0.387s] Level 1:colcon.colcon_core.package_identification:_identify(.) by extensions ['cmake', 'python']
[0.387s] Level 1:colcon.colcon_core.package_identification:_identify(.) by extension 'cmake'
[0.387s] Level 1:colcon.colcon_core.package_identification:_identify(.) by extension 'python'
[0.387s] Level 1:colcon.colcon_core.package_identification:_identify(.) by extensions ['python_setup_py']
[0.387s] Level 1:colcon.colcon_core.package_identification:_identify(.) by extension 'python_setup_py'
[0.387s] Level 1:colcon.colcon_core.package_identification:_identify(build) by extensions ['ignore', 'ignore_ament_install']
[0.387s] Level 1:colcon.colcon_core.package_identification:_identify(build) by extension 'ignore'
[0.387s] Level 1:colcon.colcon_core.package_identification:_identify(build) ignored
[0.387s] Level 1:colcon.colcon_core.package_identification:_identify(install) by extensions ['ignore', 'ignore_ament_install']
[0.387s] Level 1:colcon.colcon_core.package_identification:_identify(install) by extension 'ignore'
[0.387s] Level 1:colcon.colcon_core.package_identification:_identify(install) ignored
[0.388s] Level 1:colcon.colcon_core.package_identification:_identify(log) by extensions ['ignore', 'ignore_ament_install']
[0.388s] Level 1:colcon.colcon_core.package_identification:_identify(log) by extension 'ignore'
[0.388s] Level 1:colcon.colcon_core.package_identification:_identify(log) ignored
[0.388s] Level 1:colcon.colcon_core.package_identification:_identify(src) by extensions ['ignore', 'ignore_ament_install']
[0.388s] Level 1:colcon.colcon_core.package_identification:_identify(src) by extension 'ignore'
[0.388s] Level 1:colcon.colcon_core.package_identification:_identify(src) by extension 'ignore_ament_install'
[0.388s] Level 1:colcon.colcon_core.package_identification:_identify(src) by extensions ['colcon_pkg']
[0.388s] Level 1:colcon.colcon_core.package_identification:_identify(src) by extension 'colcon_pkg'
[0.388s] Level 1:colcon.colcon_core.package_identification:_identify(src) by extensions ['colcon_meta']
[0.388s] Level 1:colcon.colcon_core.package_identification:_identify(src) by extension 'colcon_meta'
[0.388s] Level 1:colcon.colcon_core.package_identification:_identify(src) by extensions ['ros']
[0.388s] Level 1:colcon.colcon_core.package_identification:_identify(src) by extension 'ros'
[0.388s] Level 1:colcon.colcon_core.package_identification:_identify(src) by extensions ['cmake', 'python']
[0.388s] Level 1:colcon.colcon_core.package_identification:_identify(src) by extension 'cmake'
[0.388s] Level 1:colcon.colcon_core.package_identification:_identify(src) by extension 'python'
[0.388s] Level 1:colcon.colcon_core.package_identification:_identify(src) by extensions ['python_setup_py']
[0.388s] Level 1:colcon.colcon_core.package_identification:_identify(src) by extension 'python_setup_py'
[0.389s] Level 1:colcon.colcon_core.package_identification:_identify(src/mobile_robotics) by extensions ['ignore', 'ignore_ament_install']
[0.389s] Level 1:colcon.colcon_core.package_identification:_identify(src/mobile_robotics) by extension 'ignore'
[0.389s] Level 1:colcon.colcon_core.package_identification:_identify(src/mobile_robotics) by extension 'ignore_ament_install'
[0.389s] Level 1:colcon.colcon_core.package_identification:_identify(src/mobile_robotics) by extensions ['colcon_pkg']
[0.389s] Level 1:colcon.colcon_core.package_identification:_identify(src/mobile_robotics) by extension 'colcon_pkg'
[0.389s] Level 1:colcon.colcon_core.package_identification:_identify(src/mobile_robotics) by extensions ['colcon_meta']
[0.389s] Level 1:colcon.colcon_core.package_identification:_identify(src/mobile_robotics) by extension 'colcon_meta'
[0.389s] Level 1:colcon.colcon_core.package_identification:_identify(src/mobile_robotics) by extensions ['ros']
[0.389s] Level 1:colcon.colcon_core.package_identification:_identify(src/mobile_robotics) by extension 'ros'
[0.392s] DEBUG:colcon.colcon_core.package_identification:Package 'src/mobile_robotics' with type 'ros.ament_python' and name 'mobile_robotics'
[0.392s] Level 1:colcon.colcon_core.package_identification:_identify(src/puzzlebot_description) by extensions ['ignore', 'ignore_ament_install']
[0.392s] Level 1:colcon.colcon_core.package_identification:_identify(src/puzzlebot_description) by extension 'ignore'
[0.392s] Level 1:colcon.colcon_core.package_identification:_identify(src/puzzlebot_description) by extension 'ignore_ament_install'
[0.392s] Level 1:colcon.colcon_core.package_identification:_identify(src/puzzlebot_description) by extensions ['colcon_pkg']
[0.392s] Level 1:colcon.colcon_core.package_identification:_identify(src/puzzlebot_description) by extension 'colcon_pkg'
[0.392s] Level 1:colcon.colcon_core.package_identification:_identify(src/puzzlebot_description) by extensions ['colcon_meta']
[0.392s] Level 1:colcon.colcon_core.package_identification:_identify(src/puzzlebot_description) by extension 'colcon_meta'
[0.392s] Level 1:colcon.colcon_core.package_identification:_identify(src/puzzlebot_description) by extensions ['ros']
[0.393s] Level 1:colcon.colcon_core.package_identification:_identify(src/puzzlebot_description) by extension 'ros'
[0.394s] DEBUG:colcon.colcon_core.package_identification:Package 'src/puzzlebot_description' with type 'ros.ament_python' and name 'puzzlebot_description'
[0.394s] Level 1:colcon.colcon_core.package_identification:_identify(src/puzzlebot_gazebo) by extensions ['ignore', 'ignore_ament_install']
[0.394s] Level 1:colcon.colcon_core.package_identification:_identify(src/puzzlebot_gazebo) by extension 'ignore'
[0.394s] Level 1:colcon.colcon_core.package_identification:_identify(src/puzzlebot_gazebo) by extension 'ignore_ament_install'
[0.394s] Level 1:colcon.colcon_core.package_identification:_identify(src/puzzlebot_gazebo) by extensions ['colcon_pkg']
[0.394s] Level 1:colcon.colcon_core.package_identification:_identify(src/puzzlebot_gazebo) by extension 'colcon_pkg'
[0.394s] Level 1:colcon.colcon_core.package_identification:_identify(src/puzzlebot_gazebo) by extensions ['colcon_meta']
[0.395s] Level 1:colcon.colcon_core.package_identification:_identify(src/puzzlebot_gazebo) by extension 'colcon_meta'
[0.395s] Level 1:colcon.colcon_core.package_identification:_identify(src/puzzlebot_gazebo) by extensions ['ros']
[0.395s] Level 1:colcon.colcon_core.package_identification:_identify(src/puzzlebot_gazebo) by extension 'ros'
[0.396s] DEBUG:colcon.colcon_core.package_identification:Package 'src/puzzlebot_gazebo' with type 'ros.ament_python' and name 'puzzlebot_gazebo'
[0.396s] Level 1:colcon.colcon_core.package_discovery:discover_packages(recursive) using defaults
[0.396s] Level 1:colcon.colcon_core.package_discovery:discover_packages(ignore) discover
[0.396s] Level 1:colcon.colcon_core.package_discovery:discover_packages(ignore) using defaults
[0.396s] Level 1:colcon.colcon_core.package_discovery:discover_packages(path) discover
[0.396s] Level 1:colcon.colcon_core.package_discovery:discover_packages(path) using defaults
[0.438s] Level 1:colcon.colcon_core.package_discovery:discover_packages(prefix_path) check parameters
[0.438s] Level 1:colcon.colcon_core.package_discovery:discover_packages(prefix_path) discover
[0.440s] DEBUG:colcon.colcon_installed_package_information.package_discovery:Found 3 installed packages in /home/ricard/ros2_ws_puzzlebot/install
[0.441s] DEBUG:colcon.colcon_installed_package_information.package_discovery:Found 3 installed packages in /home/ricard/uros_ws/install
[0.443s] DEBUG:colcon.colcon_installed_package_information.package_discovery:Found 340 installed packages in /opt/ros/humble
[0.445s] Level 1:colcon.colcon_core.package_discovery:discover_packages(prefix_path) using defaults
[0.497s] Level 5:colcon.colcon_core.verb:set package 'mobile_robotics' build argument 'cmake_args' from command line to 'None'
[0.497s] Level 5:colcon.colcon_core.verb:set package 'mobile_robotics' build argument 'cmake_target' from command line to 'None'
[0.497s] Level 5:colcon.colcon_core.verb:set package 'mobile_robotics' build argument 'cmake_target_skip_unavailable' from command line to 'False'
[0.497s] Level 5:colcon.colcon_core.verb:set package 'mobile_robotics' build argument 'cmake_clean_cache' from command line to 'False'
[0.497s] Level 5:colcon.colcon_core.verb:set package 'mobile_robotics' build argument 'cmake_clean_first' from command line to 'False'
[0.497s] Level 5:colcon.colcon_core.verb:set package 'mobile_robotics' build argument 'cmake_force_configure' from command line to 'False'
[0.497s] Level 5:colcon.colcon_core.verb:set package 'mobile_robotics' build argument 'ament_cmake_args' from command line to 'None'
[0.498s] Level 5:colcon.colcon_core.verb:set package 'mobile_robotics' build argument 'catkin_cmake_args' from command line to 'None'
[0.498s] Level 5:colcon.colcon_core.verb:set package 'mobile_robotics' build argument 'catkin_skip_building_tests' from command line to 'False'
[0.498s] DEBUG:colcon.colcon_core.verb:Building package 'mobile_robotics' with the following arguments: {'ament_cmake_args': None, 'build_base': '/home/ricard/ros2_ws_puzzlebot/build/mobile_robotics', 'catkin_cmake_args': None, 'catkin_skip_building_tests': False, 'cmake_args': None, 'cmake_clean_cache': False, 'cmake_clean_first': False, 'cmake_force_configure': False, 'cmake_target': None, 'cmake_target_skip_unavailable': False, 'install_base': '/home/ricard/ros2_ws_puzzlebot/install/mobile_robotics', 'merge_install': False, 'path': '/home/ricard/ros2_ws_puzzlebot/src/mobile_robotics', 'symlink_install': False, 'test_result_base': None}
[0.498s] Level 5:colcon.colcon_core.verb:set package 'puzzlebot_description' build argument 'cmake_args' from command line to 'None'
[0.498s] Level 5:colcon.colcon_core.verb:set package 'puzzlebot_description' build argument 'cmake_target' from command line to 'None'
[0.498s] Level 5:colcon.colcon_core.verb:set package 'puzzlebot_description' build argument 'cmake_target_skip_unavailable' from command line to 'False'
[0.498s] Level 5:colcon.colcon_core.verb:set package 'puzzlebot_description' build argument 'cmake_clean_cache' from command line to 'False'
[0.498s] Level 5:colcon.colcon_core.verb:set package 'puzzlebot_description' build argument 'cmake_clean_first' from command line to 'False'
[0.498s] Level 5:colcon.colcon_core.verb:set package 'puzzlebot_description' build argument 'cmake_force_configure' from command line to 'False'
[0.498s] Level 5:colcon.colcon_core.verb:set package 'puzzlebot_description' build argument 'ament_cmake_args' from command line to 'None'
[0.498s] Level 5:colcon.colcon_core.verb:set package 'puzzlebot_description' build argument 'catkin_cmake_args' from command line to 'None'
[0.498s] Level 5:colcon.colcon_core.verb:set package 'puzzlebot_description' build argument 'catkin_skip_building_tests' from command line to 'False'
[0.498s] DEBUG:colcon.colcon_core.verb:Building package 'puzzlebot_description' with the following arguments: {'ament_cmake_args': None, 'build_base': '/home/ricard/ros2_ws_puzzlebot/build/puzzlebot_description', 'catkin_cmake_args': None, 'catkin_skip_building_tests': False, 'cmake_args': None, 'cmake_clean_cache': False, 'cmake_clean_first': False, 'cmake_force_configure': False, 'cmake_target': None, 'cmake_target_skip_unavailable': False, 'install_base': '/home/ricard/ros2_ws_puzzlebot/install/puzzlebot_description', 'merge_install': False, 'path': '/home/ricard/ros2_ws_puzzlebot/src/puzzlebot_description', 'symlink_install': False, 'test_result_base': None}
[0.499s] Level 5:colcon.colcon_core.verb:set package 'puzzlebot_gazebo' build argument 'cmake_args' from command line to 'None'
[0.499s] Level 5:colcon.colcon_core.verb:set package 'puzzlebot_gazebo' build argument 'cmake_target' from command line to 'None'
[0.499s] Level 5:colcon.colcon_core.verb:set package 'puzzlebot_gazebo' build argument 'cmake_target_skip_unavailable' from command line to 'False'
[0.499s] Level 5:colcon.colcon_core.verb:set package 'puzzlebot_gazebo' build argument 'cmake_clean_cache' from command line to 'False'
[0.499s] Level 5:colcon.colcon_core.verb:set package 'puzzlebot_gazebo' build argument 'cmake_clean_first' from command line to 'False'
[0.499s] Level 5:colcon.colcon_core.verb:set package 'puzzlebot_gazebo' build argument 'cmake_force_configure' from command line to 'False'
[0.499s] Level 5:colcon.colcon_core.verb:set package 'puzzlebot_gazebo' build argument 'ament_cmake_args' from command line to 'None'
[0.499s] Level 5:colcon.colcon_core.verb:set package 'puzzlebot_gazebo' build argument 'catkin_cmake_args' from command line to 'None'
[0.499s] Level 5:colcon.colcon_core.verb:set package 'puzzlebot_gazebo' build argument 'catkin_skip_building_tests' from command line to 'False'
[0.499s] DEBUG:colcon.colcon_core.verb:Building package 'puzzlebot_gazebo' with the following arguments: {'ament_cmake_args': None, 'build_base': '/home/ricard/ros2_ws_puzzlebot/build/puzzlebot_gazebo', 'catkin_cmake_args': None, 'catkin_skip_building_tests': False, 'cmake_args': None, 'cmake_clean_cache': False, 'cmake_clean_first': False, 'cmake_force_configure': False, 'cmake_target': None, 'cmake_target_skip_unavailable': False, 'install_base': '/home/ricard/ros2_ws_puzzlebot/install/puzzlebot_gazebo', 'merge_install': False, 'path': '/home/ricard/ros2_ws_puzzlebot/src/puzzlebot_gazebo', 'symlink_install': False, 'test_result_base': None}
[0.499s] INFO:colcon.colcon_core.executor:Executing jobs using 'parallel' executor
[0.500s] DEBUG:colcon.colcon_parallel_executor.executor.parallel:run_until_complete
[0.501s] INFO:colcon.colcon_ros.task.ament_python.build:Building ROS package in '/home/ricard/ros2_ws_puzzlebot/src/mobile_robotics' with build type 'ament_python'
[0.501s] Level 1:colcon.colcon_core.shell:create_environment_hook('mobile_robotics', 'ament_prefix_path')
[0.503s] INFO:colcon.colcon_core.plugin_system:Skipping extension 'colcon_core.shell.bat': Not used on non-Windows systems
[0.504s] INFO:colcon.colcon_core.shell:Creating environment hook '/home/ricard/ros2_ws_puzzlebot/install/mobile_robotics/share/mobile_robotics/hook/ament_prefix_path.ps1'
[0.505s] INFO:colcon.colcon_core.shell:Creating environment descriptor '/home/ricard/ros2_ws_puzzlebot/install/mobile_robotics/share/mobile_robotics/hook/ament_prefix_path.dsv'
[0.505s] INFO:colcon.colcon_core.shell:Creating environment hook '/home/ricard/ros2_ws_puzzlebot/install/mobile_robotics/share/mobile_robotics/hook/ament_prefix_path.sh'
[0.506s] INFO:colcon.colcon_core.shell:Skip shell extension 'powershell' for command environment: Not usable outside of PowerShell
[0.506s] DEBUG:colcon.colcon_core.shell:Skip shell extension 'dsv' for command environment
[0.512s] INFO:colcon.colcon_ros.task.ament_python.build:Building ROS package in '/home/ricard/ros2_ws_puzzlebot/src/puzzlebot_description' with build type 'ament_python'
[0.512s] Level 1:colcon.colcon_core.shell:create_environment_hook('puzzlebot_description', 'ament_prefix_path')
[0.512s] INFO:colcon.colcon_core.shell:Creating environment hook '/home/ricard/ros2_ws_puzzlebot/install/puzzlebot_description/share/puzzlebot_description/hook/ament_prefix_path.ps1'
[0.513s] INFO:colcon.colcon_core.shell:Creating environment descriptor '/home/ricard/ros2_ws_puzzlebot/install/puzzlebot_description/share/puzzlebot_description/hook/ament_prefix_path.dsv'
[0.514s] INFO:colcon.colcon_core.shell:Creating environment hook '/home/ricard/ros2_ws_puzzlebot/install/puzzlebot_description/share/puzzlebot_description/hook/ament_prefix_path.sh'
[0.515s] INFO:colcon.colcon_core.shell:Skip shell extension 'powershell' for command environment: Not usable outside of PowerShell
[0.515s] DEBUG:colcon.colcon_core.shell:Skip shell extension 'dsv' for command environment
[0.520s] INFO:colcon.colcon_ros.task.ament_python.build:Building ROS package in '/home/ricard/ros2_ws_puzzlebot/src/puzzlebot_gazebo' with build type 'ament_python'
[0.520s] Level 1:colcon.colcon_core.shell:create_environment_hook('puzzlebot_gazebo', 'ament_prefix_path')
[0.520s] INFO:colcon.colcon_core.shell:Creating environment hook '/home/ricard/ros2_ws_puzzlebot/install/puzzlebot_gazebo/share/puzzlebot_gazebo/hook/ament_prefix_path.ps1'
[0.521s] INFO:colcon.colcon_core.shell:Creating environment descriptor '/home/ricard/ros2_ws_puzzlebot/install/puzzlebot_gazebo/share/puzzlebot_gazebo/hook/ament_prefix_path.dsv'
[0.521s] INFO:colcon.colcon_core.shell:Creating environment hook '/home/ricard/ros2_ws_puzzlebot/install/puzzlebot_gazebo/share/puzzlebot_gazebo/hook/ament_prefix_path.sh'
[0.522s] INFO:colcon.colcon_core.shell:Skip shell extension 'powershell' for command environment: Not usable outside of PowerShell
[0.522s] DEBUG:colcon.colcon_core.shell:Skip shell extension 'dsv' for command environment
[0.881s] INFO:colcon.colcon_core.task.python.build:Building Python package in '/home/ricard/ros2_ws_puzzlebot/src/mobile_robotics'
[0.881s] INFO:colcon.colcon_core.shell:Skip shell extension 'powershell' for command environment: Not usable outside of PowerShell
[0.881s] DEBUG:colcon.colcon_core.shell:Skip shell extension 'dsv' for command environment
[1.268s] INFO:colcon.colcon_core.task.python.build:Building Python package in '/home/ricard/ros2_ws_puzzlebot/src/puzzlebot_description'
[1.268s] INFO:colcon.colcon_core.shell:Skip shell extension 'powershell' for command environment: Not usable outside of PowerShell
[1.268s] DEBUG:colcon.colcon_core.shell:Skip shell extension 'dsv' for command environment
[1.629s] INFO:colcon.colcon_core.task.python.build:Building Python package in '/home/ricard/ros2_ws_puzzlebot/src/puzzlebot_gazebo'
[1.630s] INFO:colcon.colcon_core.shell:Skip shell extension 'powershell' for command environment: Not usable outside of PowerShell
[1.630s] DEBUG:colcon.colcon_core.shell:Skip shell extension 'dsv' for command environment
[2.142s] DEBUG:colcon.colcon_core.event_handler.log_command:Invoking command in '/home/ricard/ros2_ws_puzzlebot/src/puzzlebot_gazebo': PYTHONPATH=/home/ricard/ros2_ws_puzzlebot/build/puzzlebot_gazebo/prefix_override:/usr/lib/python3/dist-packages/colcon_core/task/python/colcon_distutils_commands:/home/ricard/ros2_ws_puzzlebot/install/puzzlebot_gazebo/lib/python3.10/site-packages:${PYTHONPATH} /usr/bin/python3 -W ignore:setup.py install is deprecated -W ignore:easy_install command is deprecated setup.py egg_info --egg-base ../../build/puzzlebot_gazebo build --build-base /home/ricard/ros2_ws_puzzlebot/build/puzzlebot_gazebo/build install --record /home/ricard/ros2_ws_puzzlebot/build/puzzlebot_gazebo/install.log --single-version-externally-managed install_data
[2.149s] DEBUG:colcon.colcon_core.event_handler.log_command:Invoking command in '/home/ricard/ros2_ws_puzzlebot/src/puzzlebot_description': PYTHONPATH=/home/ricard/ros2_ws_puzzlebot/build/puzzlebot_description/prefix_override:/usr/lib/python3/dist-packages/colcon_core/task/python/colcon_distutils_commands:/home/ricard/ros2_ws_puzzlebot/install/puzzlebot_description/lib/python3.10/site-packages:${PYTHONPATH} /usr/bin/python3 -W ignore:setup.py install is deprecated -W ignore:easy_install command is deprecated setup.py egg_info --egg-base ../../build/puzzlebot_description build --build-base /home/ricard/ros2_ws_puzzlebot/build/puzzlebot_description/build install --record /home/ricard/ros2_ws_puzzlebot/build/puzzlebot_description/install.log --single-version-externally-managed install_data
[2.152s] DEBUG:colcon.colcon_core.event_handler.log_command:Invoking command in '/home/ricard/ros2_ws_puzzlebot/src/mobile_robotics': PYTHONPATH=/home/ricard/ros2_ws_puzzlebot/build/mobile_robotics/prefix_override:/usr/lib/python3/dist-packages/colcon_core/task/python/colcon_distutils_commands:/home/ricard/ros2_ws_puzzlebot/install/mobile_robotics/lib/python3.10/site-packages:${PYTHONPATH} /usr/bin/python3 -W ignore:setup.py install is deprecated -W ignore:easy_install command is deprecated setup.py egg_info --egg-base ../../build/mobile_robotics build --build-base /home/ricard/ros2_ws_puzzlebot/build/mobile_robotics/build install --record /home/ricard/ros2_ws_puzzlebot/build/mobile_robotics/install.log --single-version-externally-managed install_data
[2.607s] DEBUG:colcon.colcon_core.event_handler.log_command:Invoked command in '/home/ricard/ros2_ws_puzzlebot/src/mobile_robotics' returned '0': PYTHONPATH=/home/ricard/ros2_ws_puzzlebot/build/mobile_robotics/prefix_override:/usr/lib/python3/dist-packages/colcon_core/task/python/colcon_distutils_commands:/home/ricard/ros2_ws_puzzlebot/install/mobile_robotics/lib/python3.10/site-packages:${PYTHONPATH} /usr/bin/python3 -W ignore:setup.py install is deprecated -W ignore:easy_install command is deprecated setup.py egg_info --egg-base ../../build/mobile_robotics build --build-base /home/ricard/ros2_ws_puzzlebot/build/mobile_robotics/build install --record /home/ricard/ros2_ws_puzzlebot/build/mobile_robotics/install.log --single-version-externally-managed install_data
[2.610s] Level 1:colcon.colcon_core.environment:checking '/home/ricard/ros2_ws_puzzlebot/install/mobile_robotics' for CMake module files
[2.611s] Level 1:colcon.colcon_core.environment:checking '/home/ricard/ros2_ws_puzzlebot/install/mobile_robotics' for CMake config files
[2.611s] Level 1:colcon.colcon_core.environment:checking '/home/ricard/ros2_ws_puzzlebot/install/mobile_robotics/lib'
[2.612s] Level 1:colcon.colcon_core.environment:checking '/home/ricard/ros2_ws_puzzlebot/install/mobile_robotics/bin'
[2.612s] Level 1:colcon.colcon_core.environment:checking '/home/ricard/ros2_ws_puzzlebot/install/mobile_robotics/lib/pkgconfig/mobile_robotics.pc'
[2.612s] Level 1:colcon.colcon_core.environment:checking '/home/ricard/ros2_ws_puzzlebot/install/mobile_robotics/lib/python3.10/site-packages'
[2.612s] Level 1:colcon.colcon_core.shell:create_environment_hook('mobile_robotics', 'pythonpath')
[2.612s] INFO:colcon.colcon_core.shell:Creating environment hook '/home/ricard/ros2_ws_puzzlebot/install/mobile_robotics/share/mobile_robotics/hook/pythonpath.ps1'
[2.613s] INFO:colcon.colcon_core.shell:Creating environment descriptor '/home/ricard/ros2_ws_puzzlebot/install/mobile_robotics/share/mobile_robotics/hook/pythonpath.dsv'
[2.613s] INFO:colcon.colcon_core.shell:Creating environment hook '/home/ricard/ros2_ws_puzzlebot/install/mobile_robotics/share/mobile_robotics/hook/pythonpath.sh'
[2.614s] Level 1:colcon.colcon_core.environment:checking '/home/ricard/ros2_ws_puzzlebot/install/mobile_robotics/bin'
[2.614s] Level 1:colcon.colcon_core.environment:create_environment_scripts_only(mobile_robotics)
[2.615s] INFO:colcon.colcon_core.shell:Creating package script '/home/ricard/ros2_ws_puzzlebot/install/mobile_robotics/share/mobile_robotics/package.ps1'
[2.616s] INFO:colcon.colcon_core.shell:Creating package descriptor '/home/ricard/ros2_ws_puzzlebot/install/mobile_robotics/share/mobile_robotics/package.dsv'
[2.616s] INFO:colcon.colcon_core.shell:Creating package script '/home/ricard/ros2_ws_puzzlebot/install/mobile_robotics/share/mobile_robotics/package.sh'
[2.617s] INFO:colcon.colcon_core.shell:Creating package script '/home/ricard/ros2_ws_puzzlebot/install/mobile_robotics/share/mobile_robotics/package.bash'
[2.618s] INFO:colcon.colcon_core.shell:Creating package script '/home/ricard/ros2_ws_puzzlebot/install/mobile_robotics/share/mobile_robotics/package.zsh'
[2.619s] Level 1:colcon.colcon_core.environment:create_file_with_runtime_dependencies(/home/ricard/ros2_ws_puzzlebot/install/mobile_robotics/share/colcon-core/packages/mobile_robotics)
[2.621s] Level 1:colcon.colcon_core.environment:checking '/home/ricard/ros2_ws_puzzlebot/install/puzzlebot_gazebo' for CMake module files
[2.622s] DEBUG:colcon.colcon_core.event_handler.log_command:Invoked command in '/home/ricard/ros2_ws_puzzlebot/src/puzzlebot_gazebo' returned '0': PYTHONPATH=/home/ricard/ros2_ws_puzzlebot/build/puzzlebot_gazebo/prefix_override:/usr/lib/python3/dist-packages/colcon_core/task/python/colcon_distutils_commands:/home/ricard/ros2_ws_puzzlebot/install/puzzlebot_gazebo/lib/python3.10/site-packages:${PYTHONPATH} /usr/bin/python3 -W ignore:setup.py install is deprecated -W ignore:easy_install command is deprecated setup.py egg_info --egg-base ../../build/puzzlebot_gazebo build --build-base /home/ricard/ros2_ws_puzzlebot/build/puzzlebot_gazebo/build install --record /home/ricard/ros2_ws_puzzlebot/build/puzzlebot_gazebo/install.log --single-version-externally-managed install_data
[2.623s] Level 1:colcon.colcon_core.environment:checking '/home/ricard/ros2_ws_puzzlebot/install/puzzlebot_gazebo' for CMake config files
[2.626s] Level 1:colcon.colcon_core.environment:checking '/home/ricard/ros2_ws_puzzlebot/install/puzzlebot_gazebo/lib'
[2.626s] Level 1:colcon.colcon_core.environment:checking '/home/ricard/ros2_ws_puzzlebot/install/puzzlebot_gazebo/bin'
[2.626s] Level 1:colcon.colcon_core.environment:checking '/home/ricard/ros2_ws_puzzlebot/install/puzzlebot_gazebo/lib/pkgconfig/puzzlebot_gazebo.pc'
[2.626s] Level 1:colcon.colcon_core.environment:checking '/home/ricard/ros2_ws_puzzlebot/install/puzzlebot_gazebo/lib/python3.10/site-packages'
[2.626s] Level 1:colcon.colcon_core.shell:create_environment_hook('puzzlebot_gazebo', 'pythonpath')
[2.627s] INFO:colcon.colcon_core.shell:Creating environment hook '/home/ricard/ros2_ws_puzzlebot/install/puzzlebot_gazebo/share/puzzlebot_gazebo/hook/pythonpath.ps1'
[2.627s] INFO:colcon.colcon_core.shell:Creating environment descriptor '/home/ricard/ros2_ws_puzzlebot/install/puzzlebot_gazebo/share/puzzlebot_gazebo/hook/pythonpath.dsv'
[2.628s] INFO:colcon.colcon_core.shell:Creating environment hook '/home/ricard/ros2_ws_puzzlebot/install/puzzlebot_gazebo/share/puzzlebot_gazebo/hook/pythonpath.sh'
[2.629s] Level 1:colcon.colcon_core.environment:checking '/home/ricard/ros2_ws_puzzlebot/install/puzzlebot_gazebo/bin'
[2.629s] Level 1:colcon.colcon_core.environment:create_environment_scripts_only(puzzlebot_gazebo)
[2.629s] INFO:colcon.colcon_core.shell:Creating package script '/home/ricard/ros2_ws_puzzlebot/install/puzzlebot_gazebo/share/puzzlebot_gazebo/package.ps1'
[2.630s] INFO:colcon.colcon_core.shell:Creating package descriptor '/home/ricard/ros2_ws_puzzlebot/install/puzzlebot_gazebo/share/puzzlebot_gazebo/package.dsv'
[2.630s] INFO:colcon.colcon_core.shell:Creating package script '/home/ricard/ros2_ws_puzzlebot/install/puzzlebot_gazebo/share/puzzlebot_gazebo/package.sh'
[2.631s] INFO:colcon.colcon_core.shell:Creating package script '/home/ricard/ros2_ws_puzzlebot/install/puzzlebot_gazebo/share/puzzlebot_gazebo/package.bash'
[2.631s] INFO:colcon.colcon_core.shell:Creating package script '/home/ricard/ros2_ws_puzzlebot/install/puzzlebot_gazebo/share/puzzlebot_gazebo/package.zsh'
[2.632s] Level 1:colcon.colcon_core.environment:create_file_with_runtime_dependencies(/home/ricard/ros2_ws_puzzlebot/install/puzzlebot_gazebo/share/colcon-core/packages/puzzlebot_gazebo)
[2.633s] Level 1:colcon.colcon_core.environment:checking '/home/ricard/ros2_ws_puzzlebot/install/puzzlebot_description' for CMake module files
[2.634s] Level 1:colcon.colcon_core.environment:checking '/home/ricard/ros2_ws_puzzlebot/install/puzzlebot_description' for CMake config files
[2.634s] DEBUG:colcon.colcon_core.event_handler.log_command:Invoked command in '/home/ricard/ros2_ws_puzzlebot/src/puzzlebot_description' returned '0': PYTHONPATH=/home/ricard/ros2_ws_puzzlebot/build/puzzlebot_description/prefix_override:/usr/lib/python3/dist-packages/colcon_core/task/python/colcon_distutils_commands:/home/ricard/ros2_ws_puzzlebot/install/puzzlebot_description/lib/python3.10/site-packages:${PYTHONPATH} /usr/bin/python3 -W ignore:setup.py install is deprecated -W ignore:easy_install command is deprecated setup.py egg_info --egg-base ../../build/puzzlebot_description build --build-base /home/ricard/ros2_ws_puzzlebot/build/puzzlebot_description/build install --record /home/ricard/ros2_ws_puzzlebot/build/puzzlebot_description/install.log --single-version-externally-managed install_data
[2.635s] Level 1:colcon.colcon_core.environment:checking '/home/ricard/ros2_ws_puzzlebot/install/puzzlebot_description/lib'
[2.636s] Level 1:colcon.colcon_core.environment:checking '/home/ricard/ros2_ws_puzzlebot/install/puzzlebot_description/bin'
[2.636s] Level 1:colcon.colcon_core.environment:checking '/home/ricard/ros2_ws_puzzlebot/install/puzzlebot_description/lib/pkgconfig/puzzlebot_description.pc'
[2.636s] Level 1:colcon.colcon_core.environment:checking '/home/ricard/ros2_ws_puzzlebot/install/puzzlebot_description/lib/python3.10/site-packages'
[2.636s] Level 1:colcon.colcon_core.shell:create_environment_hook('puzzlebot_description', 'pythonpath')
[2.636s] INFO:colcon.colcon_core.shell:Creating environment hook '/home/ricard/ros2_ws_puzzlebot/install/puzzlebot_description/share/puzzlebot_description/hook/pythonpath.ps1'
[2.637s] INFO:colcon.colcon_core.shell:Creating environment descriptor '/home/ricard/ros2_ws_puzzlebot/install/puzzlebot_description/share/puzzlebot_description/hook/pythonpath.dsv'
[2.638s] INFO:colcon.colcon_core.shell:Creating environment hook '/home/ricard/ros2_ws_puzzlebot/install/puzzlebot_description/share/puzzlebot_description/hook/pythonpath.sh'
[2.638s] Level 1:colcon.colcon_core.environment:checking '/home/ricard/ros2_ws_puzzlebot/install/puzzlebot_description/bin'
[2.638s] Level 1:colcon.colcon_core.environment:create_environment_scripts_only(puzzlebot_description)
[2.639s] INFO:colcon.colcon_core.shell:Creating package script '/home/ricard/ros2_ws_puzzlebot/install/puzzlebot_description/share/puzzlebot_description/package.ps1'
[2.639s] INFO:colcon.colcon_core.shell:Creating package descriptor '/home/ricard/ros2_ws_puzzlebot/install/puzzlebot_description/share/puzzlebot_description/package.dsv'
[2.640s] INFO:colcon.colcon_core.shell:Creating package script '/home/ricard/ros2_ws_puzzlebot/install/puzzlebot_description/share/puzzlebot_description/package.sh'
[2.641s] INFO:colcon.colcon_core.shell:Creating package script '/home/ricard/ros2_ws_puzzlebot/install/puzzlebot_description/share/puzzlebot_description/package.bash'
[2.641s] INFO:colcon.colcon_core.shell:Creating package script '/home/ricard/ros2_ws_puzzlebot/install/puzzlebot_description/share/puzzlebot_description/package.zsh'
[2.641s] Level 1:colcon.colcon_core.environment:create_file_with_runtime_dependencies(/home/ricard/ros2_ws_puzzlebot/install/puzzlebot_description/share/colcon-core/packages/puzzlebot_description)
[2.642s] DEBUG:colcon.colcon_parallel_executor.executor.parallel:closing loop
[2.642s] DEBUG:colcon.colcon_parallel_executor.executor.parallel:loop closed
[2.642s] DEBUG:colcon.colcon_parallel_executor.executor.parallel:run_until_complete finished with '0'
[2.643s] DEBUG:colcon.colcon_core.event_reactor:joining thread
[2.651s] INFO:colcon.colcon_core.plugin_system:Skipping extension 'colcon_notification.desktop_notification.terminal_notifier': Not used on non-Darwin systems
[2.651s] INFO:colcon.colcon_core.plugin_system:Skipping extension 'colcon_notification.desktop_notification.win32': Not used on non-Windows systems
[2.651s] INFO:colcon.colcon_notification.desktop_notification:Sending desktop notification using 'notify2'
[2.665s] DEBUG:colcon.colcon_core.event_reactor:joined thread
[2.666s] INFO:colcon.colcon_core.shell:Creating prefix script '/home/ricard/ros2_ws_puzzlebot/install/local_setup.ps1'
[2.667s] INFO:colcon.colcon_core.shell:Creating prefix util module '/home/ricard/ros2_ws_puzzlebot/install/_local_setup_util_ps1.py'
[2.670s] INFO:colcon.colcon_core.shell:Creating prefix chain script '/home/ricard/ros2_ws_puzzlebot/install/setup.ps1'
[2.671s] INFO:colcon.colcon_core.shell:Creating prefix script '/home/ricard/ros2_ws_puzzlebot/install/local_setup.sh'
[2.672s] INFO:colcon.colcon_core.shell:Creating prefix util module '/home/ricard/ros2_ws_puzzlebot/install/_local_setup_util_sh.py'
[2.673s] INFO:colcon.colcon_core.shell:Creating prefix chain script '/home/ricard/ros2_ws_puzzlebot/install/setup.sh'
[2.674s] INFO:colcon.colcon_core.shell:Creating prefix script '/home/ricard/ros2_ws_puzzlebot/install/local_setup.bash'
[2.675s] INFO:colcon.colcon_core.shell:Creating prefix chain script '/home/ricard/ros2_ws_puzzlebot/install/setup.bash'
[2.677s] INFO:colcon.colcon_core.shell:Creating prefix script '/home/ricard/ros2_ws_puzzlebot/install/local_setup.zsh'
[2.677s] INFO:colcon.colcon_core.shell:Creating prefix chain script '/home/ricard/ros2_ws_puzzlebot/install/setup.zsh'
