[1.165s] Invoking command in '/home/ricard/ros2_ws_puzzlebot/src/mobile_robotics': PYTHONPATH=/home/ricard/ros2_ws_puzzlebot/build/mobile_robotics/prefix_override:/usr/lib/python3/dist-packages/colcon_core/task/python/colcon_distutils_commands:/home/ricard/ros2_ws_puzzlebot/install/mobile_robotics/lib/python3.10/site-packages:${PYTHONPATH} /usr/bin/python3 -W ignore:setup.py install is deprecated -W ignore:easy_install command is deprecated setup.py egg_info --egg-base ../../build/mobile_robotics build --build-base /home/ricard/ros2_ws_puzzlebot/build/mobile_robotics/build install --record /home/ricard/ros2_ws_puzzlebot/build/mobile_robotics/install.log --single-version-externally-managed install_data
[1.404s] running egg_info
[1.404s] creating ../../build/mobile_robotics/mobile_robotics.egg-info
[1.404s] writing ../../build/mobile_robotics/mobile_robotics.egg-info/PKG-INFO
[1.404s] writing dependency_links to ../../build/mobile_robotics/mobile_robotics.egg-info/dependency_links.txt
[1.405s] writing entry points to ../../build/mobile_robotics/mobile_robotics.egg-info/entry_points.txt
[1.405s] writing requirements to ../../build/mobile_robotics/mobile_robotics.egg-info/requires.txt
[1.405s] writing top-level names to ../../build/mobile_robotics/mobile_robotics.egg-info/top_level.txt
[1.405s] writing manifest file '../../build/mobile_robotics/mobile_robotics.egg-info/SOURCES.txt'
[1.406s] reading manifest file '../../build/mobile_robotics/mobile_robotics.egg-info/SOURCES.txt'
[1.407s] writing manifest file '../../build/mobile_robotics/mobile_robotics.egg-info/SOURCES.txt'
[1.407s] running build
[1.407s] running build_py
[1.407s] creating /home/ricard/ros2_ws_puzzlebot/build/mobile_robotics/build
[1.408s] creating /home/ricard/ros2_ws_puzzlebot/build/mobile_robotics/build/lib
[1.408s] creating /home/ricard/ros2_ws_puzzlebot/build/mobile_robotics/build/lib/mobile_robotics
[1.408s] copying mobile_robotics/test_node.py -> /home/ricard/ros2_ws_puzzlebot/build/mobile_robotics/build/lib/mobile_robotics
[1.408s] copying mobile_robotics/__init__.py -> /home/ricard/ros2_ws_puzzlebot/build/mobile_robotics/build/lib/mobile_robotics
[1.408s] running install
[1.408s] running install_lib
[1.409s] creating /home/ricard/ros2_ws_puzzlebot/install/mobile_robotics/lib/python3.10/site-packages/mobile_robotics
[1.409s] copying /home/ricard/ros2_ws_puzzlebot/build/mobile_robotics/build/lib/mobile_robotics/test_node.py -> /home/ricard/ros2_ws_puzzlebot/install/mobile_robotics/lib/python3.10/site-packages/mobile_robotics
[1.409s] copying /home/ricard/ros2_ws_puzzlebot/build/mobile_robotics/build/lib/mobile_robotics/__init__.py -> /home/ricard/ros2_ws_puzzlebot/install/mobile_robotics/lib/python3.10/site-packages/mobile_robotics
[1.409s] byte-compiling /home/ricard/ros2_ws_puzzlebot/install/mobile_robotics/lib/python3.10/site-packages/mobile_robotics/test_node.py to test_node.cpython-310.pyc
[1.409s] byte-compiling /home/ricard/ros2_ws_puzzlebot/install/mobile_robotics/lib/python3.10/site-packages/mobile_robotics/__init__.py to __init__.cpython-310.pyc
[1.410s] running install_data
[1.410s] creating /home/ricard/ros2_ws_puzzlebot/install/mobile_robotics/share/ament_index
[1.410s] creating /home/ricard/ros2_ws_puzzlebot/install/mobile_robotics/share/ament_index/resource_index
[1.410s] creating /home/ricard/ros2_ws_puzzlebot/install/mobile_robotics/share/ament_index/resource_index/packages
[1.410s] copying resource/mobile_robotics -> /home/ricard/ros2_ws_puzzlebot/install/mobile_robotics/share/ament_index/resource_index/packages
[1.410s] copying package.xml -> /home/ricard/ros2_ws_puzzlebot/install/mobile_robotics/share/mobile_robotics
[1.411s] running install_egg_info
[1.411s] Copying ../../build/mobile_robotics/mobile_robotics.egg-info to /home/ricard/ros2_ws_puzzlebot/install/mobile_robotics/lib/python3.10/site-packages/mobile_robotics-0.0.0-py3.10.egg-info
[1.412s] running install_scripts
[1.432s] Installing test_node script to /home/ricard/ros2_ws_puzzlebot/install/mobile_robotics/lib/mobile_robotics
[1.432s] writing list of installed files to '/home/ricard/ros2_ws_puzzlebot/build/mobile_robotics/install.log'
[1.453s] Invoked command in '/home/ricard/ros2_ws_puzzlebot/src/mobile_robotics' returned '0': PYTHONPATH=/home/ricard/ros2_ws_puzzlebot/build/mobile_robotics/prefix_override:/usr/lib/python3/dist-packages/colcon_core/task/python/colcon_distutils_commands:/home/ricard/ros2_ws_puzzlebot/install/mobile_robotics/lib/python3.10/site-packages:${PYTHONPATH} /usr/bin/python3 -W ignore:setup.py install is deprecated -W ignore:easy_install command is deprecated setup.py egg_info --egg-base ../../build/mobile_robotics build --build-base /home/ricard/ros2_ws_puzzlebot/build/mobile_robotics/build install --record /home/ricard/ros2_ws_puzzlebot/build/mobile_robotics/install.log --single-version-externally-managed install_data
